Sun, 07 Apr 2019 14:15:08: INFO: running main.py --model CNN_BiLSTM -Opt sgd --run_log umtqe_cnnbilstm
Sun, 07 Apr 2019 14:15:08: INFO: 	BATCH_SIZE=64
Sun, 07 Apr 2019 14:15:08: INFO: 	BIDIRECTIONAL=True
Sun, 07 Apr 2019 14:15:08: INFO: 	DEV_FILE=./data/cwmt_dev_comb.txt
Sun, 07 Apr 2019 14:15:08: INFO: 	DROPOUT=0.3
Sun, 07 Apr 2019 14:15:08: INFO: 	EMBED_DIM=300
Sun, 07 Apr 2019 14:15:08: INFO: 	GRAD_CLIP=0.1
Sun, 07 Apr 2019 14:15:08: INFO: 	HIDDEN_DIM=200
Sun, 07 Apr 2019 14:15:08: INFO: 	IN_CHANNELS=1
Sun, 07 Apr 2019 14:15:08: INFO: 	KERNEL_NUMS=200
Sun, 07 Apr 2019 14:15:08: INFO: 	KERNEL_SIZES=[2, 3, 4]
Sun, 07 Apr 2019 14:15:08: INFO: 	LEARNING_RATE=0.9
Sun, 07 Apr 2019 14:15:08: INFO: 	MAX_SEQ_LEN=50
Sun, 07 Apr 2019 14:15:08: INFO: 	MODEL=CNN_BiLSTM
Sun, 07 Apr 2019 14:15:08: INFO: 	NUM_CLASS=2
Sun, 07 Apr 2019 14:15:08: INFO: 	NUM_EPOCHS=100
Sun, 07 Apr 2019 14:15:08: INFO: 	NUM_LAYERS=3
Sun, 07 Apr 2019 14:15:08: INFO: 	OPTIMIZER=sgd
Sun, 07 Apr 2019 14:15:08: INFO: 	PREDICTION_FILE=./predictions/cwmt_test.csv
Sun, 07 Apr 2019 14:15:08: INFO: 	PRETRAINED_EMBEDDINGS=./word2vec/wiki.en_zh.vec
Sun, 07 Apr 2019 14:15:08: INFO: 	PRETRAINED_WEIGHTS=tensor([[ 0.0046,  0.0888,  0.0158,  ..., -0.0273, -0.1007, -0.0268],
        [ 0.0133,  0.0101, -0.0747,  ...,  0.0707, -0.0006, -0.0103],
        [-0.0157, -0.0499, -0.0597,  ..., -0.0514, -0.0059,  0.0135],
        ...,
        [ 0.0455,  0.0116,  0.0318,  ..., -0.0957, -0.0881, -0.0137],
        [ 0.0225,  0.0228, -0.0561,  ..., -0.0772, -0.0114, -0.0853],
        [-0.0844,  0.0027,  0.0309,  ..., -0.0586, -0.0971,  0.0078]])
Sun, 07 Apr 2019 14:15:08: INFO: 	RUN_LOG=umtqe_cnnbilstm
Sun, 07 Apr 2019 14:15:08: INFO: 	SAVED_MODEL=./saved_model/cwmt.en_zh.pt
Sun, 07 Apr 2019 14:15:08: INFO: 	SEED_NUM=123
Sun, 07 Apr 2019 14:15:08: INFO: 	STATIC=False
Sun, 07 Apr 2019 14:15:08: INFO: 	TEST=False
Sun, 07 Apr 2019 14:15:08: INFO: 	TEST_FILE=./data/htqe_test_comb.txt
Sun, 07 Apr 2019 14:15:08: INFO: 	TRAIN_FILE=./data/cwmt_train_comb.txt
Sun, 07 Apr 2019 14:15:08: INFO: 	USE_GPU=True
Sun, 07 Apr 2019 14:15:08: INFO: 	VOCAB_SIZE=44995
Sun, 07 Apr 2019 14:15:08: INFO: 	WEIGHT_DECAY=0.001
