Sun, 07 Apr 2019 19:31:52: INFO: running main.py --model CNN_BiLSTM -Opt sgd --run_log umtqe_cnnbilstm
Sun, 07 Apr 2019 19:31:52: INFO: 	BATCH_SIZE=64
Sun, 07 Apr 2019 19:31:52: INFO: 	BIDIRECTIONAL=True
Sun, 07 Apr 2019 19:31:52: INFO: 	DEV_FILE=./data/cwmt_dev_comb.txt
Sun, 07 Apr 2019 19:31:52: INFO: 	DROPOUT=0.7
Sun, 07 Apr 2019 19:31:52: INFO: 	EMBED_DIM=300
Sun, 07 Apr 2019 19:31:52: INFO: 	GRAD_CLIP=5
Sun, 07 Apr 2019 19:31:52: INFO: 	HIDDEN_DIM=200
Sun, 07 Apr 2019 19:31:52: INFO: 	IN_CHANNELS=1
Sun, 07 Apr 2019 19:31:52: INFO: 	KERNEL_NUMS=300
Sun, 07 Apr 2019 19:31:52: INFO: 	KERNEL_SIZES=[3, 4, 5]
Sun, 07 Apr 2019 19:31:52: INFO: 	LEARNING_RATE=0.8
Sun, 07 Apr 2019 19:31:52: INFO: 	MAX_SEQ_LEN=40
Sun, 07 Apr 2019 19:31:52: INFO: 	MODEL=CNN_BiLSTM
Sun, 07 Apr 2019 19:31:52: INFO: 	NUM_CLASS=2
Sun, 07 Apr 2019 19:31:52: INFO: 	NUM_EPOCHS=100
Sun, 07 Apr 2019 19:31:52: INFO: 	NUM_LAYERS=3
Sun, 07 Apr 2019 19:31:52: INFO: 	OPTIMIZER=sgd
Sun, 07 Apr 2019 19:31:52: INFO: 	PREDICTION_FILE=./predictions/cwmt_test.csv
Sun, 07 Apr 2019 19:31:52: INFO: 	PRETRAINED_EMBEDDINGS=./word2vec/wiki.en_zh.vec
Sun, 07 Apr 2019 19:31:52: INFO: 	PRETRAINED_WEIGHTS=tensor([[ 0.0046,  0.0888,  0.0158,  ..., -0.0273, -0.1007, -0.0268],
        [ 0.0000,  0.0000,  0.0000,  ...,  0.0000,  0.0000,  0.0000],
        [-0.0779,  0.0843, -0.0591,  ..., -0.0197, -0.0904, -0.0055],
        ...,
        [ 0.0000,  0.0000,  0.0000,  ...,  0.0000,  0.0000,  0.0000],
        [ 0.0107, -0.1190, -0.0115,  ...,  0.0465,  0.0547,  0.0112],
        [ 0.0146, -0.0002,  0.0221,  ...,  0.0308, -0.0315, -0.0085]])
Sun, 07 Apr 2019 19:31:52: INFO: 	RUN_LOG=umtqe_cnnbilstm
Sun, 07 Apr 2019 19:31:52: INFO: 	SAVED_MODEL=./saved_model/cwmt.en_zh.pt
Sun, 07 Apr 2019 19:31:52: INFO: 	SEED_NUM=123
Sun, 07 Apr 2019 19:31:52: INFO: 	STATIC=False
Sun, 07 Apr 2019 19:31:52: INFO: 	TEST=False
Sun, 07 Apr 2019 19:31:52: INFO: 	TEST_FILE=./data/htqe_test_comb.txt
Sun, 07 Apr 2019 19:31:52: INFO: 	TRAIN_FILE=./data/cwmt_train_comb.txt
Sun, 07 Apr 2019 19:31:52: INFO: 	USE_GPU=True
Sun, 07 Apr 2019 19:31:52: INFO: 	VOCAB_SIZE=44995
Sun, 07 Apr 2019 19:31:52: INFO: 	WEIGHT_DECAY=0
Sun, 07 Apr 2019 19:32:21: INFO: epoch: 1, train loss: 0.6926, train acc: 0.51, dev loss: 0.6945, dev acc: 0.48, time: 25.77
Sun, 07 Apr 2019 19:32:21: INFO: 
Evaluation - loss: 44.393616 Precision:0.1898 Recall:0.5000 Fscore:0.0935 acc: 6.0000%(283/44) 

Sun, 07 Apr 2019 19:32:27: INFO: epoch: 2, train loss: 0.6927, train acc: 0.51, dev loss: 0.6940, dev acc: 0.49, time: 5.56
Sun, 07 Apr 2019 19:32:28: INFO: 
Evaluation - loss: 44.393615 Precision:0.2350 Recall:0.4979 Fscore:0.0930 acc: 6.0000%(283/44) 

Sun, 07 Apr 2019 19:32:33: INFO: epoch: 3, train loss: 0.6926, train acc: 0.51, dev loss: 0.6940, dev acc: 0.48, time: 5.45
Sun, 07 Apr 2019 19:32:34: INFO: 
Evaluation - loss: 44.393617 Precision:0.2292 Recall:0.4986 Fscore:0.0927 acc: 6.0000%(283/44) 

Sun, 07 Apr 2019 19:32:39: INFO: epoch: 4, train loss: 0.6925, train acc: 0.51, dev loss: 0.6940, dev acc: 0.49, time: 5.51
Sun, 07 Apr 2019 19:32:40: INFO: 
Evaluation - loss: 44.393615 Precision:0.2123 Recall:0.4970 Fscore:0.0934 acc: 6.0000%(283/44) 

Sun, 07 Apr 2019 19:32:46: INFO: epoch: 5, train loss: 0.6924, train acc: 0.52, dev loss: 0.6949, dev acc: 0.47, time: 5.48
Sun, 07 Apr 2019 19:32:46: INFO: 
Evaluation - loss: 44.393616 Precision:0.2201 Recall:0.4991 Fscore:0.0931 acc: 6.0000%(283/44) 

Sun, 07 Apr 2019 19:32:52: INFO: epoch: 6, train loss: 0.6926, train acc: 0.51, dev loss: 0.6949, dev acc: 0.46, time: 5.50
Sun, 07 Apr 2019 19:32:52: INFO: 
Evaluation - loss: 44.393615 Precision:0.2083 Recall:0.4982 Fscore:0.0921 acc: 6.0000%(283/44) 

Sun, 07 Apr 2019 19:32:58: INFO: epoch: 7, train loss: 0.6928, train acc: 0.52, dev loss: 0.6947, dev acc: 0.48, time: 5.46
Sun, 07 Apr 2019 19:32:59: INFO: 
Evaluation - loss: 44.393617 Precision:0.2179 Recall:0.4982 Fscore:0.0929 acc: 6.0000%(283/44) 

Sun, 07 Apr 2019 19:33:04: INFO: epoch: 8, train loss: 0.6929, train acc: 0.51, dev loss: 0.6944, dev acc: 0.48, time: 5.49
Sun, 07 Apr 2019 19:33:05: INFO: 
Evaluation - loss: 44.393616 Precision:0.2406 Recall:0.4987 Fscore:0.0931 acc: 6.0000%(283/44) 

Sun, 07 Apr 2019 19:33:10: INFO: epoch: 9, train loss: 0.6929, train acc: 0.50, dev loss: 0.6943, dev acc: 0.48, time: 5.47
Sun, 07 Apr 2019 19:33:11: INFO: 
Evaluation - loss: 44.393616 Precision:0.1839 Recall:0.4972 Fscore:0.0930 acc: 6.0000%(283/44) 

Sun, 07 Apr 2019 19:33:16: INFO: epoch: 10, train loss: 0.6928, train acc: 0.51, dev loss: 0.6947, dev acc: 0.47, time: 5.46
Sun, 07 Apr 2019 19:33:17: INFO: 
Evaluation - loss: 44.393617 Precision:0.1799 Recall:0.4989 Fscore:0.0921 acc: 6.0000%(283/44) 

Sun, 07 Apr 2019 19:33:23: INFO: epoch: 11, train loss: 0.6924, train acc: 0.51, dev loss: 0.6940, dev acc: 0.49, time: 5.77
Sun, 07 Apr 2019 19:33:23: INFO: 
Evaluation - loss: 44.393616 Precision:0.2294 Recall:0.4993 Fscore:0.0934 acc: 6.0000%(283/44) 

Sun, 07 Apr 2019 19:33:29: INFO: epoch: 12, train loss: 0.6926, train acc: 0.51, dev loss: 0.6943, dev acc: 0.47, time: 5.46
Sun, 07 Apr 2019 19:33:30: INFO: 
Evaluation - loss: 44.393616 Precision:0.2141 Recall:0.4977 Fscore:0.0929 acc: 6.0000%(283/44) 

Sun, 07 Apr 2019 19:33:35: INFO: epoch: 13, train loss: 0.6925, train acc: 0.52, dev loss: 0.6948, dev acc: 0.46, time: 5.50
Sun, 07 Apr 2019 19:33:36: INFO: 
Evaluation - loss: 44.393616 Precision:0.2178 Recall:0.4988 Fscore:0.0923 acc: 6.0000%(283/44) 

Sun, 07 Apr 2019 19:33:41: INFO: epoch: 14, train loss: 0.6925, train acc: 0.52, dev loss: 0.6954, dev acc: 0.46, time: 5.51
Sun, 07 Apr 2019 19:33:42: INFO: 
Evaluation - loss: 44.393617 Precision:0.2009 Recall:0.5001 Fscore:0.0931 acc: 6.0000%(283/44) 

Sun, 07 Apr 2019 19:33:47: INFO: epoch: 15, train loss: 0.6927, train acc: 0.51, dev loss: 0.6944, dev acc: 0.48, time: 5.51
Sun, 07 Apr 2019 19:33:48: INFO: 
Evaluation - loss: 44.393616 Precision:0.2293 Recall:0.4995 Fscore:0.0929 acc: 6.0000%(283/44) 

Sun, 07 Apr 2019 19:33:54: INFO: epoch: 16, train loss: 0.6925, train acc: 0.52, dev loss: 0.6942, dev acc: 0.48, time: 5.52
Sun, 07 Apr 2019 19:33:54: INFO: 
Evaluation - loss: 44.393617 Precision:0.2122 Recall:0.4983 Fscore:0.0931 acc: 6.0000%(283/44) 

Sun, 07 Apr 2019 19:34:00: INFO: epoch: 17, train loss: 0.6929, train acc: 0.51, dev loss: 0.6944, dev acc: 0.49, time: 5.55
Sun, 07 Apr 2019 19:34:01: INFO: 
Evaluation - loss: 44.393615 Precision:0.1896 Recall:0.4924 Fscore:0.0927 acc: 6.0000%(283/44) 

Sun, 07 Apr 2019 19:34:06: INFO: epoch: 18, train loss: 0.6928, train acc: 0.51, dev loss: 0.6954, dev acc: 0.45, time: 5.46
Sun, 07 Apr 2019 19:34:07: INFO: 
Evaluation - loss: 44.393616 Precision:0.2066 Recall:0.4984 Fscore:0.0935 acc: 6.0000%(283/44) 

Sun, 07 Apr 2019 19:34:12: INFO: epoch: 19, train loss: 0.6927, train acc: 0.51, dev loss: 0.6939, dev acc: 0.49, time: 5.54
Sun, 07 Apr 2019 19:34:13: INFO: 
Evaluation - loss: 44.393616 Precision:0.1971 Recall:0.4988 Fscore:0.0929 acc: 6.0000%(283/44) 

Sun, 07 Apr 2019 19:34:19: INFO: epoch: 20, train loss: 0.6930, train acc: 0.51, dev loss: 0.6938, dev acc: 0.49, time: 5.66
Sun, 07 Apr 2019 19:34:19: INFO: 
Evaluation - loss: 44.393617 Precision:0.2009 Recall:0.4971 Fscore:0.0927 acc: 6.0000%(283/44) 

Sun, 07 Apr 2019 19:34:25: INFO: epoch: 21, train loss: 0.6927, train acc: 0.51, dev loss: 0.6955, dev acc: 0.47, time: 5.61
Sun, 07 Apr 2019 19:34:26: INFO: 
Evaluation - loss: 44.393617 Precision:0.2181 Recall:0.4979 Fscore:0.0929 acc: 6.0000%(283/44) 

Sun, 07 Apr 2019 19:34:31: INFO: epoch: 22, train loss: 0.6924, train acc: 0.52, dev loss: 0.6954, dev acc: 0.46, time: 5.63
Sun, 07 Apr 2019 19:34:32: INFO: 
Evaluation - loss: 44.393616 Precision:0.2008 Recall:0.4969 Fscore:0.0931 acc: 6.0000%(283/44) 

Sun, 07 Apr 2019 19:34:37: INFO: epoch: 23, train loss: 0.6928, train acc: 0.51, dev loss: 0.6948, dev acc: 0.48, time: 5.61
Sun, 07 Apr 2019 19:34:38: INFO: 
Evaluation - loss: 44.393616 Precision:0.2085 Recall:0.4992 Fscore:0.0932 acc: 6.0000%(283/44) 

Sun, 07 Apr 2019 19:34:44: INFO: epoch: 24, train loss: 0.6924, train acc: 0.52, dev loss: 0.6955, dev acc: 0.47, time: 5.61
Sun, 07 Apr 2019 19:34:44: INFO: 
Evaluation - loss: 44.393616 Precision:0.2236 Recall:0.4984 Fscore:0.0930 acc: 6.0000%(283/44) 

Sun, 07 Apr 2019 19:34:50: INFO: epoch: 25, train loss: 0.6922, train acc: 0.53, dev loss: 0.6944, dev acc: 0.48, time: 5.58
Sun, 07 Apr 2019 19:34:51: INFO: 
Evaluation - loss: 44.393617 Precision:0.2408 Recall:0.4888 Fscore:0.0931 acc: 6.0000%(283/44) 

Sun, 07 Apr 2019 19:34:56: INFO: epoch: 26, train loss: 0.6925, train acc: 0.52, dev loss: 0.6938, dev acc: 0.48, time: 5.60
Sun, 07 Apr 2019 19:34:57: INFO: 
Evaluation - loss: 44.393616 Precision:0.2235 Recall:0.4990 Fscore:0.0927 acc: 6.0000%(283/44) 

Sun, 07 Apr 2019 19:35:03: INFO: epoch: 27, train loss: 0.6928, train acc: 0.51, dev loss: 0.6947, dev acc: 0.48, time: 5.66
Sun, 07 Apr 2019 19:35:03: INFO: 
Evaluation - loss: 44.393616 Precision:0.2123 Recall:0.4982 Fscore:0.0928 acc: 6.0000%(283/44) 

Sun, 07 Apr 2019 19:35:09: INFO: epoch: 28, train loss: 0.6923, train acc: 0.52, dev loss: 0.6948, dev acc: 0.47, time: 5.49
Sun, 07 Apr 2019 19:35:10: INFO: 
Evaluation - loss: 44.393615 Precision:0.2068 Recall:0.4990 Fscore:0.0934 acc: 6.0000%(283/44) 

Sun, 07 Apr 2019 19:35:15: INFO: epoch: 29, train loss: 0.6924, train acc: 0.52, dev loss: 0.6946, dev acc: 0.48, time: 5.27
Sun, 07 Apr 2019 19:35:15: INFO: 
Evaluation - loss: 44.393616 Precision:0.2405 Recall:0.4984 Fscore:0.0930 acc: 6.0000%(283/44) 

Sun, 07 Apr 2019 19:35:21: INFO: epoch: 30, train loss: 0.6927, train acc: 0.51, dev loss: 0.6941, dev acc: 0.48, time: 5.28
Sun, 07 Apr 2019 19:35:21: INFO: 
Evaluation - loss: 44.393616 Precision:0.2290 Recall:0.4828 Fscore:0.0924 acc: 6.0000%(283/44) 

Sun, 07 Apr 2019 19:35:27: INFO: epoch: 31, train loss: 0.6930, train acc: 0.50, dev loss: 0.6935, dev acc: 0.51, time: 5.74
Sun, 07 Apr 2019 19:35:28: INFO: 
Evaluation - loss: 44.393616 Precision:0.2447 Recall:0.4977 Fscore:0.0934 acc: 6.0000%(283/44) 

Sun, 07 Apr 2019 19:35:33: INFO: epoch: 32, train loss: 0.6925, train acc: 0.52, dev loss: 0.6943, dev acc: 0.48, time: 5.45
Sun, 07 Apr 2019 19:35:34: INFO: 
Evaluation - loss: 44.393616 Precision:0.2234 Recall:0.4994 Fscore:0.0926 acc: 6.0000%(283/44) 

Sun, 07 Apr 2019 19:35:39: INFO: epoch: 33, train loss: 0.6924, train acc: 0.52, dev loss: 0.6937, dev acc: 0.49, time: 5.42
Sun, 07 Apr 2019 19:35:40: INFO: 
Evaluation - loss: 44.393615 Precision:0.2179 Recall:0.4984 Fscore:0.0927 acc: 6.0000%(283/44) 

Sun, 07 Apr 2019 19:35:46: INFO: epoch: 34, train loss: 0.6924, train acc: 0.52, dev loss: 0.6942, dev acc: 0.48, time: 5.48
Sun, 07 Apr 2019 19:35:46: INFO: 
Evaluation - loss: 44.393616 Precision:0.2234 Recall:0.4997 Fscore:0.0924 acc: 6.0000%(283/44) 

Sun, 07 Apr 2019 19:35:52: INFO: epoch: 35, train loss: 0.6927, train acc: 0.51, dev loss: 0.6943, dev acc: 0.47, time: 5.47
Sun, 07 Apr 2019 19:35:52: INFO: 
Evaluation - loss: 44.393616 Precision:0.2293 Recall:0.4977 Fscore:0.0931 acc: 6.0000%(283/44) 

Sun, 07 Apr 2019 19:35:58: INFO: epoch: 36, train loss: 0.6923, train acc: 0.52, dev loss: 0.6948, dev acc: 0.48, time: 5.47
Sun, 07 Apr 2019 19:35:59: INFO: 
Evaluation - loss: 44.393617 Precision:0.2123 Recall:0.4981 Fscore:0.0932 acc: 6.0000%(283/44) 

Sun, 07 Apr 2019 19:36:04: INFO: epoch: 37, train loss: 0.6927, train acc: 0.51, dev loss: 0.6948, dev acc: 0.48, time: 5.46
Sun, 07 Apr 2019 19:36:05: INFO: 
Evaluation - loss: 44.393617 Precision:0.2237 Recall:0.4967 Fscore:0.0935 acc: 6.0000%(283/44) 

Sun, 07 Apr 2019 19:36:10: INFO: epoch: 38, train loss: 0.6924, train acc: 0.52, dev loss: 0.6949, dev acc: 0.46, time: 5.49
Sun, 07 Apr 2019 19:36:11: INFO: 
Evaluation - loss: 44.393617 Precision:0.2371 Recall:0.4970 Fscore:0.0932 acc: 6.0000%(283/44) 

Sun, 07 Apr 2019 19:36:16: INFO: epoch: 39, train loss: 0.6926, train acc: 0.52, dev loss: 0.6936, dev acc: 0.50, time: 5.47
Sun, 07 Apr 2019 19:36:17: INFO: 
Evaluation - loss: 44.393615 Precision:0.1888 Recall:0.4994 Fscore:0.0930 acc: 6.0000%(283/44) 

Sun, 07 Apr 2019 19:36:22: INFO: epoch: 40, train loss: 0.6926, train acc: 0.52, dev loss: 0.6950, dev acc: 0.46, time: 5.43
Sun, 07 Apr 2019 19:36:23: INFO: 
Evaluation - loss: 44.393616 Precision:0.2125 Recall:0.4983 Fscore:0.0931 acc: 6.0000%(283/44) 

Sun, 07 Apr 2019 19:36:29: INFO: epoch: 41, train loss: 0.6924, train acc: 0.52, dev loss: 0.6942, dev acc: 0.48, time: 5.50
Sun, 07 Apr 2019 19:36:29: INFO: 
Evaluation - loss: 44.393616 Precision:0.2465 Recall:0.4854 Fscore:0.0931 acc: 6.0000%(283/44) 

Sun, 07 Apr 2019 19:36:35: INFO: epoch: 42, train loss: 0.6928, train acc: 0.51, dev loss: 0.6950, dev acc: 0.46, time: 5.46
Sun, 07 Apr 2019 19:36:35: INFO: 
Evaluation - loss: 44.393617 Precision:0.2066 Recall:0.4981 Fscore:0.0931 acc: 6.0000%(283/44) 

Sun, 07 Apr 2019 19:36:41: INFO: epoch: 43, train loss: 0.6925, train acc: 0.52, dev loss: 0.6947, dev acc: 0.47, time: 5.44
Sun, 07 Apr 2019 19:36:42: INFO: 
Evaluation - loss: 44.393615 Precision:0.2180 Recall:0.4992 Fscore:0.0934 acc: 6.0000%(283/44) 

Sun, 07 Apr 2019 19:36:47: INFO: epoch: 44, train loss: 0.6925, train acc: 0.52, dev loss: 0.6941, dev acc: 0.49, time: 5.47
Sun, 07 Apr 2019 19:36:48: INFO: 
Evaluation - loss: 44.393616 Precision:0.2291 Recall:0.4990 Fscore:0.0925 acc: 6.0000%(283/44) 

Sun, 07 Apr 2019 19:36:53: INFO: epoch: 45, train loss: 0.6930, train acc: 0.51, dev loss: 0.6948, dev acc: 0.47, time: 5.48
Sun, 07 Apr 2019 19:36:54: INFO: 
Evaluation - loss: 44.393617 Precision:0.2199 Recall:0.4997 Fscore:0.0934 acc: 6.0000%(283/44) 

Sun, 07 Apr 2019 19:36:59: INFO: epoch: 46, train loss: 0.6927, train acc: 0.51, dev loss: 0.6936, dev acc: 0.50, time: 5.47
Sun, 07 Apr 2019 19:37:00: INFO: 
Evaluation - loss: 44.393616 Precision:0.2350 Recall:0.4992 Fscore:0.0934 acc: 6.0000%(283/44) 

Sun, 07 Apr 2019 19:37:06: INFO: epoch: 47, train loss: 0.6925, train acc: 0.52, dev loss: 0.6946, dev acc: 0.48, time: 5.49
Sun, 07 Apr 2019 19:37:06: INFO: 
Evaluation - loss: 44.393616 Precision:0.2144 Recall:0.4972 Fscore:0.0927 acc: 6.0000%(283/44) 

Sun, 07 Apr 2019 19:37:12: INFO: epoch: 48, train loss: 0.6925, train acc: 0.51, dev loss: 0.6946, dev acc: 0.47, time: 5.57
Sun, 07 Apr 2019 19:37:13: INFO: 
Evaluation - loss: 44.393616 Precision:0.2181 Recall:0.4967 Fscore:0.0931 acc: 6.0000%(283/44) 

Sun, 07 Apr 2019 19:37:18: INFO: epoch: 49, train loss: 0.6926, train acc: 0.51, dev loss: 0.6952, dev acc: 0.46, time: 5.58
Sun, 07 Apr 2019 19:37:19: INFO: 
Evaluation - loss: 44.393615 Precision:0.2125 Recall:0.4975 Fscore:0.0935 acc: 6.0000%(283/44) 

Sun, 07 Apr 2019 19:37:24: INFO: epoch: 50, train loss: 0.6926, train acc: 0.52, dev loss: 0.6942, dev acc: 0.48, time: 5.51
Sun, 07 Apr 2019 19:37:25: INFO: 
Evaluation - loss: 44.393616 Precision:0.2010 Recall:0.4986 Fscore:0.0929 acc: 6.0000%(283/44) 

Sun, 07 Apr 2019 19:37:30: INFO: epoch: 51, train loss: 0.6926, train acc: 0.52, dev loss: 0.6945, dev acc: 0.46, time: 5.49
Sun, 07 Apr 2019 19:37:31: INFO: 
Evaluation - loss: 44.393617 Precision:0.1894 Recall:0.4987 Fscore:0.0929 acc: 6.0000%(283/44) 

Sun, 07 Apr 2019 19:37:37: INFO: epoch: 52, train loss: 0.6928, train acc: 0.51, dev loss: 0.6942, dev acc: 0.48, time: 5.48
Sun, 07 Apr 2019 19:37:37: INFO: 
Evaluation - loss: 44.393616 Precision:0.2029 Recall:0.4875 Fscore:0.0932 acc: 6.0000%(283/44) 

Sun, 07 Apr 2019 19:37:43: INFO: epoch: 53, train loss: 0.6928, train acc: 0.51, dev loss: 0.6946, dev acc: 0.48, time: 5.50
Sun, 07 Apr 2019 19:37:44: INFO: 
Evaluation - loss: 44.393616 Precision:0.2197 Recall:0.4986 Fscore:0.0930 acc: 6.0000%(283/44) 

Sun, 07 Apr 2019 19:37:49: INFO: epoch: 54, train loss: 0.6927, train acc: 0.51, dev loss: 0.6945, dev acc: 0.48, time: 5.48
Sun, 07 Apr 2019 19:37:50: INFO: 
Evaluation - loss: 44.393617 Precision:0.1838 Recall:0.4976 Fscore:0.0930 acc: 6.0000%(283/44) 

Sun, 07 Apr 2019 19:37:55: INFO: epoch: 55, train loss: 0.6927, train acc: 0.51, dev loss: 0.6944, dev acc: 0.47, time: 5.47
Sun, 07 Apr 2019 19:37:56: INFO: 
Evaluation - loss: 44.393616 Precision:0.2180 Recall:0.4982 Fscore:0.0934 acc: 6.0000%(283/44) 

Sun, 07 Apr 2019 19:38:01: INFO: epoch: 56, train loss: 0.6926, train acc: 0.51, dev loss: 0.6945, dev acc: 0.47, time: 5.46
Sun, 07 Apr 2019 19:38:02: INFO: 
Evaluation - loss: 44.393614 Precision:0.2519 Recall:0.4981 Fscore:0.0932 acc: 6.0000%(283/44) 

Sun, 07 Apr 2019 19:38:07: INFO: epoch: 57, train loss: 0.6927, train acc: 0.51, dev loss: 0.6943, dev acc: 0.47, time: 5.45
Sun, 07 Apr 2019 19:38:08: INFO: 
Evaluation - loss: 44.393616 Precision:0.2295 Recall:0.4987 Fscore:0.0932 acc: 6.0000%(283/44) 

Sun, 07 Apr 2019 19:38:14: INFO: epoch: 58, train loss: 0.6923, train acc: 0.52, dev loss: 0.6949, dev acc: 0.47, time: 5.43
Sun, 07 Apr 2019 19:38:14: INFO: 
Evaluation - loss: 44.393616 Precision:0.2237 Recall:0.4993 Fscore:0.0930 acc: 6.0000%(283/44) 

Sun, 07 Apr 2019 19:38:20: INFO: epoch: 59, train loss: 0.6926, train acc: 0.51, dev loss: 0.6939, dev acc: 0.48, time: 5.50
Sun, 07 Apr 2019 19:38:20: INFO: 
Evaluation - loss: 44.393616 Precision:0.2295 Recall:0.4991 Fscore:0.0933 acc: 6.0000%(283/44) 

Sun, 07 Apr 2019 19:38:26: INFO: epoch: 60, train loss: 0.6926, train acc: 0.51, dev loss: 0.6951, dev acc: 0.47, time: 5.43
Sun, 07 Apr 2019 19:38:27: INFO: 
Evaluation - loss: 44.393617 Precision:0.2408 Recall:0.4983 Fscore:0.0932 acc: 6.0000%(283/44) 

Sun, 07 Apr 2019 19:38:32: INFO: epoch: 61, train loss: 0.6928, train acc: 0.51, dev loss: 0.6948, dev acc: 0.47, time: 5.46
Sun, 07 Apr 2019 19:38:33: INFO: 
Evaluation - loss: 44.393617 Precision:0.1894 Recall:0.4965 Fscore:0.0924 acc: 6.0000%(283/44) 

Sun, 07 Apr 2019 19:38:38: INFO: epoch: 62, train loss: 0.6929, train acc: 0.51, dev loss: 0.6942, dev acc: 0.48, time: 5.47
Sun, 07 Apr 2019 19:38:39: INFO: 
Evaluation - loss: 44.393617 Precision:0.2258 Recall:0.4984 Fscore:0.0931 acc: 6.0000%(283/44) 

Sun, 07 Apr 2019 19:38:44: INFO: epoch: 63, train loss: 0.6925, train acc: 0.51, dev loss: 0.6946, dev acc: 0.48, time: 5.57
Sun, 07 Apr 2019 19:38:45: INFO: 
Evaluation - loss: 44.393617 Precision:0.2125 Recall:0.4996 Fscore:0.0933 acc: 6.0000%(283/44) 

Sun, 07 Apr 2019 19:38:51: INFO: epoch: 64, train loss: 0.6928, train acc: 0.51, dev loss: 0.6948, dev acc: 0.47, time: 5.57
Sun, 07 Apr 2019 19:38:51: INFO: 
Evaluation - loss: 44.393617 Precision:0.2102 Recall:0.4932 Fscore:0.0924 acc: 6.0000%(283/44) 

Sun, 07 Apr 2019 19:38:57: INFO: epoch: 65, train loss: 0.6925, train acc: 0.52, dev loss: 0.6950, dev acc: 0.48, time: 5.58
Sun, 07 Apr 2019 19:38:58: INFO: 
Evaluation - loss: 44.393615 Precision:0.2314 Recall:0.4981 Fscore:0.0929 acc: 6.0000%(283/44) 

Sun, 07 Apr 2019 19:39:03: INFO: epoch: 66, train loss: 0.6927, train acc: 0.51, dev loss: 0.6947, dev acc: 0.48, time: 5.58
Sun, 07 Apr 2019 19:39:04: INFO: 
Evaluation - loss: 44.393616 Precision:0.2462 Recall:0.4979 Fscore:0.0925 acc: 6.0000%(283/44) 

Sun, 07 Apr 2019 19:39:09: INFO: epoch: 67, train loss: 0.6926, train acc: 0.52, dev loss: 0.6948, dev acc: 0.47, time: 5.53
Sun, 07 Apr 2019 19:39:10: INFO: 
Evaluation - loss: 44.393616 Precision:0.2068 Recall:0.4850 Fscore:0.0931 acc: 6.0000%(283/44) 

Sun, 07 Apr 2019 19:39:15: INFO: epoch: 68, train loss: 0.6931, train acc: 0.50, dev loss: 0.6956, dev acc: 0.45, time: 5.38
Sun, 07 Apr 2019 19:39:16: INFO: 
Evaluation - loss: 44.393616 Precision:0.2407 Recall:0.4973 Fscore:0.0928 acc: 6.0000%(283/44) 

Sun, 07 Apr 2019 19:39:22: INFO: epoch: 69, train loss: 0.6928, train acc: 0.51, dev loss: 0.6945, dev acc: 0.47, time: 5.47
Sun, 07 Apr 2019 19:39:22: INFO: 
Evaluation - loss: 44.393616 Precision:0.2178 Recall:0.4984 Fscore:0.0927 acc: 6.0000%(283/44) 

Sun, 07 Apr 2019 19:39:28: INFO: epoch: 70, train loss: 0.6929, train acc: 0.52, dev loss: 0.6942, dev acc: 0.47, time: 5.48
Sun, 07 Apr 2019 19:39:28: INFO: 
Evaluation - loss: 44.393617 Precision:0.2296 Recall:0.4989 Fscore:0.0936 acc: 6.0000%(283/44) 

Sun, 07 Apr 2019 19:39:34: INFO: epoch: 71, train loss: 0.6926, train acc: 0.52, dev loss: 0.6950, dev acc: 0.47, time: 5.50
Sun, 07 Apr 2019 19:39:35: INFO: 
Evaluation - loss: 44.393616 Precision:0.2008 Recall:0.4862 Fscore:0.0927 acc: 6.0000%(283/44) 

Sun, 07 Apr 2019 19:39:40: INFO: epoch: 72, train loss: 0.6927, train acc: 0.51, dev loss: 0.6943, dev acc: 0.48, time: 5.49
Sun, 07 Apr 2019 19:39:41: INFO: 
Evaluation - loss: 44.393616 Precision:0.2123 Recall:0.4989 Fscore:0.0932 acc: 6.0000%(283/44) 

Sun, 07 Apr 2019 19:39:46: INFO: epoch: 73, train loss: 0.6925, train acc: 0.52, dev loss: 0.6945, dev acc: 0.47, time: 5.47
Sun, 07 Apr 2019 19:39:47: INFO: 
Evaluation - loss: 44.393615 Precision:0.2293 Recall:0.4973 Fscore:0.0927 acc: 6.0000%(283/44) 

Sun, 07 Apr 2019 19:39:52: INFO: epoch: 74, train loss: 0.6927, train acc: 0.52, dev loss: 0.6948, dev acc: 0.48, time: 5.46
Sun, 07 Apr 2019 19:39:53: INFO: 
Evaluation - loss: 44.393616 Precision:0.2199 Recall:0.4973 Fscore:0.0931 acc: 6.0000%(283/44) 

Sun, 07 Apr 2019 19:39:59: INFO: epoch: 75, train loss: 0.6928, train acc: 0.51, dev loss: 0.6947, dev acc: 0.48, time: 5.46
Sun, 07 Apr 2019 19:39:59: INFO: 
Evaluation - loss: 44.393616 Precision:0.2237 Recall:0.4962 Fscore:0.0930 acc: 6.0000%(283/44) 

Sun, 07 Apr 2019 19:40:05: INFO: epoch: 76, train loss: 0.6926, train acc: 0.51, dev loss: 0.6944, dev acc: 0.47, time: 5.48
Sun, 07 Apr 2019 19:40:05: INFO: 
Evaluation - loss: 44.393616 Precision:0.2238 Recall:0.4981 Fscore:0.0933 acc: 6.0000%(283/44) 

Sun, 07 Apr 2019 19:40:11: INFO: epoch: 77, train loss: 0.6927, train acc: 0.51, dev loss: 0.6949, dev acc: 0.46, time: 5.51
Sun, 07 Apr 2019 19:40:12: INFO: 
Evaluation - loss: 44.393616 Precision:0.2179 Recall:0.4981 Fscore:0.0933 acc: 6.0000%(283/44) 

Sun, 07 Apr 2019 19:40:17: INFO: epoch: 78, train loss: 0.6926, train acc: 0.51, dev loss: 0.6939, dev acc: 0.49, time: 5.48
Sun, 07 Apr 2019 19:40:18: INFO: 
Evaluation - loss: 44.393615 Precision:0.2146 Recall:0.4984 Fscore:0.0932 acc: 6.0000%(283/44) 

Sun, 07 Apr 2019 19:40:23: INFO: epoch: 79, train loss: 0.6926, train acc: 0.52, dev loss: 0.6938, dev acc: 0.50, time: 5.47
Sun, 07 Apr 2019 19:40:24: INFO: 
Evaluation - loss: 44.393616 Precision:0.2179 Recall:0.4995 Fscore:0.0932 acc: 6.0000%(283/44) 

Sun, 07 Apr 2019 19:40:29: INFO: epoch: 80, train loss: 0.6926, train acc: 0.52, dev loss: 0.6948, dev acc: 0.47, time: 5.47
Sun, 07 Apr 2019 19:40:30: INFO: 
Evaluation - loss: 44.393616 Precision:0.2350 Recall:0.4986 Fscore:0.0932 acc: 6.0000%(283/44) 

Sun, 07 Apr 2019 19:40:36: INFO: epoch: 81, train loss: 0.6925, train acc: 0.51, dev loss: 0.6947, dev acc: 0.47, time: 5.53
Sun, 07 Apr 2019 19:40:36: INFO: 
Evaluation - loss: 44.393615 Precision:0.2292 Recall:0.4996 Fscore:0.0926 acc: 6.0000%(283/44) 

Sun, 07 Apr 2019 19:40:42: INFO: epoch: 82, train loss: 0.6924, train acc: 0.52, dev loss: 0.6946, dev acc: 0.47, time: 5.47
Sun, 07 Apr 2019 19:40:42: INFO: 
Evaluation - loss: 44.393616 Precision:0.2236 Recall:0.4970 Fscore:0.0926 acc: 6.0000%(283/44) 

Sun, 07 Apr 2019 19:40:48: INFO: epoch: 83, train loss: 0.6923, train acc: 0.52, dev loss: 0.6950, dev acc: 0.47, time: 5.48
Sun, 07 Apr 2019 19:40:49: INFO: 
Evaluation - loss: 44.393616 Precision:0.2351 Recall:0.4995 Fscore:0.0933 acc: 6.0000%(283/44) 

Sun, 07 Apr 2019 19:40:54: INFO: epoch: 84, train loss: 0.6927, train acc: 0.51, dev loss: 0.6950, dev acc: 0.48, time: 5.45
Sun, 07 Apr 2019 19:40:55: INFO: 
Evaluation - loss: 44.393616 Precision:0.1951 Recall:0.4870 Fscore:0.0927 acc: 6.0000%(283/44) 

Sun, 07 Apr 2019 19:41:00: INFO: epoch: 85, train loss: 0.6925, train acc: 0.52, dev loss: 0.6947, dev acc: 0.47, time: 5.41
Sun, 07 Apr 2019 19:41:01: INFO: 
Evaluation - loss: 44.393617 Precision:0.2084 Recall:0.4888 Fscore:0.0924 acc: 6.0000%(283/44) 

Sun, 07 Apr 2019 19:41:06: INFO: epoch: 86, train loss: 0.6929, train acc: 0.50, dev loss: 0.6948, dev acc: 0.47, time: 5.49
Sun, 07 Apr 2019 19:41:07: INFO: 
Evaluation - loss: 44.393615 Precision:0.2634 Recall:0.5010 Fscore:0.0925 acc: 6.0000%(283/44) 

Sun, 07 Apr 2019 19:41:12: INFO: epoch: 87, train loss: 0.6930, train acc: 0.51, dev loss: 0.6944, dev acc: 0.48, time: 5.45
Sun, 07 Apr 2019 19:41:13: INFO: 
Evaluation - loss: 44.393615 Precision:0.1838 Recall:0.4990 Fscore:0.0931 acc: 6.0000%(283/44) 

Sun, 07 Apr 2019 19:41:19: INFO: epoch: 88, train loss: 0.6925, train acc: 0.52, dev loss: 0.6953, dev acc: 0.46, time: 5.49
Sun, 07 Apr 2019 19:41:19: INFO: 
Evaluation - loss: 44.393615 Precision:0.2257 Recall:0.4993 Fscore:0.0934 acc: 6.0000%(283/44) 

Sun, 07 Apr 2019 19:41:25: INFO: epoch: 89, train loss: 0.6925, train acc: 0.52, dev loss: 0.6943, dev acc: 0.48, time: 5.49
Sun, 07 Apr 2019 19:41:26: INFO: 
Evaluation - loss: 44.393617 Precision:0.2065 Recall:0.4988 Fscore:0.0935 acc: 6.0000%(283/44) 

Sun, 07 Apr 2019 19:41:31: INFO: epoch: 90, train loss: 0.6924, train acc: 0.52, dev loss: 0.6949, dev acc: 0.47, time: 5.50
Sun, 07 Apr 2019 19:41:32: INFO: 
Evaluation - loss: 44.393615 Precision:0.1914 Recall:0.4970 Fscore:0.0929 acc: 6.0000%(283/44) 

Sun, 07 Apr 2019 19:41:37: INFO: epoch: 91, train loss: 0.6928, train acc: 0.51, dev loss: 0.6948, dev acc: 0.46, time: 5.44
Sun, 07 Apr 2019 19:41:38: INFO: 
Evaluation - loss: 44.393617 Precision:0.2255 Recall:0.4970 Fscore:0.0931 acc: 6.0000%(283/44) 

Sun, 07 Apr 2019 19:41:43: INFO: epoch: 92, train loss: 0.6926, train acc: 0.52, dev loss: 0.6940, dev acc: 0.48, time: 5.50
Sun, 07 Apr 2019 19:41:44: INFO: 
Evaluation - loss: 44.393616 Precision:0.2331 Recall:0.4988 Fscore:0.0930 acc: 6.0000%(283/44) 

Sun, 07 Apr 2019 19:41:50: INFO: epoch: 93, train loss: 0.6929, train acc: 0.51, dev loss: 0.6955, dev acc: 0.45, time: 5.53
Sun, 07 Apr 2019 19:41:50: INFO: 
Evaluation - loss: 44.393616 Precision:0.2294 Recall:0.4955 Fscore:0.0928 acc: 6.0000%(283/44) 

Sun, 07 Apr 2019 19:41:56: INFO: epoch: 94, train loss: 0.6929, train acc: 0.51, dev loss: 0.6948, dev acc: 0.46, time: 5.48
Sun, 07 Apr 2019 19:41:56: INFO: 
Evaluation - loss: 44.393616 Precision:0.2030 Recall:0.4975 Fscore:0.0930 acc: 6.0000%(283/44) 

Sun, 07 Apr 2019 19:42:02: INFO: epoch: 95, train loss: 0.6924, train acc: 0.52, dev loss: 0.6947, dev acc: 0.47, time: 5.43
Sun, 07 Apr 2019 19:42:03: INFO: 
Evaluation - loss: 44.393617 Precision:0.2122 Recall:0.4958 Fscore:0.0929 acc: 6.0000%(283/44) 

Sun, 07 Apr 2019 19:42:08: INFO: epoch: 96, train loss: 0.6925, train acc: 0.51, dev loss: 0.6944, dev acc: 0.48, time: 5.50
Sun, 07 Apr 2019 19:42:09: INFO: 
Evaluation - loss: 44.393616 Precision:0.1951 Recall:0.4869 Fscore:0.0927 acc: 6.0000%(283/44) 

Sun, 07 Apr 2019 19:42:14: INFO: epoch: 97, train loss: 0.6928, train acc: 0.51, dev loss: 0.6943, dev acc: 0.49, time: 5.49
Sun, 07 Apr 2019 19:42:15: INFO: 
Evaluation - loss: 44.393617 Precision:0.2104 Recall:0.4996 Fscore:0.0932 acc: 6.0000%(283/44) 

Sun, 07 Apr 2019 19:42:20: INFO: epoch: 98, train loss: 0.6928, train acc: 0.51, dev loss: 0.6948, dev acc: 0.47, time: 5.50
Sun, 07 Apr 2019 19:42:21: INFO: 
Evaluation - loss: 44.393617 Precision:0.2291 Recall:0.4998 Fscore:0.0928 acc: 6.0000%(283/44) 

Sun, 07 Apr 2019 19:42:27: INFO: epoch: 99, train loss: 0.6925, train acc: 0.52, dev loss: 0.6948, dev acc: 0.48, time: 5.51
Sun, 07 Apr 2019 19:42:27: INFO: 
Evaluation - loss: 44.393617 Precision:0.2239 Recall:0.4951 Fscore:0.0937 acc: 6.0000%(283/44) 

Sun, 07 Apr 2019 19:42:33: INFO: epoch: 100, train loss: 0.6927, train acc: 0.52, dev loss: 0.6946, dev acc: 0.47, time: 5.46
Sun, 07 Apr 2019 19:42:33: INFO: 
Evaluation - loss: 44.393617 Precision:0.2485 Recall:0.4955 Fscore:0.0934 acc: 6.0000%(283/44) 

