Sun, 07 Apr 2019 12:47:48: INFO: running main.py --model CNN_BiLSTM -Opt sgd --run_log umtqe_cnnbilstm
Sun, 07 Apr 2019 12:47:48: INFO: 	BATCH_SIZE=64
Sun, 07 Apr 2019 12:47:48: INFO: 	BIDIRECTIONAL=True
Sun, 07 Apr 2019 12:47:48: INFO: 	DEV_FILE=./data/cwmt_dev_comb.txt
Sun, 07 Apr 2019 12:47:48: INFO: 	DROPOUT=0.5
Sun, 07 Apr 2019 12:47:48: INFO: 	EMBED_DIM=300
Sun, 07 Apr 2019 12:47:48: INFO: 	GRAD_CLIP=0.1
Sun, 07 Apr 2019 12:47:48: INFO: 	HIDDEN_DIM=300
Sun, 07 Apr 2019 12:47:48: INFO: 	IN_CHANNELS=1
Sun, 07 Apr 2019 12:47:48: INFO: 	KERNEL_NUMS=300
Sun, 07 Apr 2019 12:47:48: INFO: 	KERNEL_SIZES=[2, 3, 4]
Sun, 07 Apr 2019 12:47:48: INFO: 	LEARNING_RATE=0.7
Sun, 07 Apr 2019 12:47:48: INFO: 	MAX_SEQ_LEN=50
Sun, 07 Apr 2019 12:47:48: INFO: 	MODEL=CNN_BiLSTM
Sun, 07 Apr 2019 12:47:48: INFO: 	NUM_CLASS=2
Sun, 07 Apr 2019 12:47:48: INFO: 	NUM_EPOCHS=100
Sun, 07 Apr 2019 12:47:48: INFO: 	NUM_LAYERS=3
Sun, 07 Apr 2019 12:47:48: INFO: 	OPTIMIZER=sgd
Sun, 07 Apr 2019 12:47:48: INFO: 	PREDICTION_FILE=./predictions/cwmt_test.csv
Sun, 07 Apr 2019 12:47:48: INFO: 	PRETRAINED_EMBEDDINGS=./word2vec/wiki.en_zh.vec
Sun, 07 Apr 2019 12:47:48: INFO: 	PRETRAINED_WEIGHTS=tensor([[ 0.0046,  0.0888,  0.0158,  ..., -0.0273, -0.1007, -0.0268],
        [ 0.0000,  0.0000,  0.0000,  ...,  0.0000,  0.0000,  0.0000],
        [-0.0068,  0.0537,  0.0184,  ..., -0.0387,  0.0158,  0.1035],
        ...,
        [ 0.0000,  0.0000,  0.0000,  ...,  0.0000,  0.0000,  0.0000],
        [ 0.0326,  0.0649,  0.0135,  ..., -0.0437, -0.0816,  0.0215],
        [ 0.0000,  0.0000,  0.0000,  ...,  0.0000,  0.0000,  0.0000]])
Sun, 07 Apr 2019 12:47:48: INFO: 	RUN_LOG=umtqe_cnnbilstm
Sun, 07 Apr 2019 12:47:48: INFO: 	SAVED_MODEL=./saved_model/cwmt.en_zh.pt
Sun, 07 Apr 2019 12:47:48: INFO: 	SEED_NUM=123
Sun, 07 Apr 2019 12:47:48: INFO: 	STATIC=False
Sun, 07 Apr 2019 12:47:48: INFO: 	TEST=False
Sun, 07 Apr 2019 12:47:48: INFO: 	TEST_FILE=./data/htqe_test_comb.txt
Sun, 07 Apr 2019 12:47:48: INFO: 	TRAIN_FILE=./data/cwmt_train_comb.txt
Sun, 07 Apr 2019 12:47:48: INFO: 	USE_GPU=True
Sun, 07 Apr 2019 12:47:48: INFO: 	VOCAB_SIZE=44995
Sun, 07 Apr 2019 12:47:48: INFO: 	WEIGHT_DECAY=0.001
Sun, 07 Apr 2019 12:48:25: INFO: epoch: 1, train loss: 0.6982, train acc: 0.41, dev loss: 0.6884, dev acc: 0.60, time: 34.31
Sun, 07 Apr 2019 12:48:26: INFO: 
Evaluation - loss: 42.811360 Precision:0.4636 Recall:0.5114 Fscore:0.4860 acc: 57.0000%(2532/44) 

Sun, 07 Apr 2019 12:48:35: INFO: epoch: 2, train loss: 0.6981, train acc: 0.41, dev loss: 0.6880, dev acc: 0.61, time: 8.71
Sun, 07 Apr 2019 12:48:35: INFO: 
Evaluation - loss: 42.811359 Precision:0.4522 Recall:0.5000 Fscore:0.4747 acc: 57.0000%(2532/44) 

Sun, 07 Apr 2019 12:48:44: INFO: epoch: 3, train loss: 0.6981, train acc: 0.41, dev loss: 0.6881, dev acc: 0.61, time: 8.59
Sun, 07 Apr 2019 12:48:45: INFO: 
Evaluation - loss: 42.811360 Precision:0.4523 Recall:0.5000 Fscore:0.4747 acc: 57.0000%(2532/44) 

Sun, 07 Apr 2019 12:48:53: INFO: epoch: 4, train loss: 0.6981, train acc: 0.41, dev loss: 0.6881, dev acc: 0.61, time: 8.61
Sun, 07 Apr 2019 12:48:54: INFO: 
Evaluation - loss: 42.811360 Precision:0.4523 Recall:0.5000 Fscore:0.4748 acc: 57.0000%(2532/44) 

Sun, 07 Apr 2019 12:49:03: INFO: epoch: 5, train loss: 0.6981, train acc: 0.41, dev loss: 0.6877, dev acc: 0.62, time: 8.75
Sun, 07 Apr 2019 12:49:03: INFO: 
Evaluation - loss: 42.811360 Precision:0.4523 Recall:0.5000 Fscore:0.4748 acc: 57.0000%(2532/44) 

Sun, 07 Apr 2019 12:49:12: INFO: epoch: 6, train loss: 0.6981, train acc: 0.41, dev loss: 0.6880, dev acc: 0.61, time: 8.65
Sun, 07 Apr 2019 12:49:13: INFO: 
Evaluation - loss: 42.811360 Precision:0.4521 Recall:0.5000 Fscore:0.4747 acc: 57.0000%(2532/44) 

Sun, 07 Apr 2019 12:49:21: INFO: epoch: 7, train loss: 0.6981, train acc: 0.41, dev loss: 0.6884, dev acc: 0.60, time: 8.68
Sun, 07 Apr 2019 12:49:22: INFO: 
Evaluation - loss: 42.811360 Precision:0.4522 Recall:0.5000 Fscore:0.4748 acc: 57.0000%(2532/44) 

Sun, 07 Apr 2019 12:49:31: INFO: epoch: 8, train loss: 0.6981, train acc: 0.41, dev loss: 0.6884, dev acc: 0.60, time: 8.72
Sun, 07 Apr 2019 12:49:31: INFO: 
Evaluation - loss: 42.811360 Precision:0.4636 Recall:0.5114 Fscore:0.4861 acc: 57.0000%(2532/44) 

Sun, 07 Apr 2019 12:49:40: INFO: epoch: 9, train loss: 0.6981, train acc: 0.41, dev loss: 0.6877, dev acc: 0.62, time: 8.72
Sun, 07 Apr 2019 12:49:41: INFO: 
Evaluation - loss: 42.811360 Precision:0.4521 Recall:0.5000 Fscore:0.4747 acc: 57.0000%(2532/44) 

Sun, 07 Apr 2019 12:49:50: INFO: epoch: 10, train loss: 0.6982, train acc: 0.41, dev loss: 0.6884, dev acc: 0.60, time: 8.71
Sun, 07 Apr 2019 12:49:50: INFO: 
Evaluation - loss: 42.811360 Precision:0.4525 Recall:0.5000 Fscore:0.4749 acc: 57.0000%(2532/44) 

Sun, 07 Apr 2019 12:49:59: INFO: epoch: 11, train loss: 0.6982, train acc: 0.41, dev loss: 0.6877, dev acc: 0.62, time: 8.72
Sun, 07 Apr 2019 12:50:00: INFO: 
Evaluation - loss: 42.811360 Precision:0.4523 Recall:0.5000 Fscore:0.4749 acc: 57.0000%(2532/44) 

Sun, 07 Apr 2019 12:50:08: INFO: epoch: 12, train loss: 0.6981, train acc: 0.41, dev loss: 0.6881, dev acc: 0.61, time: 8.75
Sun, 07 Apr 2019 12:50:09: INFO: 
Evaluation - loss: 42.811360 Precision:0.4522 Recall:0.5000 Fscore:0.4747 acc: 57.0000%(2532/44) 

Sun, 07 Apr 2019 12:50:18: INFO: epoch: 13, train loss: 0.6982, train acc: 0.41, dev loss: 0.6884, dev acc: 0.60, time: 8.80
Sun, 07 Apr 2019 12:50:19: INFO: 
Evaluation - loss: 42.811360 Precision:0.4523 Recall:0.5000 Fscore:0.4748 acc: 57.0000%(2532/44) 

Sun, 07 Apr 2019 12:50:28: INFO: epoch: 14, train loss: 0.6981, train acc: 0.41, dev loss: 0.6877, dev acc: 0.62, time: 8.92
Sun, 07 Apr 2019 12:50:28: INFO: 
Evaluation - loss: 42.811359 Precision:0.4523 Recall:0.5000 Fscore:0.4747 acc: 57.0000%(2532/44) 

Sun, 07 Apr 2019 12:50:37: INFO: epoch: 15, train loss: 0.6981, train acc: 0.41, dev loss: 0.6887, dev acc: 0.60, time: 8.89
Sun, 07 Apr 2019 12:50:38: INFO: 
Evaluation - loss: 42.811359 Precision:0.4523 Recall:0.5000 Fscore:0.4748 acc: 57.0000%(2532/44) 

Sun, 07 Apr 2019 12:50:47: INFO: epoch: 16, train loss: 0.6981, train acc: 0.41, dev loss: 0.6880, dev acc: 0.61, time: 9.00
Sun, 07 Apr 2019 12:50:48: INFO: 
Evaluation - loss: 42.811360 Precision:0.4523 Recall:0.5000 Fscore:0.4747 acc: 57.0000%(2532/44) 

Sun, 07 Apr 2019 12:50:56: INFO: epoch: 17, train loss: 0.6981, train acc: 0.41, dev loss: 0.6880, dev acc: 0.61, time: 8.94
Sun, 07 Apr 2019 12:50:57: INFO: 
Evaluation - loss: 42.811360 Precision:0.4522 Recall:0.5000 Fscore:0.4747 acc: 57.0000%(2532/44) 

Sun, 07 Apr 2019 12:51:06: INFO: epoch: 18, train loss: 0.6982, train acc: 0.41, dev loss: 0.6880, dev acc: 0.61, time: 8.95
Sun, 07 Apr 2019 12:51:07: INFO: 
Evaluation - loss: 42.811359 Precision:0.4523 Recall:0.5000 Fscore:0.4748 acc: 57.0000%(2532/44) 

Sun, 07 Apr 2019 12:51:16: INFO: epoch: 19, train loss: 0.6981, train acc: 0.41, dev loss: 0.6877, dev acc: 0.62, time: 8.95
Sun, 07 Apr 2019 12:51:17: INFO: 
Evaluation - loss: 42.811360 Precision:0.4523 Recall:0.5000 Fscore:0.4747 acc: 57.0000%(2532/44) 

Sun, 07 Apr 2019 12:51:25: INFO: epoch: 20, train loss: 0.6981, train acc: 0.41, dev loss: 0.6884, dev acc: 0.60, time: 8.93
Sun, 07 Apr 2019 12:51:26: INFO: 
Evaluation - loss: 42.811359 Precision:0.4525 Recall:0.5000 Fscore:0.4747 acc: 57.0000%(2532/44) 

Sun, 07 Apr 2019 12:51:35: INFO: epoch: 21, train loss: 0.6981, train acc: 0.41, dev loss: 0.6884, dev acc: 0.60, time: 8.94
Sun, 07 Apr 2019 12:51:36: INFO: 
Evaluation - loss: 42.811359 Precision:0.4523 Recall:0.5000 Fscore:0.4747 acc: 57.0000%(2532/44) 

Sun, 07 Apr 2019 12:51:45: INFO: epoch: 22, train loss: 0.6981, train acc: 0.41, dev loss: 0.6884, dev acc: 0.60, time: 8.94
Sun, 07 Apr 2019 12:51:45: INFO: 
Evaluation - loss: 42.811359 Precision:0.4524 Recall:0.5000 Fscore:0.4749 acc: 57.0000%(2532/44) 

Sun, 07 Apr 2019 12:51:54: INFO: epoch: 23, train loss: 0.6982, train acc: 0.41, dev loss: 0.6880, dev acc: 0.61, time: 8.93
Sun, 07 Apr 2019 12:51:55: INFO: 
Evaluation - loss: 42.811360 Precision:0.4520 Recall:0.5000 Fscore:0.4746 acc: 57.0000%(2532/44) 

Sun, 07 Apr 2019 12:52:04: INFO: epoch: 24, train loss: 0.6981, train acc: 0.41, dev loss: 0.6884, dev acc: 0.60, time: 8.94
Sun, 07 Apr 2019 12:52:05: INFO: 
Evaluation - loss: 42.811359 Precision:0.4523 Recall:0.5000 Fscore:0.4748 acc: 57.0000%(2532/44) 

Sun, 07 Apr 2019 12:52:14: INFO: epoch: 25, train loss: 0.6981, train acc: 0.41, dev loss: 0.6881, dev acc: 0.61, time: 8.94
Sun, 07 Apr 2019 12:52:14: INFO: 
Evaluation - loss: 42.811361 Precision:0.4638 Recall:0.5114 Fscore:0.4861 acc: 57.0000%(2532/44) 

Sun, 07 Apr 2019 12:52:23: INFO: epoch: 26, train loss: 0.6982, train acc: 0.41, dev loss: 0.6881, dev acc: 0.61, time: 8.95
Sun, 07 Apr 2019 12:52:24: INFO: 
Evaluation - loss: 42.811359 Precision:0.4523 Recall:0.5000 Fscore:0.4748 acc: 57.0000%(2532/44) 

Sun, 07 Apr 2019 12:52:33: INFO: epoch: 27, train loss: 0.6981, train acc: 0.41, dev loss: 0.6887, dev acc: 0.60, time: 8.94
Sun, 07 Apr 2019 12:52:34: INFO: 
Evaluation - loss: 42.811360 Precision:0.4524 Recall:0.5000 Fscore:0.4748 acc: 57.0000%(2532/44) 

Sun, 07 Apr 2019 12:52:43: INFO: epoch: 28, train loss: 0.6981, train acc: 0.41, dev loss: 0.6884, dev acc: 0.60, time: 8.98
Sun, 07 Apr 2019 12:52:43: INFO: 
Evaluation - loss: 42.811360 Precision:0.4522 Recall:0.5000 Fscore:0.4747 acc: 57.0000%(2532/44) 

Sun, 07 Apr 2019 12:52:52: INFO: epoch: 29, train loss: 0.6981, train acc: 0.41, dev loss: 0.6880, dev acc: 0.61, time: 8.96
Sun, 07 Apr 2019 12:52:53: INFO: 
Evaluation - loss: 42.811361 Precision:0.4524 Recall:0.5000 Fscore:0.4748 acc: 57.0000%(2532/44) 

Sun, 07 Apr 2019 12:53:02: INFO: epoch: 30, train loss: 0.6981, train acc: 0.41, dev loss: 0.6888, dev acc: 0.60, time: 8.98
Sun, 07 Apr 2019 12:53:03: INFO: 
Evaluation - loss: 42.811360 Precision:0.4521 Recall:0.5000 Fscore:0.4746 acc: 57.0000%(2532/44) 

Sun, 07 Apr 2019 12:53:12: INFO: epoch: 31, train loss: 0.6981, train acc: 0.41, dev loss: 0.6877, dev acc: 0.62, time: 8.95
Sun, 07 Apr 2019 12:53:12: INFO: 
Evaluation - loss: 42.811360 Precision:0.4522 Recall:0.5000 Fscore:0.4748 acc: 57.0000%(2532/44) 

Sun, 07 Apr 2019 12:53:22: INFO: epoch: 32, train loss: 0.6981, train acc: 0.41, dev loss: 0.6877, dev acc: 0.62, time: 9.03
Sun, 07 Apr 2019 12:53:22: INFO: 
Evaluation - loss: 42.811361 Precision:0.4523 Recall:0.5000 Fscore:0.4747 acc: 57.0000%(2532/44) 

Sun, 07 Apr 2019 12:53:31: INFO: epoch: 33, train loss: 0.6981, train acc: 0.41, dev loss: 0.6877, dev acc: 0.62, time: 9.06
Sun, 07 Apr 2019 12:53:32: INFO: 
Evaluation - loss: 42.811359 Precision:0.4522 Recall:0.5000 Fscore:0.4747 acc: 57.0000%(2532/44) 

Sun, 07 Apr 2019 12:53:41: INFO: epoch: 34, train loss: 0.6981, train acc: 0.41, dev loss: 0.6883, dev acc: 0.60, time: 8.97
Sun, 07 Apr 2019 12:53:42: INFO: 
Evaluation - loss: 42.811359 Precision:0.4523 Recall:0.5000 Fscore:0.4747 acc: 57.0000%(2532/44) 

Sun, 07 Apr 2019 12:53:51: INFO: epoch: 35, train loss: 0.6981, train acc: 0.41, dev loss: 0.6884, dev acc: 0.60, time: 8.93
Sun, 07 Apr 2019 12:53:51: INFO: 
Evaluation - loss: 42.811360 Precision:0.4522 Recall:0.5000 Fscore:0.4747 acc: 57.0000%(2532/44) 

Sun, 07 Apr 2019 12:54:00: INFO: epoch: 36, train loss: 0.6982, train acc: 0.41, dev loss: 0.6880, dev acc: 0.61, time: 8.93
Sun, 07 Apr 2019 12:54:01: INFO: 
Evaluation - loss: 42.811359 Precision:0.4525 Recall:0.5000 Fscore:0.4748 acc: 57.0000%(2532/44) 

Sun, 07 Apr 2019 12:54:10: INFO: epoch: 37, train loss: 0.6981, train acc: 0.41, dev loss: 0.6884, dev acc: 0.60, time: 8.96
Sun, 07 Apr 2019 12:54:11: INFO: 
Evaluation - loss: 42.811360 Precision:0.4523 Recall:0.5000 Fscore:0.4748 acc: 57.0000%(2532/44) 

Sun, 07 Apr 2019 12:54:20: INFO: epoch: 38, train loss: 0.6981, train acc: 0.41, dev loss: 0.6884, dev acc: 0.60, time: 8.94
Sun, 07 Apr 2019 12:54:20: INFO: 
Evaluation - loss: 42.811360 Precision:0.4524 Recall:0.5000 Fscore:0.4749 acc: 57.0000%(2532/44) 

Sun, 07 Apr 2019 12:54:29: INFO: epoch: 39, train loss: 0.6981, train acc: 0.41, dev loss: 0.6880, dev acc: 0.61, time: 8.99
Sun, 07 Apr 2019 12:54:30: INFO: 
Evaluation - loss: 42.811359 Precision:0.4523 Recall:0.5000 Fscore:0.4748 acc: 57.0000%(2532/44) 

Sun, 07 Apr 2019 12:54:39: INFO: epoch: 40, train loss: 0.6981, train acc: 0.41, dev loss: 0.6883, dev acc: 0.60, time: 8.95
Sun, 07 Apr 2019 12:54:40: INFO: 
Evaluation - loss: 42.811360 Precision:0.4523 Recall:0.5000 Fscore:0.4748 acc: 57.0000%(2532/44) 

Sun, 07 Apr 2019 12:54:49: INFO: epoch: 41, train loss: 0.6982, train acc: 0.41, dev loss: 0.6877, dev acc: 0.62, time: 8.95
Sun, 07 Apr 2019 12:54:49: INFO: 
Evaluation - loss: 42.811360 Precision:0.4523 Recall:0.5000 Fscore:0.4747 acc: 57.0000%(2532/44) 

Sun, 07 Apr 2019 12:54:58: INFO: epoch: 42, train loss: 0.6981, train acc: 0.41, dev loss: 0.6884, dev acc: 0.60, time: 8.94
Sun, 07 Apr 2019 12:54:59: INFO: 
Evaluation - loss: 42.811360 Precision:0.4523 Recall:0.5000 Fscore:0.4748 acc: 57.0000%(2532/44) 

Sun, 07 Apr 2019 12:55:08: INFO: epoch: 43, train loss: 0.6982, train acc: 0.41, dev loss: 0.6884, dev acc: 0.60, time: 8.94
Sun, 07 Apr 2019 12:55:09: INFO: 
Evaluation - loss: 42.811360 Precision:0.4523 Recall:0.5000 Fscore:0.4748 acc: 57.0000%(2532/44) 

Sun, 07 Apr 2019 12:55:18: INFO: epoch: 44, train loss: 0.6981, train acc: 0.41, dev loss: 0.6887, dev acc: 0.60, time: 8.95
Sun, 07 Apr 2019 12:55:18: INFO: 
Evaluation - loss: 42.811359 Precision:0.4525 Recall:0.5000 Fscore:0.4749 acc: 57.0000%(2532/44) 

Sun, 07 Apr 2019 12:55:27: INFO: epoch: 45, train loss: 0.6982, train acc: 0.41, dev loss: 0.6877, dev acc: 0.62, time: 8.95
Sun, 07 Apr 2019 12:55:28: INFO: 
Evaluation - loss: 42.811360 Precision:0.4522 Recall:0.5000 Fscore:0.4747 acc: 57.0000%(2532/44) 

Sun, 07 Apr 2019 12:55:37: INFO: epoch: 46, train loss: 0.6981, train acc: 0.41, dev loss: 0.6881, dev acc: 0.61, time: 8.94
Sun, 07 Apr 2019 12:55:38: INFO: 
Evaluation - loss: 42.811359 Precision:0.4524 Recall:0.5000 Fscore:0.4748 acc: 57.0000%(2532/44) 

Sun, 07 Apr 2019 12:55:47: INFO: epoch: 47, train loss: 0.6981, train acc: 0.41, dev loss: 0.6881, dev acc: 0.61, time: 8.96
Sun, 07 Apr 2019 12:55:47: INFO: 
Evaluation - loss: 42.811360 Precision:0.4523 Recall:0.5000 Fscore:0.4748 acc: 57.0000%(2532/44) 

Sun, 07 Apr 2019 12:55:56: INFO: epoch: 48, train loss: 0.6981, train acc: 0.41, dev loss: 0.6880, dev acc: 0.61, time: 8.98
Sun, 07 Apr 2019 12:55:57: INFO: 
Evaluation - loss: 42.811359 Precision:0.4636 Recall:0.5114 Fscore:0.4860 acc: 57.0000%(2532/44) 

Sun, 07 Apr 2019 12:56:06: INFO: epoch: 49, train loss: 0.6982, train acc: 0.41, dev loss: 0.6880, dev acc: 0.61, time: 8.93
Sun, 07 Apr 2019 12:56:07: INFO: 
Evaluation - loss: 42.811360 Precision:0.4525 Recall:0.5000 Fscore:0.4749 acc: 57.0000%(2532/44) 

Sun, 07 Apr 2019 12:56:16: INFO: epoch: 50, train loss: 0.6981, train acc: 0.41, dev loss: 0.6880, dev acc: 0.61, time: 8.94
Sun, 07 Apr 2019 12:56:16: INFO: 
Evaluation - loss: 42.811361 Precision:0.4524 Recall:0.5000 Fscore:0.4748 acc: 57.0000%(2532/44) 

Sun, 07 Apr 2019 12:56:25: INFO: epoch: 51, train loss: 0.6981, train acc: 0.41, dev loss: 0.6880, dev acc: 0.61, time: 8.99
Sun, 07 Apr 2019 12:56:26: INFO: 
Evaluation - loss: 42.811360 Precision:0.4523 Recall:0.5000 Fscore:0.4748 acc: 57.0000%(2532/44) 

Sun, 07 Apr 2019 12:56:35: INFO: epoch: 52, train loss: 0.6982, train acc: 0.41, dev loss: 0.6880, dev acc: 0.61, time: 8.93
Sun, 07 Apr 2019 12:56:36: INFO: 
Evaluation - loss: 42.811360 Precision:0.4524 Recall:0.5000 Fscore:0.4749 acc: 57.0000%(2532/44) 

Sun, 07 Apr 2019 12:56:45: INFO: epoch: 53, train loss: 0.6981, train acc: 0.41, dev loss: 0.6877, dev acc: 0.62, time: 8.93
Sun, 07 Apr 2019 12:56:45: INFO: 
Evaluation - loss: 42.811360 Precision:0.4522 Recall:0.5000 Fscore:0.4747 acc: 57.0000%(2532/44) 

Sun, 07 Apr 2019 12:56:54: INFO: epoch: 54, train loss: 0.6981, train acc: 0.41, dev loss: 0.6881, dev acc: 0.61, time: 8.94
Sun, 07 Apr 2019 12:56:55: INFO: 
Evaluation - loss: 42.811360 Precision:0.4523 Recall:0.5000 Fscore:0.4747 acc: 57.0000%(2532/44) 

Sun, 07 Apr 2019 12:57:04: INFO: epoch: 55, train loss: 0.6981, train acc: 0.41, dev loss: 0.6877, dev acc: 0.62, time: 8.97
Sun, 07 Apr 2019 12:57:05: INFO: 
Evaluation - loss: 42.811359 Precision:0.4521 Recall:0.5000 Fscore:0.4746 acc: 57.0000%(2532/44) 

Sun, 07 Apr 2019 12:57:14: INFO: epoch: 56, train loss: 0.6982, train acc: 0.41, dev loss: 0.6880, dev acc: 0.61, time: 8.96
Sun, 07 Apr 2019 12:57:14: INFO: 
Evaluation - loss: 42.811360 Precision:0.4523 Recall:0.5000 Fscore:0.4748 acc: 57.0000%(2532/44) 

Sun, 07 Apr 2019 12:57:23: INFO: epoch: 57, train loss: 0.6981, train acc: 0.41, dev loss: 0.6887, dev acc: 0.60, time: 8.97
Sun, 07 Apr 2019 12:57:24: INFO: 
Evaluation - loss: 42.811361 Precision:0.4521 Recall:0.5000 Fscore:0.4747 acc: 57.0000%(2532/44) 

Sun, 07 Apr 2019 12:57:33: INFO: epoch: 58, train loss: 0.6981, train acc: 0.41, dev loss: 0.6881, dev acc: 0.61, time: 8.94
Sun, 07 Apr 2019 12:57:34: INFO: 
Evaluation - loss: 42.811360 Precision:0.4524 Recall:0.5000 Fscore:0.4748 acc: 57.0000%(2532/44) 

Sun, 07 Apr 2019 12:57:43: INFO: epoch: 59, train loss: 0.6981, train acc: 0.41, dev loss: 0.6880, dev acc: 0.61, time: 8.99
Sun, 07 Apr 2019 12:57:43: INFO: 
Evaluation - loss: 42.811361 Precision:0.4523 Recall:0.5000 Fscore:0.4746 acc: 57.0000%(2532/44) 

Sun, 07 Apr 2019 12:57:52: INFO: epoch: 60, train loss: 0.6981, train acc: 0.41, dev loss: 0.6880, dev acc: 0.61, time: 8.95
Sun, 07 Apr 2019 12:57:53: INFO: 
Evaluation - loss: 42.811360 Precision:0.4522 Recall:0.5000 Fscore:0.4747 acc: 57.0000%(2532/44) 

Sun, 07 Apr 2019 12:58:02: INFO: epoch: 61, train loss: 0.6982, train acc: 0.41, dev loss: 0.6881, dev acc: 0.61, time: 8.95
Sun, 07 Apr 2019 12:58:03: INFO: 
Evaluation - loss: 42.811360 Precision:0.4523 Recall:0.5000 Fscore:0.4748 acc: 57.0000%(2532/44) 

Sun, 07 Apr 2019 12:58:12: INFO: epoch: 62, train loss: 0.6981, train acc: 0.41, dev loss: 0.6880, dev acc: 0.61, time: 9.01
Sun, 07 Apr 2019 12:58:12: INFO: 
Evaluation - loss: 42.811359 Precision:0.4525 Recall:0.5000 Fscore:0.4749 acc: 57.0000%(2532/44) 

Sun, 07 Apr 2019 12:58:21: INFO: epoch: 63, train loss: 0.6981, train acc: 0.41, dev loss: 0.6884, dev acc: 0.60, time: 8.95
Sun, 07 Apr 2019 12:58:22: INFO: 
Evaluation - loss: 42.811360 Precision:0.4520 Recall:0.5000 Fscore:0.4746 acc: 57.0000%(2532/44) 

Sun, 07 Apr 2019 12:58:31: INFO: epoch: 64, train loss: 0.6981, train acc: 0.41, dev loss: 0.6877, dev acc: 0.62, time: 8.98
Sun, 07 Apr 2019 12:58:32: INFO: 
Evaluation - loss: 42.811360 Precision:0.4522 Recall:0.5000 Fscore:0.4747 acc: 57.0000%(2532/44) 

Sun, 07 Apr 2019 12:58:41: INFO: epoch: 65, train loss: 0.6981, train acc: 0.41, dev loss: 0.6884, dev acc: 0.60, time: 8.99
Sun, 07 Apr 2019 12:58:41: INFO: 
Evaluation - loss: 42.811359 Precision:0.4521 Recall:0.5000 Fscore:0.4747 acc: 57.0000%(2532/44) 

Sun, 07 Apr 2019 12:58:50: INFO: epoch: 66, train loss: 0.6981, train acc: 0.41, dev loss: 0.6877, dev acc: 0.62, time: 8.94
Sun, 07 Apr 2019 12:58:51: INFO: 
Evaluation - loss: 42.811361 Precision:0.4522 Recall:0.5000 Fscore:0.4747 acc: 57.0000%(2532/44) 

Sun, 07 Apr 2019 12:59:00: INFO: epoch: 67, train loss: 0.6981, train acc: 0.41, dev loss: 0.6883, dev acc: 0.60, time: 8.96
Sun, 07 Apr 2019 12:59:01: INFO: 
Evaluation - loss: 42.811359 Precision:0.4525 Recall:0.5000 Fscore:0.4748 acc: 57.0000%(2532/44) 

Sun, 07 Apr 2019 12:59:10: INFO: epoch: 68, train loss: 0.6981, train acc: 0.41, dev loss: 0.6880, dev acc: 0.61, time: 8.93
Sun, 07 Apr 2019 12:59:10: INFO: 
Evaluation - loss: 42.811359 Precision:0.4525 Recall:0.5000 Fscore:0.4749 acc: 57.0000%(2532/44) 

Sun, 07 Apr 2019 12:59:19: INFO: epoch: 69, train loss: 0.6981, train acc: 0.41, dev loss: 0.6881, dev acc: 0.61, time: 9.00
Sun, 07 Apr 2019 12:59:20: INFO: 
Evaluation - loss: 42.811360 Precision:0.4524 Recall:0.5000 Fscore:0.4749 acc: 57.0000%(2532/44) 

Sun, 07 Apr 2019 12:59:29: INFO: epoch: 70, train loss: 0.6981, train acc: 0.41, dev loss: 0.6884, dev acc: 0.60, time: 8.97
Sun, 07 Apr 2019 12:59:30: INFO: 
Evaluation - loss: 42.811360 Precision:0.4524 Recall:0.5000 Fscore:0.4749 acc: 57.0000%(2532/44) 

Sun, 07 Apr 2019 12:59:39: INFO: epoch: 71, train loss: 0.6981, train acc: 0.41, dev loss: 0.6877, dev acc: 0.62, time: 8.98
Sun, 07 Apr 2019 12:59:40: INFO: 
Evaluation - loss: 42.811360 Precision:0.4522 Recall:0.5000 Fscore:0.4748 acc: 57.0000%(2532/44) 

Sun, 07 Apr 2019 12:59:48: INFO: epoch: 72, train loss: 0.6981, train acc: 0.41, dev loss: 0.6885, dev acc: 0.60, time: 8.95
Sun, 07 Apr 2019 12:59:49: INFO: 
Evaluation - loss: 42.811360 Precision:0.4523 Recall:0.5000 Fscore:0.4749 acc: 57.0000%(2532/44) 

Sun, 07 Apr 2019 12:59:58: INFO: epoch: 73, train loss: 0.6981, train acc: 0.41, dev loss: 0.6877, dev acc: 0.62, time: 8.95
Sun, 07 Apr 2019 12:59:59: INFO: 
Evaluation - loss: 42.811360 Precision:0.4525 Recall:0.5000 Fscore:0.4749 acc: 57.0000%(2532/44) 

Sun, 07 Apr 2019 13:00:08: INFO: epoch: 74, train loss: 0.6981, train acc: 0.41, dev loss: 0.6883, dev acc: 0.60, time: 9.02
Sun, 07 Apr 2019 13:00:09: INFO: 
Evaluation - loss: 42.811360 Precision:0.4636 Recall:0.5114 Fscore:0.4860 acc: 57.0000%(2532/44) 

Sun, 07 Apr 2019 13:00:18: INFO: epoch: 75, train loss: 0.6981, train acc: 0.41, dev loss: 0.6884, dev acc: 0.60, time: 8.94
Sun, 07 Apr 2019 13:00:18: INFO: 
Evaluation - loss: 42.811360 Precision:0.4524 Recall:0.5000 Fscore:0.4748 acc: 57.0000%(2532/44) 

Sun, 07 Apr 2019 13:00:27: INFO: epoch: 76, train loss: 0.6981, train acc: 0.41, dev loss: 0.6884, dev acc: 0.60, time: 8.95
Sun, 07 Apr 2019 13:00:28: INFO: 
Evaluation - loss: 42.811360 Precision:0.4524 Recall:0.5000 Fscore:0.4748 acc: 57.0000%(2532/44) 

Sun, 07 Apr 2019 13:00:37: INFO: epoch: 77, train loss: 0.6981, train acc: 0.41, dev loss: 0.6884, dev acc: 0.60, time: 8.93
Sun, 07 Apr 2019 13:00:38: INFO: 
Evaluation - loss: 42.811360 Precision:0.4523 Recall:0.5000 Fscore:0.4748 acc: 57.0000%(2532/44) 

Sun, 07 Apr 2019 13:00:47: INFO: epoch: 78, train loss: 0.6981, train acc: 0.41, dev loss: 0.6887, dev acc: 0.60, time: 8.99
Sun, 07 Apr 2019 13:00:47: INFO: 
Evaluation - loss: 42.811359 Precision:0.4525 Recall:0.5000 Fscore:0.4749 acc: 57.0000%(2532/44) 

Sun, 07 Apr 2019 13:00:56: INFO: epoch: 79, train loss: 0.6981, train acc: 0.41, dev loss: 0.6880, dev acc: 0.61, time: 8.98
Sun, 07 Apr 2019 13:00:57: INFO: 
Evaluation - loss: 42.811360 Precision:0.4638 Recall:0.5114 Fscore:0.4861 acc: 57.0000%(2532/44) 

Sun, 07 Apr 2019 13:01:06: INFO: epoch: 80, train loss: 0.6981, train acc: 0.41, dev loss: 0.6887, dev acc: 0.60, time: 8.96
Sun, 07 Apr 2019 13:01:07: INFO: 
Evaluation - loss: 42.811359 Precision:0.4524 Recall:0.5000 Fscore:0.4747 acc: 57.0000%(2532/44) 

Sun, 07 Apr 2019 13:01:16: INFO: epoch: 81, train loss: 0.6981, train acc: 0.41, dev loss: 0.6881, dev acc: 0.61, time: 8.96
Sun, 07 Apr 2019 13:01:16: INFO: 
Evaluation - loss: 42.811359 Precision:0.4523 Recall:0.5000 Fscore:0.4747 acc: 57.0000%(2532/44) 

Sun, 07 Apr 2019 13:01:25: INFO: epoch: 82, train loss: 0.6981, train acc: 0.41, dev loss: 0.6880, dev acc: 0.61, time: 8.94
Sun, 07 Apr 2019 13:01:26: INFO: 
Evaluation - loss: 42.811359 Precision:0.4525 Recall:0.5000 Fscore:0.4749 acc: 57.0000%(2532/44) 

Sun, 07 Apr 2019 13:01:35: INFO: epoch: 83, train loss: 0.6981, train acc: 0.41, dev loss: 0.6877, dev acc: 0.62, time: 8.95
Sun, 07 Apr 2019 13:01:36: INFO: 
Evaluation - loss: 42.811360 Precision:0.4523 Recall:0.5000 Fscore:0.4747 acc: 57.0000%(2532/44) 

Sun, 07 Apr 2019 13:01:45: INFO: epoch: 84, train loss: 0.6981, train acc: 0.41, dev loss: 0.6884, dev acc: 0.60, time: 8.93
Sun, 07 Apr 2019 13:01:45: INFO: 
Evaluation - loss: 42.811359 Precision:0.4522 Recall:0.5000 Fscore:0.4747 acc: 57.0000%(2532/44) 

Sun, 07 Apr 2019 13:01:54: INFO: epoch: 85, train loss: 0.6981, train acc: 0.41, dev loss: 0.6884, dev acc: 0.60, time: 8.97
Sun, 07 Apr 2019 13:01:55: INFO: 
Evaluation - loss: 42.811360 Precision:0.4523 Recall:0.5000 Fscore:0.4749 acc: 57.0000%(2532/44) 

Sun, 07 Apr 2019 13:02:04: INFO: epoch: 86, train loss: 0.6981, train acc: 0.41, dev loss: 0.6877, dev acc: 0.62, time: 8.97
Sun, 07 Apr 2019 13:02:05: INFO: 
Evaluation - loss: 42.811359 Precision:0.4521 Recall:0.5000 Fscore:0.4747 acc: 57.0000%(2532/44) 

Sun, 07 Apr 2019 13:02:14: INFO: epoch: 87, train loss: 0.6981, train acc: 0.41, dev loss: 0.6880, dev acc: 0.61, time: 8.95
Sun, 07 Apr 2019 13:02:14: INFO: 
Evaluation - loss: 42.811360 Precision:0.4520 Recall:0.5000 Fscore:0.4745 acc: 57.0000%(2532/44) 

Sun, 07 Apr 2019 13:02:23: INFO: epoch: 88, train loss: 0.6981, train acc: 0.41, dev loss: 0.6881, dev acc: 0.61, time: 8.93
Sun, 07 Apr 2019 13:02:24: INFO: 
Evaluation - loss: 42.811360 Precision:0.4523 Recall:0.5000 Fscore:0.4747 acc: 57.0000%(2532/44) 

Sun, 07 Apr 2019 13:02:33: INFO: epoch: 89, train loss: 0.6982, train acc: 0.41, dev loss: 0.6877, dev acc: 0.62, time: 8.96
Sun, 07 Apr 2019 13:02:34: INFO: 
Evaluation - loss: 42.811360 Precision:0.4525 Recall:0.5000 Fscore:0.4748 acc: 57.0000%(2532/44) 

Sun, 07 Apr 2019 13:02:43: INFO: epoch: 90, train loss: 0.6981, train acc: 0.41, dev loss: 0.6881, dev acc: 0.61, time: 8.93
Sun, 07 Apr 2019 13:02:43: INFO: 
Evaluation - loss: 42.811360 Precision:0.4522 Recall:0.5000 Fscore:0.4747 acc: 57.0000%(2532/44) 

Sun, 07 Apr 2019 13:02:52: INFO: epoch: 91, train loss: 0.6981, train acc: 0.41, dev loss: 0.6884, dev acc: 0.60, time: 8.94
Sun, 07 Apr 2019 13:02:53: INFO: 
Evaluation - loss: 42.811360 Precision:0.4522 Recall:0.5000 Fscore:0.4747 acc: 57.0000%(2532/44) 

Sun, 07 Apr 2019 13:03:02: INFO: epoch: 92, train loss: 0.6981, train acc: 0.41, dev loss: 0.6881, dev acc: 0.61, time: 8.94
Sun, 07 Apr 2019 13:03:03: INFO: 
Evaluation - loss: 42.811360 Precision:0.4523 Recall:0.5000 Fscore:0.4747 acc: 57.0000%(2532/44) 

Sun, 07 Apr 2019 13:03:11: INFO: epoch: 93, train loss: 0.6981, train acc: 0.41, dev loss: 0.6877, dev acc: 0.62, time: 8.95
Sun, 07 Apr 2019 13:03:12: INFO: 
Evaluation - loss: 42.811361 Precision:0.4523 Recall:0.5000 Fscore:0.4748 acc: 57.0000%(2532/44) 

Sun, 07 Apr 2019 13:03:21: INFO: epoch: 94, train loss: 0.6981, train acc: 0.41, dev loss: 0.6881, dev acc: 0.61, time: 8.96
Sun, 07 Apr 2019 13:03:22: INFO: 
Evaluation - loss: 42.811361 Precision:0.4524 Recall:0.5000 Fscore:0.4748 acc: 57.0000%(2532/44) 

Sun, 07 Apr 2019 13:03:31: INFO: epoch: 95, train loss: 0.6981, train acc: 0.41, dev loss: 0.6880, dev acc: 0.61, time: 8.97
Sun, 07 Apr 2019 13:03:32: INFO: 
Evaluation - loss: 42.811360 Precision:0.4523 Recall:0.5000 Fscore:0.4748 acc: 57.0000%(2532/44) 

Sun, 07 Apr 2019 13:03:41: INFO: epoch: 96, train loss: 0.6981, train acc: 0.41, dev loss: 0.6880, dev acc: 0.61, time: 9.01
Sun, 07 Apr 2019 13:03:41: INFO: 
Evaluation - loss: 42.811360 Precision:0.4524 Recall:0.5000 Fscore:0.4748 acc: 57.0000%(2532/44) 

Sun, 07 Apr 2019 13:03:50: INFO: epoch: 97, train loss: 0.6981, train acc: 0.41, dev loss: 0.6877, dev acc: 0.62, time: 8.97
Sun, 07 Apr 2019 13:03:51: INFO: 
Evaluation - loss: 42.811360 Precision:0.4521 Recall:0.5000 Fscore:0.4747 acc: 57.0000%(2532/44) 

Sun, 07 Apr 2019 13:04:00: INFO: epoch: 98, train loss: 0.6981, train acc: 0.41, dev loss: 0.6884, dev acc: 0.60, time: 9.00
Sun, 07 Apr 2019 13:04:01: INFO: 
Evaluation - loss: 42.811360 Precision:0.4521 Recall:0.5000 Fscore:0.4747 acc: 57.0000%(2532/44) 

Sun, 07 Apr 2019 13:04:10: INFO: epoch: 99, train loss: 0.6981, train acc: 0.41, dev loss: 0.6880, dev acc: 0.61, time: 8.94
Sun, 07 Apr 2019 13:04:10: INFO: 
Evaluation - loss: 42.811361 Precision:0.4521 Recall:0.5000 Fscore:0.4747 acc: 57.0000%(2532/44) 

Sun, 07 Apr 2019 13:04:19: INFO: epoch: 100, train loss: 0.6981, train acc: 0.41, dev loss: 0.6880, dev acc: 0.61, time: 8.92
Sun, 07 Apr 2019 13:04:20: INFO: 
Evaluation - loss: 42.811360 Precision:0.4523 Recall:0.5000 Fscore:0.4748 acc: 57.0000%(2532/44) 

