Sun, 07 Apr 2019 18:26:07: INFO: running main.py --model CNN_BiLSTM -Opt sgd --run_log umtqe_cnnbilstm
Sun, 07 Apr 2019 18:26:07: INFO: 	BATCH_SIZE=64
Sun, 07 Apr 2019 18:26:07: INFO: 	BIDIRECTIONAL=True
Sun, 07 Apr 2019 18:26:07: INFO: 	DEV_FILE=./data/cwmt_dev_comb.txt
Sun, 07 Apr 2019 18:26:07: INFO: 	DROPOUT=0.3
Sun, 07 Apr 2019 18:26:07: INFO: 	EMBED_DIM=300
Sun, 07 Apr 2019 18:26:07: INFO: 	GRAD_CLIP=0.1
Sun, 07 Apr 2019 18:26:07: INFO: 	HIDDEN_DIM=100
Sun, 07 Apr 2019 18:26:07: INFO: 	IN_CHANNELS=1
Sun, 07 Apr 2019 18:26:07: INFO: 	KERNEL_NUMS=300
Sun, 07 Apr 2019 18:26:07: INFO: 	KERNEL_SIZES=[3, 4, 5]
Sun, 07 Apr 2019 18:26:07: INFO: 	LEARNING_RATE=0.8
Sun, 07 Apr 2019 18:26:07: INFO: 	MAX_SEQ_LEN=50
Sun, 07 Apr 2019 18:26:07: INFO: 	MODEL=CNN_BiLSTM
Sun, 07 Apr 2019 18:26:07: INFO: 	NUM_CLASS=2
Sun, 07 Apr 2019 18:26:07: INFO: 	NUM_EPOCHS=100
Sun, 07 Apr 2019 18:26:07: INFO: 	NUM_LAYERS=3
Sun, 07 Apr 2019 18:26:07: INFO: 	OPTIMIZER=sgd
Sun, 07 Apr 2019 18:26:07: INFO: 	PREDICTION_FILE=./predictions/cwmt_test.csv
Sun, 07 Apr 2019 18:26:07: INFO: 	PRETRAINED_EMBEDDINGS=./word2vec/wiki.en_zh.vec
Sun, 07 Apr 2019 18:26:07: INFO: 	PRETRAINED_WEIGHTS=tensor([[ 0.0046,  0.0888,  0.0158,  ..., -0.0273, -0.1007, -0.0268],
        [ 0.0009,  0.0393, -0.0732,  ..., -0.0236, -0.0060, -0.0058],
        [-0.0301, -0.0010,  0.0699,  ..., -0.0608, -0.0825, -0.0159],
        ...,
        [ 0.0000,  0.0000,  0.0000,  ...,  0.0000,  0.0000,  0.0000],
        [-0.0209, -0.0298,  0.0910,  ..., -0.0308, -0.0596, -0.0062],
        [-0.0118, -0.0107,  0.0296,  ..., -0.1292, -0.0109, -0.0013]])
Sun, 07 Apr 2019 18:26:07: INFO: 	RUN_LOG=umtqe_cnnbilstm
Sun, 07 Apr 2019 18:26:07: INFO: 	SAVED_MODEL=./saved_model/cwmt.en_zh.pt
Sun, 07 Apr 2019 18:26:07: INFO: 	SEED_NUM=123
Sun, 07 Apr 2019 18:26:07: INFO: 	STATIC=False
Sun, 07 Apr 2019 18:26:07: INFO: 	TEST=False
Sun, 07 Apr 2019 18:26:07: INFO: 	TEST_FILE=./data/htqe_test_comb.txt
Sun, 07 Apr 2019 18:26:07: INFO: 	TRAIN_FILE=./data/cwmt_train_comb.txt
Sun, 07 Apr 2019 18:26:07: INFO: 	USE_GPU=True
Sun, 07 Apr 2019 18:26:07: INFO: 	VOCAB_SIZE=44995
Sun, 07 Apr 2019 18:26:07: INFO: 	WEIGHT_DECAY=0.001
