Sun, 07 Apr 2019 22:28:00: INFO: running main.py --model=CNN --batch_size=64 --vocab_size=40000 --embed_dim=300 --in_channels=1 --kernel_sizes=345 --kernel_nums=200 --hidden_dim=100 --num_layers=2 --bidirectional=True --max_seq_len=50 --learning_rate=0.8 --num_epochs=100 --dropout=0.3 --num_class=2 --train_file=./data/cwmt_train_comb.txt --dev_file=./data/cwmt_dev_comb.txt --dev_file=./data/htqe_test_comb.txt --pretrained_embeddings=./word2vec/wiki.en_zh.vec --prediction_file=./predictions/cwmt.en_zh.preds --saved_model=./saved_models/cwmt.en_zh.pt --test=False --weight_decay=1e-3 --grad_clip=3e-1 --seed_num=123 --run_log=umtqe_cnn
Sun, 07 Apr 2019 22:28:00: INFO: 	BATCH_SIZE=64
Sun, 07 Apr 2019 22:28:00: INFO: 	BIDIRECTIONAL=True
Sun, 07 Apr 2019 22:28:00: INFO: 	DEV_FILE=./data/htqe_test_comb.txt
Sun, 07 Apr 2019 22:28:00: INFO: 	DROPOUT=0.3
Sun, 07 Apr 2019 22:28:00: INFO: 	EMBED_DIM=300
Sun, 07 Apr 2019 22:28:00: INFO: 	GRAD_CLIP=0.3
Sun, 07 Apr 2019 22:28:00: INFO: 	HIDDEN_DIM=100
Sun, 07 Apr 2019 22:28:00: INFO: 	IN_CHANNELS=1
Sun, 07 Apr 2019 22:28:00: INFO: 	KERNEL_NUMS=200
Sun, 07 Apr 2019 22:28:00: INFO: 	KERNEL_SIZES=['3', '4', '5']
Sun, 07 Apr 2019 22:28:00: INFO: 	LEARNING_RATE=0.8
Sun, 07 Apr 2019 22:28:00: INFO: 	MAX_SEQ_LEN=50
Sun, 07 Apr 2019 22:28:00: INFO: 	MODEL=CNN
Sun, 07 Apr 2019 22:28:00: INFO: 	NUM_CLASS=2
Sun, 07 Apr 2019 22:28:00: INFO: 	NUM_EPOCHS=100
Sun, 07 Apr 2019 22:28:00: INFO: 	NUM_LAYERS=2
Sun, 07 Apr 2019 22:28:00: INFO: 	OPTIMIZER=adam
Sun, 07 Apr 2019 22:28:00: INFO: 	PREDICTION_FILE=./predictions/cwmt.en_zh.preds
Sun, 07 Apr 2019 22:28:00: INFO: 	PRETRAINED_EMBEDDINGS=./word2vec/wiki.en_zh.vec
Sun, 07 Apr 2019 22:28:00: INFO: 	PRETRAINED_WEIGHTS=tensor([[ 0.0046,  0.0888,  0.0158,  ..., -0.0273, -0.1007, -0.0268],
        [ 0.0000,  0.0000,  0.0000,  ...,  0.0000,  0.0000,  0.0000],
        [-0.1070,  0.0550, -0.0207,  ...,  0.0013, -0.0638,  0.0691],
        ...,
        [-0.0206, -0.0155,  0.0193,  ..., -0.0193, -0.0283,  0.0239],
        [-0.0462,  0.1147, -0.0295,  ..., -0.0835, -0.1217,  0.0099],
        [-0.0060,  0.0018,  0.0191,  ...,  0.0269, -0.0601, -0.0690]])
Sun, 07 Apr 2019 22:28:00: INFO: 	RUN_LOG=umtqe_cnn
Sun, 07 Apr 2019 22:28:00: INFO: 	SAVED_MODEL=./saved_models/cwmt.en_zh.pt
Sun, 07 Apr 2019 22:28:00: INFO: 	SEED_NUM=123
Sun, 07 Apr 2019 22:28:00: INFO: 	STATIC=False
Sun, 07 Apr 2019 22:28:00: INFO: 	TEST=True
Sun, 07 Apr 2019 22:28:00: INFO: 	TEST_FILE=./data/htqe_test_comb.txt
Sun, 07 Apr 2019 22:28:00: INFO: 	TRAIN_FILE=./data/cwmt_train_comb.txt
Sun, 07 Apr 2019 22:28:00: INFO: 	USE_GPU=True
Sun, 07 Apr 2019 22:28:00: INFO: 	VOCAB_SIZE=44995
Sun, 07 Apr 2019 22:28:00: INFO: 	WEIGHT_DECAY=0.001
