Sun, 07 Apr 2019 21:30:43: INFO: running main.py --model CNN -Opt sgd --run_log umtqe_cnn
Sun, 07 Apr 2019 21:30:43: INFO: 	BATCH_SIZE=64
Sun, 07 Apr 2019 21:30:43: INFO: 	BIDIRECTIONAL=True
Sun, 07 Apr 2019 21:30:43: INFO: 	DEV_FILE=./data/cwmt_dev_comb.txt
Sun, 07 Apr 2019 21:30:43: INFO: 	DROPOUT=0.3
Sun, 07 Apr 2019 21:30:43: INFO: 	EMBED_DIM=300
Sun, 07 Apr 2019 21:30:43: INFO: 	GRAD_CLIP=0.3
Sun, 07 Apr 2019 21:30:43: INFO: 	HIDDEN_DIM=200
Sun, 07 Apr 2019 21:30:43: INFO: 	IN_CHANNELS=1
Sun, 07 Apr 2019 21:30:43: INFO: 	KERNEL_NUMS=200
Sun, 07 Apr 2019 21:30:43: INFO: 	KERNEL_SIZES=[3, 4, 5]
Sun, 07 Apr 2019 21:30:43: INFO: 	LEARNING_RATE=0.8
Sun, 07 Apr 2019 21:30:43: INFO: 	MAX_SEQ_LEN=50
Sun, 07 Apr 2019 21:30:43: INFO: 	MODEL=CNN
Sun, 07 Apr 2019 21:30:43: INFO: 	NUM_CLASS=2
Sun, 07 Apr 2019 21:30:43: INFO: 	NUM_EPOCHS=100
Sun, 07 Apr 2019 21:30:43: INFO: 	NUM_LAYERS=2
Sun, 07 Apr 2019 21:30:43: INFO: 	OPTIMIZER=sgd
Sun, 07 Apr 2019 21:30:43: INFO: 	PREDICTION_FILE=./predictions/cwmt_test.csv
Sun, 07 Apr 2019 21:30:43: INFO: 	PRETRAINED_EMBEDDINGS=./word2vec/wiki.en_zh.vec
Sun, 07 Apr 2019 21:30:43: INFO: 	PRETRAINED_WEIGHTS=tensor([[ 0.0046,  0.0888,  0.0158,  ..., -0.0273, -0.1007, -0.0268],
        [-0.0034,  0.0512,  0.0681,  ...,  0.0031, -0.0867,  0.0355],
        [ 0.0000,  0.0000,  0.0000,  ...,  0.0000,  0.0000,  0.0000],
        ...,
        [ 0.0413,  0.0623,  0.0664,  ...,  0.0424,  0.0442,  0.0025],
        [ 0.0194,  0.0034, -0.0614,  ...,  0.0560,  0.0360,  0.0220],
        [ 0.0972, -0.0537,  0.0923,  ..., -0.0555, -0.0949, -0.0398]])
Sun, 07 Apr 2019 21:30:43: INFO: 	RUN_LOG=umtqe_cnn
Sun, 07 Apr 2019 21:30:43: INFO: 	SAVED_MODEL=./saved_model/cwmt.en_zh.pt
Sun, 07 Apr 2019 21:30:43: INFO: 	SEED_NUM=123
Sun, 07 Apr 2019 21:30:43: INFO: 	STATIC=False
Sun, 07 Apr 2019 21:30:43: INFO: 	TEST=False
Sun, 07 Apr 2019 21:30:43: INFO: 	TEST_FILE=./data/htqe_test_comb.txt
Sun, 07 Apr 2019 21:30:43: INFO: 	TRAIN_FILE=./data/cwmt_train_comb.txt
Sun, 07 Apr 2019 21:30:43: INFO: 	USE_GPU=True
Sun, 07 Apr 2019 21:30:43: INFO: 	VOCAB_SIZE=44995
Sun, 07 Apr 2019 21:30:43: INFO: 	WEIGHT_DECAY=0.001
Sun, 07 Apr 2019 21:31:03: INFO: epoch: 1, train loss: 0.7020, train acc: 0.41, dev loss: 0.6850, dev acc: 0.61, time: 17.86
Sun, 07 Apr 2019 21:31:03: INFO: 
Evaluation - loss: 41.923771 Precision:0.4524 Recall:0.5000 Fscore:0.4748 acc: 57.0000%(2532/44) 

Sun, 07 Apr 2019 21:31:05: INFO: epoch: 2, train loss: 0.7021, train acc: 0.41, dev loss: 0.6851, dev acc: 0.61, time: 1.52
Sun, 07 Apr 2019 21:31:05: INFO: 
Evaluation - loss: 41.923771 Precision:0.4523 Recall:0.5000 Fscore:0.4748 acc: 57.0000%(2532/44) 

Sun, 07 Apr 2019 21:31:07: INFO: epoch: 3, train loss: 0.7021, train acc: 0.41, dev loss: 0.6860, dev acc: 0.60, time: 1.51
Sun, 07 Apr 2019 21:31:07: INFO: 
Evaluation - loss: 41.923771 Precision:0.4524 Recall:0.5000 Fscore:0.4748 acc: 57.0000%(2532/44) 

Sun, 07 Apr 2019 21:31:09: INFO: epoch: 4, train loss: 0.7020, train acc: 0.41, dev loss: 0.6854, dev acc: 0.60, time: 1.50
Sun, 07 Apr 2019 21:31:09: INFO: 
Evaluation - loss: 41.923772 Precision:0.4523 Recall:0.5000 Fscore:0.4748 acc: 57.0000%(2532/44) 

Sun, 07 Apr 2019 21:31:11: INFO: epoch: 5, train loss: 0.7019, train acc: 0.41, dev loss: 0.6854, dev acc: 0.60, time: 1.50
Sun, 07 Apr 2019 21:31:11: INFO: 
Evaluation - loss: 41.923771 Precision:0.4525 Recall:0.5000 Fscore:0.4748 acc: 57.0000%(2532/44) 

Sun, 07 Apr 2019 21:31:13: INFO: epoch: 6, train loss: 0.7020, train acc: 0.41, dev loss: 0.6850, dev acc: 0.61, time: 1.52
Sun, 07 Apr 2019 21:31:13: INFO: 
Evaluation - loss: 41.923772 Precision:0.4523 Recall:0.5000 Fscore:0.4747 acc: 57.0000%(2532/44) 

Sun, 07 Apr 2019 21:31:15: INFO: epoch: 7, train loss: 0.7020, train acc: 0.41, dev loss: 0.6849, dev acc: 0.61, time: 1.52
Sun, 07 Apr 2019 21:31:15: INFO: 
Evaluation - loss: 41.923771 Precision:0.4523 Recall:0.5000 Fscore:0.4748 acc: 57.0000%(2532/44) 

Sun, 07 Apr 2019 21:31:17: INFO: epoch: 8, train loss: 0.7021, train acc: 0.41, dev loss: 0.6848, dev acc: 0.61, time: 1.52
Sun, 07 Apr 2019 21:31:17: INFO: 
Evaluation - loss: 41.923772 Precision:0.4636 Recall:0.5114 Fscore:0.4862 acc: 57.0000%(2532/44) 

Sun, 07 Apr 2019 21:31:19: INFO: epoch: 9, train loss: 0.7019, train acc: 0.41, dev loss: 0.6846, dev acc: 0.62, time: 1.58
Sun, 07 Apr 2019 21:31:19: INFO: 
Evaluation - loss: 41.923772 Precision:0.4523 Recall:0.5000 Fscore:0.4748 acc: 57.0000%(2532/44) 

Sun, 07 Apr 2019 21:31:21: INFO: epoch: 10, train loss: 0.7019, train acc: 0.41, dev loss: 0.6853, dev acc: 0.60, time: 1.52
Sun, 07 Apr 2019 21:31:21: INFO: 
Evaluation - loss: 41.923772 Precision:0.4523 Recall:0.5000 Fscore:0.4748 acc: 57.0000%(2532/44) 

Sun, 07 Apr 2019 21:31:23: INFO: epoch: 11, train loss: 0.7020, train acc: 0.41, dev loss: 0.6850, dev acc: 0.61, time: 1.52
Sun, 07 Apr 2019 21:31:23: INFO: 
Evaluation - loss: 41.923771 Precision:0.4523 Recall:0.5000 Fscore:0.4748 acc: 57.0000%(2532/44) 

Sun, 07 Apr 2019 21:31:24: INFO: epoch: 12, train loss: 0.7020, train acc: 0.41, dev loss: 0.6847, dev acc: 0.61, time: 1.52
Sun, 07 Apr 2019 21:31:25: INFO: 
Evaluation - loss: 41.923771 Precision:0.4522 Recall:0.5000 Fscore:0.4747 acc: 57.0000%(2532/44) 

Sun, 07 Apr 2019 21:31:27: INFO: epoch: 13, train loss: 0.7020, train acc: 0.41, dev loss: 0.6842, dev acc: 0.62, time: 1.60
Sun, 07 Apr 2019 21:31:27: INFO: 
Evaluation - loss: 41.923770 Precision:0.4521 Recall:0.5000 Fscore:0.4746 acc: 57.0000%(2532/44) 

Sun, 07 Apr 2019 21:31:29: INFO: epoch: 14, train loss: 0.7020, train acc: 0.41, dev loss: 0.6857, dev acc: 0.60, time: 1.60
Sun, 07 Apr 2019 21:31:29: INFO: 
Evaluation - loss: 41.923771 Precision:0.4524 Recall:0.5000 Fscore:0.4748 acc: 57.0000%(2532/44) 

Sun, 07 Apr 2019 21:31:31: INFO: epoch: 15, train loss: 0.7020, train acc: 0.41, dev loss: 0.6846, dev acc: 0.62, time: 1.56
Sun, 07 Apr 2019 21:31:31: INFO: 
Evaluation - loss: 41.923771 Precision:0.4523 Recall:0.5000 Fscore:0.4748 acc: 57.0000%(2532/44) 

Sun, 07 Apr 2019 21:31:33: INFO: epoch: 16, train loss: 0.7020, train acc: 0.41, dev loss: 0.6851, dev acc: 0.61, time: 1.55
Sun, 07 Apr 2019 21:31:33: INFO: 
Evaluation - loss: 41.923771 Precision:0.4523 Recall:0.5000 Fscore:0.4748 acc: 57.0000%(2532/44) 

Sun, 07 Apr 2019 21:31:35: INFO: epoch: 17, train loss: 0.7019, train acc: 0.41, dev loss: 0.6850, dev acc: 0.61, time: 1.52
Sun, 07 Apr 2019 21:31:35: INFO: 
Evaluation - loss: 41.923771 Precision:0.4522 Recall:0.5000 Fscore:0.4747 acc: 57.0000%(2532/44) 

Sun, 07 Apr 2019 21:31:36: INFO: epoch: 18, train loss: 0.7020, train acc: 0.41, dev loss: 0.6846, dev acc: 0.61, time: 1.52
Sun, 07 Apr 2019 21:31:37: INFO: 
Evaluation - loss: 41.923771 Precision:0.4523 Recall:0.5000 Fscore:0.4748 acc: 57.0000%(2532/44) 

Sun, 07 Apr 2019 21:31:38: INFO: epoch: 19, train loss: 0.7020, train acc: 0.41, dev loss: 0.6851, dev acc: 0.61, time: 1.52
Sun, 07 Apr 2019 21:31:39: INFO: 
Evaluation - loss: 41.923771 Precision:0.4523 Recall:0.5000 Fscore:0.4748 acc: 57.0000%(2532/44) 

Sun, 07 Apr 2019 21:31:40: INFO: epoch: 20, train loss: 0.7020, train acc: 0.41, dev loss: 0.6849, dev acc: 0.61, time: 1.52
Sun, 07 Apr 2019 21:31:41: INFO: 
Evaluation - loss: 41.923770 Precision:0.4523 Recall:0.5000 Fscore:0.4747 acc: 57.0000%(2532/44) 

Sun, 07 Apr 2019 21:31:42: INFO: epoch: 21, train loss: 0.7019, train acc: 0.41, dev loss: 0.6857, dev acc: 0.60, time: 1.52
Sun, 07 Apr 2019 21:31:43: INFO: 
Evaluation - loss: 41.923770 Precision:0.4520 Recall:0.5000 Fscore:0.4746 acc: 57.0000%(2532/44) 

Sun, 07 Apr 2019 21:31:44: INFO: epoch: 22, train loss: 0.7019, train acc: 0.41, dev loss: 0.6854, dev acc: 0.60, time: 1.52
Sun, 07 Apr 2019 21:31:45: INFO: 
Evaluation - loss: 41.923772 Precision:0.4523 Recall:0.5000 Fscore:0.4747 acc: 57.0000%(2532/44) 

Sun, 07 Apr 2019 21:31:46: INFO: epoch: 23, train loss: 0.7020, train acc: 0.41, dev loss: 0.6844, dev acc: 0.62, time: 1.52
Sun, 07 Apr 2019 21:31:47: INFO: 
Evaluation - loss: 41.923773 Precision:0.4523 Recall:0.5000 Fscore:0.4748 acc: 57.0000%(2532/44) 

Sun, 07 Apr 2019 21:31:48: INFO: epoch: 24, train loss: 0.7020, train acc: 0.41, dev loss: 0.6854, dev acc: 0.60, time: 1.52
Sun, 07 Apr 2019 21:31:49: INFO: 
Evaluation - loss: 41.923771 Precision:0.4525 Recall:0.5000 Fscore:0.4748 acc: 57.0000%(2532/44) 

Sun, 07 Apr 2019 21:31:50: INFO: epoch: 25, train loss: 0.7020, train acc: 0.41, dev loss: 0.6848, dev acc: 0.61, time: 1.52
Sun, 07 Apr 2019 21:31:51: INFO: 
Evaluation - loss: 41.923772 Precision:0.4524 Recall:0.5000 Fscore:0.4748 acc: 57.0000%(2532/44) 

Sun, 07 Apr 2019 21:31:52: INFO: epoch: 26, train loss: 0.7021, train acc: 0.41, dev loss: 0.6853, dev acc: 0.60, time: 1.55
Sun, 07 Apr 2019 21:31:53: INFO: 
Evaluation - loss: 41.923771 Precision:0.4524 Recall:0.5000 Fscore:0.4748 acc: 57.0000%(2532/44) 

Sun, 07 Apr 2019 21:31:54: INFO: epoch: 27, train loss: 0.7020, train acc: 0.41, dev loss: 0.6845, dev acc: 0.62, time: 1.52
Sun, 07 Apr 2019 21:31:55: INFO: 
Evaluation - loss: 41.923771 Precision:0.4524 Recall:0.5000 Fscore:0.4749 acc: 57.0000%(2532/44) 

Sun, 07 Apr 2019 21:31:56: INFO: epoch: 28, train loss: 0.7020, train acc: 0.41, dev loss: 0.6852, dev acc: 0.61, time: 1.52
Sun, 07 Apr 2019 21:31:57: INFO: 
Evaluation - loss: 41.923771 Precision:0.4522 Recall:0.5000 Fscore:0.4748 acc: 57.0000%(2532/44) 

Sun, 07 Apr 2019 21:31:58: INFO: epoch: 29, train loss: 0.7019, train acc: 0.41, dev loss: 0.6851, dev acc: 0.61, time: 1.59
Sun, 07 Apr 2019 21:31:59: INFO: 
Evaluation - loss: 41.923771 Precision:0.4525 Recall:0.5000 Fscore:0.4749 acc: 57.0000%(2532/44) 

Sun, 07 Apr 2019 21:32:00: INFO: epoch: 30, train loss: 0.7021, train acc: 0.41, dev loss: 0.6847, dev acc: 0.61, time: 1.52
Sun, 07 Apr 2019 21:32:01: INFO: 
Evaluation - loss: 41.923771 Precision:0.4521 Recall:0.5000 Fscore:0.4746 acc: 57.0000%(2532/44) 

Sun, 07 Apr 2019 21:32:02: INFO: epoch: 31, train loss: 0.7021, train acc: 0.41, dev loss: 0.6853, dev acc: 0.60, time: 1.53
Sun, 07 Apr 2019 21:32:02: INFO: 
Evaluation - loss: 41.923771 Precision:0.4525 Recall:0.5000 Fscore:0.4748 acc: 57.0000%(2532/44) 

Sun, 07 Apr 2019 21:32:04: INFO: epoch: 32, train loss: 0.7018, train acc: 0.41, dev loss: 0.6849, dev acc: 0.61, time: 1.54
Sun, 07 Apr 2019 21:32:04: INFO: 
Evaluation - loss: 41.923771 Precision:0.4524 Recall:0.5000 Fscore:0.4747 acc: 57.0000%(2532/44) 

Sun, 07 Apr 2019 21:32:06: INFO: epoch: 33, train loss: 0.7020, train acc: 0.41, dev loss: 0.6842, dev acc: 0.62, time: 1.53
Sun, 07 Apr 2019 21:32:06: INFO: 
Evaluation - loss: 41.923771 Precision:0.4523 Recall:0.5000 Fscore:0.4747 acc: 57.0000%(2532/44) 

Sun, 07 Apr 2019 21:32:08: INFO: epoch: 34, train loss: 0.7021, train acc: 0.41, dev loss: 0.6850, dev acc: 0.61, time: 1.54
Sun, 07 Apr 2019 21:32:08: INFO: 
Evaluation - loss: 41.923771 Precision:0.4523 Recall:0.5000 Fscore:0.4748 acc: 57.0000%(2532/44) 

Sun, 07 Apr 2019 21:32:10: INFO: epoch: 35, train loss: 0.7019, train acc: 0.41, dev loss: 0.6845, dev acc: 0.62, time: 1.54
Sun, 07 Apr 2019 21:32:10: INFO: 
Evaluation - loss: 41.923772 Precision:0.4635 Recall:0.5114 Fscore:0.4860 acc: 57.0000%(2532/44) 

Sun, 07 Apr 2019 21:32:12: INFO: epoch: 36, train loss: 0.7020, train acc: 0.41, dev loss: 0.6849, dev acc: 0.61, time: 1.52
Sun, 07 Apr 2019 21:32:12: INFO: 
Evaluation - loss: 41.923772 Precision:0.4524 Recall:0.5000 Fscore:0.4747 acc: 57.0000%(2532/44) 

Sun, 07 Apr 2019 21:32:14: INFO: epoch: 37, train loss: 0.7020, train acc: 0.41, dev loss: 0.6849, dev acc: 0.61, time: 1.63
Sun, 07 Apr 2019 21:32:14: INFO: 
Evaluation - loss: 41.923772 Precision:0.4525 Recall:0.5000 Fscore:0.4748 acc: 57.0000%(2532/44) 

Sun, 07 Apr 2019 21:32:16: INFO: epoch: 38, train loss: 0.7020, train acc: 0.41, dev loss: 0.6846, dev acc: 0.61, time: 1.63
Sun, 07 Apr 2019 21:32:17: INFO: 
Evaluation - loss: 41.923770 Precision:0.4524 Recall:0.5000 Fscore:0.4748 acc: 57.0000%(2532/44) 

Sun, 07 Apr 2019 21:32:18: INFO: epoch: 39, train loss: 0.7019, train acc: 0.41, dev loss: 0.6854, dev acc: 0.60, time: 1.63
Sun, 07 Apr 2019 21:32:19: INFO: 
Evaluation - loss: 41.923770 Precision:0.4525 Recall:0.5000 Fscore:0.4748 acc: 57.0000%(2532/44) 

Sun, 07 Apr 2019 21:32:20: INFO: epoch: 40, train loss: 0.7021, train acc: 0.41, dev loss: 0.6846, dev acc: 0.62, time: 1.62
Sun, 07 Apr 2019 21:32:21: INFO: 
Evaluation - loss: 41.923772 Precision:0.4520 Recall:0.5000 Fscore:0.4746 acc: 57.0000%(2532/44) 

Sun, 07 Apr 2019 21:32:22: INFO: epoch: 41, train loss: 0.7021, train acc: 0.41, dev loss: 0.6861, dev acc: 0.60, time: 1.54
Sun, 07 Apr 2019 21:32:23: INFO: 
Evaluation - loss: 41.923771 Precision:0.4525 Recall:0.5000 Fscore:0.4749 acc: 57.0000%(2532/44) 

Sun, 07 Apr 2019 21:32:24: INFO: epoch: 42, train loss: 0.7021, train acc: 0.41, dev loss: 0.6842, dev acc: 0.62, time: 1.53
Sun, 07 Apr 2019 21:32:25: INFO: 
Evaluation - loss: 41.923771 Precision:0.4522 Recall:0.5000 Fscore:0.4747 acc: 57.0000%(2532/44) 

Sun, 07 Apr 2019 21:32:26: INFO: epoch: 43, train loss: 0.7023, train acc: 0.41, dev loss: 0.6852, dev acc: 0.61, time: 1.54
Sun, 07 Apr 2019 21:32:27: INFO: 
Evaluation - loss: 41.923771 Precision:0.4523 Recall:0.5000 Fscore:0.4748 acc: 57.0000%(2532/44) 

Sun, 07 Apr 2019 21:32:28: INFO: epoch: 44, train loss: 0.7020, train acc: 0.41, dev loss: 0.6855, dev acc: 0.60, time: 1.54
Sun, 07 Apr 2019 21:32:29: INFO: 
Evaluation - loss: 41.923771 Precision:0.4523 Recall:0.5000 Fscore:0.4748 acc: 57.0000%(2532/44) 

Sun, 07 Apr 2019 21:32:30: INFO: epoch: 45, train loss: 0.7021, train acc: 0.41, dev loss: 0.6842, dev acc: 0.62, time: 1.57
Sun, 07 Apr 2019 21:32:31: INFO: 
Evaluation - loss: 41.923772 Precision:0.4523 Recall:0.5000 Fscore:0.4747 acc: 57.0000%(2532/44) 

Sun, 07 Apr 2019 21:32:32: INFO: epoch: 46, train loss: 0.7020, train acc: 0.41, dev loss: 0.6849, dev acc: 0.61, time: 1.59
Sun, 07 Apr 2019 21:32:33: INFO: 
Evaluation - loss: 41.923771 Precision:0.4523 Recall:0.5000 Fscore:0.4748 acc: 57.0000%(2532/44) 

Sun, 07 Apr 2019 21:32:34: INFO: epoch: 47, train loss: 0.7020, train acc: 0.41, dev loss: 0.6855, dev acc: 0.60, time: 1.53
Sun, 07 Apr 2019 21:32:35: INFO: 
Evaluation - loss: 41.923772 Precision:0.4523 Recall:0.5000 Fscore:0.4747 acc: 57.0000%(2532/44) 

Sun, 07 Apr 2019 21:32:36: INFO: epoch: 48, train loss: 0.7020, train acc: 0.41, dev loss: 0.6846, dev acc: 0.61, time: 1.53
Sun, 07 Apr 2019 21:32:37: INFO: 
Evaluation - loss: 41.923771 Precision:0.4523 Recall:0.5000 Fscore:0.4748 acc: 57.0000%(2532/44) 

Sun, 07 Apr 2019 21:32:38: INFO: epoch: 49, train loss: 0.7021, train acc: 0.41, dev loss: 0.6848, dev acc: 0.62, time: 1.54
Sun, 07 Apr 2019 21:32:39: INFO: 
Evaluation - loss: 41.923770 Precision:0.4634 Recall:0.5114 Fscore:0.4860 acc: 57.0000%(2532/44) 

Sun, 07 Apr 2019 21:32:40: INFO: epoch: 50, train loss: 0.7021, train acc: 0.41, dev loss: 0.6842, dev acc: 0.62, time: 1.54
Sun, 07 Apr 2019 21:32:41: INFO: 
Evaluation - loss: 41.923771 Precision:0.4522 Recall:0.5000 Fscore:0.4746 acc: 57.0000%(2532/44) 

Sun, 07 Apr 2019 21:32:42: INFO: epoch: 51, train loss: 0.7020, train acc: 0.41, dev loss: 0.6855, dev acc: 0.60, time: 1.54
Sun, 07 Apr 2019 21:32:43: INFO: 
Evaluation - loss: 41.923771 Precision:0.4524 Recall:0.5000 Fscore:0.4748 acc: 57.0000%(2532/44) 

Sun, 07 Apr 2019 21:32:44: INFO: epoch: 52, train loss: 0.7021, train acc: 0.41, dev loss: 0.6854, dev acc: 0.60, time: 1.59
Sun, 07 Apr 2019 21:32:45: INFO: 
Evaluation - loss: 41.923772 Precision:0.4523 Recall:0.5000 Fscore:0.4748 acc: 57.0000%(2532/44) 

Sun, 07 Apr 2019 21:32:46: INFO: epoch: 53, train loss: 0.7019, train acc: 0.41, dev loss: 0.6842, dev acc: 0.62, time: 1.63
Sun, 07 Apr 2019 21:32:47: INFO: 
Evaluation - loss: 41.923771 Precision:0.4523 Recall:0.5000 Fscore:0.4747 acc: 57.0000%(2532/44) 

Sun, 07 Apr 2019 21:32:48: INFO: epoch: 54, train loss: 0.7018, train acc: 0.41, dev loss: 0.6862, dev acc: 0.60, time: 1.62
Sun, 07 Apr 2019 21:32:49: INFO: 
Evaluation - loss: 41.923771 Precision:0.4523 Recall:0.5000 Fscore:0.4748 acc: 57.0000%(2532/44) 

Sun, 07 Apr 2019 21:32:51: INFO: epoch: 55, train loss: 0.7020, train acc: 0.41, dev loss: 0.6850, dev acc: 0.61, time: 1.63
Sun, 07 Apr 2019 21:32:51: INFO: 
Evaluation - loss: 41.923771 Precision:0.4523 Recall:0.5000 Fscore:0.4747 acc: 57.0000%(2532/44) 

Sun, 07 Apr 2019 21:32:53: INFO: epoch: 56, train loss: 0.7021, train acc: 0.41, dev loss: 0.6855, dev acc: 0.60, time: 1.65
Sun, 07 Apr 2019 21:32:53: INFO: 
Evaluation - loss: 41.923772 Precision:0.4524 Recall:0.5000 Fscore:0.4749 acc: 57.0000%(2532/44) 

Sun, 07 Apr 2019 21:32:55: INFO: epoch: 57, train loss: 0.7019, train acc: 0.41, dev loss: 0.6855, dev acc: 0.61, time: 1.61
Sun, 07 Apr 2019 21:32:55: INFO: 
Evaluation - loss: 41.923771 Precision:0.4523 Recall:0.5000 Fscore:0.4748 acc: 57.0000%(2532/44) 

Sun, 07 Apr 2019 21:32:57: INFO: epoch: 58, train loss: 0.7021, train acc: 0.41, dev loss: 0.6851, dev acc: 0.61, time: 1.62
Sun, 07 Apr 2019 21:32:57: INFO: 
Evaluation - loss: 41.923771 Precision:0.4520 Recall:0.5000 Fscore:0.4746 acc: 57.0000%(2532/44) 

Sun, 07 Apr 2019 21:32:59: INFO: epoch: 59, train loss: 0.7021, train acc: 0.41, dev loss: 0.6863, dev acc: 0.60, time: 1.63
Sun, 07 Apr 2019 21:32:59: INFO: 
Evaluation - loss: 41.923771 Precision:0.4523 Recall:0.5000 Fscore:0.4747 acc: 57.0000%(2532/44) 

Sun, 07 Apr 2019 21:33:01: INFO: epoch: 60, train loss: 0.7021, train acc: 0.41, dev loss: 0.6850, dev acc: 0.61, time: 1.60
Sun, 07 Apr 2019 21:33:01: INFO: 
Evaluation - loss: 41.923770 Precision:0.4524 Recall:0.5000 Fscore:0.4748 acc: 57.0000%(2532/44) 

Sun, 07 Apr 2019 21:33:03: INFO: epoch: 61, train loss: 0.7021, train acc: 0.41, dev loss: 0.6848, dev acc: 0.61, time: 1.53
Sun, 07 Apr 2019 21:33:03: INFO: 
Evaluation - loss: 41.923772 Precision:0.4523 Recall:0.5000 Fscore:0.4748 acc: 57.0000%(2532/44) 

Sun, 07 Apr 2019 21:33:05: INFO: epoch: 62, train loss: 0.7021, train acc: 0.41, dev loss: 0.6852, dev acc: 0.61, time: 1.54
Sun, 07 Apr 2019 21:33:05: INFO: 
Evaluation - loss: 41.923772 Precision:0.4523 Recall:0.5000 Fscore:0.4748 acc: 57.0000%(2532/44) 

Sun, 07 Apr 2019 21:33:07: INFO: epoch: 63, train loss: 0.7020, train acc: 0.41, dev loss: 0.6856, dev acc: 0.60, time: 1.53
Sun, 07 Apr 2019 21:33:07: INFO: 
Evaluation - loss: 41.923772 Precision:0.4523 Recall:0.5000 Fscore:0.4748 acc: 57.0000%(2532/44) 

Sun, 07 Apr 2019 21:33:09: INFO: epoch: 64, train loss: 0.7019, train acc: 0.41, dev loss: 0.6843, dev acc: 0.62, time: 1.53
Sun, 07 Apr 2019 21:33:09: INFO: 
Evaluation - loss: 41.923770 Precision:0.4524 Recall:0.5000 Fscore:0.4749 acc: 57.0000%(2532/44) 

Sun, 07 Apr 2019 21:33:11: INFO: epoch: 65, train loss: 0.7020, train acc: 0.41, dev loss: 0.6854, dev acc: 0.60, time: 1.53
Sun, 07 Apr 2019 21:33:11: INFO: 
Evaluation - loss: 41.923773 Precision:0.4523 Recall:0.5000 Fscore:0.4748 acc: 57.0000%(2532/44) 

Sun, 07 Apr 2019 21:33:13: INFO: epoch: 66, train loss: 0.7018, train acc: 0.41, dev loss: 0.6843, dev acc: 0.62, time: 1.53
Sun, 07 Apr 2019 21:33:13: INFO: 
Evaluation - loss: 41.923773 Precision:0.4521 Recall:0.5000 Fscore:0.4747 acc: 57.0000%(2532/44) 

Sun, 07 Apr 2019 21:33:15: INFO: epoch: 67, train loss: 0.7021, train acc: 0.41, dev loss: 0.6855, dev acc: 0.60, time: 1.53
Sun, 07 Apr 2019 21:33:15: INFO: 
Evaluation - loss: 41.923771 Precision:0.4525 Recall:0.5000 Fscore:0.4748 acc: 57.0000%(2532/44) 

Sun, 07 Apr 2019 21:33:17: INFO: epoch: 68, train loss: 0.7021, train acc: 0.41, dev loss: 0.6844, dev acc: 0.62, time: 1.53
Sun, 07 Apr 2019 21:33:17: INFO: 
Evaluation - loss: 41.923772 Precision:0.4522 Recall:0.5000 Fscore:0.4747 acc: 57.0000%(2532/44) 

Sun, 07 Apr 2019 21:33:19: INFO: epoch: 69, train loss: 0.7020, train acc: 0.41, dev loss: 0.6855, dev acc: 0.60, time: 1.53
Sun, 07 Apr 2019 21:33:19: INFO: 
Evaluation - loss: 41.923772 Precision:0.4637 Recall:0.5114 Fscore:0.4861 acc: 57.0000%(2532/44) 

Sun, 07 Apr 2019 21:33:21: INFO: epoch: 70, train loss: 0.7020, train acc: 0.41, dev loss: 0.6843, dev acc: 0.62, time: 1.53
Sun, 07 Apr 2019 21:33:21: INFO: 
Evaluation - loss: 41.923771 Precision:0.4521 Recall:0.5000 Fscore:0.4747 acc: 57.0000%(2532/44) 

Sun, 07 Apr 2019 21:33:23: INFO: epoch: 71, train loss: 0.7020, train acc: 0.41, dev loss: 0.6850, dev acc: 0.61, time: 1.53
Sun, 07 Apr 2019 21:33:23: INFO: 
Evaluation - loss: 41.923772 Precision:0.4521 Recall:0.5000 Fscore:0.4747 acc: 57.0000%(2532/44) 

Sun, 07 Apr 2019 21:33:25: INFO: epoch: 72, train loss: 0.7020, train acc: 0.41, dev loss: 0.6843, dev acc: 0.62, time: 1.53
Sun, 07 Apr 2019 21:33:25: INFO: 
Evaluation - loss: 41.923771 Precision:0.4524 Recall:0.5000 Fscore:0.4749 acc: 57.0000%(2532/44) 

Sun, 07 Apr 2019 21:33:26: INFO: epoch: 73, train loss: 0.7021, train acc: 0.41, dev loss: 0.6853, dev acc: 0.60, time: 1.53
Sun, 07 Apr 2019 21:33:27: INFO: 
Evaluation - loss: 41.923772 Precision:0.4522 Recall:0.5000 Fscore:0.4747 acc: 57.0000%(2532/44) 

Sun, 07 Apr 2019 21:33:29: INFO: epoch: 74, train loss: 0.7021, train acc: 0.41, dev loss: 0.6848, dev acc: 0.61, time: 1.63
Sun, 07 Apr 2019 21:33:29: INFO: 
Evaluation - loss: 41.923771 Precision:0.4638 Recall:0.5114 Fscore:0.4862 acc: 57.0000%(2532/44) 

Sun, 07 Apr 2019 21:33:31: INFO: epoch: 75, train loss: 0.7021, train acc: 0.41, dev loss: 0.6847, dev acc: 0.61, time: 1.54
Sun, 07 Apr 2019 21:33:31: INFO: 
Evaluation - loss: 41.923770 Precision:0.4523 Recall:0.5000 Fscore:0.4748 acc: 57.0000%(2532/44) 

Sun, 07 Apr 2019 21:33:33: INFO: epoch: 76, train loss: 0.7021, train acc: 0.41, dev loss: 0.6855, dev acc: 0.60, time: 1.54
Sun, 07 Apr 2019 21:33:33: INFO: 
Evaluation - loss: 41.923770 Precision:0.4524 Recall:0.5000 Fscore:0.4748 acc: 57.0000%(2532/44) 

Sun, 07 Apr 2019 21:33:35: INFO: epoch: 77, train loss: 0.7020, train acc: 0.41, dev loss: 0.6859, dev acc: 0.60, time: 1.55
Sun, 07 Apr 2019 21:33:35: INFO: 
Evaluation - loss: 41.923772 Precision:0.4525 Recall:0.5000 Fscore:0.4749 acc: 57.0000%(2532/44) 

Sun, 07 Apr 2019 21:33:36: INFO: epoch: 78, train loss: 0.7020, train acc: 0.41, dev loss: 0.6859, dev acc: 0.60, time: 1.55
Sun, 07 Apr 2019 21:33:37: INFO: 
Evaluation - loss: 41.923770 Precision:0.4636 Recall:0.5114 Fscore:0.4860 acc: 57.0000%(2532/44) 

Sun, 07 Apr 2019 21:33:38: INFO: epoch: 79, train loss: 0.7019, train acc: 0.41, dev loss: 0.6860, dev acc: 0.60, time: 1.53
Sun, 07 Apr 2019 21:33:39: INFO: 
Evaluation - loss: 41.923772 Precision:0.4525 Recall:0.5000 Fscore:0.4749 acc: 57.0000%(2532/44) 

Sun, 07 Apr 2019 21:33:40: INFO: epoch: 80, train loss: 0.7021, train acc: 0.41, dev loss: 0.6857, dev acc: 0.60, time: 1.54
Sun, 07 Apr 2019 21:33:41: INFO: 
Evaluation - loss: 41.923771 Precision:0.4523 Recall:0.5000 Fscore:0.4748 acc: 57.0000%(2532/44) 

Sun, 07 Apr 2019 21:33:42: INFO: epoch: 81, train loss: 0.7022, train acc: 0.41, dev loss: 0.6844, dev acc: 0.62, time: 1.54
Sun, 07 Apr 2019 21:33:43: INFO: 
Evaluation - loss: 41.923771 Precision:0.4636 Recall:0.5114 Fscore:0.4861 acc: 57.0000%(2532/44) 

Sun, 07 Apr 2019 21:33:44: INFO: epoch: 82, train loss: 0.7021, train acc: 0.41, dev loss: 0.6845, dev acc: 0.62, time: 1.53
Sun, 07 Apr 2019 21:33:45: INFO: 
Evaluation - loss: 41.923772 Precision:0.4524 Recall:0.5000 Fscore:0.4748 acc: 57.0000%(2532/44) 

Sun, 07 Apr 2019 21:33:46: INFO: epoch: 83, train loss: 0.7020, train acc: 0.41, dev loss: 0.6848, dev acc: 0.61, time: 1.54
Sun, 07 Apr 2019 21:33:47: INFO: 
Evaluation - loss: 41.923771 Precision:0.4523 Recall:0.5000 Fscore:0.4748 acc: 57.0000%(2532/44) 

Sun, 07 Apr 2019 21:33:48: INFO: epoch: 84, train loss: 0.7020, train acc: 0.41, dev loss: 0.6840, dev acc: 0.62, time: 1.55
Sun, 07 Apr 2019 21:33:49: INFO: 
Evaluation - loss: 41.923771 Precision:0.4523 Recall:0.5000 Fscore:0.4748 acc: 57.0000%(2532/44) 

Sun, 07 Apr 2019 21:33:50: INFO: epoch: 85, train loss: 0.7020, train acc: 0.41, dev loss: 0.6849, dev acc: 0.61, time: 1.53
Sun, 07 Apr 2019 21:33:51: INFO: 
Evaluation - loss: 41.923771 Precision:0.4524 Recall:0.5000 Fscore:0.4748 acc: 57.0000%(2532/44) 

Sun, 07 Apr 2019 21:33:52: INFO: epoch: 86, train loss: 0.7019, train acc: 0.41, dev loss: 0.6849, dev acc: 0.61, time: 1.59
Sun, 07 Apr 2019 21:33:53: INFO: 
Evaluation - loss: 41.923771 Precision:0.4521 Recall:0.5000 Fscore:0.4746 acc: 57.0000%(2532/44) 

Sun, 07 Apr 2019 21:33:54: INFO: epoch: 87, train loss: 0.7022, train acc: 0.41, dev loss: 0.6843, dev acc: 0.62, time: 1.57
Sun, 07 Apr 2019 21:33:55: INFO: 
Evaluation - loss: 41.923771 Precision:0.4635 Recall:0.5114 Fscore:0.4860 acc: 57.0000%(2532/44) 

Sun, 07 Apr 2019 21:33:56: INFO: epoch: 88, train loss: 0.7021, train acc: 0.41, dev loss: 0.6862, dev acc: 0.60, time: 1.61
Sun, 07 Apr 2019 21:33:57: INFO: 
Evaluation - loss: 41.923772 Precision:0.4525 Recall:0.5000 Fscore:0.4749 acc: 57.0000%(2532/44) 

Sun, 07 Apr 2019 21:33:58: INFO: epoch: 89, train loss: 0.7022, train acc: 0.41, dev loss: 0.6843, dev acc: 0.62, time: 1.61
Sun, 07 Apr 2019 21:33:59: INFO: 
Evaluation - loss: 41.923771 Precision:0.4523 Recall:0.5000 Fscore:0.4747 acc: 57.0000%(2532/44) 

Sun, 07 Apr 2019 21:34:01: INFO: epoch: 90, train loss: 0.7021, train acc: 0.41, dev loss: 0.6849, dev acc: 0.61, time: 1.62
Sun, 07 Apr 2019 21:34:01: INFO: 
Evaluation - loss: 41.923772 Precision:0.4523 Recall:0.5000 Fscore:0.4748 acc: 57.0000%(2532/44) 

Sun, 07 Apr 2019 21:34:03: INFO: epoch: 91, train loss: 0.7020, train acc: 0.41, dev loss: 0.6838, dev acc: 0.62, time: 1.61
Sun, 07 Apr 2019 21:34:03: INFO: 
Evaluation - loss: 41.923772 Precision:0.4522 Recall:0.5000 Fscore:0.4747 acc: 57.0000%(2532/44) 

Sun, 07 Apr 2019 21:34:05: INFO: epoch: 92, train loss: 0.7021, train acc: 0.41, dev loss: 0.6845, dev acc: 0.62, time: 1.60
Sun, 07 Apr 2019 21:34:05: INFO: 
Evaluation - loss: 41.923771 Precision:0.4524 Recall:0.5000 Fscore:0.4749 acc: 57.0000%(2532/44) 

Sun, 07 Apr 2019 21:34:07: INFO: epoch: 93, train loss: 0.7021, train acc: 0.41, dev loss: 0.6862, dev acc: 0.60, time: 1.53
Sun, 07 Apr 2019 21:34:07: INFO: 
Evaluation - loss: 41.923771 Precision:0.4522 Recall:0.5000 Fscore:0.4747 acc: 57.0000%(2532/44) 

Sun, 07 Apr 2019 21:34:09: INFO: epoch: 94, train loss: 0.7021, train acc: 0.41, dev loss: 0.6850, dev acc: 0.61, time: 1.60
Sun, 07 Apr 2019 21:34:09: INFO: 
Evaluation - loss: 41.923770 Precision:0.4524 Recall:0.5000 Fscore:0.4748 acc: 57.0000%(2532/44) 

Sun, 07 Apr 2019 21:34:11: INFO: epoch: 95, train loss: 0.7022, train acc: 0.41, dev loss: 0.6842, dev acc: 0.62, time: 1.61
Sun, 07 Apr 2019 21:34:11: INFO: 
Evaluation - loss: 41.923772 Precision:0.4523 Recall:0.5000 Fscore:0.4748 acc: 57.0000%(2532/44) 

Sun, 07 Apr 2019 21:34:13: INFO: epoch: 96, train loss: 0.7020, train acc: 0.41, dev loss: 0.6859, dev acc: 0.60, time: 1.58
Sun, 07 Apr 2019 21:34:13: INFO: 
Evaluation - loss: 41.923771 Precision:0.4523 Recall:0.5000 Fscore:0.4747 acc: 57.0000%(2532/44) 

Sun, 07 Apr 2019 21:34:15: INFO: epoch: 97, train loss: 0.7021, train acc: 0.41, dev loss: 0.6852, dev acc: 0.60, time: 1.53
Sun, 07 Apr 2019 21:34:15: INFO: 
Evaluation - loss: 41.923771 Precision:0.4638 Recall:0.5114 Fscore:0.4862 acc: 57.0000%(2532/44) 

Sun, 07 Apr 2019 21:34:17: INFO: epoch: 98, train loss: 0.7020, train acc: 0.41, dev loss: 0.6848, dev acc: 0.61, time: 1.54
Sun, 07 Apr 2019 21:34:17: INFO: 
Evaluation - loss: 41.923771 Precision:0.4523 Recall:0.5000 Fscore:0.4748 acc: 57.0000%(2532/44) 

Sun, 07 Apr 2019 21:34:19: INFO: epoch: 99, train loss: 0.7021, train acc: 0.41, dev loss: 0.6850, dev acc: 0.61, time: 1.58
Sun, 07 Apr 2019 21:34:19: INFO: 
Evaluation - loss: 41.923771 Precision:0.4525 Recall:0.5000 Fscore:0.4748 acc: 57.0000%(2532/44) 

Sun, 07 Apr 2019 21:34:21: INFO: epoch: 100, train loss: 0.7021, train acc: 0.41, dev loss: 0.6862, dev acc: 0.60, time: 1.63
Sun, 07 Apr 2019 21:34:21: INFO: 
Evaluation - loss: 41.923771 Precision:0.4639 Recall:0.5114 Fscore:0.4862 acc: 57.0000%(2532/44) 

