Sun, 07 Apr 2019 18:16:20: INFO: running main.py --model CNN_BiLSTM -Opt sgd --run_log umtqe_cnnbilstm
Sun, 07 Apr 2019 18:16:20: INFO: 	BATCH_SIZE=64
Sun, 07 Apr 2019 18:16:20: INFO: 	BIDIRECTIONAL=True
Sun, 07 Apr 2019 18:16:20: INFO: 	DEV_FILE=./data/cwmt_dev_comb.txt
Sun, 07 Apr 2019 18:16:20: INFO: 	DROPOUT=0.3
Sun, 07 Apr 2019 18:16:20: INFO: 	EMBED_DIM=300
Sun, 07 Apr 2019 18:16:20: INFO: 	GRAD_CLIP=0.1
Sun, 07 Apr 2019 18:16:20: INFO: 	HIDDEN_DIM=200
Sun, 07 Apr 2019 18:16:20: INFO: 	IN_CHANNELS=1
Sun, 07 Apr 2019 18:16:20: INFO: 	KERNEL_NUMS=200
Sun, 07 Apr 2019 18:16:20: INFO: 	KERNEL_SIZES=[2, 3, 4]
Sun, 07 Apr 2019 18:16:20: INFO: 	LEARNING_RATE=0.02
Sun, 07 Apr 2019 18:16:20: INFO: 	MAX_SEQ_LEN=80
Sun, 07 Apr 2019 18:16:20: INFO: 	MODEL=CNN_BiLSTM
Sun, 07 Apr 2019 18:16:20: INFO: 	NUM_CLASS=2
Sun, 07 Apr 2019 18:16:20: INFO: 	NUM_EPOCHS=100
Sun, 07 Apr 2019 18:16:20: INFO: 	NUM_LAYERS=3
Sun, 07 Apr 2019 18:16:20: INFO: 	OPTIMIZER=sgd
Sun, 07 Apr 2019 18:16:20: INFO: 	PREDICTION_FILE=./predictions/cwmt_test.csv
Sun, 07 Apr 2019 18:16:20: INFO: 	PRETRAINED_EMBEDDINGS=./word2vec/wiki.en_zh.vec
Sun, 07 Apr 2019 18:16:20: INFO: 	PRETRAINED_WEIGHTS=tensor([[ 0.0046,  0.0888,  0.0158,  ..., -0.0273, -0.1007, -0.0268],
        [ 0.0267,  0.0554,  0.1248,  ...,  0.0117, -0.2145,  0.0249],
        [-0.0096,  0.0302,  0.0507,  ..., -0.0575,  0.0289, -0.0240],
        ...,
        [-0.0658, -0.0542,  0.0087,  ...,  0.0152, -0.1362,  0.0140],
        [-0.0000,  0.0470, -0.0119,  ..., -0.0114, -0.0177,  0.0264],
        [ 0.0667, -0.0169,  0.0363,  ..., -0.0576, -0.0609, -0.0396]])
Sun, 07 Apr 2019 18:16:20: INFO: 	RUN_LOG=umtqe_cnnbilstm
Sun, 07 Apr 2019 18:16:20: INFO: 	SAVED_MODEL=./saved_model/cwmt.en_zh.pt
Sun, 07 Apr 2019 18:16:20: INFO: 	SEED_NUM=123
Sun, 07 Apr 2019 18:16:20: INFO: 	STATIC=False
Sun, 07 Apr 2019 18:16:20: INFO: 	TEST=False
Sun, 07 Apr 2019 18:16:20: INFO: 	TEST_FILE=./data/htqe_test_comb.txt
Sun, 07 Apr 2019 18:16:20: INFO: 	TRAIN_FILE=./data/cwmt_train_comb.txt
Sun, 07 Apr 2019 18:16:20: INFO: 	USE_GPU=True
Sun, 07 Apr 2019 18:16:20: INFO: 	VOCAB_SIZE=44995
Sun, 07 Apr 2019 18:16:20: INFO: 	WEIGHT_DECAY=0.001
Sun, 07 Apr 2019 18:16:51: INFO: epoch: 1, train loss: 0.6887, train acc: 0.58, dev loss: 0.6994, dev acc: 0.40, time: 28.45
Sun, 07 Apr 2019 18:16:52: INFO: 
Evaluation - loss: 45.558046 Precision:0.0477 Recall:0.5000 Fscore:0.0865 acc: 6.0000%(267/44) 

Sun, 07 Apr 2019 18:17:01: INFO: epoch: 2, train loss: 0.6882, train acc: 0.59, dev loss: 0.6999, dev acc: 0.40, time: 9.62
Sun, 07 Apr 2019 18:17:02: INFO: 
Evaluation - loss: 45.558046 Precision:0.0477 Recall:0.5000 Fscore:0.0858 acc: 6.0000%(267/44) 

Sun, 07 Apr 2019 18:17:12: INFO: epoch: 3, train loss: 0.6883, train acc: 0.59, dev loss: 0.6995, dev acc: 0.39, time: 9.70
Sun, 07 Apr 2019 18:17:13: INFO: 
Evaluation - loss: 45.558047 Precision:0.0479 Recall:0.5000 Fscore:0.0862 acc: 6.0000%(267/44) 

Sun, 07 Apr 2019 18:17:23: INFO: epoch: 4, train loss: 0.6884, train acc: 0.59, dev loss: 0.6989, dev acc: 0.40, time: 9.66
Sun, 07 Apr 2019 18:17:24: INFO: 
Evaluation - loss: 45.558045 Precision:0.0474 Recall:0.4886 Fscore:0.0855 acc: 6.0000%(267/44) 

Sun, 07 Apr 2019 18:17:34: INFO: epoch: 5, train loss: 0.6885, train acc: 0.58, dev loss: 0.7000, dev acc: 0.39, time: 9.68
Sun, 07 Apr 2019 18:17:35: INFO: 
Evaluation - loss: 45.558046 Precision:0.0477 Recall:0.5000 Fscore:0.0861 acc: 6.0000%(267/44) 

Sun, 07 Apr 2019 18:17:44: INFO: epoch: 6, train loss: 0.6884, train acc: 0.58, dev loss: 0.6997, dev acc: 0.39, time: 9.70
Sun, 07 Apr 2019 18:17:45: INFO: 
Evaluation - loss: 45.558045 Precision:0.0476 Recall:0.5000 Fscore:0.0860 acc: 6.0000%(267/44) 

Sun, 07 Apr 2019 18:17:55: INFO: epoch: 7, train loss: 0.6883, train acc: 0.59, dev loss: 0.6988, dev acc: 0.41, time: 9.81
Sun, 07 Apr 2019 18:17:56: INFO: 
Evaluation - loss: 45.558047 Precision:0.0478 Recall:0.5000 Fscore:0.0863 acc: 6.0000%(267/44) 

