Sun, 07 Apr 2019 18:51:40: INFO: running main.py --model CNN_BiLSTM -Opt sgd --run_log umtqe_cnnbilstm
Sun, 07 Apr 2019 18:51:40: INFO: 	BATCH_SIZE=64
Sun, 07 Apr 2019 18:51:40: INFO: 	BIDIRECTIONAL=True
Sun, 07 Apr 2019 18:51:40: INFO: 	DEV_FILE=./data/cwmt_dev_comb.txt
Sun, 07 Apr 2019 18:51:40: INFO: 	DROPOUT=0.3
Sun, 07 Apr 2019 18:51:40: INFO: 	EMBED_DIM=300
Sun, 07 Apr 2019 18:51:40: INFO: 	GRAD_CLIP=0.1
Sun, 07 Apr 2019 18:51:40: INFO: 	HIDDEN_DIM=100
Sun, 07 Apr 2019 18:51:40: INFO: 	IN_CHANNELS=1
Sun, 07 Apr 2019 18:51:40: INFO: 	KERNEL_NUMS=300
Sun, 07 Apr 2019 18:51:40: INFO: 	KERNEL_SIZES=[3, 4, 5]
Sun, 07 Apr 2019 18:51:40: INFO: 	LEARNING_RATE=0.8
Sun, 07 Apr 2019 18:51:40: INFO: 	MAX_SEQ_LEN=50
Sun, 07 Apr 2019 18:51:40: INFO: 	MODEL=CNN_BiLSTM
Sun, 07 Apr 2019 18:51:40: INFO: 	NUM_CLASS=2
Sun, 07 Apr 2019 18:51:40: INFO: 	NUM_EPOCHS=100
Sun, 07 Apr 2019 18:51:40: INFO: 	NUM_LAYERS=3
Sun, 07 Apr 2019 18:51:40: INFO: 	OPTIMIZER=sgd
Sun, 07 Apr 2019 18:51:40: INFO: 	PREDICTION_FILE=./predictions/cwmt_test.csv
Sun, 07 Apr 2019 18:51:40: INFO: 	PRETRAINED_EMBEDDINGS=./word2vec/wiki.en_zh.vec
Sun, 07 Apr 2019 18:51:40: INFO: 	PRETRAINED_WEIGHTS=tensor([[ 0.0046,  0.0888,  0.0158,  ..., -0.0273, -0.1007, -0.0268],
        [-0.0073, -0.0149,  0.0276,  ..., -0.0408,  0.0174,  0.0141],
        [-0.0478, -0.0553, -0.0413,  ..., -0.0672, -0.0691, -0.0144],
        ...,
        [ 0.0372,  0.0114,  0.0114,  ..., -0.0551, -0.0186, -0.0230],
        [ 0.0516, -0.0575,  0.1034,  ...,  0.0193, -0.1639, -0.0506],
        [-0.0371,  0.0225,  0.0854,  ...,  0.0052, -0.1730, -0.0280]])
Sun, 07 Apr 2019 18:51:40: INFO: 	RUN_LOG=umtqe_cnnbilstm
Sun, 07 Apr 2019 18:51:40: INFO: 	SAVED_MODEL=./saved_model/cwmt.en_zh.pt
Sun, 07 Apr 2019 18:51:40: INFO: 	SEED_NUM=123
Sun, 07 Apr 2019 18:51:40: INFO: 	STATIC=False
Sun, 07 Apr 2019 18:51:40: INFO: 	TEST=False
Sun, 07 Apr 2019 18:51:40: INFO: 	TEST_FILE=./data/htqe_test_comb.txt
Sun, 07 Apr 2019 18:51:40: INFO: 	TRAIN_FILE=./data/cwmt_train_comb.txt
Sun, 07 Apr 2019 18:51:40: INFO: 	USE_GPU=True
Sun, 07 Apr 2019 18:51:40: INFO: 	VOCAB_SIZE=44995
Sun, 07 Apr 2019 18:51:40: INFO: 	WEIGHT_DECAY=0.001
