Sun, 07 Apr 2019 00:04:19: INFO: running main.py --run_log umtqe
Sun, 07 Apr 2019 00:04:19: INFO: 	BATCH_SIZE=32
Sun, 07 Apr 2019 00:04:19: INFO: 	BIDIRECTIONAL=True
Sun, 07 Apr 2019 00:04:19: INFO: 	DEV_FILE=./data/cwmt_dev_comb.txt
Sun, 07 Apr 2019 00:04:19: INFO: 	DROPOUT=0.2
Sun, 07 Apr 2019 00:04:19: INFO: 	EMBED_DIM=300
Sun, 07 Apr 2019 00:04:19: INFO: 	GRAD_CLIP=0.1
Sun, 07 Apr 2019 00:04:19: INFO: 	HIDDEN_DIM=100
Sun, 07 Apr 2019 00:04:19: INFO: 	IN_CHANNELS=1
Sun, 07 Apr 2019 00:04:19: INFO: 	KERNEL_NUMS=300
Sun, 07 Apr 2019 00:04:19: INFO: 	KERNEL_SIZES=[3, 4, 5]
Sun, 07 Apr 2019 00:04:19: INFO: 	LEARNING_RATE=0.001
Sun, 07 Apr 2019 00:04:19: INFO: 	MAX_SEQ_LEN=50
Sun, 07 Apr 2019 00:04:19: INFO: 	MODEL=CNN
Sun, 07 Apr 2019 00:04:19: INFO: 	NUM_CLASS=2
Sun, 07 Apr 2019 00:04:19: INFO: 	NUM_EPOCHS=100
Sun, 07 Apr 2019 00:04:19: INFO: 	NUM_LAYERS=3
Sun, 07 Apr 2019 00:04:19: INFO: 	PREDICTION_FILE=./predictions/cwmt_test.csv
Sun, 07 Apr 2019 00:04:19: INFO: 	PRETRAINED_EMBEDDINGS=./word2vec/wiki.en_zh.vec
Sun, 07 Apr 2019 00:04:19: INFO: 	PRETRAINED_WEIGHTS=tensor([[ 0.0046,  0.0888,  0.0158,  ..., -0.0273, -0.1007, -0.0268],
        [-0.0475,  0.0164,  0.0387,  ..., -0.0899, -0.1340, -0.0363],
        [-0.0016,  0.0149,  0.0618,  ..., -0.0290, -0.0002, -0.0306],
        ...,
        [ 0.0211, -0.0075,  0.0296,  ..., -0.0633, -0.1470,  0.0376],
        [ 0.0000,  0.0000,  0.0000,  ...,  0.0000,  0.0000,  0.0000],
        [-0.0511,  0.0075, -0.0384,  ..., -0.0948, -0.1194, -0.0525]])
Sun, 07 Apr 2019 00:04:19: INFO: 	RUN_LOG=umtqe
Sun, 07 Apr 2019 00:04:19: INFO: 	SAVED_MODEL=./saved_model/cwmt.en_zh.pt
Sun, 07 Apr 2019 00:04:19: INFO: 	SEED_NUM=123
Sun, 07 Apr 2019 00:04:19: INFO: 	STATIC=False
Sun, 07 Apr 2019 00:04:19: INFO: 	TEST=False
Sun, 07 Apr 2019 00:04:19: INFO: 	TEST_FILE=./data/htqe_test_comb.txt
Sun, 07 Apr 2019 00:04:19: INFO: 	TRAIN_FILE=./data/cwmt_train_comb.txt
Sun, 07 Apr 2019 00:04:19: INFO: 	USE_GPU=True
Sun, 07 Apr 2019 00:04:19: INFO: 	VOCAB_SIZE=44995
Sun, 07 Apr 2019 00:04:19: INFO: 	WEIGHT_DECAY=0.001
Sun, 07 Apr 2019 00:04:25: INFO: test loss: 22.7287, test acc: 303.00
Sun, 07 Apr 2019 00:04:25: INFO: epoch: 1, train loss: 0.6875, train acc: 0.59, dev loss: 0.6980, dev acc: 0.41, time: 2.78
Sun, 07 Apr 2019 00:04:27: INFO: epoch: 2, train loss: 0.6877, train acc: 0.59, dev loss: 0.6986, dev acc: 0.40, time: 2.17
Sun, 07 Apr 2019 00:04:29: INFO: epoch: 3, train loss: 0.6877, train acc: 0.59, dev loss: 0.6983, dev acc: 0.40, time: 2.22
Sun, 07 Apr 2019 00:04:31: INFO: epoch: 4, train loss: 0.6873, train acc: 0.59, dev loss: 0.6988, dev acc: 0.40, time: 2.27
Sun, 07 Apr 2019 00:04:33: INFO: epoch: 5, train loss: 0.6875, train acc: 0.59, dev loss: 0.6991, dev acc: 0.39, time: 2.21
Sun, 07 Apr 2019 00:04:36: INFO: epoch: 6, train loss: 0.6876, train acc: 0.59, dev loss: 0.6980, dev acc: 0.40, time: 2.19
Sun, 07 Apr 2019 00:04:38: INFO: epoch: 7, train loss: 0.6875, train acc: 0.59, dev loss: 0.6986, dev acc: 0.40, time: 2.17
Sun, 07 Apr 2019 00:04:40: INFO: test loss: 22.7287, test acc: 303.00
Sun, 07 Apr 2019 00:04:40: INFO: epoch: 8, train loss: 0.6875, train acc: 0.59, dev loss: 0.6984, dev acc: 0.41, time: 2.57
Sun, 07 Apr 2019 00:04:43: INFO: epoch: 9, train loss: 0.6876, train acc: 0.59, dev loss: 0.6980, dev acc: 0.40, time: 2.18
Sun, 07 Apr 2019 00:04:45: INFO: epoch: 10, train loss: 0.6874, train acc: 0.59, dev loss: 0.6985, dev acc: 0.41, time: 2.17
Sun, 07 Apr 2019 00:04:47: INFO: epoch: 11, train loss: 0.6875, train acc: 0.59, dev loss: 0.6986, dev acc: 0.40, time: 2.20
Sun, 07 Apr 2019 00:04:49: INFO: epoch: 12, train loss: 0.6876, train acc: 0.59, dev loss: 0.6984, dev acc: 0.40, time: 2.24
Sun, 07 Apr 2019 00:04:51: INFO: epoch: 13, train loss: 0.6877, train acc: 0.59, dev loss: 0.6985, dev acc: 0.40, time: 2.20
Sun, 07 Apr 2019 00:04:54: INFO: epoch: 14, train loss: 0.6876, train acc: 0.59, dev loss: 0.6986, dev acc: 0.40, time: 2.27
Sun, 07 Apr 2019 00:04:56: INFO: epoch: 15, train loss: 0.6876, train acc: 0.59, dev loss: 0.6984, dev acc: 0.40, time: 2.27
Sun, 07 Apr 2019 00:04:58: INFO: epoch: 16, train loss: 0.6875, train acc: 0.59, dev loss: 0.6983, dev acc: 0.40, time: 2.27
Sun, 07 Apr 2019 00:05:00: INFO: epoch: 17, train loss: 0.6874, train acc: 0.59, dev loss: 0.6983, dev acc: 0.41, time: 2.18
Sun, 07 Apr 2019 00:05:03: INFO: epoch: 18, train loss: 0.6877, train acc: 0.59, dev loss: 0.6983, dev acc: 0.40, time: 2.18
Sun, 07 Apr 2019 00:05:05: INFO: epoch: 19, train loss: 0.6874, train acc: 0.59, dev loss: 0.6990, dev acc: 0.40, time: 2.22
Sun, 07 Apr 2019 00:05:07: INFO: epoch: 20, train loss: 0.6875, train acc: 0.59, dev loss: 0.6985, dev acc: 0.40, time: 2.26
Sun, 07 Apr 2019 00:05:09: INFO: epoch: 21, train loss: 0.6876, train acc: 0.59, dev loss: 0.6987, dev acc: 0.40, time: 2.20
