Sun, 07 Apr 2019 19:28:33: INFO: running main.py --model CNN_BiLSTM -Opt sgd --run_log umtqe_cnnbilstm
Sun, 07 Apr 2019 19:28:33: INFO: 	BATCH_SIZE=64
Sun, 07 Apr 2019 19:28:33: INFO: 	BIDIRECTIONAL=True
Sun, 07 Apr 2019 19:28:33: INFO: 	DEV_FILE=./data/cwmt_dev_comb.txt
Sun, 07 Apr 2019 19:28:33: INFO: 	DROPOUT=0.3
Sun, 07 Apr 2019 19:28:33: INFO: 	EMBED_DIM=300
Sun, 07 Apr 2019 19:28:33: INFO: 	GRAD_CLIP=5
Sun, 07 Apr 2019 19:28:33: INFO: 	HIDDEN_DIM=200
Sun, 07 Apr 2019 19:28:33: INFO: 	IN_CHANNELS=1
Sun, 07 Apr 2019 19:28:33: INFO: 	KERNEL_NUMS=300
Sun, 07 Apr 2019 19:28:33: INFO: 	KERNEL_SIZES=[3, 4, 5]
Sun, 07 Apr 2019 19:28:33: INFO: 	LEARNING_RATE=0.8
Sun, 07 Apr 2019 19:28:33: INFO: 	MAX_SEQ_LEN=40
Sun, 07 Apr 2019 19:28:33: INFO: 	MODEL=CNN_BiLSTM
Sun, 07 Apr 2019 19:28:33: INFO: 	NUM_CLASS=2
Sun, 07 Apr 2019 19:28:33: INFO: 	NUM_EPOCHS=100
Sun, 07 Apr 2019 19:28:33: INFO: 	NUM_LAYERS=3
Sun, 07 Apr 2019 19:28:33: INFO: 	OPTIMIZER=sgd
Sun, 07 Apr 2019 19:28:33: INFO: 	PREDICTION_FILE=./predictions/cwmt_test.csv
Sun, 07 Apr 2019 19:28:33: INFO: 	PRETRAINED_EMBEDDINGS=./word2vec/wiki.en_zh.vec
Sun, 07 Apr 2019 19:28:33: INFO: 	PRETRAINED_WEIGHTS=tensor([[ 0.0046,  0.0888,  0.0158,  ..., -0.0273, -0.1007, -0.0268],
        [ 0.0717, -0.0032,  0.0005,  ..., -0.0911, -0.0341, -0.0872],
        [-0.0721,  0.0327, -0.0559,  ...,  0.0258,  0.0287,  0.0536],
        ...,
        [ 0.0478, -0.0646, -0.0175,  ..., -0.0752, -0.0299, -0.0828],
        [ 0.0198,  0.0199, -0.0002,  ..., -0.0371,  0.0179, -0.0211],
        [-0.0051,  0.0260, -0.1583,  ...,  0.0625, -0.0141,  0.0191]])
Sun, 07 Apr 2019 19:28:33: INFO: 	RUN_LOG=umtqe_cnnbilstm
Sun, 07 Apr 2019 19:28:33: INFO: 	SAVED_MODEL=./saved_model/cwmt.en_zh.pt
Sun, 07 Apr 2019 19:28:33: INFO: 	SEED_NUM=123
Sun, 07 Apr 2019 19:28:33: INFO: 	STATIC=False
Sun, 07 Apr 2019 19:28:33: INFO: 	TEST=False
Sun, 07 Apr 2019 19:28:33: INFO: 	TEST_FILE=./data/htqe_test_comb.txt
Sun, 07 Apr 2019 19:28:33: INFO: 	TRAIN_FILE=./data/cwmt_train_comb.txt
Sun, 07 Apr 2019 19:28:33: INFO: 	USE_GPU=True
Sun, 07 Apr 2019 19:28:33: INFO: 	VOCAB_SIZE=44995
Sun, 07 Apr 2019 19:28:33: INFO: 	WEIGHT_DECAY=0
Sun, 07 Apr 2019 19:29:01: INFO: epoch: 1, train loss: 0.6903, train acc: 0.59, dev loss: 0.6961, dev acc: 0.40, time: 26.03
Sun, 07 Apr 2019 19:29:02: INFO: 
Evaluation - loss: 44.700801 Precision:0.0477 Recall:0.5000 Fscore:0.0861 acc: 6.0000%(267/44) 

Sun, 07 Apr 2019 19:29:07: INFO: epoch: 2, train loss: 0.6900, train acc: 0.58, dev loss: 0.6961, dev acc: 0.41, time: 5.48
Sun, 07 Apr 2019 19:29:08: INFO: 
Evaluation - loss: 44.700802 Precision:0.0476 Recall:0.5000 Fscore:0.0859 acc: 6.0000%(267/44) 

Sun, 07 Apr 2019 19:29:14: INFO: epoch: 3, train loss: 0.6901, train acc: 0.59, dev loss: 0.6957, dev acc: 0.42, time: 5.88
Sun, 07 Apr 2019 19:29:15: INFO: 
Evaluation - loss: 44.700801 Precision:0.0477 Recall:0.5000 Fscore:0.0860 acc: 6.0000%(267/44) 

Sun, 07 Apr 2019 19:29:20: INFO: epoch: 4, train loss: 0.6901, train acc: 0.59, dev loss: 0.6956, dev acc: 0.42, time: 5.22
Sun, 07 Apr 2019 19:29:21: INFO: 
Evaluation - loss: 44.700802 Precision:0.0477 Recall:0.5000 Fscore:0.0860 acc: 6.0000%(267/44) 

Sun, 07 Apr 2019 19:29:26: INFO: epoch: 5, train loss: 0.6902, train acc: 0.59, dev loss: 0.6961, dev acc: 0.40, time: 5.34
Sun, 07 Apr 2019 19:29:27: INFO: 
Evaluation - loss: 44.700801 Precision:0.0475 Recall:0.5000 Fscore:0.0859 acc: 6.0000%(267/44) 

Sun, 07 Apr 2019 19:29:32: INFO: epoch: 6, train loss: 0.6901, train acc: 0.59, dev loss: 0.6960, dev acc: 0.40, time: 5.32
Sun, 07 Apr 2019 19:29:33: INFO: 
Evaluation - loss: 44.700802 Precision:0.0477 Recall:0.5000 Fscore:0.0860 acc: 6.0000%(267/44) 

Sun, 07 Apr 2019 19:29:38: INFO: epoch: 7, train loss: 0.6902, train acc: 0.59, dev loss: 0.6961, dev acc: 0.41, time: 5.40
Sun, 07 Apr 2019 19:29:39: INFO: 
Evaluation - loss: 44.700802 Precision:0.0475 Recall:0.5000 Fscore:0.0857 acc: 6.0000%(267/44) 

Sun, 07 Apr 2019 19:29:44: INFO: epoch: 8, train loss: 0.6902, train acc: 0.59, dev loss: 0.6959, dev acc: 0.41, time: 5.32
Sun, 07 Apr 2019 19:29:45: INFO: 
Evaluation - loss: 44.700801 Precision:0.0477 Recall:0.5000 Fscore:0.0862 acc: 6.0000%(267/44) 

