Sun, 07 Apr 2019 19:13:14: INFO: running main.py --model CNN_BiLSTM -Opt sgd --run_log umtqe_cnnbilstm
Sun, 07 Apr 2019 19:13:14: INFO: 	BATCH_SIZE=64
Sun, 07 Apr 2019 19:13:14: INFO: 	BIDIRECTIONAL=True
Sun, 07 Apr 2019 19:13:14: INFO: 	DEV_FILE=./data/cwmt_dev_comb.txt
Sun, 07 Apr 2019 19:13:14: INFO: 	DROPOUT=0.3
Sun, 07 Apr 2019 19:13:14: INFO: 	EMBED_DIM=300
Sun, 07 Apr 2019 19:13:14: INFO: 	GRAD_CLIP=5
Sun, 07 Apr 2019 19:13:14: INFO: 	HIDDEN_DIM=100
Sun, 07 Apr 2019 19:13:14: INFO: 	IN_CHANNELS=1
Sun, 07 Apr 2019 19:13:14: INFO: 	KERNEL_NUMS=200
Sun, 07 Apr 2019 19:13:14: INFO: 	KERNEL_SIZES=[3, 4, 5]
Sun, 07 Apr 2019 19:13:14: INFO: 	LEARNING_RATE=0.8
Sun, 07 Apr 2019 19:13:14: INFO: 	MAX_SEQ_LEN=50
Sun, 07 Apr 2019 19:13:14: INFO: 	MODEL=CNN_BiLSTM
Sun, 07 Apr 2019 19:13:14: INFO: 	NUM_CLASS=2
Sun, 07 Apr 2019 19:13:14: INFO: 	NUM_EPOCHS=100
Sun, 07 Apr 2019 19:13:14: INFO: 	NUM_LAYERS=3
Sun, 07 Apr 2019 19:13:14: INFO: 	OPTIMIZER=sgd
Sun, 07 Apr 2019 19:13:14: INFO: 	PREDICTION_FILE=./predictions/cwmt_test.csv
Sun, 07 Apr 2019 19:13:14: INFO: 	PRETRAINED_EMBEDDINGS=./word2vec/wiki.en_zh.vec
Sun, 07 Apr 2019 19:13:14: INFO: 	PRETRAINED_WEIGHTS=tensor([[ 0.0046,  0.0888,  0.0158,  ..., -0.0273, -0.1007, -0.0268],
        [ 0.0886,  0.0040,  0.0066,  ..., -0.0161, -0.0381, -0.0122],
        [ 0.0000,  0.0000,  0.0000,  ...,  0.0000,  0.0000,  0.0000],
        ...,
        [-0.1001,  0.0130, -0.0363,  ...,  0.0503, -0.0866, -0.0064],
        [ 0.0396,  0.0390,  0.0198,  ..., -0.0407, -0.0684, -0.0557],
        [ 0.0047,  0.0041,  0.0359,  ..., -0.0669, -0.0056, -0.0534]])
Sun, 07 Apr 2019 19:13:14: INFO: 	RUN_LOG=umtqe_cnnbilstm
Sun, 07 Apr 2019 19:13:14: INFO: 	SAVED_MODEL=./saved_model/cwmt.en_zh.pt
Sun, 07 Apr 2019 19:13:14: INFO: 	SEED_NUM=123
Sun, 07 Apr 2019 19:13:14: INFO: 	STATIC=False
Sun, 07 Apr 2019 19:13:14: INFO: 	TEST=False
Sun, 07 Apr 2019 19:13:14: INFO: 	TEST_FILE=./data/htqe_test_comb.txt
Sun, 07 Apr 2019 19:13:14: INFO: 	TRAIN_FILE=./data/cwmt_train_comb.txt
Sun, 07 Apr 2019 19:13:14: INFO: 	USE_GPU=True
Sun, 07 Apr 2019 19:13:14: INFO: 	VOCAB_SIZE=44995
Sun, 07 Apr 2019 19:13:14: INFO: 	WEIGHT_DECAY=0
Sun, 07 Apr 2019 19:13:38: INFO: epoch: 1, train loss: 0.6949, train acc: 0.44, dev loss: 0.6910, dev acc: 0.57, time: 21.32
Sun, 07 Apr 2019 19:13:39: INFO: 
Evaluation - loss: 43.491788 Precision:0.4524 Recall:0.5000 Fscore:0.4748 acc: 57.0000%(2532/44) 

Sun, 07 Apr 2019 19:13:43: INFO: epoch: 2, train loss: 0.6947, train acc: 0.45, dev loss: 0.6910, dev acc: 0.57, time: 4.79
Sun, 07 Apr 2019 19:13:44: INFO: 
Evaluation - loss: 43.491790 Precision:0.4523 Recall:0.5000 Fscore:0.4748 acc: 57.0000%(2532/44) 

Sun, 07 Apr 2019 19:13:49: INFO: epoch: 3, train loss: 0.6947, train acc: 0.45, dev loss: 0.6909, dev acc: 0.58, time: 4.96
Sun, 07 Apr 2019 19:13:50: INFO: 
Evaluation - loss: 43.491788 Precision:0.4524 Recall:0.5000 Fscore:0.4749 acc: 57.0000%(2532/44) 

Sun, 07 Apr 2019 19:13:54: INFO: epoch: 4, train loss: 0.6948, train acc: 0.44, dev loss: 0.6912, dev acc: 0.58, time: 4.67
Sun, 07 Apr 2019 19:13:55: INFO: 
Evaluation - loss: 43.491788 Precision:0.4521 Recall:0.5000 Fscore:0.4747 acc: 57.0000%(2532/44) 

Sun, 07 Apr 2019 19:14:00: INFO: epoch: 5, train loss: 0.6947, train acc: 0.44, dev loss: 0.6908, dev acc: 0.58, time: 4.81
Sun, 07 Apr 2019 19:14:00: INFO: 
Evaluation - loss: 43.491789 Precision:0.4636 Recall:0.5114 Fscore:0.4860 acc: 57.0000%(2532/44) 

Sun, 07 Apr 2019 19:14:05: INFO: epoch: 6, train loss: 0.6948, train acc: 0.44, dev loss: 0.6904, dev acc: 0.60, time: 4.61
Sun, 07 Apr 2019 19:14:06: INFO: 
Evaluation - loss: 43.491789 Precision:0.4523 Recall:0.5000 Fscore:0.4748 acc: 57.0000%(2532/44) 

Sun, 07 Apr 2019 19:14:10: INFO: epoch: 7, train loss: 0.6946, train acc: 0.45, dev loss: 0.6907, dev acc: 0.59, time: 4.58
Sun, 07 Apr 2019 19:14:11: INFO: 
Evaluation - loss: 43.491789 Precision:0.4523 Recall:0.5000 Fscore:0.4748 acc: 57.0000%(2532/44) 

Sun, 07 Apr 2019 19:14:16: INFO: epoch: 8, train loss: 0.6947, train acc: 0.45, dev loss: 0.6907, dev acc: 0.58, time: 4.71
Sun, 07 Apr 2019 19:14:16: INFO: 
Evaluation - loss: 43.491788 Precision:0.4522 Recall:0.5000 Fscore:0.4747 acc: 57.0000%(2532/44) 

Sun, 07 Apr 2019 19:14:21: INFO: epoch: 9, train loss: 0.6947, train acc: 0.45, dev loss: 0.6908, dev acc: 0.58, time: 4.98
Sun, 07 Apr 2019 19:14:22: INFO: 
Evaluation - loss: 43.491788 Precision:0.4523 Recall:0.5000 Fscore:0.4748 acc: 57.0000%(2532/44) 

Sun, 07 Apr 2019 19:14:27: INFO: epoch: 10, train loss: 0.6948, train acc: 0.44, dev loss: 0.6904, dev acc: 0.58, time: 4.68
Sun, 07 Apr 2019 19:14:27: INFO: 
Evaluation - loss: 43.491788 Precision:0.4638 Recall:0.5114 Fscore:0.4862 acc: 57.0000%(2532/44) 

Sun, 07 Apr 2019 19:14:32: INFO: epoch: 11, train loss: 0.6949, train acc: 0.44, dev loss: 0.6911, dev acc: 0.56, time: 4.63
Sun, 07 Apr 2019 19:14:33: INFO: 
Evaluation - loss: 43.491789 Precision:0.4524 Recall:0.5000 Fscore:0.4748 acc: 57.0000%(2532/44) 

Sun, 07 Apr 2019 19:14:38: INFO: epoch: 12, train loss: 0.6947, train acc: 0.44, dev loss: 0.6906, dev acc: 0.60, time: 4.89
Sun, 07 Apr 2019 19:14:38: INFO: 
Evaluation - loss: 43.491788 Precision:0.4522 Recall:0.5000 Fscore:0.4747 acc: 57.0000%(2532/44) 

Sun, 07 Apr 2019 19:14:43: INFO: epoch: 13, train loss: 0.6948, train acc: 0.44, dev loss: 0.6910, dev acc: 0.58, time: 4.63
Sun, 07 Apr 2019 19:14:44: INFO: 
Evaluation - loss: 43.491788 Precision:0.4523 Recall:0.5000 Fscore:0.4748 acc: 57.0000%(2532/44) 

Sun, 07 Apr 2019 19:14:48: INFO: epoch: 14, train loss: 0.6948, train acc: 0.44, dev loss: 0.6911, dev acc: 0.58, time: 4.63
Sun, 07 Apr 2019 19:14:49: INFO: 
Evaluation - loss: 43.491789 Precision:0.4520 Recall:0.5000 Fscore:0.4746 acc: 57.0000%(2532/44) 

Sun, 07 Apr 2019 19:14:53: INFO: epoch: 15, train loss: 0.6948, train acc: 0.44, dev loss: 0.6912, dev acc: 0.57, time: 4.64
Sun, 07 Apr 2019 19:14:54: INFO: 
Evaluation - loss: 43.491788 Precision:0.4522 Recall:0.5000 Fscore:0.4748 acc: 57.0000%(2532/44) 

Sun, 07 Apr 2019 19:14:59: INFO: epoch: 16, train loss: 0.6948, train acc: 0.44, dev loss: 0.6907, dev acc: 0.57, time: 4.72
Sun, 07 Apr 2019 19:14:59: INFO: 
Evaluation - loss: 43.491789 Precision:0.4525 Recall:0.5000 Fscore:0.4749 acc: 57.0000%(2532/44) 

Sun, 07 Apr 2019 19:15:04: INFO: epoch: 17, train loss: 0.6948, train acc: 0.44, dev loss: 0.6908, dev acc: 0.58, time: 4.76
Sun, 07 Apr 2019 19:15:05: INFO: 
Evaluation - loss: 43.491788 Precision:0.4523 Recall:0.5000 Fscore:0.4748 acc: 57.0000%(2532/44) 

Sun, 07 Apr 2019 19:15:10: INFO: epoch: 18, train loss: 0.6947, train acc: 0.45, dev loss: 0.6906, dev acc: 0.59, time: 4.78
Sun, 07 Apr 2019 19:15:10: INFO: 
Evaluation - loss: 43.491788 Precision:0.4525 Recall:0.5000 Fscore:0.4749 acc: 57.0000%(2532/44) 

Sun, 07 Apr 2019 19:15:15: INFO: epoch: 19, train loss: 0.6948, train acc: 0.44, dev loss: 0.6910, dev acc: 0.58, time: 4.79
Sun, 07 Apr 2019 19:15:16: INFO: 
Evaluation - loss: 43.491789 Precision:0.4523 Recall:0.5000 Fscore:0.4747 acc: 57.0000%(2532/44) 

Sun, 07 Apr 2019 19:15:20: INFO: epoch: 20, train loss: 0.6948, train acc: 0.45, dev loss: 0.6911, dev acc: 0.59, time: 4.56
Sun, 07 Apr 2019 19:15:21: INFO: 
Evaluation - loss: 43.491788 Precision:0.4521 Recall:0.5000 Fscore:0.4747 acc: 57.0000%(2532/44) 

Sun, 07 Apr 2019 19:15:26: INFO: epoch: 21, train loss: 0.6949, train acc: 0.44, dev loss: 0.6908, dev acc: 0.58, time: 4.59
Sun, 07 Apr 2019 19:15:26: INFO: 
Evaluation - loss: 43.491789 Precision:0.4523 Recall:0.5000 Fscore:0.4748 acc: 57.0000%(2532/44) 

Sun, 07 Apr 2019 19:15:31: INFO: epoch: 22, train loss: 0.6948, train acc: 0.45, dev loss: 0.6910, dev acc: 0.58, time: 4.56
Sun, 07 Apr 2019 19:15:32: INFO: 
Evaluation - loss: 43.491788 Precision:0.4523 Recall:0.5000 Fscore:0.4748 acc: 57.0000%(2532/44) 

Sun, 07 Apr 2019 19:15:36: INFO: epoch: 23, train loss: 0.6949, train acc: 0.44, dev loss: 0.6912, dev acc: 0.58, time: 4.88
Sun, 07 Apr 2019 19:15:37: INFO: 
Evaluation - loss: 43.491787 Precision:0.4524 Recall:0.5000 Fscore:0.4749 acc: 57.0000%(2532/44) 

Sun, 07 Apr 2019 19:15:42: INFO: epoch: 24, train loss: 0.6948, train acc: 0.45, dev loss: 0.6908, dev acc: 0.58, time: 4.59
Sun, 07 Apr 2019 19:15:42: INFO: 
Evaluation - loss: 43.491788 Precision:0.4523 Recall:0.5000 Fscore:0.4748 acc: 57.0000%(2532/44) 

Sun, 07 Apr 2019 19:15:47: INFO: epoch: 25, train loss: 0.6949, train acc: 0.44, dev loss: 0.6910, dev acc: 0.59, time: 4.54
Sun, 07 Apr 2019 19:15:48: INFO: 
Evaluation - loss: 43.491789 Precision:0.4522 Recall:0.5000 Fscore:0.4748 acc: 57.0000%(2532/44) 

Sun, 07 Apr 2019 19:15:52: INFO: epoch: 26, train loss: 0.6946, train acc: 0.45, dev loss: 0.6907, dev acc: 0.59, time: 4.58
Sun, 07 Apr 2019 19:15:53: INFO: 
Evaluation - loss: 43.491789 Precision:0.4524 Recall:0.5000 Fscore:0.4749 acc: 57.0000%(2532/44) 

Sun, 07 Apr 2019 19:15:57: INFO: epoch: 27, train loss: 0.6948, train acc: 0.44, dev loss: 0.6911, dev acc: 0.58, time: 4.62
Sun, 07 Apr 2019 19:15:58: INFO: 
Evaluation - loss: 43.491789 Precision:0.4521 Recall:0.5000 Fscore:0.4746 acc: 57.0000%(2532/44) 

Sun, 07 Apr 2019 19:16:03: INFO: epoch: 28, train loss: 0.6949, train acc: 0.44, dev loss: 0.6908, dev acc: 0.59, time: 4.63
Sun, 07 Apr 2019 19:16:03: INFO: 
Evaluation - loss: 43.491789 Precision:0.4522 Recall:0.5000 Fscore:0.4748 acc: 57.0000%(2532/44) 

Sun, 07 Apr 2019 19:16:08: INFO: epoch: 29, train loss: 0.6948, train acc: 0.44, dev loss: 0.6908, dev acc: 0.58, time: 4.56
Sun, 07 Apr 2019 19:16:09: INFO: 
Evaluation - loss: 43.491789 Precision:0.4523 Recall:0.5000 Fscore:0.4748 acc: 57.0000%(2532/44) 

Sun, 07 Apr 2019 19:16:13: INFO: epoch: 30, train loss: 0.6946, train acc: 0.45, dev loss: 0.6906, dev acc: 0.60, time: 4.60
Sun, 07 Apr 2019 19:16:14: INFO: 
Evaluation - loss: 43.491788 Precision:0.4524 Recall:0.5000 Fscore:0.4749 acc: 57.0000%(2532/44) 

Sun, 07 Apr 2019 19:16:19: INFO: epoch: 31, train loss: 0.6947, train acc: 0.45, dev loss: 0.6905, dev acc: 0.58, time: 4.63
Sun, 07 Apr 2019 19:16:19: INFO: 
Evaluation - loss: 43.491788 Precision:0.4522 Recall:0.5000 Fscore:0.4748 acc: 57.0000%(2532/44) 

Sun, 07 Apr 2019 19:16:24: INFO: epoch: 32, train loss: 0.6947, train acc: 0.45, dev loss: 0.6905, dev acc: 0.59, time: 4.79
Sun, 07 Apr 2019 19:16:25: INFO: 
Evaluation - loss: 43.491788 Precision:0.4522 Recall:0.5000 Fscore:0.4747 acc: 57.0000%(2532/44) 

Sun, 07 Apr 2019 19:16:30: INFO: epoch: 33, train loss: 0.6948, train acc: 0.44, dev loss: 0.6909, dev acc: 0.58, time: 4.80
Sun, 07 Apr 2019 19:16:30: INFO: 
Evaluation - loss: 43.491789 Precision:0.4523 Recall:0.5000 Fscore:0.4747 acc: 57.0000%(2532/44) 

Sun, 07 Apr 2019 19:16:35: INFO: epoch: 34, train loss: 0.6948, train acc: 0.44, dev loss: 0.6908, dev acc: 0.57, time: 4.60
Sun, 07 Apr 2019 19:16:35: INFO: 
Evaluation - loss: 43.491789 Precision:0.4520 Recall:0.5000 Fscore:0.4746 acc: 57.0000%(2532/44) 

Sun, 07 Apr 2019 19:16:40: INFO: epoch: 35, train loss: 0.6947, train acc: 0.44, dev loss: 0.6912, dev acc: 0.58, time: 4.61
Sun, 07 Apr 2019 19:16:41: INFO: 
Evaluation - loss: 43.491789 Precision:0.4525 Recall:0.5000 Fscore:0.4749 acc: 57.0000%(2532/44) 

Sun, 07 Apr 2019 19:16:45: INFO: epoch: 36, train loss: 0.6948, train acc: 0.44, dev loss: 0.6908, dev acc: 0.59, time: 4.58
Sun, 07 Apr 2019 19:16:46: INFO: 
Evaluation - loss: 43.491789 Precision:0.4522 Recall:0.5000 Fscore:0.4747 acc: 57.0000%(2532/44) 

Sun, 07 Apr 2019 19:16:51: INFO: epoch: 37, train loss: 0.6949, train acc: 0.44, dev loss: 0.6910, dev acc: 0.58, time: 4.57
Sun, 07 Apr 2019 19:16:51: INFO: 
Evaluation - loss: 43.491789 Precision:0.4523 Recall:0.5000 Fscore:0.4748 acc: 57.0000%(2532/44) 

Sun, 07 Apr 2019 19:16:56: INFO: epoch: 38, train loss: 0.6948, train acc: 0.44, dev loss: 0.6908, dev acc: 0.58, time: 4.58
Sun, 07 Apr 2019 19:16:57: INFO: 
Evaluation - loss: 43.491789 Precision:0.4520 Recall:0.5000 Fscore:0.4745 acc: 57.0000%(2532/44) 

Sun, 07 Apr 2019 19:17:01: INFO: epoch: 39, train loss: 0.6948, train acc: 0.44, dev loss: 0.6908, dev acc: 0.59, time: 4.60
Sun, 07 Apr 2019 19:17:02: INFO: 
Evaluation - loss: 43.491788 Precision:0.4521 Recall:0.5000 Fscore:0.4747 acc: 57.0000%(2532/44) 

Sun, 07 Apr 2019 19:17:06: INFO: epoch: 40, train loss: 0.6948, train acc: 0.45, dev loss: 0.6910, dev acc: 0.57, time: 4.62
Sun, 07 Apr 2019 19:17:07: INFO: 
Evaluation - loss: 43.491789 Precision:0.4523 Recall:0.5000 Fscore:0.4748 acc: 57.0000%(2532/44) 

Sun, 07 Apr 2019 19:17:12: INFO: epoch: 41, train loss: 0.6949, train acc: 0.44, dev loss: 0.6910, dev acc: 0.57, time: 4.62
Sun, 07 Apr 2019 19:17:12: INFO: 
Evaluation - loss: 43.491787 Precision:0.4523 Recall:0.5000 Fscore:0.4748 acc: 57.0000%(2532/44) 

Sun, 07 Apr 2019 19:17:17: INFO: epoch: 42, train loss: 0.6949, train acc: 0.44, dev loss: 0.6906, dev acc: 0.58, time: 4.60
Sun, 07 Apr 2019 19:17:18: INFO: 
Evaluation - loss: 43.491788 Precision:0.4523 Recall:0.5000 Fscore:0.4748 acc: 57.0000%(2532/44) 

Sun, 07 Apr 2019 19:17:22: INFO: epoch: 43, train loss: 0.6947, train acc: 0.44, dev loss: 0.6908, dev acc: 0.58, time: 4.69
Sun, 07 Apr 2019 19:17:23: INFO: 
Evaluation - loss: 43.491789 Precision:0.4523 Recall:0.5000 Fscore:0.4748 acc: 57.0000%(2532/44) 

Sun, 07 Apr 2019 19:17:28: INFO: epoch: 44, train loss: 0.6949, train acc: 0.44, dev loss: 0.6909, dev acc: 0.57, time: 4.66
Sun, 07 Apr 2019 19:17:28: INFO: 
Evaluation - loss: 43.491789 Precision:0.4522 Recall:0.5000 Fscore:0.4748 acc: 57.0000%(2532/44) 

Sun, 07 Apr 2019 19:17:33: INFO: epoch: 45, train loss: 0.6946, train acc: 0.45, dev loss: 0.6910, dev acc: 0.57, time: 4.52
Sun, 07 Apr 2019 19:17:34: INFO: 
Evaluation - loss: 43.491788 Precision:0.4525 Recall:0.5000 Fscore:0.4749 acc: 57.0000%(2532/44) 

Sun, 07 Apr 2019 19:17:38: INFO: epoch: 46, train loss: 0.6947, train acc: 0.45, dev loss: 0.6910, dev acc: 0.60, time: 4.57
Sun, 07 Apr 2019 19:17:39: INFO: 
Evaluation - loss: 43.491789 Precision:0.4520 Recall:0.5000 Fscore:0.4746 acc: 57.0000%(2532/44) 

Sun, 07 Apr 2019 19:17:43: INFO: epoch: 47, train loss: 0.6948, train acc: 0.45, dev loss: 0.6909, dev acc: 0.58, time: 4.56
Sun, 07 Apr 2019 19:17:44: INFO: 
Evaluation - loss: 43.491789 Precision:0.4523 Recall:0.5000 Fscore:0.4748 acc: 57.0000%(2532/44) 

Sun, 07 Apr 2019 19:17:49: INFO: epoch: 48, train loss: 0.6947, train acc: 0.44, dev loss: 0.6912, dev acc: 0.58, time: 4.49
Sun, 07 Apr 2019 19:17:49: INFO: 
Evaluation - loss: 43.491788 Precision:0.4523 Recall:0.5000 Fscore:0.4748 acc: 57.0000%(2532/44) 

Sun, 07 Apr 2019 19:17:54: INFO: epoch: 49, train loss: 0.6948, train acc: 0.45, dev loss: 0.6907, dev acc: 0.59, time: 4.50
Sun, 07 Apr 2019 19:17:54: INFO: 
Evaluation - loss: 43.491789 Precision:0.4521 Recall:0.5000 Fscore:0.4748 acc: 57.0000%(2532/44) 

Sun, 07 Apr 2019 19:17:59: INFO: epoch: 50, train loss: 0.6949, train acc: 0.44, dev loss: 0.6906, dev acc: 0.59, time: 4.50
Sun, 07 Apr 2019 19:18:00: INFO: 
Evaluation - loss: 43.491788 Precision:0.4525 Recall:0.5000 Fscore:0.4749 acc: 57.0000%(2532/44) 

Sun, 07 Apr 2019 19:18:04: INFO: epoch: 51, train loss: 0.6946, train acc: 0.45, dev loss: 0.6907, dev acc: 0.59, time: 4.52
Sun, 07 Apr 2019 19:18:05: INFO: 
Evaluation - loss: 43.491788 Precision:0.4524 Recall:0.5000 Fscore:0.4748 acc: 57.0000%(2532/44) 

Sun, 07 Apr 2019 19:18:09: INFO: epoch: 52, train loss: 0.6947, train acc: 0.45, dev loss: 0.6904, dev acc: 0.59, time: 4.48
Sun, 07 Apr 2019 19:18:10: INFO: 
Evaluation - loss: 43.491789 Precision:0.4523 Recall:0.5000 Fscore:0.4747 acc: 57.0000%(2532/44) 

Sun, 07 Apr 2019 19:18:14: INFO: epoch: 53, train loss: 0.6948, train acc: 0.44, dev loss: 0.6908, dev acc: 0.59, time: 4.52
Sun, 07 Apr 2019 19:18:15: INFO: 
Evaluation - loss: 43.491788 Precision:0.4521 Recall:0.5000 Fscore:0.4746 acc: 57.0000%(2532/44) 

Sun, 07 Apr 2019 19:18:20: INFO: epoch: 54, train loss: 0.6946, train acc: 0.45, dev loss: 0.6910, dev acc: 0.59, time: 4.49
Sun, 07 Apr 2019 19:18:20: INFO: 
Evaluation - loss: 43.491789 Precision:0.4524 Recall:0.5000 Fscore:0.4749 acc: 57.0000%(2532/44) 

Sun, 07 Apr 2019 19:18:25: INFO: epoch: 55, train loss: 0.6947, train acc: 0.45, dev loss: 0.6909, dev acc: 0.58, time: 4.53
Sun, 07 Apr 2019 19:18:25: INFO: 
Evaluation - loss: 43.491790 Precision:0.4524 Recall:0.5000 Fscore:0.4748 acc: 57.0000%(2532/44) 

Sun, 07 Apr 2019 19:18:30: INFO: epoch: 56, train loss: 0.6947, train acc: 0.45, dev loss: 0.6910, dev acc: 0.57, time: 4.49
Sun, 07 Apr 2019 19:18:31: INFO: 
Evaluation - loss: 43.491791 Precision:0.4520 Recall:0.5000 Fscore:0.4746 acc: 57.0000%(2532/44) 

Sun, 07 Apr 2019 19:18:35: INFO: epoch: 57, train loss: 0.6948, train acc: 0.44, dev loss: 0.6907, dev acc: 0.58, time: 4.64
Sun, 07 Apr 2019 19:18:36: INFO: 
Evaluation - loss: 43.491790 Precision:0.4523 Recall:0.5000 Fscore:0.4747 acc: 57.0000%(2532/44) 

Sun, 07 Apr 2019 19:18:41: INFO: epoch: 58, train loss: 0.6948, train acc: 0.44, dev loss: 0.6906, dev acc: 0.60, time: 4.57
Sun, 07 Apr 2019 19:18:41: INFO: 
Evaluation - loss: 43.491788 Precision:0.4521 Recall:0.5000 Fscore:0.4747 acc: 57.0000%(2532/44) 

Sun, 07 Apr 2019 19:18:46: INFO: epoch: 59, train loss: 0.6946, train acc: 0.45, dev loss: 0.6910, dev acc: 0.58, time: 4.51
Sun, 07 Apr 2019 19:18:46: INFO: 
Evaluation - loss: 43.491790 Precision:0.4638 Recall:0.5114 Fscore:0.4861 acc: 57.0000%(2532/44) 

Sun, 07 Apr 2019 19:18:51: INFO: epoch: 60, train loss: 0.6948, train acc: 0.44, dev loss: 0.6911, dev acc: 0.58, time: 4.50
Sun, 07 Apr 2019 19:18:52: INFO: 
Evaluation - loss: 43.491790 Precision:0.4521 Recall:0.5000 Fscore:0.4746 acc: 57.0000%(2532/44) 

Sun, 07 Apr 2019 19:18:56: INFO: epoch: 61, train loss: 0.6948, train acc: 0.44, dev loss: 0.6906, dev acc: 0.58, time: 4.49
Sun, 07 Apr 2019 19:18:57: INFO: 
Evaluation - loss: 43.491789 Precision:0.4524 Recall:0.5000 Fscore:0.4748 acc: 57.0000%(2532/44) 

Sun, 07 Apr 2019 19:19:01: INFO: epoch: 62, train loss: 0.6948, train acc: 0.44, dev loss: 0.6908, dev acc: 0.58, time: 4.49
Sun, 07 Apr 2019 19:19:02: INFO: 
Evaluation - loss: 43.491789 Precision:0.4523 Recall:0.5000 Fscore:0.4748 acc: 57.0000%(2532/44) 

Sun, 07 Apr 2019 19:19:06: INFO: epoch: 63, train loss: 0.6948, train acc: 0.44, dev loss: 0.6907, dev acc: 0.58, time: 4.55
Sun, 07 Apr 2019 19:19:07: INFO: 
Evaluation - loss: 43.491789 Precision:0.4523 Recall:0.5000 Fscore:0.4748 acc: 57.0000%(2532/44) 

Sun, 07 Apr 2019 19:19:12: INFO: epoch: 64, train loss: 0.6948, train acc: 0.44, dev loss: 0.6908, dev acc: 0.58, time: 4.52
Sun, 07 Apr 2019 19:19:12: INFO: 
Evaluation - loss: 43.491789 Precision:0.4524 Recall:0.5000 Fscore:0.4748 acc: 57.0000%(2532/44) 

Sun, 07 Apr 2019 19:19:17: INFO: epoch: 65, train loss: 0.6948, train acc: 0.44, dev loss: 0.6908, dev acc: 0.58, time: 4.51
Sun, 07 Apr 2019 19:19:17: INFO: 
Evaluation - loss: 43.491788 Precision:0.4523 Recall:0.5000 Fscore:0.4748 acc: 57.0000%(2532/44) 

Sun, 07 Apr 2019 19:19:22: INFO: epoch: 66, train loss: 0.6947, train acc: 0.44, dev loss: 0.6906, dev acc: 0.59, time: 4.78
Sun, 07 Apr 2019 19:19:23: INFO: 
Evaluation - loss: 43.491789 Precision:0.4521 Recall:0.5000 Fscore:0.4747 acc: 57.0000%(2532/44) 

Sun, 07 Apr 2019 19:19:27: INFO: epoch: 67, train loss: 0.6947, train acc: 0.44, dev loss: 0.6908, dev acc: 0.59, time: 4.58
Sun, 07 Apr 2019 19:19:28: INFO: 
Evaluation - loss: 43.491789 Precision:0.4524 Recall:0.5000 Fscore:0.4748 acc: 57.0000%(2532/44) 

Sun, 07 Apr 2019 19:19:33: INFO: epoch: 68, train loss: 0.6948, train acc: 0.44, dev loss: 0.6907, dev acc: 0.58, time: 4.59
Sun, 07 Apr 2019 19:19:33: INFO: 
Evaluation - loss: 43.491790 Precision:0.4522 Recall:0.5000 Fscore:0.4747 acc: 57.0000%(2532/44) 

Sun, 07 Apr 2019 19:19:38: INFO: epoch: 69, train loss: 0.6947, train acc: 0.45, dev loss: 0.6912, dev acc: 0.58, time: 4.68
Sun, 07 Apr 2019 19:19:39: INFO: 
Evaluation - loss: 43.491789 Precision:0.4523 Recall:0.5000 Fscore:0.4747 acc: 57.0000%(2532/44) 

Sun, 07 Apr 2019 19:19:44: INFO: epoch: 70, train loss: 0.6947, train acc: 0.45, dev loss: 0.6907, dev acc: 0.58, time: 4.77
Sun, 07 Apr 2019 19:19:44: INFO: 
Evaluation - loss: 43.491789 Precision:0.4525 Recall:0.5000 Fscore:0.4749 acc: 57.0000%(2532/44) 

Sun, 07 Apr 2019 19:19:49: INFO: epoch: 71, train loss: 0.6948, train acc: 0.44, dev loss: 0.6907, dev acc: 0.59, time: 4.69
Sun, 07 Apr 2019 19:19:50: INFO: 
Evaluation - loss: 43.491789 Precision:0.4521 Recall:0.5000 Fscore:0.4746 acc: 57.0000%(2532/44) 

Sun, 07 Apr 2019 19:19:54: INFO: epoch: 72, train loss: 0.6947, train acc: 0.45, dev loss: 0.6907, dev acc: 0.59, time: 4.82
Sun, 07 Apr 2019 19:19:55: INFO: 
Evaluation - loss: 43.491789 Precision:0.4523 Recall:0.5000 Fscore:0.4747 acc: 57.0000%(2532/44) 

Sun, 07 Apr 2019 19:20:00: INFO: epoch: 73, train loss: 0.6947, train acc: 0.44, dev loss: 0.6903, dev acc: 0.60, time: 4.80
Sun, 07 Apr 2019 19:20:01: INFO: 
Evaluation - loss: 43.491789 Precision:0.4523 Recall:0.5000 Fscore:0.4748 acc: 57.0000%(2532/44) 

Sun, 07 Apr 2019 19:20:05: INFO: epoch: 74, train loss: 0.6948, train acc: 0.45, dev loss: 0.6904, dev acc: 0.59, time: 4.80
Sun, 07 Apr 2019 19:20:06: INFO: 
Evaluation - loss: 43.491788 Precision:0.4525 Recall:0.5000 Fscore:0.4748 acc: 57.0000%(2532/44) 

Sun, 07 Apr 2019 19:20:11: INFO: epoch: 75, train loss: 0.6949, train acc: 0.44, dev loss: 0.6911, dev acc: 0.58, time: 4.80
Sun, 07 Apr 2019 19:20:12: INFO: 
Evaluation - loss: 43.491789 Precision:0.4521 Recall:0.5000 Fscore:0.4746 acc: 57.0000%(2532/44) 

Sun, 07 Apr 2019 19:20:16: INFO: epoch: 76, train loss: 0.6949, train acc: 0.44, dev loss: 0.6909, dev acc: 0.59, time: 4.78
Sun, 07 Apr 2019 19:20:17: INFO: 
Evaluation - loss: 43.491789 Precision:0.4523 Recall:0.5000 Fscore:0.4748 acc: 57.0000%(2532/44) 

Sun, 07 Apr 2019 19:20:22: INFO: epoch: 77, train loss: 0.6947, train acc: 0.45, dev loss: 0.6912, dev acc: 0.57, time: 4.79
Sun, 07 Apr 2019 19:20:22: INFO: 
Evaluation - loss: 43.491790 Precision:0.4524 Recall:0.5000 Fscore:0.4747 acc: 57.0000%(2532/44) 

Sun, 07 Apr 2019 19:20:27: INFO: epoch: 78, train loss: 0.6948, train acc: 0.44, dev loss: 0.6910, dev acc: 0.58, time: 4.74
Sun, 07 Apr 2019 19:20:28: INFO: 
Evaluation - loss: 43.491789 Precision:0.4523 Recall:0.5000 Fscore:0.4748 acc: 57.0000%(2532/44) 

Sun, 07 Apr 2019 19:20:33: INFO: epoch: 79, train loss: 0.6948, train acc: 0.44, dev loss: 0.6911, dev acc: 0.56, time: 4.72
Sun, 07 Apr 2019 19:20:33: INFO: 
Evaluation - loss: 43.491789 Precision:0.4523 Recall:0.5000 Fscore:0.4748 acc: 57.0000%(2532/44) 

Sun, 07 Apr 2019 19:20:38: INFO: epoch: 80, train loss: 0.6948, train acc: 0.44, dev loss: 0.6912, dev acc: 0.58, time: 4.58
Sun, 07 Apr 2019 19:20:38: INFO: 
Evaluation - loss: 43.491789 Precision:0.4521 Recall:0.5000 Fscore:0.4747 acc: 57.0000%(2532/44) 

Sun, 07 Apr 2019 19:20:43: INFO: epoch: 81, train loss: 0.6947, train acc: 0.45, dev loss: 0.6909, dev acc: 0.58, time: 4.82
Sun, 07 Apr 2019 19:20:44: INFO: 
Evaluation - loss: 43.491788 Precision:0.4525 Recall:0.5000 Fscore:0.4748 acc: 57.0000%(2532/44) 

Sun, 07 Apr 2019 19:20:49: INFO: epoch: 82, train loss: 0.6948, train acc: 0.44, dev loss: 0.6907, dev acc: 0.60, time: 4.95
Sun, 07 Apr 2019 19:20:50: INFO: 
Evaluation - loss: 43.491789 Precision:0.4523 Recall:0.5000 Fscore:0.4748 acc: 57.0000%(2532/44) 

Sun, 07 Apr 2019 19:20:54: INFO: epoch: 83, train loss: 0.6948, train acc: 0.45, dev loss: 0.6907, dev acc: 0.57, time: 4.84
Sun, 07 Apr 2019 19:20:55: INFO: 
Evaluation - loss: 43.491788 Precision:0.4525 Recall:0.5000 Fscore:0.4749 acc: 57.0000%(2532/44) 

Sun, 07 Apr 2019 19:21:00: INFO: epoch: 84, train loss: 0.6949, train acc: 0.44, dev loss: 0.6905, dev acc: 0.59, time: 4.84
Sun, 07 Apr 2019 19:21:01: INFO: 
Evaluation - loss: 43.491789 Precision:0.4525 Recall:0.5000 Fscore:0.4748 acc: 57.0000%(2532/44) 

Sun, 07 Apr 2019 19:21:05: INFO: epoch: 85, train loss: 0.6948, train acc: 0.44, dev loss: 0.6906, dev acc: 0.59, time: 4.83
Sun, 07 Apr 2019 19:21:06: INFO: 
Evaluation - loss: 43.491788 Precision:0.4525 Recall:0.5000 Fscore:0.4749 acc: 57.0000%(2532/44) 

Sun, 07 Apr 2019 19:21:11: INFO: epoch: 86, train loss: 0.6947, train acc: 0.44, dev loss: 0.6906, dev acc: 0.59, time: 4.57
Sun, 07 Apr 2019 19:21:11: INFO: 
Evaluation - loss: 43.491789 Precision:0.4521 Recall:0.5000 Fscore:0.4746 acc: 57.0000%(2532/44) 

Sun, 07 Apr 2019 19:21:16: INFO: epoch: 87, train loss: 0.6947, train acc: 0.45, dev loss: 0.6903, dev acc: 0.61, time: 4.73
Sun, 07 Apr 2019 19:21:17: INFO: 
Evaluation - loss: 43.491788 Precision:0.4521 Recall:0.5000 Fscore:0.4746 acc: 57.0000%(2532/44) 

Sun, 07 Apr 2019 19:21:21: INFO: epoch: 88, train loss: 0.6948, train acc: 0.45, dev loss: 0.6908, dev acc: 0.58, time: 4.64
Sun, 07 Apr 2019 19:21:22: INFO: 
Evaluation - loss: 43.491789 Precision:0.4523 Recall:0.5000 Fscore:0.4748 acc: 57.0000%(2532/44) 

Sun, 07 Apr 2019 19:21:27: INFO: epoch: 89, train loss: 0.6947, train acc: 0.45, dev loss: 0.6908, dev acc: 0.60, time: 4.64
Sun, 07 Apr 2019 19:21:27: INFO: 
Evaluation - loss: 43.491789 Precision:0.4520 Recall:0.5000 Fscore:0.4746 acc: 57.0000%(2532/44) 

Sun, 07 Apr 2019 19:21:32: INFO: epoch: 90, train loss: 0.6948, train acc: 0.44, dev loss: 0.6904, dev acc: 0.59, time: 4.66
Sun, 07 Apr 2019 19:21:33: INFO: 
Evaluation - loss: 43.491789 Precision:0.4521 Recall:0.5000 Fscore:0.4747 acc: 57.0000%(2532/44) 

Sun, 07 Apr 2019 19:21:37: INFO: epoch: 91, train loss: 0.6948, train acc: 0.44, dev loss: 0.6911, dev acc: 0.58, time: 4.68
Sun, 07 Apr 2019 19:21:38: INFO: 
Evaluation - loss: 43.491788 Precision:0.4521 Recall:0.5000 Fscore:0.4746 acc: 57.0000%(2532/44) 

Sun, 07 Apr 2019 19:21:43: INFO: epoch: 92, train loss: 0.6948, train acc: 0.44, dev loss: 0.6909, dev acc: 0.58, time: 4.65
Sun, 07 Apr 2019 19:21:43: INFO: 
Evaluation - loss: 43.491789 Precision:0.4636 Recall:0.5114 Fscore:0.4861 acc: 57.0000%(2532/44) 

Sun, 07 Apr 2019 19:21:48: INFO: epoch: 93, train loss: 0.6947, train acc: 0.45, dev loss: 0.6909, dev acc: 0.57, time: 4.61
Sun, 07 Apr 2019 19:21:49: INFO: 
Evaluation - loss: 43.491789 Precision:0.4522 Recall:0.5000 Fscore:0.4747 acc: 57.0000%(2532/44) 

Sun, 07 Apr 2019 19:21:53: INFO: epoch: 94, train loss: 0.6949, train acc: 0.44, dev loss: 0.6910, dev acc: 0.57, time: 4.59
Sun, 07 Apr 2019 19:21:54: INFO: 
Evaluation - loss: 43.491789 Precision:0.4524 Recall:0.5000 Fscore:0.4748 acc: 57.0000%(2532/44) 

Sun, 07 Apr 2019 19:21:59: INFO: epoch: 95, train loss: 0.6947, train acc: 0.45, dev loss: 0.6908, dev acc: 0.58, time: 4.66
Sun, 07 Apr 2019 19:21:59: INFO: 
Evaluation - loss: 43.491789 Precision:0.4520 Recall:0.5000 Fscore:0.4746 acc: 57.0000%(2532/44) 

Sun, 07 Apr 2019 19:22:04: INFO: epoch: 96, train loss: 0.6948, train acc: 0.44, dev loss: 0.6907, dev acc: 0.58, time: 4.65
Sun, 07 Apr 2019 19:22:05: INFO: 
Evaluation - loss: 43.491789 Precision:0.4525 Recall:0.5000 Fscore:0.4748 acc: 57.0000%(2532/44) 

Sun, 07 Apr 2019 19:22:09: INFO: epoch: 97, train loss: 0.6947, train acc: 0.45, dev loss: 0.6911, dev acc: 0.57, time: 4.58
Sun, 07 Apr 2019 19:22:10: INFO: 
Evaluation - loss: 43.491789 Precision:0.4525 Recall:0.5000 Fscore:0.4749 acc: 57.0000%(2532/44) 

Sun, 07 Apr 2019 19:22:14: INFO: epoch: 98, train loss: 0.6948, train acc: 0.44, dev loss: 0.6908, dev acc: 0.58, time: 4.66
Sun, 07 Apr 2019 19:22:15: INFO: 
Evaluation - loss: 43.491789 Precision:0.4520 Recall:0.5000 Fscore:0.4746 acc: 57.0000%(2532/44) 

Sun, 07 Apr 2019 19:22:20: INFO: epoch: 99, train loss: 0.6947, train acc: 0.45, dev loss: 0.6910, dev acc: 0.57, time: 4.67
Sun, 07 Apr 2019 19:22:20: INFO: 
Evaluation - loss: 43.491789 Precision:0.4523 Recall:0.5000 Fscore:0.4748 acc: 57.0000%(2532/44) 

Sun, 07 Apr 2019 19:22:25: INFO: epoch: 100, train loss: 0.6947, train acc: 0.45, dev loss: 0.6906, dev acc: 0.59, time: 4.65
Sun, 07 Apr 2019 19:22:26: INFO: 
Evaluation - loss: 43.491789 Precision:0.4521 Recall:0.5000 Fscore:0.4747 acc: 57.0000%(2532/44) 

