Sun, 07 Apr 2019 21:08:43: INFO: running main.py --model CNN -Opt sgd --run_log umtqe_cnn
Sun, 07 Apr 2019 21:08:43: INFO: 	BATCH_SIZE=64
Sun, 07 Apr 2019 21:08:43: INFO: 	BIDIRECTIONAL=True
Sun, 07 Apr 2019 21:08:43: INFO: 	DEV_FILE=./data/cwmt_dev_comb.txt
Sun, 07 Apr 2019 21:08:43: INFO: 	DROPOUT=0.5
Sun, 07 Apr 2019 21:08:43: INFO: 	EMBED_DIM=300
Sun, 07 Apr 2019 21:08:43: INFO: 	GRAD_CLIP=0.1
Sun, 07 Apr 2019 21:08:43: INFO: 	HIDDEN_DIM=100
Sun, 07 Apr 2019 21:08:43: INFO: 	IN_CHANNELS=1
Sun, 07 Apr 2019 21:08:43: INFO: 	KERNEL_NUMS=300
Sun, 07 Apr 2019 21:08:43: INFO: 	KERNEL_SIZES=[1, 2, 3]
Sun, 07 Apr 2019 21:08:43: INFO: 	LEARNING_RATE=0.8
Sun, 07 Apr 2019 21:08:43: INFO: 	MAX_SEQ_LEN=50
Sun, 07 Apr 2019 21:08:43: INFO: 	MODEL=CNN
Sun, 07 Apr 2019 21:08:43: INFO: 	NUM_CLASS=2
Sun, 07 Apr 2019 21:08:43: INFO: 	NUM_EPOCHS=100
Sun, 07 Apr 2019 21:08:43: INFO: 	NUM_LAYERS=2
Sun, 07 Apr 2019 21:08:43: INFO: 	OPTIMIZER=sgd
Sun, 07 Apr 2019 21:08:43: INFO: 	PREDICTION_FILE=./predictions/cwmt_test.csv
Sun, 07 Apr 2019 21:08:43: INFO: 	PRETRAINED_EMBEDDINGS=./word2vec/wiki.en_zh.vec
Sun, 07 Apr 2019 21:08:43: INFO: 	PRETRAINED_WEIGHTS=tensor([[ 0.0046,  0.0888,  0.0158,  ..., -0.0273, -0.1007, -0.0268],
        [ 0.0402,  0.0190,  0.0198,  ..., -0.0281,  0.0139, -0.0391],
        [ 0.0323, -0.0232, -0.2410,  ...,  0.1280,  0.0193,  0.0316],
        ...,
        [ 0.0000,  0.0000,  0.0000,  ...,  0.0000,  0.0000,  0.0000],
        [ 0.0152,  0.0487,  0.0169,  ..., -0.0937,  0.0144, -0.0132],
        [ 0.0000,  0.0000,  0.0000,  ...,  0.0000,  0.0000,  0.0000]])
Sun, 07 Apr 2019 21:08:43: INFO: 	RUN_LOG=umtqe_cnn
Sun, 07 Apr 2019 21:08:43: INFO: 	SAVED_MODEL=./saved_model/cwmt.en_zh.pt
Sun, 07 Apr 2019 21:08:43: INFO: 	SEED_NUM=123
Sun, 07 Apr 2019 21:08:43: INFO: 	STATIC=False
Sun, 07 Apr 2019 21:08:43: INFO: 	TEST=False
Sun, 07 Apr 2019 21:08:43: INFO: 	TEST_FILE=./data/htqe_test_comb.txt
Sun, 07 Apr 2019 21:08:43: INFO: 	TRAIN_FILE=./data/cwmt_train_comb.txt
Sun, 07 Apr 2019 21:08:43: INFO: 	USE_GPU=True
Sun, 07 Apr 2019 21:08:43: INFO: 	VOCAB_SIZE=44995
Sun, 07 Apr 2019 21:08:43: INFO: 	WEIGHT_DECAY=1e-06
Sun, 07 Apr 2019 21:09:03: INFO: epoch: 1, train loss: 0.6832, train acc: 0.59, dev loss: 0.7122, dev acc: 0.40, time: 17.63
Sun, 07 Apr 2019 21:09:04: INFO: 
Evaluation - loss: 48.185843 Precision:0.0475 Recall:0.5000 Fscore:0.0852 acc: 6.0000%(267/44) 

Sun, 07 Apr 2019 21:09:05: INFO: epoch: 2, train loss: 0.6827, train acc: 0.59, dev loss: 0.7131, dev acc: 0.38, time: 1.51
Sun, 07 Apr 2019 21:09:06: INFO: 
Evaluation - loss: 48.185843 Precision:0.0479 Recall:0.5000 Fscore:0.0864 acc: 6.0000%(267/44) 

Sun, 07 Apr 2019 21:09:07: INFO: epoch: 3, train loss: 0.6827, train acc: 0.59, dev loss: 0.7141, dev acc: 0.38, time: 1.52
Sun, 07 Apr 2019 21:09:08: INFO: 
Evaluation - loss: 48.185843 Precision:0.0476 Recall:0.5000 Fscore:0.0858 acc: 6.0000%(267/44) 

Sun, 07 Apr 2019 21:09:09: INFO: epoch: 4, train loss: 0.6824, train acc: 0.59, dev loss: 0.7116, dev acc: 0.40, time: 1.49
Sun, 07 Apr 2019 21:09:10: INFO: 
Evaluation - loss: 48.185843 Precision:0.0478 Recall:0.5000 Fscore:0.0861 acc: 6.0000%(267/44) 

Sun, 07 Apr 2019 21:09:11: INFO: epoch: 5, train loss: 0.6832, train acc: 0.59, dev loss: 0.7126, dev acc: 0.39, time: 1.47
Sun, 07 Apr 2019 21:09:12: INFO: 
Evaluation - loss: 48.185842 Precision:0.0475 Recall:0.5000 Fscore:0.0857 acc: 6.0000%(267/44) 

Sun, 07 Apr 2019 21:09:13: INFO: epoch: 6, train loss: 0.6829, train acc: 0.59, dev loss: 0.7128, dev acc: 0.40, time: 1.47
Sun, 07 Apr 2019 21:09:13: INFO: 
Evaluation - loss: 48.185844 Precision:0.0477 Recall:0.5000 Fscore:0.0859 acc: 6.0000%(267/44) 

Sun, 07 Apr 2019 21:09:15: INFO: epoch: 7, train loss: 0.6830, train acc: 0.59, dev loss: 0.7126, dev acc: 0.39, time: 1.48
Sun, 07 Apr 2019 21:09:15: INFO: 
Evaluation - loss: 48.185844 Precision:0.0477 Recall:0.5000 Fscore:0.0862 acc: 6.0000%(267/44) 

Sun, 07 Apr 2019 21:09:17: INFO: epoch: 8, train loss: 0.6827, train acc: 0.59, dev loss: 0.7137, dev acc: 0.39, time: 1.55
Sun, 07 Apr 2019 21:09:17: INFO: 
Evaluation - loss: 48.185844 Precision:0.0478 Recall:0.5000 Fscore:0.0864 acc: 6.0000%(267/44) 

Sun, 07 Apr 2019 21:09:19: INFO: epoch: 9, train loss: 0.6828, train acc: 0.59, dev loss: 0.7142, dev acc: 0.38, time: 1.47
Sun, 07 Apr 2019 21:09:19: INFO: 
Evaluation - loss: 48.185844 Precision:0.0476 Recall:0.5000 Fscore:0.0860 acc: 6.0000%(267/44) 

Sun, 07 Apr 2019 21:09:21: INFO: epoch: 10, train loss: 0.6832, train acc: 0.59, dev loss: 0.7126, dev acc: 0.39, time: 1.48
Sun, 07 Apr 2019 21:09:21: INFO: 
Evaluation - loss: 48.185843 Precision:0.0479 Recall:0.5000 Fscore:0.0864 acc: 6.0000%(267/44) 

Sun, 07 Apr 2019 21:09:23: INFO: epoch: 11, train loss: 0.6830, train acc: 0.59, dev loss: 0.7135, dev acc: 0.39, time: 1.47
Sun, 07 Apr 2019 21:09:23: INFO: 
Evaluation - loss: 48.185843 Precision:0.0479 Recall:0.5000 Fscore:0.0864 acc: 6.0000%(267/44) 

Sun, 07 Apr 2019 21:09:25: INFO: epoch: 12, train loss: 0.6826, train acc: 0.59, dev loss: 0.7140, dev acc: 0.39, time: 1.47
Sun, 07 Apr 2019 21:09:25: INFO: 
Evaluation - loss: 48.185843 Precision:0.0477 Recall:0.5000 Fscore:0.0863 acc: 6.0000%(267/44) 

Sun, 07 Apr 2019 21:09:27: INFO: epoch: 13, train loss: 0.6832, train acc: 0.59, dev loss: 0.7136, dev acc: 0.40, time: 1.48
Sun, 07 Apr 2019 21:09:27: INFO: 
Evaluation - loss: 48.185842 Precision:0.0477 Recall:0.5000 Fscore:0.0863 acc: 6.0000%(267/44) 

Sun, 07 Apr 2019 21:09:29: INFO: epoch: 14, train loss: 0.6831, train acc: 0.59, dev loss: 0.7116, dev acc: 0.39, time: 1.48
Sun, 07 Apr 2019 21:09:29: INFO: 
Evaluation - loss: 48.185845 Precision:0.0476 Recall:0.5000 Fscore:0.0855 acc: 6.0000%(267/44) 

Sun, 07 Apr 2019 21:09:30: INFO: epoch: 15, train loss: 0.6829, train acc: 0.59, dev loss: 0.7115, dev acc: 0.40, time: 1.48
Sun, 07 Apr 2019 21:09:31: INFO: 
Evaluation - loss: 48.185844 Precision:0.0475 Recall:0.5000 Fscore:0.0852 acc: 6.0000%(267/44) 

Sun, 07 Apr 2019 21:09:32: INFO: epoch: 16, train loss: 0.6830, train acc: 0.59, dev loss: 0.7124, dev acc: 0.40, time: 1.54
Sun, 07 Apr 2019 21:09:33: INFO: 
Evaluation - loss: 48.185843 Precision:0.0476 Recall:0.5000 Fscore:0.0860 acc: 6.0000%(267/44) 

Sun, 07 Apr 2019 21:09:34: INFO: epoch: 17, train loss: 0.6834, train acc: 0.59, dev loss: 0.7116, dev acc: 0.40, time: 1.47
Sun, 07 Apr 2019 21:09:35: INFO: 
Evaluation - loss: 48.185842 Precision:0.0475 Recall:0.5000 Fscore:0.0852 acc: 6.0000%(267/44) 

Sun, 07 Apr 2019 21:09:36: INFO: epoch: 18, train loss: 0.6832, train acc: 0.59, dev loss: 0.7127, dev acc: 0.40, time: 1.47
Sun, 07 Apr 2019 21:09:37: INFO: 
Evaluation - loss: 48.185843 Precision:0.0475 Recall:0.5000 Fscore:0.0858 acc: 6.0000%(267/44) 

Sun, 07 Apr 2019 21:09:38: INFO: epoch: 19, train loss: 0.6832, train acc: 0.59, dev loss: 0.7132, dev acc: 0.39, time: 1.47
Sun, 07 Apr 2019 21:09:39: INFO: 
Evaluation - loss: 48.185843 Precision:0.0477 Recall:0.5000 Fscore:0.0859 acc: 6.0000%(267/44) 

Sun, 07 Apr 2019 21:09:40: INFO: epoch: 20, train loss: 0.6828, train acc: 0.59, dev loss: 0.7115, dev acc: 0.40, time: 1.47
Sun, 07 Apr 2019 21:09:41: INFO: 
Evaluation - loss: 48.185843 Precision:0.0476 Recall:0.5000 Fscore:0.0859 acc: 6.0000%(267/44) 

Sun, 07 Apr 2019 21:09:42: INFO: epoch: 21, train loss: 0.6830, train acc: 0.59, dev loss: 0.7137, dev acc: 0.39, time: 1.47
Sun, 07 Apr 2019 21:09:43: INFO: 
Evaluation - loss: 48.185843 Precision:0.0476 Recall:0.5000 Fscore:0.0860 acc: 6.0000%(267/44) 

Sun, 07 Apr 2019 21:09:44: INFO: epoch: 22, train loss: 0.6829, train acc: 0.59, dev loss: 0.7126, dev acc: 0.39, time: 1.53
Sun, 07 Apr 2019 21:09:45: INFO: 
Evaluation - loss: 48.185844 Precision:0.0477 Recall:0.4886 Fscore:0.0860 acc: 6.0000%(267/44) 

Sun, 07 Apr 2019 21:09:46: INFO: epoch: 23, train loss: 0.6829, train acc: 0.59, dev loss: 0.7138, dev acc: 0.39, time: 1.47
Sun, 07 Apr 2019 21:09:46: INFO: 
Evaluation - loss: 48.185843 Precision:0.0478 Recall:0.5000 Fscore:0.0862 acc: 6.0000%(267/44) 

Sun, 07 Apr 2019 21:09:48: INFO: epoch: 24, train loss: 0.6829, train acc: 0.59, dev loss: 0.7137, dev acc: 0.39, time: 1.48
Sun, 07 Apr 2019 21:09:48: INFO: 
Evaluation - loss: 48.185842 Precision:0.0477 Recall:0.5000 Fscore:0.0862 acc: 6.0000%(267/44) 

Sun, 07 Apr 2019 21:09:50: INFO: epoch: 25, train loss: 0.6835, train acc: 0.59, dev loss: 0.7116, dev acc: 0.40, time: 1.54
Sun, 07 Apr 2019 21:09:50: INFO: 
Evaluation - loss: 48.185844 Precision:0.0475 Recall:0.5000 Fscore:0.0856 acc: 6.0000%(267/44) 

Sun, 07 Apr 2019 21:09:52: INFO: epoch: 26, train loss: 0.6830, train acc: 0.59, dev loss: 0.7124, dev acc: 0.39, time: 1.48
Sun, 07 Apr 2019 21:09:52: INFO: 
Evaluation - loss: 48.185843 Precision:0.0478 Recall:0.5000 Fscore:0.0864 acc: 6.0000%(267/44) 

Sun, 07 Apr 2019 21:09:54: INFO: epoch: 27, train loss: 0.6829, train acc: 0.59, dev loss: 0.7134, dev acc: 0.38, time: 1.47
Sun, 07 Apr 2019 21:09:54: INFO: 
Evaluation - loss: 48.185843 Precision:0.0479 Recall:0.5000 Fscore:0.0861 acc: 6.0000%(267/44) 

Sun, 07 Apr 2019 21:09:56: INFO: epoch: 28, train loss: 0.6830, train acc: 0.59, dev loss: 0.7145, dev acc: 0.38, time: 1.47
Sun, 07 Apr 2019 21:09:56: INFO: 
Evaluation - loss: 48.185843 Precision:0.0477 Recall:0.5000 Fscore:0.0859 acc: 6.0000%(267/44) 

Sun, 07 Apr 2019 21:09:58: INFO: epoch: 29, train loss: 0.6826, train acc: 0.59, dev loss: 0.7134, dev acc: 0.39, time: 1.48
Sun, 07 Apr 2019 21:09:58: INFO: 
Evaluation - loss: 48.185844 Precision:0.0477 Recall:0.4886 Fscore:0.0860 acc: 6.0000%(267/44) 

Sun, 07 Apr 2019 21:10:00: INFO: epoch: 30, train loss: 0.6827, train acc: 0.59, dev loss: 0.7123, dev acc: 0.40, time: 1.48
Sun, 07 Apr 2019 21:10:00: INFO: 
Evaluation - loss: 48.185842 Precision:0.0477 Recall:0.5000 Fscore:0.0862 acc: 6.0000%(267/44) 

Sun, 07 Apr 2019 21:10:01: INFO: epoch: 31, train loss: 0.6835, train acc: 0.59, dev loss: 0.7127, dev acc: 0.39, time: 1.48
Sun, 07 Apr 2019 21:10:02: INFO: 
Evaluation - loss: 48.185844 Precision:0.0476 Recall:0.4886 Fscore:0.0857 acc: 6.0000%(267/44) 

Sun, 07 Apr 2019 21:10:03: INFO: epoch: 32, train loss: 0.6830, train acc: 0.59, dev loss: 0.7128, dev acc: 0.39, time: 1.48
Sun, 07 Apr 2019 21:10:04: INFO: 
Evaluation - loss: 48.185843 Precision:0.0478 Recall:0.5000 Fscore:0.0863 acc: 6.0000%(267/44) 

Sun, 07 Apr 2019 21:10:05: INFO: epoch: 33, train loss: 0.6832, train acc: 0.59, dev loss: 0.7129, dev acc: 0.39, time: 1.48
Sun, 07 Apr 2019 21:10:06: INFO: 
Evaluation - loss: 48.185843 Precision:0.0477 Recall:0.5000 Fscore:0.0859 acc: 6.0000%(267/44) 

Sun, 07 Apr 2019 21:10:07: INFO: epoch: 34, train loss: 0.6829, train acc: 0.59, dev loss: 0.7140, dev acc: 0.39, time: 1.48
Sun, 07 Apr 2019 21:10:08: INFO: 
Evaluation - loss: 48.185843 Precision:0.0476 Recall:0.5000 Fscore:0.0859 acc: 6.0000%(267/44) 

Sun, 07 Apr 2019 21:10:09: INFO: epoch: 35, train loss: 0.6830, train acc: 0.59, dev loss: 0.7119, dev acc: 0.40, time: 1.48
Sun, 07 Apr 2019 21:10:10: INFO: 
Evaluation - loss: 48.185842 Precision:0.0477 Recall:0.5000 Fscore:0.0864 acc: 6.0000%(267/44) 

Sun, 07 Apr 2019 21:10:11: INFO: epoch: 36, train loss: 0.6828, train acc: 0.59, dev loss: 0.7132, dev acc: 0.39, time: 1.51
Sun, 07 Apr 2019 21:10:12: INFO: 
Evaluation - loss: 48.185842 Precision:0.0479 Recall:0.5000 Fscore:0.0864 acc: 6.0000%(267/44) 

Sun, 07 Apr 2019 21:10:13: INFO: epoch: 37, train loss: 0.6826, train acc: 0.59, dev loss: 0.7098, dev acc: 0.40, time: 1.56
Sun, 07 Apr 2019 21:10:14: INFO: 
Evaluation - loss: 48.185843 Precision:0.0475 Recall:0.5000 Fscore:0.0853 acc: 6.0000%(267/44) 

Sun, 07 Apr 2019 21:10:15: INFO: epoch: 38, train loss: 0.6830, train acc: 0.59, dev loss: 0.7108, dev acc: 0.40, time: 1.48
Sun, 07 Apr 2019 21:10:16: INFO: 
Evaluation - loss: 48.185843 Precision:0.0476 Recall:0.5000 Fscore:0.0856 acc: 6.0000%(267/44) 

Sun, 07 Apr 2019 21:10:17: INFO: epoch: 39, train loss: 0.6834, train acc: 0.59, dev loss: 0.7129, dev acc: 0.39, time: 1.48
Sun, 07 Apr 2019 21:10:17: INFO: 
Evaluation - loss: 48.185843 Precision:0.0477 Recall:0.5000 Fscore:0.0863 acc: 6.0000%(267/44) 

Sun, 07 Apr 2019 21:10:19: INFO: epoch: 40, train loss: 0.6828, train acc: 0.59, dev loss: 0.7135, dev acc: 0.38, time: 1.48
Sun, 07 Apr 2019 21:10:19: INFO: 
Evaluation - loss: 48.185843 Precision:0.0477 Recall:0.5000 Fscore:0.0858 acc: 6.0000%(267/44) 

Sun, 07 Apr 2019 21:10:21: INFO: epoch: 41, train loss: 0.6831, train acc: 0.59, dev loss: 0.7104, dev acc: 0.40, time: 1.55
Sun, 07 Apr 2019 21:10:21: INFO: 
Evaluation - loss: 48.185845 Precision:0.0476 Recall:0.5000 Fscore:0.0859 acc: 6.0000%(267/44) 

Sun, 07 Apr 2019 21:10:23: INFO: epoch: 42, train loss: 0.6832, train acc: 0.59, dev loss: 0.7124, dev acc: 0.39, time: 1.48
Sun, 07 Apr 2019 21:10:23: INFO: 
Evaluation - loss: 48.185843 Precision:0.0477 Recall:0.5000 Fscore:0.0864 acc: 6.0000%(267/44) 

Sun, 07 Apr 2019 21:10:25: INFO: epoch: 43, train loss: 0.6829, train acc: 0.59, dev loss: 0.7120, dev acc: 0.39, time: 1.49
Sun, 07 Apr 2019 21:10:25: INFO: 
Evaluation - loss: 48.185843 Precision:0.0477 Recall:0.5000 Fscore:0.0858 acc: 6.0000%(267/44) 

Sun, 07 Apr 2019 21:10:27: INFO: epoch: 44, train loss: 0.6828, train acc: 0.59, dev loss: 0.7125, dev acc: 0.40, time: 1.48
Sun, 07 Apr 2019 21:10:27: INFO: 
Evaluation - loss: 48.185844 Precision:0.0477 Recall:0.5000 Fscore:0.0865 acc: 6.0000%(267/44) 

Sun, 07 Apr 2019 21:10:29: INFO: epoch: 45, train loss: 0.6832, train acc: 0.59, dev loss: 0.7116, dev acc: 0.40, time: 1.49
Sun, 07 Apr 2019 21:10:29: INFO: 
Evaluation - loss: 48.185844 Precision:0.0476 Recall:0.5000 Fscore:0.0858 acc: 6.0000%(267/44) 

Sun, 07 Apr 2019 21:10:31: INFO: epoch: 46, train loss: 0.6831, train acc: 0.59, dev loss: 0.7124, dev acc: 0.39, time: 1.48
Sun, 07 Apr 2019 21:10:31: INFO: 
Evaluation - loss: 48.185844 Precision:0.0477 Recall:0.5000 Fscore:0.0861 acc: 6.0000%(267/44) 

Sun, 07 Apr 2019 21:10:33: INFO: epoch: 47, train loss: 0.6834, train acc: 0.59, dev loss: 0.7127, dev acc: 0.39, time: 1.48
Sun, 07 Apr 2019 21:10:33: INFO: 
Evaluation - loss: 48.185843 Precision:0.0476 Recall:0.5000 Fscore:0.0857 acc: 6.0000%(267/44) 

Sun, 07 Apr 2019 21:10:34: INFO: epoch: 48, train loss: 0.6828, train acc: 0.59, dev loss: 0.7112, dev acc: 0.40, time: 1.49
Sun, 07 Apr 2019 21:10:35: INFO: 
Evaluation - loss: 48.185843 Precision:0.0477 Recall:0.5000 Fscore:0.0859 acc: 6.0000%(267/44) 

Sun, 07 Apr 2019 21:10:36: INFO: epoch: 49, train loss: 0.6831, train acc: 0.59, dev loss: 0.7126, dev acc: 0.39, time: 1.48
Sun, 07 Apr 2019 21:10:37: INFO: 
Evaluation - loss: 48.185843 Precision:0.0479 Recall:0.4886 Fscore:0.0862 acc: 6.0000%(267/44) 

Sun, 07 Apr 2019 21:10:38: INFO: epoch: 50, train loss: 0.6830, train acc: 0.59, dev loss: 0.7121, dev acc: 0.39, time: 1.48
Sun, 07 Apr 2019 21:10:39: INFO: 
Evaluation - loss: 48.185843 Precision:0.0478 Recall:0.5000 Fscore:0.0862 acc: 6.0000%(267/44) 

Sun, 07 Apr 2019 21:10:40: INFO: epoch: 51, train loss: 0.6831, train acc: 0.59, dev loss: 0.7122, dev acc: 0.39, time: 1.48
Sun, 07 Apr 2019 21:10:41: INFO: 
Evaluation - loss: 48.185843 Precision:0.0478 Recall:0.5000 Fscore:0.0862 acc: 6.0000%(267/44) 

Sun, 07 Apr 2019 21:10:42: INFO: epoch: 52, train loss: 0.6829, train acc: 0.59, dev loss: 0.7101, dev acc: 0.40, time: 1.47
Sun, 07 Apr 2019 21:10:43: INFO: 
Evaluation - loss: 48.185843 Precision:0.0476 Recall:0.5000 Fscore:0.0859 acc: 6.0000%(267/44) 

Sun, 07 Apr 2019 21:10:44: INFO: epoch: 53, train loss: 0.6826, train acc: 0.59, dev loss: 0.7135, dev acc: 0.38, time: 1.48
Sun, 07 Apr 2019 21:10:45: INFO: 
Evaluation - loss: 48.185842 Precision:0.0477 Recall:0.5000 Fscore:0.0861 acc: 6.0000%(267/44) 

Sun, 07 Apr 2019 21:10:46: INFO: epoch: 54, train loss: 0.6833, train acc: 0.59, dev loss: 0.7109, dev acc: 0.40, time: 1.48
Sun, 07 Apr 2019 21:10:46: INFO: 
Evaluation - loss: 48.185844 Precision:0.0477 Recall:0.4886 Fscore:0.0857 acc: 6.0000%(267/44) 

Sun, 07 Apr 2019 21:10:48: INFO: epoch: 55, train loss: 0.6831, train acc: 0.59, dev loss: 0.7126, dev acc: 0.40, time: 1.48
Sun, 07 Apr 2019 21:10:48: INFO: 
Evaluation - loss: 48.185843 Precision:0.0477 Recall:0.5000 Fscore:0.0863 acc: 6.0000%(267/44) 

Sun, 07 Apr 2019 21:10:50: INFO: epoch: 56, train loss: 0.6831, train acc: 0.59, dev loss: 0.7134, dev acc: 0.38, time: 1.48
Sun, 07 Apr 2019 21:10:50: INFO: 
Evaluation - loss: 48.185844 Precision:0.0476 Recall:0.5000 Fscore:0.0862 acc: 6.0000%(267/44) 

Sun, 07 Apr 2019 21:10:52: INFO: epoch: 57, train loss: 0.6828, train acc: 0.59, dev loss: 0.7143, dev acc: 0.39, time: 1.48
Sun, 07 Apr 2019 21:10:52: INFO: 
Evaluation - loss: 48.185843 Precision:0.0476 Recall:0.5000 Fscore:0.0860 acc: 6.0000%(267/44) 

Sun, 07 Apr 2019 21:10:54: INFO: epoch: 58, train loss: 0.6827, train acc: 0.59, dev loss: 0.7122, dev acc: 0.40, time: 1.49
Sun, 07 Apr 2019 21:10:54: INFO: 
Evaluation - loss: 48.185843 Precision:0.0478 Recall:0.5000 Fscore:0.0862 acc: 6.0000%(267/44) 

Sun, 07 Apr 2019 21:10:56: INFO: epoch: 59, train loss: 0.6831, train acc: 0.59, dev loss: 0.7132, dev acc: 0.39, time: 1.48
Sun, 07 Apr 2019 21:10:56: INFO: 
Evaluation - loss: 48.185843 Precision:0.0475 Recall:0.5000 Fscore:0.0857 acc: 6.0000%(267/44) 

Sun, 07 Apr 2019 21:10:58: INFO: epoch: 60, train loss: 0.6835, train acc: 0.59, dev loss: 0.7128, dev acc: 0.39, time: 1.48
Sun, 07 Apr 2019 21:10:58: INFO: 
Evaluation - loss: 48.185843 Precision:0.0475 Recall:0.5000 Fscore:0.0858 acc: 6.0000%(267/44) 

Sun, 07 Apr 2019 21:11:00: INFO: epoch: 61, train loss: 0.6833, train acc: 0.59, dev loss: 0.7135, dev acc: 0.39, time: 1.48
Sun, 07 Apr 2019 21:11:00: INFO: 
Evaluation - loss: 48.185842 Precision:0.0477 Recall:0.5000 Fscore:0.0860 acc: 6.0000%(267/44) 

Sun, 07 Apr 2019 21:11:02: INFO: epoch: 62, train loss: 0.6828, train acc: 0.59, dev loss: 0.7114, dev acc: 0.39, time: 1.48
Sun, 07 Apr 2019 21:11:02: INFO: 
Evaluation - loss: 48.185843 Precision:0.0478 Recall:0.5000 Fscore:0.0862 acc: 6.0000%(267/44) 

Sun, 07 Apr 2019 21:11:03: INFO: epoch: 63, train loss: 0.6829, train acc: 0.59, dev loss: 0.7129, dev acc: 0.39, time: 1.48
Sun, 07 Apr 2019 21:11:04: INFO: 
Evaluation - loss: 48.185844 Precision:0.0477 Recall:0.5000 Fscore:0.0860 acc: 6.0000%(267/44) 

Sun, 07 Apr 2019 21:11:05: INFO: epoch: 64, train loss: 0.6832, train acc: 0.59, dev loss: 0.7132, dev acc: 0.39, time: 1.48
Sun, 07 Apr 2019 21:11:06: INFO: 
Evaluation - loss: 48.185843 Precision:0.0477 Recall:0.5000 Fscore:0.0860 acc: 6.0000%(267/44) 

Sun, 07 Apr 2019 21:11:07: INFO: epoch: 65, train loss: 0.6830, train acc: 0.59, dev loss: 0.7142, dev acc: 0.38, time: 1.48
Sun, 07 Apr 2019 21:11:08: INFO: 
Evaluation - loss: 48.185844 Precision:0.0477 Recall:0.5000 Fscore:0.0862 acc: 6.0000%(267/44) 

Sun, 07 Apr 2019 21:11:09: INFO: epoch: 66, train loss: 0.6824, train acc: 0.59, dev loss: 0.7131, dev acc: 0.38, time: 1.48
Sun, 07 Apr 2019 21:11:10: INFO: 
Evaluation - loss: 48.185842 Precision:0.0475 Recall:0.5000 Fscore:0.0858 acc: 6.0000%(267/44) 

Sun, 07 Apr 2019 21:11:11: INFO: epoch: 67, train loss: 0.6829, train acc: 0.59, dev loss: 0.7122, dev acc: 0.40, time: 1.48
Sun, 07 Apr 2019 21:11:12: INFO: 
Evaluation - loss: 48.185843 Precision:0.0477 Recall:0.5000 Fscore:0.0863 acc: 6.0000%(267/44) 

Sun, 07 Apr 2019 21:11:13: INFO: epoch: 68, train loss: 0.6831, train acc: 0.59, dev loss: 0.7135, dev acc: 0.39, time: 1.50
Sun, 07 Apr 2019 21:11:14: INFO: 
Evaluation - loss: 48.185843 Precision:0.0477 Recall:0.5000 Fscore:0.0860 acc: 6.0000%(267/44) 

Sun, 07 Apr 2019 21:11:15: INFO: epoch: 69, train loss: 0.6832, train acc: 0.59, dev loss: 0.7136, dev acc: 0.39, time: 1.50
Sun, 07 Apr 2019 21:11:16: INFO: 
Evaluation - loss: 48.185844 Precision:0.0476 Recall:0.5000 Fscore:0.0862 acc: 6.0000%(267/44) 

Sun, 07 Apr 2019 21:11:17: INFO: epoch: 70, train loss: 0.6834, train acc: 0.59, dev loss: 0.7132, dev acc: 0.38, time: 1.49
Sun, 07 Apr 2019 21:11:17: INFO: 
Evaluation - loss: 48.185844 Precision:0.0477 Recall:0.5000 Fscore:0.0863 acc: 6.0000%(267/44) 

Sun, 07 Apr 2019 21:11:19: INFO: epoch: 71, train loss: 0.6829, train acc: 0.59, dev loss: 0.7132, dev acc: 0.39, time: 1.48
Sun, 07 Apr 2019 21:11:19: INFO: 
Evaluation - loss: 48.185843 Precision:0.0477 Recall:0.5000 Fscore:0.0861 acc: 6.0000%(267/44) 

Sun, 07 Apr 2019 21:11:21: INFO: epoch: 72, train loss: 0.6832, train acc: 0.59, dev loss: 0.7124, dev acc: 0.40, time: 1.48
Sun, 07 Apr 2019 21:11:21: INFO: 
Evaluation - loss: 48.185843 Precision:0.0478 Recall:0.5000 Fscore:0.0859 acc: 6.0000%(267/44) 

Sun, 07 Apr 2019 21:11:23: INFO: epoch: 73, train loss: 0.6826, train acc: 0.59, dev loss: 0.7132, dev acc: 0.38, time: 1.48
Sun, 07 Apr 2019 21:11:23: INFO: 
Evaluation - loss: 48.185844 Precision:0.0478 Recall:0.5000 Fscore:0.0865 acc: 6.0000%(267/44) 

Sun, 07 Apr 2019 21:11:25: INFO: epoch: 74, train loss: 0.6831, train acc: 0.59, dev loss: 0.7123, dev acc: 0.40, time: 1.55
Sun, 07 Apr 2019 21:11:25: INFO: 
Evaluation - loss: 48.185842 Precision:0.0478 Recall:0.5000 Fscore:0.0859 acc: 6.0000%(267/44) 

