Sun, 07 Apr 2019 18:11:19: INFO: running main.py --model CNN_BiLSTM -Opt sgd --run_log umtqe_cnnbilstm
Sun, 07 Apr 2019 18:11:19: INFO: 	BATCH_SIZE=64
Sun, 07 Apr 2019 18:11:19: INFO: 	BIDIRECTIONAL=True
Sun, 07 Apr 2019 18:11:19: INFO: 	DEV_FILE=./data/cwmt_dev_comb.txt
Sun, 07 Apr 2019 18:11:19: INFO: 	DROPOUT=0.3
Sun, 07 Apr 2019 18:11:19: INFO: 	EMBED_DIM=300
Sun, 07 Apr 2019 18:11:19: INFO: 	GRAD_CLIP=0.1
Sun, 07 Apr 2019 18:11:19: INFO: 	HIDDEN_DIM=200
Sun, 07 Apr 2019 18:11:19: INFO: 	IN_CHANNELS=1
Sun, 07 Apr 2019 18:11:19: INFO: 	KERNEL_NUMS=200
Sun, 07 Apr 2019 18:11:19: INFO: 	KERNEL_SIZES=[3, 4, 5]
Sun, 07 Apr 2019 18:11:19: INFO: 	LEARNING_RATE=0.8
Sun, 07 Apr 2019 18:11:19: INFO: 	MAX_SEQ_LEN=50
Sun, 07 Apr 2019 18:11:19: INFO: 	MODEL=CNN_BiLSTM
Sun, 07 Apr 2019 18:11:19: INFO: 	NUM_CLASS=2
Sun, 07 Apr 2019 18:11:19: INFO: 	NUM_EPOCHS=100
Sun, 07 Apr 2019 18:11:19: INFO: 	NUM_LAYERS=3
Sun, 07 Apr 2019 18:11:19: INFO: 	OPTIMIZER=sgd
Sun, 07 Apr 2019 18:11:19: INFO: 	PREDICTION_FILE=./predictions/cwmt_test.csv
Sun, 07 Apr 2019 18:11:19: INFO: 	PRETRAINED_EMBEDDINGS=./word2vec/wiki.en_zh.vec
Sun, 07 Apr 2019 18:11:19: INFO: 	PRETRAINED_WEIGHTS=tensor([[ 0.0046,  0.0888,  0.0158,  ..., -0.0273, -0.1007, -0.0268],
        [ 0.0218, -0.0040,  0.0438,  ..., -0.0314, -0.1705,  0.0745],
        [-0.0107,  0.0231,  0.0664,  ..., -0.0248,  0.0156,  0.0361],
        ...,
        [-0.0470,  0.0669,  0.0323,  ...,  0.0300, -0.0415,  0.0231],
        [ 0.0249, -0.0428, -0.0792,  ...,  0.0514,  0.1265, -0.1054],
        [ 0.0726, -0.0068,  0.0893,  ..., -0.0267,  0.0414,  0.0241]])
Sun, 07 Apr 2019 18:11:19: INFO: 	RUN_LOG=umtqe_cnnbilstm
Sun, 07 Apr 2019 18:11:19: INFO: 	SAVED_MODEL=./saved_model/cwmt.en_zh.pt
Sun, 07 Apr 2019 18:11:19: INFO: 	SEED_NUM=123
Sun, 07 Apr 2019 18:11:19: INFO: 	STATIC=False
Sun, 07 Apr 2019 18:11:19: INFO: 	TEST=False
Sun, 07 Apr 2019 18:11:19: INFO: 	TEST_FILE=./data/htqe_test_comb.txt
Sun, 07 Apr 2019 18:11:19: INFO: 	TRAIN_FILE=./data/cwmt_train_comb.txt
Sun, 07 Apr 2019 18:11:19: INFO: 	USE_GPU=True
Sun, 07 Apr 2019 18:11:19: INFO: 	VOCAB_SIZE=44995
Sun, 07 Apr 2019 18:11:19: INFO: 	WEIGHT_DECAY=0.001
Sun, 07 Apr 2019 18:11:48: INFO: epoch: 1, train loss: 0.6920, train acc: 0.54, dev loss: 0.6948, dev acc: 0.45, time: 25.06
Sun, 07 Apr 2019 18:11:48: INFO: 
Evaluation - loss: 44.357483 Precision:0.4985 Recall:0.5103 Fscore:0.1931 acc: 12.0000%(551/44) 

Sun, 07 Apr 2019 18:11:54: INFO: epoch: 2, train loss: 0.6920, train acc: 0.54, dev loss: 0.6950, dev acc: 0.46, time: 5.87
Sun, 07 Apr 2019 18:11:55: INFO: 
Evaluation - loss: 44.357483 Precision:0.5067 Recall:0.5052 Fscore:0.1945 acc: 12.0000%(551/44) 

Sun, 07 Apr 2019 18:12:01: INFO: epoch: 3, train loss: 0.6920, train acc: 0.54, dev loss: 0.6949, dev acc: 0.45, time: 5.80
Sun, 07 Apr 2019 18:12:01: INFO: 
Evaluation - loss: 44.357483 Precision:0.5027 Recall:0.5065 Fscore:0.1941 acc: 12.0000%(551/44) 

Sun, 07 Apr 2019 18:12:07: INFO: epoch: 4, train loss: 0.6921, train acc: 0.53, dev loss: 0.6953, dev acc: 0.45, time: 5.82
Sun, 07 Apr 2019 18:12:08: INFO: 
Evaluation - loss: 44.357484 Precision:0.4980 Recall:0.5003 Fscore:0.1940 acc: 12.0000%(551/44) 

Sun, 07 Apr 2019 18:12:14: INFO: epoch: 5, train loss: 0.6921, train acc: 0.54, dev loss: 0.6945, dev acc: 0.46, time: 6.17
Sun, 07 Apr 2019 18:12:15: INFO: 
Evaluation - loss: 44.357482 Precision:0.5051 Recall:0.5090 Fscore:0.1938 acc: 12.0000%(551/44) 

Sun, 07 Apr 2019 18:12:21: INFO: epoch: 6, train loss: 0.6919, train acc: 0.54, dev loss: 0.6952, dev acc: 0.44, time: 5.81
Sun, 07 Apr 2019 18:12:21: INFO: 
Evaluation - loss: 44.357483 Precision:0.4995 Recall:0.5061 Fscore:0.1937 acc: 12.0000%(551/44) 

Sun, 07 Apr 2019 18:12:28: INFO: epoch: 7, train loss: 0.6921, train acc: 0.53, dev loss: 0.6943, dev acc: 0.47, time: 6.52
Sun, 07 Apr 2019 18:12:29: INFO: 
Evaluation - loss: 44.357484 Precision:0.5009 Recall:0.4911 Fscore:0.1934 acc: 12.0000%(551/44) 

Sun, 07 Apr 2019 18:12:35: INFO: epoch: 8, train loss: 0.6921, train acc: 0.53, dev loss: 0.6947, dev acc: 0.47, time: 5.91
Sun, 07 Apr 2019 18:12:35: INFO: 
Evaluation - loss: 44.357483 Precision:0.5009 Recall:0.5030 Fscore:0.1943 acc: 12.0000%(551/44) 

Sun, 07 Apr 2019 18:12:41: INFO: epoch: 9, train loss: 0.6919, train acc: 0.54, dev loss: 0.6945, dev acc: 0.46, time: 5.80
Sun, 07 Apr 2019 18:12:42: INFO: 
Evaluation - loss: 44.357484 Precision:0.5009 Recall:0.4955 Fscore:0.1948 acc: 12.0000%(551/44) 

Sun, 07 Apr 2019 18:12:48: INFO: epoch: 10, train loss: 0.6919, train acc: 0.54, dev loss: 0.6948, dev acc: 0.47, time: 5.90
Sun, 07 Apr 2019 18:12:48: INFO: 
Evaluation - loss: 44.357483 Precision:0.4962 Recall:0.5037 Fscore:0.1937 acc: 12.0000%(551/44) 

Sun, 07 Apr 2019 18:12:54: INFO: epoch: 11, train loss: 0.6920, train acc: 0.54, dev loss: 0.6942, dev acc: 0.48, time: 5.87
Sun, 07 Apr 2019 18:12:55: INFO: 
Evaluation - loss: 44.357482 Precision:0.5008 Recall:0.4986 Fscore:0.1934 acc: 12.0000%(551/44) 

Sun, 07 Apr 2019 18:13:01: INFO: epoch: 12, train loss: 0.6918, train acc: 0.54, dev loss: 0.6951, dev acc: 0.45, time: 5.82
Sun, 07 Apr 2019 18:13:02: INFO: 
Evaluation - loss: 44.357483 Precision:0.5035 Recall:0.5053 Fscore:0.1941 acc: 12.0000%(551/44) 

Sun, 07 Apr 2019 18:13:08: INFO: epoch: 13, train loss: 0.6922, train acc: 0.53, dev loss: 0.6942, dev acc: 0.48, time: 6.31
Sun, 07 Apr 2019 18:13:09: INFO: 
Evaluation - loss: 44.357483 Precision:0.5015 Recall:0.4959 Fscore:0.1943 acc: 12.0000%(551/44) 

Sun, 07 Apr 2019 18:13:15: INFO: epoch: 14, train loss: 0.6921, train acc: 0.53, dev loss: 0.6945, dev acc: 0.46, time: 6.09
Sun, 07 Apr 2019 18:13:15: INFO: 
Evaluation - loss: 44.357483 Precision:0.5038 Recall:0.5062 Fscore:0.1953 acc: 12.0000%(551/44) 

Sun, 07 Apr 2019 18:13:22: INFO: epoch: 15, train loss: 0.6918, train acc: 0.53, dev loss: 0.6948, dev acc: 0.46, time: 6.12
