Sun, 07 Apr 2019 21:18:50: INFO: running main.py --model CNN -Opt sgd --run_log umtqe_cnn
Sun, 07 Apr 2019 21:18:50: INFO: 	BATCH_SIZE=64
Sun, 07 Apr 2019 21:18:50: INFO: 	BIDIRECTIONAL=True
Sun, 07 Apr 2019 21:18:50: INFO: 	DEV_FILE=./data/cwmt_dev_comb.txt
Sun, 07 Apr 2019 21:18:50: INFO: 	DROPOUT=0.5
Sun, 07 Apr 2019 21:18:50: INFO: 	EMBED_DIM=300
Sun, 07 Apr 2019 21:18:50: INFO: 	GRAD_CLIP=0.1
Sun, 07 Apr 2019 21:18:50: INFO: 	HIDDEN_DIM=100
Sun, 07 Apr 2019 21:18:50: INFO: 	IN_CHANNELS=1
Sun, 07 Apr 2019 21:18:50: INFO: 	KERNEL_NUMS=300
Sun, 07 Apr 2019 21:18:50: INFO: 	KERNEL_SIZES=[1, 2, 3]
Sun, 07 Apr 2019 21:18:50: INFO: 	LEARNING_RATE=0.8
Sun, 07 Apr 2019 21:18:50: INFO: 	MAX_SEQ_LEN=50
Sun, 07 Apr 2019 21:18:50: INFO: 	MODEL=CNN
Sun, 07 Apr 2019 21:18:50: INFO: 	NUM_CLASS=2
Sun, 07 Apr 2019 21:18:50: INFO: 	NUM_EPOCHS=100
Sun, 07 Apr 2019 21:18:50: INFO: 	NUM_LAYERS=2
Sun, 07 Apr 2019 21:18:50: INFO: 	OPTIMIZER=sgd
Sun, 07 Apr 2019 21:18:50: INFO: 	PREDICTION_FILE=./predictions/cwmt_test.csv
Sun, 07 Apr 2019 21:18:50: INFO: 	PRETRAINED_EMBEDDINGS=./word2vec/wiki.en_zh.vec
Sun, 07 Apr 2019 21:18:50: INFO: 	PRETRAINED_WEIGHTS=tensor([[ 0.0046,  0.0888,  0.0158,  ..., -0.0273, -0.1007, -0.0268],
        [ 0.0154,  0.0650,  0.1005,  ..., -0.0302, -0.0130,  0.0019],
        [ 0.0463,  0.0256,  0.0678,  ..., -0.0237, -0.0394,  0.0121],
        ...,
        [ 0.0221, -0.0768, -0.0206,  ..., -0.0625, -0.0014,  0.0178],
        [ 0.0000,  0.0000,  0.0000,  ...,  0.0000,  0.0000,  0.0000],
        [ 0.0000,  0.0000,  0.0000,  ...,  0.0000,  0.0000,  0.0000]])
Sun, 07 Apr 2019 21:18:50: INFO: 	RUN_LOG=umtqe_cnn
Sun, 07 Apr 2019 21:18:50: INFO: 	SAVED_MODEL=./saved_model/cwmt.en_zh.pt
Sun, 07 Apr 2019 21:18:50: INFO: 	SEED_NUM=123
Sun, 07 Apr 2019 21:18:50: INFO: 	STATIC=False
Sun, 07 Apr 2019 21:18:50: INFO: 	TEST=False
Sun, 07 Apr 2019 21:18:50: INFO: 	TEST_FILE=./data/htqe_test_comb.txt
Sun, 07 Apr 2019 21:18:50: INFO: 	TRAIN_FILE=./data/cwmt_train_comb.txt
Sun, 07 Apr 2019 21:18:50: INFO: 	USE_GPU=True
Sun, 07 Apr 2019 21:18:50: INFO: 	VOCAB_SIZE=44995
Sun, 07 Apr 2019 21:18:50: INFO: 	WEIGHT_DECAY=1e-06
