Sun, 07 Apr 2019 14:06:00: INFO: running main.py --model CNN_BiLSTM -Opt sgd --run_log umtqe_cnnbilstm
Sun, 07 Apr 2019 14:06:00: INFO: 	BATCH_SIZE=64
Sun, 07 Apr 2019 14:06:00: INFO: 	BIDIRECTIONAL=True
Sun, 07 Apr 2019 14:06:00: INFO: 	DEV_FILE=./data/cwmt_dev_comb.txt
Sun, 07 Apr 2019 14:06:00: INFO: 	DROPOUT=0.3
Sun, 07 Apr 2019 14:06:00: INFO: 	EMBED_DIM=300
Sun, 07 Apr 2019 14:06:00: INFO: 	GRAD_CLIP=0.1
Sun, 07 Apr 2019 14:06:00: INFO: 	HIDDEN_DIM=200
Sun, 07 Apr 2019 14:06:00: INFO: 	IN_CHANNELS=1
Sun, 07 Apr 2019 14:06:00: INFO: 	KERNEL_NUMS=200
Sun, 07 Apr 2019 14:06:00: INFO: 	KERNEL_SIZES=[2, 3, 4]
Sun, 07 Apr 2019 14:06:00: INFO: 	LEARNING_RATE=0.9
Sun, 07 Apr 2019 14:06:00: INFO: 	MAX_SEQ_LEN=50
Sun, 07 Apr 2019 14:06:00: INFO: 	MODEL=CNN_BiLSTM
Sun, 07 Apr 2019 14:06:00: INFO: 	NUM_CLASS=2
Sun, 07 Apr 2019 14:06:00: INFO: 	NUM_EPOCHS=100
Sun, 07 Apr 2019 14:06:00: INFO: 	NUM_LAYERS=3
Sun, 07 Apr 2019 14:06:00: INFO: 	OPTIMIZER=sgd
Sun, 07 Apr 2019 14:06:00: INFO: 	PREDICTION_FILE=./predictions/cwmt_test.csv
Sun, 07 Apr 2019 14:06:00: INFO: 	PRETRAINED_EMBEDDINGS=./word2vec/wiki.en_zh.vec
Sun, 07 Apr 2019 14:06:00: INFO: 	PRETRAINED_WEIGHTS=tensor([[ 0.0046,  0.0888,  0.0158,  ..., -0.0273, -0.1007, -0.0268],
        [ 0.0000,  0.0000,  0.0000,  ...,  0.0000,  0.0000,  0.0000],
        [ 0.0493, -0.0268, -0.0307,  ..., -0.0968, -0.0292,  0.0370],
        ...,
        [-0.0298,  0.0264, -0.0363,  ..., -0.0446, -0.1024, -0.0240],
        [ 0.0000,  0.0000,  0.0000,  ...,  0.0000,  0.0000,  0.0000],
        [ 0.0000,  0.0000,  0.0000,  ...,  0.0000,  0.0000,  0.0000]])
Sun, 07 Apr 2019 14:06:00: INFO: 	RUN_LOG=umtqe_cnnbilstm
Sun, 07 Apr 2019 14:06:00: INFO: 	SAVED_MODEL=./saved_model/cwmt.en_zh.pt
Sun, 07 Apr 2019 14:06:00: INFO: 	SEED_NUM=123
Sun, 07 Apr 2019 14:06:00: INFO: 	STATIC=False
Sun, 07 Apr 2019 14:06:00: INFO: 	TEST=False
Sun, 07 Apr 2019 14:06:00: INFO: 	TEST_FILE=./data/htqe_test_comb.txt
Sun, 07 Apr 2019 14:06:00: INFO: 	TRAIN_FILE=./data/cwmt_train_comb.txt
Sun, 07 Apr 2019 14:06:00: INFO: 	USE_GPU=True
Sun, 07 Apr 2019 14:06:00: INFO: 	VOCAB_SIZE=44995
Sun, 07 Apr 2019 14:06:00: INFO: 	WEIGHT_DECAY=0.001
