Sun, 07 Apr 2019 14:31:38: INFO: running main.py --model CNN_BiLSTM -Opt sgd --run_log umtqe_cnnbilstm
Sun, 07 Apr 2019 14:31:38: INFO: 	BATCH_SIZE=64
Sun, 07 Apr 2019 14:31:38: INFO: 	BIDIRECTIONAL=True
Sun, 07 Apr 2019 14:31:38: INFO: 	DEV_FILE=./data/cwmt_dev_comb.txt
Sun, 07 Apr 2019 14:31:38: INFO: 	DROPOUT=0.3
Sun, 07 Apr 2019 14:31:38: INFO: 	EMBED_DIM=300
Sun, 07 Apr 2019 14:31:38: INFO: 	GRAD_CLIP=0.1
Sun, 07 Apr 2019 14:31:38: INFO: 	HIDDEN_DIM=200
Sun, 07 Apr 2019 14:31:38: INFO: 	IN_CHANNELS=1
Sun, 07 Apr 2019 14:31:38: INFO: 	KERNEL_NUMS=200
Sun, 07 Apr 2019 14:31:38: INFO: 	KERNEL_SIZES=[2, 3, 4]
Sun, 07 Apr 2019 14:31:38: INFO: 	LEARNING_RATE=0.9
Sun, 07 Apr 2019 14:31:38: INFO: 	MAX_SEQ_LEN=50
Sun, 07 Apr 2019 14:31:38: INFO: 	MODEL=CNN_BiLSTM
Sun, 07 Apr 2019 14:31:38: INFO: 	NUM_CLASS=2
Sun, 07 Apr 2019 14:31:38: INFO: 	NUM_EPOCHS=100
Sun, 07 Apr 2019 14:31:38: INFO: 	NUM_LAYERS=3
Sun, 07 Apr 2019 14:31:38: INFO: 	OPTIMIZER=sgd
Sun, 07 Apr 2019 14:31:38: INFO: 	PREDICTION_FILE=./predictions/cwmt_test.csv
Sun, 07 Apr 2019 14:31:38: INFO: 	PRETRAINED_EMBEDDINGS=./word2vec/wiki.en_zh.vec
Sun, 07 Apr 2019 14:31:38: INFO: 	PRETRAINED_WEIGHTS=tensor([[ 0.0046,  0.0888,  0.0158,  ..., -0.0273, -0.1007, -0.0268],
        [ 0.0000,  0.0000,  0.0000,  ...,  0.0000,  0.0000,  0.0000],
        [-0.1371,  0.0884,  0.0066,  ...,  0.0561,  0.0671, -0.0330],
        ...,
        [ 0.0403,  0.0330,  0.0510,  ..., -0.0218, -0.0503, -0.0150],
        [-0.0778,  0.0835,  0.0748,  ..., -0.0655, -0.1021,  0.0108],
        [ 0.0000,  0.0000,  0.0000,  ...,  0.0000,  0.0000,  0.0000]])
Sun, 07 Apr 2019 14:31:38: INFO: 	RUN_LOG=umtqe_cnnbilstm
Sun, 07 Apr 2019 14:31:38: INFO: 	SAVED_MODEL=./saved_model/cwmt.en_zh.pt
Sun, 07 Apr 2019 14:31:38: INFO: 	SEED_NUM=123
Sun, 07 Apr 2019 14:31:38: INFO: 	STATIC=False
Sun, 07 Apr 2019 14:31:38: INFO: 	TEST=False
Sun, 07 Apr 2019 14:31:38: INFO: 	TEST_FILE=./data/htqe_test_comb.txt
Sun, 07 Apr 2019 14:31:38: INFO: 	TRAIN_FILE=./data/cwmt_train_comb.txt
Sun, 07 Apr 2019 14:31:38: INFO: 	USE_GPU=True
Sun, 07 Apr 2019 14:31:38: INFO: 	VOCAB_SIZE=44995
Sun, 07 Apr 2019 14:31:38: INFO: 	WEIGHT_DECAY=0.001
Sun, 07 Apr 2019 14:32:06: INFO: epoch: 1, train loss: 0.7030, train acc: 0.41, dev loss: 0.6853, dev acc: 0.60, time: 25.46
Sun, 07 Apr 2019 14:32:06: INFO: 
Evaluation - loss: 41.831696 Precision:0.4524 Recall:0.5000 Fscore:0.4748 acc: 57.0000%(2532/44) 

Sun, 07 Apr 2019 14:32:12: INFO: epoch: 2, train loss: 0.7031, train acc: 0.41, dev loss: 0.6841, dev acc: 0.61, time: 5.58
Sun, 07 Apr 2019 14:32:12: INFO: 
Evaluation - loss: 41.831696 Precision:0.4525 Recall:0.5000 Fscore:0.4748 acc: 57.0000%(2532/44) 

Sun, 07 Apr 2019 14:32:18: INFO: epoch: 3, train loss: 0.7032, train acc: 0.41, dev loss: 0.6845, dev acc: 0.60, time: 5.41
Sun, 07 Apr 2019 14:32:18: INFO: 
Evaluation - loss: 41.831697 Precision:0.4523 Recall:0.5000 Fscore:0.4748 acc: 57.0000%(2532/44) 

