Sun, 07 Apr 2019 14:03:18: INFO: running main.py --model CNN_BiLSTM -Opt sgd --run_log umtqe_cnnbilstm
Sun, 07 Apr 2019 14:03:18: INFO: 	BATCH_SIZE=64
Sun, 07 Apr 2019 14:03:18: INFO: 	BIDIRECTIONAL=True
Sun, 07 Apr 2019 14:03:18: INFO: 	DEV_FILE=./data/cwmt_dev_comb.txt
Sun, 07 Apr 2019 14:03:18: INFO: 	DROPOUT=0.3
Sun, 07 Apr 2019 14:03:18: INFO: 	EMBED_DIM=300
Sun, 07 Apr 2019 14:03:18: INFO: 	GRAD_CLIP=0.1
Sun, 07 Apr 2019 14:03:18: INFO: 	HIDDEN_DIM=200
Sun, 07 Apr 2019 14:03:18: INFO: 	IN_CHANNELS=1
Sun, 07 Apr 2019 14:03:18: INFO: 	KERNEL_NUMS=200
Sun, 07 Apr 2019 14:03:18: INFO: 	KERNEL_SIZES=[2, 3, 4]
Sun, 07 Apr 2019 14:03:18: INFO: 	LEARNING_RATE=0.9
Sun, 07 Apr 2019 14:03:18: INFO: 	MAX_SEQ_LEN=50
Sun, 07 Apr 2019 14:03:18: INFO: 	MODEL=CNN_BiLSTM
Sun, 07 Apr 2019 14:03:18: INFO: 	NUM_CLASS=2
Sun, 07 Apr 2019 14:03:18: INFO: 	NUM_EPOCHS=100
Sun, 07 Apr 2019 14:03:18: INFO: 	NUM_LAYERS=3
Sun, 07 Apr 2019 14:03:18: INFO: 	OPTIMIZER=sgd
Sun, 07 Apr 2019 14:03:18: INFO: 	PREDICTION_FILE=./predictions/cwmt_test.csv
Sun, 07 Apr 2019 14:03:18: INFO: 	PRETRAINED_EMBEDDINGS=./word2vec/wiki.en_zh.vec
Sun, 07 Apr 2019 14:03:18: INFO: 	PRETRAINED_WEIGHTS=tensor([[ 0.0046,  0.0888,  0.0158,  ..., -0.0273, -0.1007, -0.0268],
        [-0.0037,  0.0940,  0.0448,  ..., -0.0223, -0.0641,  0.0110],
        [-0.0710, -0.0045,  0.0727,  ...,  0.0233, -0.0544,  0.0452],
        ...,
        [ 0.0166, -0.0138,  0.0069,  ..., -0.0396, -0.1154, -0.0208],
        [ 0.0000,  0.0000,  0.0000,  ...,  0.0000,  0.0000,  0.0000],
        [ 0.0042, -0.0077,  0.0304,  ..., -0.0467,  0.0344, -0.0204]])
Sun, 07 Apr 2019 14:03:18: INFO: 	RUN_LOG=umtqe_cnnbilstm
Sun, 07 Apr 2019 14:03:18: INFO: 	SAVED_MODEL=./saved_model/cwmt.en_zh.pt
Sun, 07 Apr 2019 14:03:18: INFO: 	SEED_NUM=123
Sun, 07 Apr 2019 14:03:18: INFO: 	STATIC=False
Sun, 07 Apr 2019 14:03:18: INFO: 	TEST=False
Sun, 07 Apr 2019 14:03:18: INFO: 	TEST_FILE=./data/htqe_test_comb.txt
Sun, 07 Apr 2019 14:03:18: INFO: 	TRAIN_FILE=./data/cwmt_train_comb.txt
Sun, 07 Apr 2019 14:03:18: INFO: 	USE_GPU=True
Sun, 07 Apr 2019 14:03:18: INFO: 	VOCAB_SIZE=44995
Sun, 07 Apr 2019 14:03:18: INFO: 	WEIGHT_DECAY=0.001
