Sun, 07 Apr 2019 19:01:43: INFO: running main.py --model CNN_BiLSTM -Opt sgd --run_log umtqe_cnnbilstm
Sun, 07 Apr 2019 19:01:43: INFO: 	BATCH_SIZE=64
Sun, 07 Apr 2019 19:01:43: INFO: 	BIDIRECTIONAL=True
Sun, 07 Apr 2019 19:01:43: INFO: 	DEV_FILE=./data/cwmt_dev_comb.txt
Sun, 07 Apr 2019 19:01:43: INFO: 	DROPOUT=0.3
Sun, 07 Apr 2019 19:01:43: INFO: 	EMBED_DIM=300
Sun, 07 Apr 2019 19:01:43: INFO: 	GRAD_CLIP=0.1
Sun, 07 Apr 2019 19:01:43: INFO: 	HIDDEN_DIM=100
Sun, 07 Apr 2019 19:01:43: INFO: 	IN_CHANNELS=1
Sun, 07 Apr 2019 19:01:43: INFO: 	KERNEL_NUMS=300
Sun, 07 Apr 2019 19:01:43: INFO: 	KERNEL_SIZES=[3, 4, 5]
Sun, 07 Apr 2019 19:01:43: INFO: 	LEARNING_RATE=0.8
Sun, 07 Apr 2019 19:01:43: INFO: 	MAX_SEQ_LEN=50
Sun, 07 Apr 2019 19:01:43: INFO: 	MODEL=CNN_BiLSTM
Sun, 07 Apr 2019 19:01:43: INFO: 	NUM_CLASS=2
Sun, 07 Apr 2019 19:01:43: INFO: 	NUM_EPOCHS=100
Sun, 07 Apr 2019 19:01:43: INFO: 	NUM_LAYERS=3
Sun, 07 Apr 2019 19:01:43: INFO: 	OPTIMIZER=sgd
Sun, 07 Apr 2019 19:01:43: INFO: 	PREDICTION_FILE=./predictions/cwmt_test.csv
Sun, 07 Apr 2019 19:01:43: INFO: 	PRETRAINED_EMBEDDINGS=./word2vec/wiki.en_zh.vec
Sun, 07 Apr 2019 19:01:44: INFO: 	PRETRAINED_WEIGHTS=tensor([[ 0.0046,  0.0888,  0.0158,  ..., -0.0273, -0.1007, -0.0268],
        [ 0.0000,  0.0000,  0.0000,  ...,  0.0000,  0.0000,  0.0000],
        [ 0.0175,  0.0716, -0.0413,  ..., -0.0250, -0.0805, -0.0688],
        ...,
        [ 0.0000,  0.0000,  0.0000,  ...,  0.0000,  0.0000,  0.0000],
        [-0.0094, -0.0221,  0.0830,  ..., -0.1175, -0.1352,  0.0410],
        [ 0.0000,  0.0000,  0.0000,  ...,  0.0000,  0.0000,  0.0000]])
Sun, 07 Apr 2019 19:01:44: INFO: 	RUN_LOG=umtqe_cnnbilstm
Sun, 07 Apr 2019 19:01:44: INFO: 	SAVED_MODEL=./saved_model/cwmt.en_zh.pt
Sun, 07 Apr 2019 19:01:44: INFO: 	SEED_NUM=123
Sun, 07 Apr 2019 19:01:44: INFO: 	STATIC=False
Sun, 07 Apr 2019 19:01:44: INFO: 	TEST=False
Sun, 07 Apr 2019 19:01:44: INFO: 	TEST_FILE=./data/htqe_test_comb.txt
Sun, 07 Apr 2019 19:01:44: INFO: 	TRAIN_FILE=./data/cwmt_train_comb.txt
Sun, 07 Apr 2019 19:01:44: INFO: 	USE_GPU=True
Sun, 07 Apr 2019 19:01:44: INFO: 	VOCAB_SIZE=44995
Sun, 07 Apr 2019 19:01:44: INFO: 	WEIGHT_DECAY=0.001
