Mon, 08 Apr 2019 14:39:45: INFO: running main.py --model=CNN_BiLSTM --optimizer=sgd --batch_size=64 --vocab_size=40000 --embed_dim=300 --in_channels=1 --kernel_sizes=345 --kernel_nums=200 --hidden_dim=100 --num_layers=2 --bidirectional=True --max_seq_len=40 --learning_rate=0.02 --num_epochs=100 --dropout=0.7 --num_class=2 --train_file=./data/cwmt_train_comb.txt --dev_file=./data/cwmt_dev_comb.txt --dev_file=./data/htqe_test_comb.txt --pretrained_embeddings=./word2vec/wiki.en_zh.vec --prediction_file=./predictions/htqe_test_comb.txt --saved_model=./saved_models/cwmt.en_zh.pt --test=False --weight_decay=0.0 --grad_clip=0.0 --seed_num=123 --scheduler=multisteplr --run_log=umtqe_cnnbilstm
Mon, 08 Apr 2019 14:39:45: INFO: 	BATCH_SIZE=64
Mon, 08 Apr 2019 14:39:45: INFO: 	BIDIRECTIONAL=True
Mon, 08 Apr 2019 14:39:45: INFO: 	DEV_FILE=./data/htqe_test_comb.txt
Mon, 08 Apr 2019 14:39:45: INFO: 	DROPOUT=0.7
Mon, 08 Apr 2019 14:39:45: INFO: 	EMBED_DIM=300
Mon, 08 Apr 2019 14:39:45: INFO: 	GRAD_CLIP=0.0
Mon, 08 Apr 2019 14:39:45: INFO: 	HIDDEN_DIM=100
Mon, 08 Apr 2019 14:39:45: INFO: 	IN_CHANNELS=1
Mon, 08 Apr 2019 14:39:45: INFO: 	KERNEL_NUMS=200
Mon, 08 Apr 2019 14:39:45: INFO: 	KERNEL_SIZES=[3, 4, 5]
Mon, 08 Apr 2019 14:39:45: INFO: 	LEARNING_RATE=0.02
Mon, 08 Apr 2019 14:39:45: INFO: 	MAX_SEQ_LEN=40
Mon, 08 Apr 2019 14:39:45: INFO: 	MODEL=CNN_BiLSTM
Mon, 08 Apr 2019 14:39:45: INFO: 	MOMENTUM=0.9
Mon, 08 Apr 2019 14:39:45: INFO: 	NUM_CLASS=2
Mon, 08 Apr 2019 14:39:45: INFO: 	NUM_EPOCHS=100
Mon, 08 Apr 2019 14:39:45: INFO: 	NUM_LAYERS=2
Mon, 08 Apr 2019 14:39:45: INFO: 	OPTIMIZER=sgd
Mon, 08 Apr 2019 14:39:45: INFO: 	PREDICTION_FILE=./predictions/htqe_test_comb.txt
Mon, 08 Apr 2019 14:39:45: INFO: 	PRETRAINED_EMBEDDINGS=./word2vec/wiki.en_zh.vec
Mon, 08 Apr 2019 14:39:45: INFO: 	PRETRAINED_WEIGHTS=tensor([[ 4.6000e-03,  8.8800e-02,  1.5800e-02,  ..., -2.7300e-02,
         -1.0070e-01, -2.6800e-02],
        [-2.4400e-02, -1.0000e-04,  2.9500e-02,  ..., -8.0900e-02,
         -1.0800e-02, -4.2500e-02],
        [-8.4500e-02,  4.9000e-02,  7.1000e-02,  ..., -2.5000e-03,
          5.0000e-04, -4.6200e-02],
        ...,
        [ 0.0000e+00,  0.0000e+00,  0.0000e+00,  ...,  0.0000e+00,
          0.0000e+00,  0.0000e+00],
        [-6.0900e-02, -4.1000e-03,  6.8800e-02,  ...,  2.3900e-02,
         -5.3000e-02,  8.5700e-02],
        [ 0.0000e+00,  0.0000e+00,  0.0000e+00,  ...,  0.0000e+00,
          0.0000e+00,  0.0000e+00]])
Mon, 08 Apr 2019 14:39:45: INFO: 	RUN_LOG=umtqe_cnnbilstm
Mon, 08 Apr 2019 14:39:45: INFO: 	SAVED_MODEL=./saved_models/cwmt.en_zh.pt
Mon, 08 Apr 2019 14:39:45: INFO: 	SCHEDULER=multisteplr
Mon, 08 Apr 2019 14:39:45: INFO: 	SEED_NUM=123
Mon, 08 Apr 2019 14:39:45: INFO: 	TEST=False
Mon, 08 Apr 2019 14:39:45: INFO: 	TEST_FILE=./data/htqe_test_comb.txt
Mon, 08 Apr 2019 14:39:45: INFO: 	TRAIN_FILE=./data/cwmt_train_comb.txt
Mon, 08 Apr 2019 14:39:45: INFO: 	USE_GPU=True
Mon, 08 Apr 2019 14:39:45: INFO: 	VOCAB_SIZE=44995
Mon, 08 Apr 2019 14:39:45: INFO: 	WEIGHT_DECAY=0.0
Mon, 08 Apr 2019 14:40:08: INFO: epoch: 1, train loss: 0.6900, train acc: 0.56, dev loss: 0.7085, dev acc: 0.25, time: 20.27
Mon, 08 Apr 2019 14:40:09: INFO: 
Evaluation - loss: 45.066049 Precision:0.0475 Recall:0.5000 Fscore:0.0858 acc: 6.0000%(267/44) 

Mon, 08 Apr 2019 14:40:12: INFO: epoch: 2, train loss: 0.6898, train acc: 0.56, dev loss: 0.7091, dev acc: 0.24, time: 3.24
Mon, 08 Apr 2019 14:40:12: INFO: 
Evaluation - loss: 45.066050 Precision:0.0476 Recall:0.5000 Fscore:0.0861 acc: 6.0000%(267/44) 

Mon, 08 Apr 2019 14:40:16: INFO: epoch: 3, train loss: 0.6899, train acc: 0.56, dev loss: 0.7085, dev acc: 0.24, time: 3.49
Mon, 08 Apr 2019 14:40:16: INFO: 
Evaluation - loss: 45.066050 Precision:0.0476 Recall:0.5000 Fscore:0.0859 acc: 6.0000%(267/44) 

Mon, 08 Apr 2019 14:40:19: INFO: epoch: 4, train loss: 0.6898, train acc: 0.56, dev loss: 0.7085, dev acc: 0.25, time: 3.51
Mon, 08 Apr 2019 14:40:20: INFO: 
Evaluation - loss: 45.066050 Precision:0.0476 Recall:0.5000 Fscore:0.0861 acc: 6.0000%(267/44) 

Mon, 08 Apr 2019 14:40:23: INFO: epoch: 5, train loss: 0.6900, train acc: 0.56, dev loss: 0.7085, dev acc: 0.25, time: 3.28
Mon, 08 Apr 2019 14:40:23: INFO: 
Evaluation - loss: 45.066049 Precision:0.0478 Recall:0.5000 Fscore:0.0862 acc: 6.0000%(267/44) 

Mon, 08 Apr 2019 14:40:27: INFO: epoch: 6, train loss: 0.6900, train acc: 0.56, dev loss: 0.7087, dev acc: 0.25, time: 3.49
Mon, 08 Apr 2019 14:40:27: INFO: 
Evaluation - loss: 45.066050 Precision:0.0477 Recall:0.5000 Fscore:0.0860 acc: 6.0000%(267/44) 

Mon, 08 Apr 2019 14:40:30: INFO: epoch: 7, train loss: 0.6901, train acc: 0.56, dev loss: 0.7084, dev acc: 0.24, time: 3.52
Mon, 08 Apr 2019 14:40:31: INFO: 
Evaluation - loss: 45.066050 Precision:0.0479 Recall:0.5000 Fscore:0.0864 acc: 6.0000%(267/44) 

Mon, 08 Apr 2019 14:40:34: INFO: epoch: 8, train loss: 0.6901, train acc: 0.56, dev loss: 0.7081, dev acc: 0.25, time: 3.03
Mon, 08 Apr 2019 14:40:34: INFO: 
Evaluation - loss: 45.066049 Precision:0.0476 Recall:0.5000 Fscore:0.0856 acc: 6.0000%(267/44) 

Mon, 08 Apr 2019 14:40:37: INFO: epoch: 9, train loss: 0.6902, train acc: 0.56, dev loss: 0.7085, dev acc: 0.25, time: 2.91
Mon, 08 Apr 2019 14:40:37: INFO: 
Evaluation - loss: 45.066050 Precision:0.0477 Recall:0.5000 Fscore:0.0860 acc: 6.0000%(267/44) 

Mon, 08 Apr 2019 14:40:41: INFO: epoch: 10, train loss: 0.6901, train acc: 0.56, dev loss: 0.7087, dev acc: 0.25, time: 3.51
Mon, 08 Apr 2019 14:40:41: INFO: 
Evaluation - loss: 45.066049 Precision:0.0477 Recall:0.5000 Fscore:0.0861 acc: 6.0000%(267/44) 

Mon, 08 Apr 2019 14:40:44: INFO: epoch: 11, train loss: 0.6903, train acc: 0.55, dev loss: 0.7086, dev acc: 0.24, time: 3.04
Mon, 08 Apr 2019 14:40:44: INFO: 
Evaluation - loss: 45.066051 Precision:0.0476 Recall:0.5000 Fscore:0.0858 acc: 6.0000%(267/44) 

Mon, 08 Apr 2019 14:40:48: INFO: epoch: 12, train loss: 0.6898, train acc: 0.56, dev loss: 0.7083, dev acc: 0.25, time: 3.29
Mon, 08 Apr 2019 14:40:48: INFO: 
Evaluation - loss: 45.066049 Precision:0.0477 Recall:0.5000 Fscore:0.0859 acc: 6.0000%(267/44) 

Mon, 08 Apr 2019 14:40:51: INFO: epoch: 13, train loss: 0.6901, train acc: 0.56, dev loss: 0.7090, dev acc: 0.24, time: 3.17
Mon, 08 Apr 2019 14:40:51: INFO: 
Evaluation - loss: 45.066049 Precision:0.0477 Recall:0.5000 Fscore:0.0862 acc: 6.0000%(267/44) 

Mon, 08 Apr 2019 14:40:55: INFO: epoch: 14, train loss: 0.6903, train acc: 0.56, dev loss: 0.7085, dev acc: 0.25, time: 3.35
Mon, 08 Apr 2019 14:40:55: INFO: 
Evaluation - loss: 45.066049 Precision:0.0476 Recall:0.5000 Fscore:0.0863 acc: 6.0000%(267/44) 

Mon, 08 Apr 2019 14:40:58: INFO: epoch: 15, train loss: 0.6902, train acc: 0.55, dev loss: 0.7086, dev acc: 0.25, time: 3.21
Mon, 08 Apr 2019 14:40:58: INFO: 
Evaluation - loss: 45.066049 Precision:0.0478 Recall:0.5000 Fscore:0.0863 acc: 6.0000%(267/44) 

Mon, 08 Apr 2019 14:41:02: INFO: epoch: 16, train loss: 0.6903, train acc: 0.55, dev loss: 0.7084, dev acc: 0.25, time: 3.21
Mon, 08 Apr 2019 14:41:02: INFO: 
Evaluation - loss: 45.066049 Precision:0.0476 Recall:0.5000 Fscore:0.0857 acc: 6.0000%(267/44) 

Mon, 08 Apr 2019 14:41:05: INFO: epoch: 17, train loss: 0.6899, train acc: 0.56, dev loss: 0.7093, dev acc: 0.24, time: 2.92
Mon, 08 Apr 2019 14:41:05: INFO: 
Evaluation - loss: 45.066049 Precision:0.0476 Recall:0.5000 Fscore:0.0859 acc: 6.0000%(267/44) 

Mon, 08 Apr 2019 14:41:08: INFO: epoch: 18, train loss: 0.6899, train acc: 0.56, dev loss: 0.7092, dev acc: 0.24, time: 2.90
Mon, 08 Apr 2019 14:41:08: INFO: 
Evaluation - loss: 45.066049 Precision:0.0477 Recall:0.5000 Fscore:0.0861 acc: 6.0000%(267/44) 

Mon, 08 Apr 2019 14:41:11: INFO: epoch: 19, train loss: 0.6897, train acc: 0.56, dev loss: 0.7082, dev acc: 0.24, time: 2.92
Mon, 08 Apr 2019 14:41:12: INFO: 
Evaluation - loss: 45.066050 Precision:0.0477 Recall:0.5000 Fscore:0.0863 acc: 6.0000%(267/44) 

Mon, 08 Apr 2019 14:41:15: INFO: epoch: 20, train loss: 0.6900, train acc: 0.56, dev loss: 0.7082, dev acc: 0.25, time: 3.03
Mon, 08 Apr 2019 14:41:15: INFO: 
Evaluation - loss: 45.066048 Precision:0.0479 Recall:0.5000 Fscore:0.0867 acc: 6.0000%(267/44) 

Mon, 08 Apr 2019 14:41:18: INFO: epoch: 21, train loss: 0.6901, train acc: 0.56, dev loss: 0.7092, dev acc: 0.24, time: 3.17
Mon, 08 Apr 2019 14:41:18: INFO: 
Evaluation - loss: 45.066049 Precision:0.0477 Recall:0.5000 Fscore:0.0859 acc: 6.0000%(267/44) 

Mon, 08 Apr 2019 14:41:21: INFO: epoch: 22, train loss: 0.6901, train acc: 0.56, dev loss: 0.7083, dev acc: 0.25, time: 3.18
Mon, 08 Apr 2019 14:41:22: INFO: 
Evaluation - loss: 45.066051 Precision:0.0478 Recall:0.5000 Fscore:0.0861 acc: 6.0000%(267/44) 

Mon, 08 Apr 2019 14:41:25: INFO: epoch: 23, train loss: 0.6901, train acc: 0.56, dev loss: 0.7084, dev acc: 0.25, time: 3.17
Mon, 08 Apr 2019 14:41:25: INFO: 
Evaluation - loss: 45.066049 Precision:0.0478 Recall:0.5000 Fscore:0.0862 acc: 6.0000%(267/44) 

Mon, 08 Apr 2019 14:41:28: INFO: epoch: 24, train loss: 0.6900, train acc: 0.56, dev loss: 0.7086, dev acc: 0.25, time: 3.18
Mon, 08 Apr 2019 14:41:29: INFO: 
Evaluation - loss: 45.066049 Precision:0.0478 Recall:0.5000 Fscore:0.0860 acc: 6.0000%(267/44) 

Mon, 08 Apr 2019 14:41:32: INFO: epoch: 25, train loss: 0.6899, train acc: 0.56, dev loss: 0.7084, dev acc: 0.24, time: 3.18
Mon, 08 Apr 2019 14:41:32: INFO: 
Evaluation - loss: 45.066050 Precision:0.0476 Recall:0.5000 Fscore:0.0861 acc: 6.0000%(267/44) 

Mon, 08 Apr 2019 14:41:35: INFO: epoch: 26, train loss: 0.6902, train acc: 0.56, dev loss: 0.7081, dev acc: 0.25, time: 3.18
Mon, 08 Apr 2019 14:41:36: INFO: 
Evaluation - loss: 45.066049 Precision:0.0475 Recall:0.5000 Fscore:0.0856 acc: 6.0000%(267/44) 

Mon, 08 Apr 2019 14:41:39: INFO: epoch: 27, train loss: 0.6899, train acc: 0.56, dev loss: 0.7081, dev acc: 0.24, time: 3.22
Mon, 08 Apr 2019 14:41:39: INFO: 
Evaluation - loss: 45.066050 Precision:0.0476 Recall:0.5000 Fscore:0.0857 acc: 6.0000%(267/44) 

Mon, 08 Apr 2019 14:41:42: INFO: epoch: 28, train loss: 0.6902, train acc: 0.56, dev loss: 0.7085, dev acc: 0.25, time: 2.93
Mon, 08 Apr 2019 14:41:42: INFO: 
Evaluation - loss: 45.066049 Precision:0.0475 Recall:0.5000 Fscore:0.0856 acc: 6.0000%(267/44) 

Mon, 08 Apr 2019 14:41:46: INFO: epoch: 29, train loss: 0.6900, train acc: 0.56, dev loss: 0.7082, dev acc: 0.25, time: 3.27
Mon, 08 Apr 2019 14:41:46: INFO: 
Evaluation - loss: 45.066048 Precision:0.0475 Recall:0.5000 Fscore:0.0857 acc: 6.0000%(267/44) 

Mon, 08 Apr 2019 14:41:49: INFO: epoch: 30, train loss: 0.6901, train acc: 0.56, dev loss: 0.7086, dev acc: 0.24, time: 3.48
Mon, 08 Apr 2019 14:41:50: INFO: 
Evaluation - loss: 45.066049 Precision:0.0477 Recall:0.5000 Fscore:0.0861 acc: 6.0000%(267/44) 

Mon, 08 Apr 2019 14:41:53: INFO: epoch: 31, train loss: 0.6897, train acc: 0.56, dev loss: 0.7093, dev acc: 0.24, time: 3.28
Mon, 08 Apr 2019 14:41:53: INFO: 
Evaluation - loss: 45.066050 Precision:0.0477 Recall:0.5000 Fscore:0.0856 acc: 6.0000%(267/44) 

Mon, 08 Apr 2019 14:41:56: INFO: epoch: 32, train loss: 0.6901, train acc: 0.56, dev loss: 0.7088, dev acc: 0.25, time: 2.89
Mon, 08 Apr 2019 14:41:56: INFO: 
Evaluation - loss: 45.066049 Precision:0.0475 Recall:0.5000 Fscore:0.0855 acc: 6.0000%(267/44) 

Mon, 08 Apr 2019 14:41:59: INFO: epoch: 33, train loss: 0.6901, train acc: 0.56, dev loss: 0.7084, dev acc: 0.25, time: 2.89
Mon, 08 Apr 2019 14:41:59: INFO: 
Evaluation - loss: 45.066048 Precision:0.0477 Recall:0.5000 Fscore:0.0860 acc: 6.0000%(267/44) 

Mon, 08 Apr 2019 14:42:03: INFO: epoch: 34, train loss: 0.6901, train acc: 0.56, dev loss: 0.7091, dev acc: 0.24, time: 3.48
Mon, 08 Apr 2019 14:42:03: INFO: 
Evaluation - loss: 45.066048 Precision:0.0475 Recall:0.5000 Fscore:0.0858 acc: 6.0000%(267/44) 

Mon, 08 Apr 2019 14:42:07: INFO: epoch: 35, train loss: 0.6899, train acc: 0.56, dev loss: 0.7091, dev acc: 0.24, time: 3.50
Mon, 08 Apr 2019 14:42:07: INFO: 
Evaluation - loss: 45.066050 Precision:0.0479 Recall:0.5000 Fscore:0.0865 acc: 6.0000%(267/44) 

Mon, 08 Apr 2019 14:42:11: INFO: epoch: 36, train loss: 0.6899, train acc: 0.56, dev loss: 0.7087, dev acc: 0.25, time: 3.50
Mon, 08 Apr 2019 14:42:11: INFO: 
Evaluation - loss: 45.066049 Precision:0.0476 Recall:0.5000 Fscore:0.0859 acc: 6.0000%(267/44) 

Mon, 08 Apr 2019 14:42:14: INFO: epoch: 37, train loss: 0.6900, train acc: 0.56, dev loss: 0.7087, dev acc: 0.26, time: 3.51
Mon, 08 Apr 2019 14:42:15: INFO: 
Evaluation - loss: 45.066049 Precision:0.0475 Recall:0.5000 Fscore:0.0857 acc: 6.0000%(267/44) 

Mon, 08 Apr 2019 14:42:18: INFO: epoch: 38, train loss: 0.6900, train acc: 0.56, dev loss: 0.7086, dev acc: 0.25, time: 3.19
Mon, 08 Apr 2019 14:42:18: INFO: 
Evaluation - loss: 45.066049 Precision:0.0478 Recall:0.5000 Fscore:0.0863 acc: 6.0000%(267/44) 

Mon, 08 Apr 2019 14:42:21: INFO: epoch: 39, train loss: 0.6899, train acc: 0.57, dev loss: 0.7088, dev acc: 0.25, time: 3.33
Mon, 08 Apr 2019 14:42:22: INFO: 
Evaluation - loss: 45.066049 Precision:0.0477 Recall:0.5000 Fscore:0.0861 acc: 6.0000%(267/44) 

Mon, 08 Apr 2019 14:42:25: INFO: epoch: 40, train loss: 0.6901, train acc: 0.56, dev loss: 0.7084, dev acc: 0.25, time: 3.29
Mon, 08 Apr 2019 14:42:25: INFO: 
Evaluation - loss: 45.066049 Precision:0.0476 Recall:0.5000 Fscore:0.0858 acc: 6.0000%(267/44) 

Mon, 08 Apr 2019 14:42:29: INFO: epoch: 41, train loss: 0.6901, train acc: 0.56, dev loss: 0.7086, dev acc: 0.25, time: 3.35
Mon, 08 Apr 2019 14:42:29: INFO: 
Evaluation - loss: 45.066049 Precision:0.0478 Recall:0.5000 Fscore:0.0862 acc: 6.0000%(267/44) 

Mon, 08 Apr 2019 14:42:32: INFO: epoch: 42, train loss: 0.6898, train acc: 0.56, dev loss: 0.7087, dev acc: 0.24, time: 3.19
Mon, 08 Apr 2019 14:42:32: INFO: 
Evaluation - loss: 45.066049 Precision:0.0480 Recall:0.5000 Fscore:0.0863 acc: 6.0000%(267/44) 

Mon, 08 Apr 2019 14:42:35: INFO: epoch: 43, train loss: 0.6901, train acc: 0.56, dev loss: 0.7082, dev acc: 0.25, time: 3.18
Mon, 08 Apr 2019 14:42:36: INFO: 
Evaluation - loss: 45.066050 Precision:0.0477 Recall:0.5000 Fscore:0.0859 acc: 6.0000%(267/44) 

Mon, 08 Apr 2019 14:42:39: INFO: epoch: 44, train loss: 0.6901, train acc: 0.56, dev loss: 0.7086, dev acc: 0.24, time: 3.18
Mon, 08 Apr 2019 14:42:39: INFO: 
Evaluation - loss: 45.066049 Precision:0.0480 Recall:0.5000 Fscore:0.0864 acc: 6.0000%(267/44) 

Mon, 08 Apr 2019 14:42:42: INFO: epoch: 45, train loss: 0.6900, train acc: 0.56, dev loss: 0.7084, dev acc: 0.25, time: 3.19
Mon, 08 Apr 2019 14:42:43: INFO: 
Evaluation - loss: 45.066049 Precision:0.0475 Recall:0.5000 Fscore:0.0856 acc: 6.0000%(267/44) 

Mon, 08 Apr 2019 14:42:46: INFO: epoch: 46, train loss: 0.6900, train acc: 0.56, dev loss: 0.7091, dev acc: 0.24, time: 3.43
Mon, 08 Apr 2019 14:42:46: INFO: 
Evaluation - loss: 45.066048 Precision:0.0475 Recall:0.5000 Fscore:0.0856 acc: 6.0000%(267/44) 

Mon, 08 Apr 2019 14:42:50: INFO: epoch: 47, train loss: 0.6900, train acc: 0.56, dev loss: 0.7081, dev acc: 0.26, time: 3.63
Mon, 08 Apr 2019 14:42:50: INFO: 
Evaluation - loss: 45.066050 Precision:0.0477 Recall:0.5000 Fscore:0.0864 acc: 6.0000%(267/44) 

Mon, 08 Apr 2019 14:42:53: INFO: epoch: 48, train loss: 0.6900, train acc: 0.56, dev loss: 0.7087, dev acc: 0.25, time: 2.92
Mon, 08 Apr 2019 14:42:54: INFO: 
Evaluation - loss: 45.066050 Precision:0.0479 Recall:0.5000 Fscore:0.0865 acc: 6.0000%(267/44) 

Mon, 08 Apr 2019 14:42:57: INFO: epoch: 49, train loss: 0.6898, train acc: 0.56, dev loss: 0.7090, dev acc: 0.24, time: 3.15
Mon, 08 Apr 2019 14:42:57: INFO: 
Evaluation - loss: 45.066050 Precision:0.0476 Recall:0.5000 Fscore:0.0859 acc: 6.0000%(267/44) 

Mon, 08 Apr 2019 14:43:00: INFO: epoch: 50, train loss: 0.6901, train acc: 0.56, dev loss: 0.7087, dev acc: 0.24, time: 3.21
Mon, 08 Apr 2019 14:43:00: INFO: 
Evaluation - loss: 45.066049 Precision:0.0477 Recall:0.5000 Fscore:0.0861 acc: 6.0000%(267/44) 

Mon, 08 Apr 2019 14:43:04: INFO: epoch: 51, train loss: 0.6901, train acc: 0.56, dev loss: 0.7092, dev acc: 0.23, time: 3.08
Mon, 08 Apr 2019 14:43:04: INFO: 
Evaluation - loss: 45.066050 Precision:0.0478 Recall:0.5000 Fscore:0.0863 acc: 6.0000%(267/44) 

Mon, 08 Apr 2019 14:43:07: INFO: epoch: 52, train loss: 0.6898, train acc: 0.56, dev loss: 0.7092, dev acc: 0.24, time: 3.40
Mon, 08 Apr 2019 14:43:07: INFO: 
Evaluation - loss: 45.066048 Precision:0.0477 Recall:0.4886 Fscore:0.0858 acc: 6.0000%(267/44) 

Mon, 08 Apr 2019 14:43:11: INFO: epoch: 53, train loss: 0.6899, train acc: 0.56, dev loss: 0.7091, dev acc: 0.24, time: 3.24
Mon, 08 Apr 2019 14:43:11: INFO: 
Evaluation - loss: 45.066050 Precision:0.0482 Recall:0.5000 Fscore:0.0868 acc: 6.0000%(267/44) 

Mon, 08 Apr 2019 14:43:14: INFO: epoch: 54, train loss: 0.6902, train acc: 0.56, dev loss: 0.7091, dev acc: 0.24, time: 3.48
Mon, 08 Apr 2019 14:43:15: INFO: 
Evaluation - loss: 45.066049 Precision:0.0478 Recall:0.5000 Fscore:0.0864 acc: 6.0000%(267/44) 

Mon, 08 Apr 2019 14:43:18: INFO: epoch: 55, train loss: 0.6900, train acc: 0.56, dev loss: 0.7088, dev acc: 0.25, time: 2.92
Mon, 08 Apr 2019 14:43:18: INFO: 
Evaluation - loss: 45.066049 Precision:0.0476 Recall:0.5000 Fscore:0.0860 acc: 6.0000%(267/44) 

Mon, 08 Apr 2019 14:43:21: INFO: epoch: 56, train loss: 0.6898, train acc: 0.56, dev loss: 0.7086, dev acc: 0.24, time: 3.01
Mon, 08 Apr 2019 14:43:21: INFO: 
Evaluation - loss: 45.066050 Precision:0.0476 Recall:0.5000 Fscore:0.0859 acc: 6.0000%(267/44) 

Mon, 08 Apr 2019 14:43:24: INFO: epoch: 57, train loss: 0.6901, train acc: 0.56, dev loss: 0.7088, dev acc: 0.25, time: 2.92
Mon, 08 Apr 2019 14:43:24: INFO: 
Evaluation - loss: 45.066050 Precision:0.0480 Recall:0.5000 Fscore:0.0865 acc: 6.0000%(267/44) 

Mon, 08 Apr 2019 14:43:27: INFO: epoch: 58, train loss: 0.6899, train acc: 0.56, dev loss: 0.7087, dev acc: 0.24, time: 2.92
Mon, 08 Apr 2019 14:43:28: INFO: 
Evaluation - loss: 45.066049 Precision:0.0479 Recall:0.5000 Fscore:0.0862 acc: 6.0000%(267/44) 

Mon, 08 Apr 2019 14:43:31: INFO: epoch: 59, train loss: 0.6899, train acc: 0.56, dev loss: 0.7077, dev acc: 0.27, time: 3.41
Mon, 08 Apr 2019 14:43:31: INFO: 
Evaluation - loss: 45.066050 Precision:0.0477 Recall:0.5000 Fscore:0.0859 acc: 6.0000%(267/44) 

Mon, 08 Apr 2019 14:43:34: INFO: epoch: 60, train loss: 0.6899, train acc: 0.56, dev loss: 0.7085, dev acc: 0.26, time: 2.93
Mon, 08 Apr 2019 14:43:35: INFO: 
Evaluation - loss: 45.066049 Precision:0.0479 Recall:0.5000 Fscore:0.0858 acc: 6.0000%(267/44) 

Mon, 08 Apr 2019 14:43:37: INFO: epoch: 61, train loss: 0.6901, train acc: 0.56, dev loss: 0.7078, dev acc: 0.25, time: 2.92
Mon, 08 Apr 2019 14:43:38: INFO: 
Evaluation - loss: 45.066049 Precision:0.0478 Recall:0.5000 Fscore:0.0862 acc: 6.0000%(267/44) 

Mon, 08 Apr 2019 14:43:41: INFO: epoch: 62, train loss: 0.6900, train acc: 0.56, dev loss: 0.7084, dev acc: 0.25, time: 2.92
Mon, 08 Apr 2019 14:43:41: INFO: 
Evaluation - loss: 45.066049 Precision:0.0478 Recall:0.5000 Fscore:0.0863 acc: 6.0000%(267/44) 

Mon, 08 Apr 2019 14:43:44: INFO: epoch: 63, train loss: 0.6900, train acc: 0.56, dev loss: 0.7079, dev acc: 0.26, time: 2.93
Mon, 08 Apr 2019 14:43:44: INFO: 
Evaluation - loss: 45.066050 Precision:0.0476 Recall:0.5000 Fscore:0.0861 acc: 6.0000%(267/44) 

Mon, 08 Apr 2019 14:43:48: INFO: epoch: 64, train loss: 0.6902, train acc: 0.55, dev loss: 0.7085, dev acc: 0.25, time: 3.52
Mon, 08 Apr 2019 14:43:48: INFO: 
Evaluation - loss: 45.066049 Precision:0.0476 Recall:0.4886 Fscore:0.0857 acc: 6.0000%(267/44) 

Mon, 08 Apr 2019 14:43:51: INFO: epoch: 65, train loss: 0.6901, train acc: 0.56, dev loss: 0.7077, dev acc: 0.25, time: 3.51
Mon, 08 Apr 2019 14:43:52: INFO: 
Evaluation - loss: 45.066049 Precision:0.0475 Recall:0.5000 Fscore:0.0859 acc: 6.0000%(267/44) 

Mon, 08 Apr 2019 14:43:55: INFO: epoch: 66, train loss: 0.6899, train acc: 0.56, dev loss: 0.7093, dev acc: 0.24, time: 2.89
Mon, 08 Apr 2019 14:43:55: INFO: 
Evaluation - loss: 45.066048 Precision:0.0477 Recall:0.5000 Fscore:0.0861 acc: 6.0000%(267/44) 

Mon, 08 Apr 2019 14:43:58: INFO: epoch: 67, train loss: 0.6900, train acc: 0.56, dev loss: 0.7090, dev acc: 0.24, time: 2.89
Mon, 08 Apr 2019 14:43:58: INFO: 
Evaluation - loss: 45.066051 Precision:0.0477 Recall:0.5000 Fscore:0.0861 acc: 6.0000%(267/44) 

Mon, 08 Apr 2019 14:44:01: INFO: epoch: 68, train loss: 0.6898, train acc: 0.56, dev loss: 0.7085, dev acc: 0.25, time: 3.33
Mon, 08 Apr 2019 14:44:02: INFO: 
Evaluation - loss: 45.066049 Precision:0.0475 Recall:0.5000 Fscore:0.0860 acc: 6.0000%(267/44) 

Mon, 08 Apr 2019 14:44:05: INFO: epoch: 69, train loss: 0.6901, train acc: 0.56, dev loss: 0.7087, dev acc: 0.24, time: 3.17
Mon, 08 Apr 2019 14:44:05: INFO: 
Evaluation - loss: 45.066050 Precision:0.0476 Recall:0.4886 Fscore:0.0855 acc: 6.0000%(267/44) 

Mon, 08 Apr 2019 14:44:08: INFO: epoch: 70, train loss: 0.6899, train acc: 0.56, dev loss: 0.7091, dev acc: 0.24, time: 3.21
Mon, 08 Apr 2019 14:44:09: INFO: 
Evaluation - loss: 45.066049 Precision:0.0478 Recall:0.5000 Fscore:0.0865 acc: 6.0000%(267/44) 

Mon, 08 Apr 2019 14:44:12: INFO: epoch: 71, train loss: 0.6900, train acc: 0.56, dev loss: 0.7086, dev acc: 0.25, time: 2.89
Mon, 08 Apr 2019 14:44:12: INFO: 
Evaluation - loss: 45.066050 Precision:0.0477 Recall:0.5000 Fscore:0.0859 acc: 6.0000%(267/44) 

Mon, 08 Apr 2019 14:44:15: INFO: epoch: 72, train loss: 0.6900, train acc: 0.56, dev loss: 0.7083, dev acc: 0.25, time: 3.30
Mon, 08 Apr 2019 14:44:15: INFO: 
Evaluation - loss: 45.066049 Precision:0.0477 Recall:0.5000 Fscore:0.0858 acc: 6.0000%(267/44) 

Mon, 08 Apr 2019 14:44:19: INFO: epoch: 73, train loss: 0.6898, train acc: 0.56, dev loss: 0.7091, dev acc: 0.23, time: 3.42
Mon, 08 Apr 2019 14:44:19: INFO: 
Evaluation - loss: 45.066049 Precision:0.0478 Recall:0.5000 Fscore:0.0864 acc: 6.0000%(267/44) 

Mon, 08 Apr 2019 14:44:22: INFO: epoch: 74, train loss: 0.6899, train acc: 0.56, dev loss: 0.7092, dev acc: 0.24, time: 3.31
Mon, 08 Apr 2019 14:44:23: INFO: 
Evaluation - loss: 45.066049 Precision:0.0480 Recall:0.5000 Fscore:0.0857 acc: 6.0000%(267/44) 

Mon, 08 Apr 2019 14:44:26: INFO: epoch: 75, train loss: 0.6900, train acc: 0.56, dev loss: 0.7089, dev acc: 0.24, time: 3.43
Mon, 08 Apr 2019 14:44:26: INFO: 
Evaluation - loss: 45.066049 Precision:0.0479 Recall:0.5000 Fscore:0.0867 acc: 6.0000%(267/44) 

Mon, 08 Apr 2019 14:44:30: INFO: epoch: 76, train loss: 0.6897, train acc: 0.56, dev loss: 0.7085, dev acc: 0.25, time: 3.39
Mon, 08 Apr 2019 14:44:30: INFO: 
Evaluation - loss: 45.066050 Precision:0.0478 Recall:0.5000 Fscore:0.0859 acc: 6.0000%(267/44) 

Mon, 08 Apr 2019 14:44:34: INFO: epoch: 77, train loss: 0.6899, train acc: 0.56, dev loss: 0.7088, dev acc: 0.25, time: 3.50
Mon, 08 Apr 2019 14:44:34: INFO: 
Evaluation - loss: 45.066050 Precision:0.0476 Recall:0.5000 Fscore:0.0860 acc: 6.0000%(267/44) 

Mon, 08 Apr 2019 14:44:37: INFO: epoch: 78, train loss: 0.6900, train acc: 0.56, dev loss: 0.7083, dev acc: 0.25, time: 3.49
Mon, 08 Apr 2019 14:44:38: INFO: 
Evaluation - loss: 45.066049 Precision:0.0477 Recall:0.5000 Fscore:0.0862 acc: 6.0000%(267/44) 

Mon, 08 Apr 2019 14:44:41: INFO: epoch: 79, train loss: 0.6899, train acc: 0.56, dev loss: 0.7089, dev acc: 0.23, time: 3.46
Mon, 08 Apr 2019 14:44:41: INFO: 
Evaluation - loss: 45.066049 Precision:0.0479 Recall:0.5000 Fscore:0.0863 acc: 6.0000%(267/44) 

Mon, 08 Apr 2019 14:44:45: INFO: epoch: 80, train loss: 0.6899, train acc: 0.56, dev loss: 0.7084, dev acc: 0.25, time: 3.35
Mon, 08 Apr 2019 14:44:45: INFO: 
Evaluation - loss: 45.066049 Precision:0.0477 Recall:0.5000 Fscore:0.0862 acc: 6.0000%(267/44) 

Mon, 08 Apr 2019 14:44:48: INFO: epoch: 81, train loss: 0.6901, train acc: 0.56, dev loss: 0.7083, dev acc: 0.25, time: 3.38
Mon, 08 Apr 2019 14:44:49: INFO: 
Evaluation - loss: 45.066049 Precision:0.0477 Recall:0.5000 Fscore:0.0864 acc: 6.0000%(267/44) 

Mon, 08 Apr 2019 14:44:52: INFO: epoch: 82, train loss: 0.6900, train acc: 0.56, dev loss: 0.7089, dev acc: 0.23, time: 3.42
Mon, 08 Apr 2019 14:44:52: INFO: 
Evaluation - loss: 45.066049 Precision:0.0479 Recall:0.5000 Fscore:0.0861 acc: 6.0000%(267/44) 

Mon, 08 Apr 2019 14:44:56: INFO: epoch: 83, train loss: 0.6903, train acc: 0.56, dev loss: 0.7091, dev acc: 0.24, time: 3.17
Mon, 08 Apr 2019 14:44:56: INFO: 
Evaluation - loss: 45.066050 Precision:0.0477 Recall:0.5000 Fscore:0.0862 acc: 6.0000%(267/44) 

Mon, 08 Apr 2019 14:44:59: INFO: epoch: 84, train loss: 0.6903, train acc: 0.56, dev loss: 0.7083, dev acc: 0.25, time: 3.16
Mon, 08 Apr 2019 14:44:59: INFO: 
Evaluation - loss: 45.066050 Precision:0.0477 Recall:0.5000 Fscore:0.0862 acc: 6.0000%(267/44) 

Mon, 08 Apr 2019 14:45:02: INFO: epoch: 85, train loss: 0.6899, train acc: 0.56, dev loss: 0.7085, dev acc: 0.25, time: 3.19
Mon, 08 Apr 2019 14:45:03: INFO: 
Evaluation - loss: 45.066049 Precision:0.0477 Recall:0.5000 Fscore:0.0863 acc: 6.0000%(267/44) 

Mon, 08 Apr 2019 14:45:06: INFO: epoch: 86, train loss: 0.6902, train acc: 0.55, dev loss: 0.7078, dev acc: 0.26, time: 3.18
Mon, 08 Apr 2019 14:45:06: INFO: 
Evaluation - loss: 45.066050 Precision:0.0477 Recall:0.5000 Fscore:0.0865 acc: 6.0000%(267/44) 

Mon, 08 Apr 2019 14:45:09: INFO: epoch: 87, train loss: 0.6901, train acc: 0.56, dev loss: 0.7083, dev acc: 0.25, time: 3.23
Mon, 08 Apr 2019 14:45:10: INFO: 
Evaluation - loss: 45.066049 Precision:0.0479 Recall:0.4886 Fscore:0.0861 acc: 6.0000%(267/44) 

Mon, 08 Apr 2019 14:45:13: INFO: epoch: 88, train loss: 0.6899, train acc: 0.56, dev loss: 0.7085, dev acc: 0.25, time: 2.89
Mon, 08 Apr 2019 14:45:13: INFO: 
Evaluation - loss: 45.066049 Precision:0.0477 Recall:0.5000 Fscore:0.0857 acc: 6.0000%(267/44) 

Mon, 08 Apr 2019 14:45:16: INFO: epoch: 89, train loss: 0.6900, train acc: 0.56, dev loss: 0.7089, dev acc: 0.24, time: 2.89
Mon, 08 Apr 2019 14:45:16: INFO: 
Evaluation - loss: 45.066049 Precision:0.0475 Recall:0.5000 Fscore:0.0858 acc: 6.0000%(267/44) 

Mon, 08 Apr 2019 14:45:19: INFO: epoch: 90, train loss: 0.6904, train acc: 0.56, dev loss: 0.7083, dev acc: 0.26, time: 2.89
Mon, 08 Apr 2019 14:45:19: INFO: 
Evaluation - loss: 45.066049 Precision:0.0477 Recall:0.5000 Fscore:0.0862 acc: 6.0000%(267/44) 

Mon, 08 Apr 2019 14:45:22: INFO: epoch: 91, train loss: 0.6897, train acc: 0.56, dev loss: 0.7093, dev acc: 0.24, time: 2.89
Mon, 08 Apr 2019 14:45:22: INFO: 
Evaluation - loss: 45.066049 Precision:0.0477 Recall:0.5000 Fscore:0.0862 acc: 6.0000%(267/44) 

Mon, 08 Apr 2019 14:45:25: INFO: epoch: 92, train loss: 0.6899, train acc: 0.56, dev loss: 0.7082, dev acc: 0.25, time: 2.90
Mon, 08 Apr 2019 14:45:26: INFO: 
Evaluation - loss: 45.066050 Precision:0.0477 Recall:0.5000 Fscore:0.0863 acc: 6.0000%(267/44) 

Mon, 08 Apr 2019 14:45:28: INFO: epoch: 93, train loss: 0.6899, train acc: 0.57, dev loss: 0.7086, dev acc: 0.25, time: 2.90
Mon, 08 Apr 2019 14:45:29: INFO: 
Evaluation - loss: 45.066048 Precision:0.0475 Recall:0.5000 Fscore:0.0856 acc: 6.0000%(267/44) 

Mon, 08 Apr 2019 14:45:32: INFO: epoch: 94, train loss: 0.6903, train acc: 0.56, dev loss: 0.7086, dev acc: 0.24, time: 3.53
Mon, 08 Apr 2019 14:45:32: INFO: 
Evaluation - loss: 45.066049 Precision:0.0477 Recall:0.4886 Fscore:0.0862 acc: 6.0000%(267/44) 

Mon, 08 Apr 2019 14:45:36: INFO: epoch: 95, train loss: 0.6898, train acc: 0.56, dev loss: 0.7083, dev acc: 0.25, time: 3.52
Mon, 08 Apr 2019 14:45:36: INFO: 
Evaluation - loss: 45.066048 Precision:0.0480 Recall:0.5000 Fscore:0.0861 acc: 6.0000%(267/44) 

Mon, 08 Apr 2019 14:45:40: INFO: epoch: 96, train loss: 0.6896, train acc: 0.56, dev loss: 0.7092, dev acc: 0.25, time: 3.48
Mon, 08 Apr 2019 14:45:40: INFO: 
Evaluation - loss: 45.066048 Precision:0.0479 Recall:0.5000 Fscore:0.0863 acc: 6.0000%(267/44) 

Mon, 08 Apr 2019 14:45:44: INFO: epoch: 97, train loss: 0.6900, train acc: 0.56, dev loss: 0.7089, dev acc: 0.24, time: 3.51
Mon, 08 Apr 2019 14:45:44: INFO: 
Evaluation - loss: 45.066050 Precision:0.0479 Recall:0.5000 Fscore:0.0865 acc: 6.0000%(267/44) 

Mon, 08 Apr 2019 14:45:47: INFO: epoch: 98, train loss: 0.6899, train acc: 0.56, dev loss: 0.7086, dev acc: 0.26, time: 3.51
Mon, 08 Apr 2019 14:45:48: INFO: 
Evaluation - loss: 45.066050 Precision:0.0475 Recall:0.5000 Fscore:0.0858 acc: 6.0000%(267/44) 

Mon, 08 Apr 2019 14:45:51: INFO: epoch: 99, train loss: 0.6900, train acc: 0.56, dev loss: 0.7089, dev acc: 0.24, time: 3.17
Mon, 08 Apr 2019 14:45:51: INFO: 
Evaluation - loss: 45.066049 Precision:0.0477 Recall:0.5000 Fscore:0.0861 acc: 6.0000%(267/44) 

Mon, 08 Apr 2019 14:45:54: INFO: epoch: 100, train loss: 0.6902, train acc: 0.56, dev loss: 0.7082, dev acc: 0.25, time: 3.17
Mon, 08 Apr 2019 14:45:55: INFO: 
Evaluation - loss: 45.066048 Precision:0.0475 Recall:0.5000 Fscore:0.0856 acc: 6.0000%(267/44) 

