Mon, 08 Apr 2019 16:18:59: INFO: running main.py --model=CNN_BiLSTM --optimizer=sgd --batch_size=64 --vocab_size=40000 --embed_dim=300 --in_channels=1 --kernel_sizes=123 --kernel_nums=300 --hidden_dim=200 --num_layers=2 --bidirectional=True --max_seq_len=50 --learning_rate=0.8 --num_epochs=100 --dropout=0.3 --num_class=2 --train_file=./data/cwmt_train_comb.txt --dev_file=./data/cwmt_dev_comb.txt --dev_file=./data/htqe_test_comb.txt --pretrained_embeddings=./word2vec/wiki.en_zh.vec --prediction_file=./predictions/htqe_test_comb.txt --saved_model=./saved_models/cwmt.en_zh.pt --test=False --weight_decay=0.0 --grad_clip=0.0 --momentum=0.0 --seed_num=123 --scheduler=steplr --run_log=umtqe_cnnbilstm
Mon, 08 Apr 2019 16:18:59: INFO: 	BATCH_SIZE=64
Mon, 08 Apr 2019 16:18:59: INFO: 	BIDIRECTIONAL=True
Mon, 08 Apr 2019 16:18:59: INFO: 	DEV_FILE=./data/htqe_test_comb.txt
Mon, 08 Apr 2019 16:18:59: INFO: 	DROPOUT=0.3
Mon, 08 Apr 2019 16:18:59: INFO: 	EMBED_DIM=300
Mon, 08 Apr 2019 16:18:59: INFO: 	GRAD_CLIP=0.0
Mon, 08 Apr 2019 16:18:59: INFO: 	HIDDEN_DIM=200
Mon, 08 Apr 2019 16:18:59: INFO: 	IN_CHANNELS=1
Mon, 08 Apr 2019 16:18:59: INFO: 	KERNEL_NUMS=300
Mon, 08 Apr 2019 16:18:59: INFO: 	KERNEL_SIZES=[1, 2, 3]
Mon, 08 Apr 2019 16:18:59: INFO: 	LEARNING_RATE=0.8
Mon, 08 Apr 2019 16:18:59: INFO: 	MAX_SEQ_LEN=50
Mon, 08 Apr 2019 16:18:59: INFO: 	MODEL=CNN_BiLSTM
Mon, 08 Apr 2019 16:18:59: INFO: 	MOMENTUM=0.0
Mon, 08 Apr 2019 16:18:59: INFO: 	NUM_CLASS=2
Mon, 08 Apr 2019 16:18:59: INFO: 	NUM_EPOCHS=100
Mon, 08 Apr 2019 16:18:59: INFO: 	NUM_LAYERS=2
Mon, 08 Apr 2019 16:18:59: INFO: 	OPTIMIZER=sgd
Mon, 08 Apr 2019 16:18:59: INFO: 	PREDICTION_FILE=./predictions/htqe_test_comb.txt
Mon, 08 Apr 2019 16:18:59: INFO: 	PRETRAINED_EMBEDDINGS=./word2vec/wiki.en_zh.vec
Mon, 08 Apr 2019 16:18:59: INFO: 	PRETRAINED_WEIGHTS=tensor([[ 0.0046,  0.0888,  0.0158,  ..., -0.0273, -0.1007, -0.0268],
        [ 0.0162,  0.0857, -0.0171,  ..., -0.0392, -0.0045,  0.0182],
        [-0.0886, -0.0037,  0.0174,  ..., -0.0021, -0.0362, -0.0122],
        ...,
        [ 0.0000,  0.0000,  0.0000,  ...,  0.0000,  0.0000,  0.0000],
        [ 0.0000,  0.0000,  0.0000,  ...,  0.0000,  0.0000,  0.0000],
        [ 0.0000,  0.0000,  0.0000,  ...,  0.0000,  0.0000,  0.0000]])
Mon, 08 Apr 2019 16:18:59: INFO: 	RUN_LOG=umtqe_cnnbilstm
Mon, 08 Apr 2019 16:18:59: INFO: 	SAVED_MODEL=./saved_models/cwmt.en_zh.pt
Mon, 08 Apr 2019 16:18:59: INFO: 	SCHEDULER=steplr
Mon, 08 Apr 2019 16:18:59: INFO: 	SEED_NUM=123
Mon, 08 Apr 2019 16:18:59: INFO: 	TEST=False
Mon, 08 Apr 2019 16:18:59: INFO: 	TEST_FILE=./data/htqe_test_comb.txt
Mon, 08 Apr 2019 16:18:59: INFO: 	TRAIN_FILE=./data/cwmt_train_comb.txt
Mon, 08 Apr 2019 16:18:59: INFO: 	USE_GPU=True
Mon, 08 Apr 2019 16:18:59: INFO: 	VOCAB_SIZE=44995
Mon, 08 Apr 2019 16:18:59: INFO: 	WEIGHT_DECAY=0.0
Mon, 08 Apr 2019 16:19:25: INFO: epoch: 1, train loss: 0.6960, train acc: 0.42, dev loss: 0.6806, dev acc: 0.87, time: 23.55
Mon, 08 Apr 2019 16:19:25: INFO: 
Evaluation - loss: 43.271107 Precision:0.4522 Recall:0.5000 Fscore:0.4747 acc: 57.0000%(2532/44) 

Mon, 08 Apr 2019 16:19:30: INFO: epoch: 2, train loss: 0.6960, train acc: 0.42, dev loss: 0.6803, dev acc: 0.87, time: 4.24
Mon, 08 Apr 2019 16:19:30: INFO: 
Evaluation - loss: 43.271108 Precision:0.4523 Recall:0.5000 Fscore:0.4748 acc: 57.0000%(2532/44) 

Mon, 08 Apr 2019 16:19:34: INFO: epoch: 3, train loss: 0.6961, train acc: 0.42, dev loss: 0.6802, dev acc: 0.87, time: 4.39
Mon, 08 Apr 2019 16:19:35: INFO: 
Evaluation - loss: 43.271108 Precision:0.4522 Recall:0.5000 Fscore:0.4747 acc: 57.0000%(2532/44) 

Mon, 08 Apr 2019 16:19:39: INFO: epoch: 4, train loss: 0.6961, train acc: 0.42, dev loss: 0.6805, dev acc: 0.86, time: 4.38
Mon, 08 Apr 2019 16:19:40: INFO: 
Evaluation - loss: 43.271107 Precision:0.4522 Recall:0.5000 Fscore:0.4747 acc: 57.0000%(2532/44) 

Mon, 08 Apr 2019 16:19:44: INFO: epoch: 5, train loss: 0.6959, train acc: 0.42, dev loss: 0.6805, dev acc: 0.88, time: 4.47
Mon, 08 Apr 2019 16:19:44: INFO: 
Evaluation - loss: 43.271108 Precision:0.4525 Recall:0.5000 Fscore:0.4748 acc: 57.0000%(2532/44) 

Mon, 08 Apr 2019 16:19:49: INFO: epoch: 6, train loss: 0.6961, train acc: 0.42, dev loss: 0.6802, dev acc: 0.87, time: 4.36
Mon, 08 Apr 2019 16:19:49: INFO: 
Evaluation - loss: 43.271107 Precision:0.4521 Recall:0.5000 Fscore:0.4747 acc: 57.0000%(2532/44) 

Mon, 08 Apr 2019 16:19:53: INFO: epoch: 7, train loss: 0.6960, train acc: 0.42, dev loss: 0.6801, dev acc: 0.87, time: 4.32
Mon, 08 Apr 2019 16:19:54: INFO: 
Evaluation - loss: 43.271107 Precision:0.4523 Recall:0.5000 Fscore:0.4748 acc: 57.0000%(2532/44) 

Mon, 08 Apr 2019 16:19:58: INFO: epoch: 8, train loss: 0.6960, train acc: 0.42, dev loss: 0.6802, dev acc: 0.87, time: 4.38
Mon, 08 Apr 2019 16:19:59: INFO: 
Evaluation - loss: 43.271107 Precision:0.4523 Recall:0.5000 Fscore:0.4747 acc: 57.0000%(2532/44) 

Mon, 08 Apr 2019 16:20:03: INFO: epoch: 9, train loss: 0.6960, train acc: 0.42, dev loss: 0.6804, dev acc: 0.87, time: 4.40
Mon, 08 Apr 2019 16:20:03: INFO: 
Evaluation - loss: 43.271108 Precision:0.4525 Recall:0.5000 Fscore:0.4749 acc: 57.0000%(2532/44) 

Mon, 08 Apr 2019 16:20:08: INFO: epoch: 10, train loss: 0.6960, train acc: 0.42, dev loss: 0.6803, dev acc: 0.87, time: 4.38
Mon, 08 Apr 2019 16:20:08: INFO: 
Evaluation - loss: 43.271108 Precision:0.4521 Recall:0.5000 Fscore:0.4747 acc: 57.0000%(2532/44) 

Mon, 08 Apr 2019 16:20:13: INFO: epoch: 11, train loss: 0.6962, train acc: 0.42, dev loss: 0.6800, dev acc: 0.87, time: 4.36
Mon, 08 Apr 2019 16:20:13: INFO: 
Evaluation - loss: 43.271106 Precision:0.4522 Recall:0.5000 Fscore:0.4746 acc: 57.0000%(2532/44) 

Mon, 08 Apr 2019 16:20:17: INFO: epoch: 12, train loss: 0.6960, train acc: 0.42, dev loss: 0.6803, dev acc: 0.87, time: 4.43
Mon, 08 Apr 2019 16:20:18: INFO: 
Evaluation - loss: 43.271108 Precision:0.4520 Recall:0.5000 Fscore:0.4746 acc: 57.0000%(2532/44) 

Mon, 08 Apr 2019 16:20:22: INFO: epoch: 13, train loss: 0.6960, train acc: 0.42, dev loss: 0.6803, dev acc: 0.87, time: 4.41
Mon, 08 Apr 2019 16:20:23: INFO: 
Evaluation - loss: 43.271107 Precision:0.4523 Recall:0.5000 Fscore:0.4748 acc: 57.0000%(2532/44) 

Mon, 08 Apr 2019 16:20:27: INFO: epoch: 14, train loss: 0.6959, train acc: 0.42, dev loss: 0.6802, dev acc: 0.87, time: 4.41
Mon, 08 Apr 2019 16:20:27: INFO: 
Evaluation - loss: 43.271107 Precision:0.4523 Recall:0.5000 Fscore:0.4748 acc: 57.0000%(2532/44) 

Mon, 08 Apr 2019 16:20:32: INFO: epoch: 15, train loss: 0.6961, train acc: 0.42, dev loss: 0.6802, dev acc: 0.86, time: 4.42
Mon, 08 Apr 2019 16:20:32: INFO: 
Evaluation - loss: 43.271108 Precision:0.4521 Recall:0.5000 Fscore:0.4747 acc: 57.0000%(2532/44) 

Mon, 08 Apr 2019 16:20:37: INFO: epoch: 16, train loss: 0.6961, train acc: 0.42, dev loss: 0.6803, dev acc: 0.87, time: 4.39
Mon, 08 Apr 2019 16:20:37: INFO: 
Evaluation - loss: 43.271109 Precision:0.4521 Recall:0.5000 Fscore:0.4747 acc: 57.0000%(2532/44) 

Mon, 08 Apr 2019 16:20:41: INFO: epoch: 17, train loss: 0.6960, train acc: 0.42, dev loss: 0.6803, dev acc: 0.86, time: 4.35
Mon, 08 Apr 2019 16:20:42: INFO: 
Evaluation - loss: 43.271108 Precision:0.4521 Recall:0.5000 Fscore:0.4747 acc: 57.0000%(2532/44) 

Mon, 08 Apr 2019 16:20:46: INFO: epoch: 18, train loss: 0.6961, train acc: 0.42, dev loss: 0.6801, dev acc: 0.87, time: 4.42
Mon, 08 Apr 2019 16:20:47: INFO: 
Evaluation - loss: 43.271107 Precision:0.4525 Recall:0.5000 Fscore:0.4748 acc: 57.0000%(2532/44) 

Mon, 08 Apr 2019 16:20:51: INFO: epoch: 19, train loss: 0.6960, train acc: 0.42, dev loss: 0.6802, dev acc: 0.87, time: 4.42
Mon, 08 Apr 2019 16:20:51: INFO: 
Evaluation - loss: 43.271107 Precision:0.4523 Recall:0.5000 Fscore:0.4747 acc: 57.0000%(2532/44) 

Mon, 08 Apr 2019 16:20:56: INFO: epoch: 20, train loss: 0.6960, train acc: 0.42, dev loss: 0.6802, dev acc: 0.87, time: 4.45
Mon, 08 Apr 2019 16:20:56: INFO: 
Evaluation - loss: 43.271108 Precision:0.4521 Recall:0.5000 Fscore:0.4747 acc: 57.0000%(2532/44) 

Mon, 08 Apr 2019 16:21:01: INFO: epoch: 21, train loss: 0.6962, train acc: 0.42, dev loss: 0.6801, dev acc: 0.88, time: 4.44
Mon, 08 Apr 2019 16:21:01: INFO: 
Evaluation - loss: 43.271106 Precision:0.4525 Recall:0.5000 Fscore:0.4748 acc: 57.0000%(2532/44) 

Mon, 08 Apr 2019 16:21:06: INFO: epoch: 22, train loss: 0.6961, train acc: 0.42, dev loss: 0.6805, dev acc: 0.87, time: 4.50
Mon, 08 Apr 2019 16:21:06: INFO: 
Evaluation - loss: 43.271107 Precision:0.4523 Recall:0.5000 Fscore:0.4747 acc: 57.0000%(2532/44) 

Mon, 08 Apr 2019 16:21:11: INFO: epoch: 23, train loss: 0.6962, train acc: 0.42, dev loss: 0.6804, dev acc: 0.87, time: 4.50
Mon, 08 Apr 2019 16:21:11: INFO: 
Evaluation - loss: 43.271108 Precision:0.4525 Recall:0.5000 Fscore:0.4748 acc: 57.0000%(2532/44) 

Mon, 08 Apr 2019 16:21:15: INFO: epoch: 24, train loss: 0.6960, train acc: 0.42, dev loss: 0.6801, dev acc: 0.88, time: 4.49
Mon, 08 Apr 2019 16:21:16: INFO: 
Evaluation - loss: 43.271108 Precision:0.4524 Recall:0.5000 Fscore:0.4749 acc: 57.0000%(2532/44) 

Mon, 08 Apr 2019 16:21:20: INFO: epoch: 25, train loss: 0.6961, train acc: 0.42, dev loss: 0.6801, dev acc: 0.87, time: 4.51
Mon, 08 Apr 2019 16:21:21: INFO: 
Evaluation - loss: 43.271108 Precision:0.4523 Recall:0.5000 Fscore:0.4747 acc: 57.0000%(2532/44) 

Mon, 08 Apr 2019 16:21:25: INFO: epoch: 26, train loss: 0.6960, train acc: 0.42, dev loss: 0.6804, dev acc: 0.86, time: 4.50
Mon, 08 Apr 2019 16:21:26: INFO: 
Evaluation - loss: 43.271108 Precision:0.4524 Recall:0.5000 Fscore:0.4748 acc: 57.0000%(2532/44) 

Mon, 08 Apr 2019 16:21:30: INFO: epoch: 27, train loss: 0.6960, train acc: 0.42, dev loss: 0.6801, dev acc: 0.87, time: 4.52
Mon, 08 Apr 2019 16:21:31: INFO: 
Evaluation - loss: 43.271107 Precision:0.4521 Recall:0.5000 Fscore:0.4746 acc: 57.0000%(2532/44) 

Mon, 08 Apr 2019 16:21:35: INFO: epoch: 28, train loss: 0.6961, train acc: 0.42, dev loss: 0.6801, dev acc: 0.87, time: 4.56
Mon, 08 Apr 2019 16:21:36: INFO: 
Evaluation - loss: 43.271108 Precision:0.4523 Recall:0.5000 Fscore:0.4748 acc: 57.0000%(2532/44) 

Mon, 08 Apr 2019 16:21:40: INFO: epoch: 29, train loss: 0.6961, train acc: 0.42, dev loss: 0.6802, dev acc: 0.87, time: 4.56
Mon, 08 Apr 2019 16:21:41: INFO: 
Evaluation - loss: 43.271109 Precision:0.4523 Recall:0.5000 Fscore:0.4748 acc: 57.0000%(2532/44) 

Mon, 08 Apr 2019 16:21:45: INFO: epoch: 30, train loss: 0.6961, train acc: 0.42, dev loss: 0.6804, dev acc: 0.87, time: 4.54
Mon, 08 Apr 2019 16:21:46: INFO: 
Evaluation - loss: 43.271107 Precision:0.4523 Recall:0.5000 Fscore:0.4748 acc: 57.0000%(2532/44) 

Mon, 08 Apr 2019 16:21:50: INFO: epoch: 31, train loss: 0.6960, train acc: 0.42, dev loss: 0.6801, dev acc: 0.87, time: 4.55
Mon, 08 Apr 2019 16:21:50: INFO: 
Evaluation - loss: 43.271107 Precision:0.4524 Recall:0.5000 Fscore:0.4748 acc: 57.0000%(2532/44) 

Mon, 08 Apr 2019 16:21:55: INFO: epoch: 32, train loss: 0.6960, train acc: 0.42, dev loss: 0.6802, dev acc: 0.87, time: 4.56
Mon, 08 Apr 2019 16:21:55: INFO: 
Evaluation - loss: 43.271107 Precision:0.4523 Recall:0.5000 Fscore:0.4748 acc: 57.0000%(2532/44) 

Mon, 08 Apr 2019 16:22:00: INFO: epoch: 33, train loss: 0.6959, train acc: 0.42, dev loss: 0.6802, dev acc: 0.87, time: 4.57
Mon, 08 Apr 2019 16:22:00: INFO: 
Evaluation - loss: 43.271108 Precision:0.4521 Recall:0.5000 Fscore:0.4746 acc: 57.0000%(2532/44) 

Mon, 08 Apr 2019 16:22:05: INFO: epoch: 34, train loss: 0.6959, train acc: 0.42, dev loss: 0.6802, dev acc: 0.87, time: 4.60
Mon, 08 Apr 2019 16:22:05: INFO: 
Evaluation - loss: 43.271107 Precision:0.4523 Recall:0.5000 Fscore:0.4748 acc: 57.0000%(2532/44) 

Mon, 08 Apr 2019 16:22:10: INFO: epoch: 35, train loss: 0.6962, train acc: 0.42, dev loss: 0.6805, dev acc: 0.87, time: 4.61
Mon, 08 Apr 2019 16:22:10: INFO: 
Evaluation - loss: 43.271108 Precision:0.4520 Recall:0.5000 Fscore:0.4746 acc: 57.0000%(2532/44) 

Mon, 08 Apr 2019 16:22:15: INFO: epoch: 36, train loss: 0.6960, train acc: 0.42, dev loss: 0.6804, dev acc: 0.87, time: 4.49
Mon, 08 Apr 2019 16:22:15: INFO: 
Evaluation - loss: 43.271107 Precision:0.4525 Recall:0.5000 Fscore:0.4749 acc: 57.0000%(2532/44) 

Mon, 08 Apr 2019 16:22:20: INFO: epoch: 37, train loss: 0.6961, train acc: 0.42, dev loss: 0.6801, dev acc: 0.87, time: 4.57
Mon, 08 Apr 2019 16:22:20: INFO: 
Evaluation - loss: 43.271107 Precision:0.4638 Recall:0.5114 Fscore:0.4861 acc: 57.0000%(2532/44) 

Mon, 08 Apr 2019 16:22:25: INFO: epoch: 38, train loss: 0.6961, train acc: 0.42, dev loss: 0.6801, dev acc: 0.86, time: 4.55
Mon, 08 Apr 2019 16:22:25: INFO: 
Evaluation - loss: 43.271107 Precision:0.4525 Recall:0.5000 Fscore:0.4749 acc: 57.0000%(2532/44) 

Mon, 08 Apr 2019 16:22:30: INFO: epoch: 39, train loss: 0.6960, train acc: 0.42, dev loss: 0.6803, dev acc: 0.87, time: 4.55
Mon, 08 Apr 2019 16:22:30: INFO: 
Evaluation - loss: 43.271107 Precision:0.4521 Recall:0.5000 Fscore:0.4746 acc: 57.0000%(2532/44) 

Mon, 08 Apr 2019 16:22:35: INFO: epoch: 40, train loss: 0.6960, train acc: 0.42, dev loss: 0.6800, dev acc: 0.87, time: 4.57
Mon, 08 Apr 2019 16:22:35: INFO: 
Evaluation - loss: 43.271106 Precision:0.4520 Recall:0.5000 Fscore:0.4746 acc: 57.0000%(2532/44) 

Mon, 08 Apr 2019 16:22:40: INFO: epoch: 41, train loss: 0.6959, train acc: 0.42, dev loss: 0.6799, dev acc: 0.87, time: 4.60
Mon, 08 Apr 2019 16:22:40: INFO: 
Evaluation - loss: 43.271107 Precision:0.4523 Recall:0.5000 Fscore:0.4748 acc: 57.0000%(2532/44) 

Mon, 08 Apr 2019 16:22:45: INFO: epoch: 42, train loss: 0.6961, train acc: 0.42, dev loss: 0.6803, dev acc: 0.87, time: 4.60
Mon, 08 Apr 2019 16:22:45: INFO: 
Evaluation - loss: 43.271107 Precision:0.4523 Recall:0.5000 Fscore:0.4747 acc: 57.0000%(2532/44) 

Mon, 08 Apr 2019 16:22:50: INFO: epoch: 43, train loss: 0.6960, train acc: 0.42, dev loss: 0.6801, dev acc: 0.87, time: 4.59
Mon, 08 Apr 2019 16:22:50: INFO: 
Evaluation - loss: 43.271108 Precision:0.4523 Recall:0.5000 Fscore:0.4748 acc: 57.0000%(2532/44) 

Mon, 08 Apr 2019 16:22:55: INFO: epoch: 44, train loss: 0.6960, train acc: 0.42, dev loss: 0.6801, dev acc: 0.87, time: 4.67
Mon, 08 Apr 2019 16:22:55: INFO: 
Evaluation - loss: 43.271108 Precision:0.4524 Recall:0.5000 Fscore:0.4749 acc: 57.0000%(2532/44) 

Mon, 08 Apr 2019 16:23:00: INFO: epoch: 45, train loss: 0.6960, train acc: 0.42, dev loss: 0.6802, dev acc: 0.87, time: 4.59
Mon, 08 Apr 2019 16:23:00: INFO: 
Evaluation - loss: 43.271108 Precision:0.4525 Recall:0.5000 Fscore:0.4748 acc: 57.0000%(2532/44) 

Mon, 08 Apr 2019 16:23:05: INFO: epoch: 46, train loss: 0.6961, train acc: 0.42, dev loss: 0.6799, dev acc: 0.88, time: 4.74
Mon, 08 Apr 2019 16:23:05: INFO: 
Evaluation - loss: 43.271107 Precision:0.4525 Recall:0.5000 Fscore:0.4749 acc: 57.0000%(2532/44) 

Mon, 08 Apr 2019 16:23:10: INFO: epoch: 47, train loss: 0.6961, train acc: 0.42, dev loss: 0.6799, dev acc: 0.87, time: 4.62
Mon, 08 Apr 2019 16:23:10: INFO: 
Evaluation - loss: 43.271109 Precision:0.4522 Recall:0.5000 Fscore:0.4747 acc: 57.0000%(2532/44) 

Mon, 08 Apr 2019 16:23:15: INFO: epoch: 48, train loss: 0.6961, train acc: 0.42, dev loss: 0.6802, dev acc: 0.87, time: 4.62
Mon, 08 Apr 2019 16:23:15: INFO: 
Evaluation - loss: 43.271109 Precision:0.4638 Recall:0.5114 Fscore:0.4862 acc: 57.0000%(2532/44) 

Mon, 08 Apr 2019 16:23:20: INFO: epoch: 49, train loss: 0.6959, train acc: 0.42, dev loss: 0.6803, dev acc: 0.87, time: 4.65
Mon, 08 Apr 2019 16:23:20: INFO: 
Evaluation - loss: 43.271107 Precision:0.4523 Recall:0.5000 Fscore:0.4748 acc: 57.0000%(2532/44) 

Mon, 08 Apr 2019 16:23:25: INFO: epoch: 50, train loss: 0.6959, train acc: 0.42, dev loss: 0.6802, dev acc: 0.86, time: 4.58
Mon, 08 Apr 2019 16:23:25: INFO: 
Evaluation - loss: 43.271109 Precision:0.4523 Recall:0.5000 Fscore:0.4748 acc: 57.0000%(2532/44) 

Mon, 08 Apr 2019 16:23:30: INFO: epoch: 51, train loss: 0.6961, train acc: 0.42, dev loss: 0.6801, dev acc: 0.87, time: 4.65
Mon, 08 Apr 2019 16:23:31: INFO: 
Evaluation - loss: 43.271108 Precision:0.4522 Recall:0.5000 Fscore:0.4747 acc: 57.0000%(2532/44) 

Mon, 08 Apr 2019 16:23:35: INFO: epoch: 52, train loss: 0.6961, train acc: 0.42, dev loss: 0.6803, dev acc: 0.87, time: 4.54
Mon, 08 Apr 2019 16:23:35: INFO: 
Evaluation - loss: 43.271108 Precision:0.4521 Recall:0.5000 Fscore:0.4747 acc: 57.0000%(2532/44) 

Mon, 08 Apr 2019 16:23:40: INFO: epoch: 53, train loss: 0.6960, train acc: 0.42, dev loss: 0.6803, dev acc: 0.87, time: 4.61
Mon, 08 Apr 2019 16:23:40: INFO: 
Evaluation - loss: 43.271107 Precision:0.4524 Recall:0.5000 Fscore:0.4748 acc: 57.0000%(2532/44) 

Mon, 08 Apr 2019 16:23:45: INFO: epoch: 54, train loss: 0.6961, train acc: 0.42, dev loss: 0.6801, dev acc: 0.87, time: 4.48
Mon, 08 Apr 2019 16:23:45: INFO: 
Evaluation - loss: 43.271108 Precision:0.4521 Recall:0.5000 Fscore:0.4746 acc: 57.0000%(2532/44) 

Mon, 08 Apr 2019 16:23:50: INFO: epoch: 55, train loss: 0.6959, train acc: 0.42, dev loss: 0.6801, dev acc: 0.87, time: 4.44
Mon, 08 Apr 2019 16:23:50: INFO: 
Evaluation - loss: 43.271107 Precision:0.4522 Recall:0.5000 Fscore:0.4746 acc: 57.0000%(2532/44) 

Mon, 08 Apr 2019 16:23:55: INFO: epoch: 56, train loss: 0.6962, train acc: 0.42, dev loss: 0.6804, dev acc: 0.87, time: 4.55
Mon, 08 Apr 2019 16:23:55: INFO: 
Evaluation - loss: 43.271108 Precision:0.4524 Recall:0.5000 Fscore:0.4749 acc: 57.0000%(2532/44) 

Mon, 08 Apr 2019 16:24:00: INFO: epoch: 57, train loss: 0.6960, train acc: 0.42, dev loss: 0.6806, dev acc: 0.86, time: 4.45
Mon, 08 Apr 2019 16:24:00: INFO: 
Evaluation - loss: 43.271106 Precision:0.4521 Recall:0.5000 Fscore:0.4746 acc: 57.0000%(2532/44) 

Mon, 08 Apr 2019 16:24:04: INFO: epoch: 58, train loss: 0.6960, train acc: 0.42, dev loss: 0.6805, dev acc: 0.87, time: 4.50
Mon, 08 Apr 2019 16:24:05: INFO: 
Evaluation - loss: 43.271108 Precision:0.4523 Recall:0.5000 Fscore:0.4747 acc: 57.0000%(2532/44) 

Mon, 08 Apr 2019 16:24:09: INFO: epoch: 59, train loss: 0.6961, train acc: 0.42, dev loss: 0.6804, dev acc: 0.87, time: 4.46
Mon, 08 Apr 2019 16:24:10: INFO: 
Evaluation - loss: 43.271108 Precision:0.4523 Recall:0.5000 Fscore:0.4748 acc: 57.0000%(2532/44) 

Mon, 08 Apr 2019 16:24:14: INFO: epoch: 60, train loss: 0.6962, train acc: 0.42, dev loss: 0.6803, dev acc: 0.87, time: 4.55
Mon, 08 Apr 2019 16:24:15: INFO: 
Evaluation - loss: 43.271107 Precision:0.4524 Recall:0.5000 Fscore:0.4749 acc: 57.0000%(2532/44) 

Mon, 08 Apr 2019 16:24:19: INFO: epoch: 61, train loss: 0.6961, train acc: 0.42, dev loss: 0.6804, dev acc: 0.87, time: 4.57
Mon, 08 Apr 2019 16:24:20: INFO: 
Evaluation - loss: 43.271108 Precision:0.4525 Recall:0.5000 Fscore:0.4749 acc: 57.0000%(2532/44) 

Mon, 08 Apr 2019 16:24:24: INFO: epoch: 62, train loss: 0.6959, train acc: 0.42, dev loss: 0.6805, dev acc: 0.86, time: 4.57
Mon, 08 Apr 2019 16:24:25: INFO: 
Evaluation - loss: 43.271108 Precision:0.4523 Recall:0.5000 Fscore:0.4748 acc: 57.0000%(2532/44) 

Mon, 08 Apr 2019 16:24:29: INFO: epoch: 63, train loss: 0.6960, train acc: 0.41, dev loss: 0.6800, dev acc: 0.87, time: 4.55
Mon, 08 Apr 2019 16:24:30: INFO: 
Evaluation - loss: 43.271108 Precision:0.4525 Recall:0.5000 Fscore:0.4749 acc: 57.0000%(2532/44) 

Mon, 08 Apr 2019 16:24:34: INFO: epoch: 64, train loss: 0.6960, train acc: 0.42, dev loss: 0.6803, dev acc: 0.87, time: 4.57
Mon, 08 Apr 2019 16:24:35: INFO: 
Evaluation - loss: 43.271107 Precision:0.4523 Recall:0.5000 Fscore:0.4747 acc: 57.0000%(2532/44) 

Mon, 08 Apr 2019 16:24:39: INFO: epoch: 65, train loss: 0.6960, train acc: 0.42, dev loss: 0.6804, dev acc: 0.87, time: 4.50
Mon, 08 Apr 2019 16:24:40: INFO: 
Evaluation - loss: 43.271107 Precision:0.4521 Recall:0.5000 Fscore:0.4746 acc: 57.0000%(2532/44) 

Mon, 08 Apr 2019 16:24:44: INFO: epoch: 66, train loss: 0.6961, train acc: 0.42, dev loss: 0.6800, dev acc: 0.87, time: 4.56
Mon, 08 Apr 2019 16:24:44: INFO: 
Evaluation - loss: 43.271108 Precision:0.4522 Recall:0.5000 Fscore:0.4747 acc: 57.0000%(2532/44) 

Mon, 08 Apr 2019 16:24:49: INFO: epoch: 67, train loss: 0.6960, train acc: 0.42, dev loss: 0.6804, dev acc: 0.87, time: 4.56
Mon, 08 Apr 2019 16:24:49: INFO: 
Evaluation - loss: 43.271108 Precision:0.4525 Recall:0.5000 Fscore:0.4749 acc: 57.0000%(2532/44) 

Mon, 08 Apr 2019 16:24:54: INFO: epoch: 68, train loss: 0.6959, train acc: 0.42, dev loss: 0.6804, dev acc: 0.86, time: 4.55
Mon, 08 Apr 2019 16:24:54: INFO: 
Evaluation - loss: 43.271107 Precision:0.4523 Recall:0.5000 Fscore:0.4747 acc: 57.0000%(2532/44) 

Mon, 08 Apr 2019 16:24:59: INFO: epoch: 69, train loss: 0.6959, train acc: 0.42, dev loss: 0.6803, dev acc: 0.87, time: 4.55
Mon, 08 Apr 2019 16:24:59: INFO: 
Evaluation - loss: 43.271108 Precision:0.4521 Recall:0.5000 Fscore:0.4747 acc: 57.0000%(2532/44) 

Mon, 08 Apr 2019 16:25:04: INFO: epoch: 70, train loss: 0.6961, train acc: 0.42, dev loss: 0.6804, dev acc: 0.86, time: 4.54
Mon, 08 Apr 2019 16:25:04: INFO: 
Evaluation - loss: 43.271106 Precision:0.4524 Recall:0.5000 Fscore:0.4748 acc: 57.0000%(2532/44) 

Mon, 08 Apr 2019 16:25:09: INFO: epoch: 71, train loss: 0.6961, train acc: 0.42, dev loss: 0.6799, dev acc: 0.87, time: 4.55
Mon, 08 Apr 2019 16:25:09: INFO: 
Evaluation - loss: 43.271108 Precision:0.4523 Recall:0.5000 Fscore:0.4747 acc: 57.0000%(2532/44) 

Mon, 08 Apr 2019 16:25:14: INFO: epoch: 72, train loss: 0.6961, train acc: 0.42, dev loss: 0.6802, dev acc: 0.87, time: 4.57
Mon, 08 Apr 2019 16:25:14: INFO: 
Evaluation - loss: 43.271108 Precision:0.4523 Recall:0.5000 Fscore:0.4748 acc: 57.0000%(2532/44) 

Mon, 08 Apr 2019 16:25:19: INFO: epoch: 73, train loss: 0.6960, train acc: 0.42, dev loss: 0.6801, dev acc: 0.87, time: 4.54
Mon, 08 Apr 2019 16:25:19: INFO: 
Evaluation - loss: 43.271107 Precision:0.4524 Recall:0.5000 Fscore:0.4748 acc: 57.0000%(2532/44) 

Mon, 08 Apr 2019 16:25:24: INFO: epoch: 74, train loss: 0.6961, train acc: 0.42, dev loss: 0.6801, dev acc: 0.87, time: 4.56
Mon, 08 Apr 2019 16:25:24: INFO: 
Evaluation - loss: 43.271107 Precision:0.4638 Recall:0.5114 Fscore:0.4862 acc: 57.0000%(2532/44) 

Mon, 08 Apr 2019 16:25:29: INFO: epoch: 75, train loss: 0.6959, train acc: 0.42, dev loss: 0.6802, dev acc: 0.87, time: 4.55
Mon, 08 Apr 2019 16:25:29: INFO: 
Evaluation - loss: 43.271108 Precision:0.4525 Recall:0.5000 Fscore:0.4749 acc: 57.0000%(2532/44) 

Mon, 08 Apr 2019 16:25:34: INFO: epoch: 76, train loss: 0.6959, train acc: 0.42, dev loss: 0.6804, dev acc: 0.86, time: 4.56
Mon, 08 Apr 2019 16:25:34: INFO: 
Evaluation - loss: 43.271108 Precision:0.4524 Recall:0.5000 Fscore:0.4748 acc: 57.0000%(2532/44) 

Mon, 08 Apr 2019 16:25:39: INFO: epoch: 77, train loss: 0.6962, train acc: 0.42, dev loss: 0.6804, dev acc: 0.88, time: 4.48
Mon, 08 Apr 2019 16:25:39: INFO: 
Evaluation - loss: 43.271109 Precision:0.4521 Recall:0.5000 Fscore:0.4747 acc: 57.0000%(2532/44) 

Mon, 08 Apr 2019 16:25:43: INFO: epoch: 78, train loss: 0.6960, train acc: 0.42, dev loss: 0.6803, dev acc: 0.87, time: 4.52
Mon, 08 Apr 2019 16:25:44: INFO: 
Evaluation - loss: 43.271107 Precision:0.4523 Recall:0.5000 Fscore:0.4748 acc: 57.0000%(2532/44) 

Mon, 08 Apr 2019 16:25:48: INFO: epoch: 79, train loss: 0.6962, train acc: 0.42, dev loss: 0.6804, dev acc: 0.87, time: 4.59
Mon, 08 Apr 2019 16:25:49: INFO: 
Evaluation - loss: 43.271107 Precision:0.4524 Recall:0.5000 Fscore:0.4748 acc: 57.0000%(2532/44) 

Mon, 08 Apr 2019 16:25:53: INFO: epoch: 80, train loss: 0.6960, train acc: 0.42, dev loss: 0.6805, dev acc: 0.86, time: 4.58
Mon, 08 Apr 2019 16:25:54: INFO: 
Evaluation - loss: 43.271108 Precision:0.4523 Recall:0.5000 Fscore:0.4747 acc: 57.0000%(2532/44) 

Mon, 08 Apr 2019 16:25:58: INFO: epoch: 81, train loss: 0.6961, train acc: 0.42, dev loss: 0.6805, dev acc: 0.86, time: 4.50
Mon, 08 Apr 2019 16:25:59: INFO: 
Evaluation - loss: 43.271107 Precision:0.4524 Recall:0.5000 Fscore:0.4748 acc: 57.0000%(2532/44) 

Mon, 08 Apr 2019 16:26:03: INFO: epoch: 82, train loss: 0.6961, train acc: 0.42, dev loss: 0.6803, dev acc: 0.88, time: 4.52
Mon, 08 Apr 2019 16:26:04: INFO: 
Evaluation - loss: 43.271108 Precision:0.4525 Recall:0.5000 Fscore:0.4749 acc: 57.0000%(2532/44) 

Mon, 08 Apr 2019 16:26:08: INFO: epoch: 83, train loss: 0.6959, train acc: 0.42, dev loss: 0.6803, dev acc: 0.87, time: 4.56
Mon, 08 Apr 2019 16:26:09: INFO: 
Evaluation - loss: 43.271108 Precision:0.4523 Recall:0.5000 Fscore:0.4748 acc: 57.0000%(2532/44) 

Mon, 08 Apr 2019 16:26:13: INFO: epoch: 84, train loss: 0.6960, train acc: 0.42, dev loss: 0.6800, dev acc: 0.88, time: 4.58
Mon, 08 Apr 2019 16:26:14: INFO: 
Evaluation - loss: 43.271107 Precision:0.4525 Recall:0.5000 Fscore:0.4749 acc: 57.0000%(2532/44) 

Mon, 08 Apr 2019 16:26:18: INFO: epoch: 85, train loss: 0.6960, train acc: 0.42, dev loss: 0.6802, dev acc: 0.87, time: 4.55
Mon, 08 Apr 2019 16:26:19: INFO: 
Evaluation - loss: 43.271108 Precision:0.4640 Recall:0.5114 Fscore:0.4863 acc: 57.0000%(2532/44) 

Mon, 08 Apr 2019 16:26:23: INFO: epoch: 86, train loss: 0.6961, train acc: 0.42, dev loss: 0.6803, dev acc: 0.87, time: 4.58
Mon, 08 Apr 2019 16:26:24: INFO: 
Evaluation - loss: 43.271107 Precision:0.4523 Recall:0.5000 Fscore:0.4748 acc: 57.0000%(2532/44) 

Mon, 08 Apr 2019 16:26:28: INFO: epoch: 87, train loss: 0.6961, train acc: 0.42, dev loss: 0.6803, dev acc: 0.87, time: 4.64
Mon, 08 Apr 2019 16:26:29: INFO: 
Evaluation - loss: 43.271108 Precision:0.4522 Recall:0.5000 Fscore:0.4747 acc: 57.0000%(2532/44) 

Mon, 08 Apr 2019 16:26:33: INFO: epoch: 88, train loss: 0.6960, train acc: 0.42, dev loss: 0.6801, dev acc: 0.88, time: 4.58
Mon, 08 Apr 2019 16:26:34: INFO: 
Evaluation - loss: 43.271107 Precision:0.4524 Recall:0.5000 Fscore:0.4748 acc: 57.0000%(2532/44) 

Mon, 08 Apr 2019 16:26:38: INFO: epoch: 89, train loss: 0.6960, train acc: 0.42, dev loss: 0.6803, dev acc: 0.87, time: 4.56
Mon, 08 Apr 2019 16:26:39: INFO: 
Evaluation - loss: 43.271107 Precision:0.4525 Recall:0.5000 Fscore:0.4749 acc: 57.0000%(2532/44) 

Mon, 08 Apr 2019 16:26:43: INFO: epoch: 90, train loss: 0.6961, train acc: 0.42, dev loss: 0.6804, dev acc: 0.86, time: 4.59
Mon, 08 Apr 2019 16:26:44: INFO: 
Evaluation - loss: 43.271106 Precision:0.4525 Recall:0.5000 Fscore:0.4749 acc: 57.0000%(2532/44) 

Mon, 08 Apr 2019 16:26:48: INFO: epoch: 91, train loss: 0.6960, train acc: 0.42, dev loss: 0.6801, dev acc: 0.87, time: 4.59
Mon, 08 Apr 2019 16:26:49: INFO: 
Evaluation - loss: 43.271107 Precision:0.4524 Recall:0.5000 Fscore:0.4748 acc: 57.0000%(2532/44) 

Mon, 08 Apr 2019 16:26:53: INFO: epoch: 92, train loss: 0.6961, train acc: 0.42, dev loss: 0.6800, dev acc: 0.87, time: 4.61
Mon, 08 Apr 2019 16:26:54: INFO: 
Evaluation - loss: 43.271108 Precision:0.4521 Recall:0.5000 Fscore:0.4746 acc: 57.0000%(2532/44) 

Mon, 08 Apr 2019 16:26:58: INFO: epoch: 93, train loss: 0.6962, train acc: 0.42, dev loss: 0.6801, dev acc: 0.88, time: 4.62
Mon, 08 Apr 2019 16:26:59: INFO: 
Evaluation - loss: 43.271107 Precision:0.4523 Recall:0.5000 Fscore:0.4748 acc: 57.0000%(2532/44) 

Mon, 08 Apr 2019 16:27:03: INFO: epoch: 94, train loss: 0.6961, train acc: 0.42, dev loss: 0.6804, dev acc: 0.87, time: 4.60
Mon, 08 Apr 2019 16:27:04: INFO: 
Evaluation - loss: 43.271108 Precision:0.4525 Recall:0.5000 Fscore:0.4748 acc: 57.0000%(2532/44) 

Mon, 08 Apr 2019 16:27:08: INFO: epoch: 95, train loss: 0.6958, train acc: 0.42, dev loss: 0.6803, dev acc: 0.87, time: 4.60
Mon, 08 Apr 2019 16:27:09: INFO: 
Evaluation - loss: 43.271107 Precision:0.4523 Recall:0.5000 Fscore:0.4748 acc: 57.0000%(2532/44) 

Mon, 08 Apr 2019 16:27:13: INFO: epoch: 96, train loss: 0.6961, train acc: 0.42, dev loss: 0.6801, dev acc: 0.87, time: 4.54
Mon, 08 Apr 2019 16:27:14: INFO: 
Evaluation - loss: 43.271107 Precision:0.4523 Recall:0.5000 Fscore:0.4748 acc: 57.0000%(2532/44) 

Mon, 08 Apr 2019 16:27:18: INFO: epoch: 97, train loss: 0.6960, train acc: 0.42, dev loss: 0.6805, dev acc: 0.86, time: 4.55
Mon, 08 Apr 2019 16:27:19: INFO: 
Evaluation - loss: 43.271108 Precision:0.4524 Recall:0.5000 Fscore:0.4749 acc: 57.0000%(2532/44) 

Mon, 08 Apr 2019 16:27:23: INFO: epoch: 98, train loss: 0.6961, train acc: 0.42, dev loss: 0.6803, dev acc: 0.87, time: 4.55
Mon, 08 Apr 2019 16:27:23: INFO: 
Evaluation - loss: 43.271108 Precision:0.4521 Recall:0.5000 Fscore:0.4746 acc: 57.0000%(2532/44) 

Mon, 08 Apr 2019 16:27:28: INFO: epoch: 99, train loss: 0.6959, train acc: 0.42, dev loss: 0.6804, dev acc: 0.87, time: 4.56
Mon, 08 Apr 2019 16:27:28: INFO: 
Evaluation - loss: 43.271107 Precision:0.4523 Recall:0.5000 Fscore:0.4748 acc: 57.0000%(2532/44) 

Mon, 08 Apr 2019 16:27:33: INFO: epoch: 100, train loss: 0.6960, train acc: 0.42, dev loss: 0.6804, dev acc: 0.87, time: 4.55
Mon, 08 Apr 2019 16:27:33: INFO: 
Evaluation - loss: 43.271108 Precision:0.4522 Recall:0.5000 Fscore:0.4747 acc: 57.0000%(2532/44) 

