Mon, 08 Apr 2019 12:22:53: INFO: running main.py --model=CNN --batch_size=64 --vocab_size=40000 --embed_dim=300 --in_channels=1 --kernel_sizes=345 --kernel_nums=200 --hidden_dim=100 --num_layers=2 --bidirectional=True --max_seq_len=50 --learning_rate=0.8 --num_epochs=100 --dropout=0.3 --num_class=2 --train_file=./data/cwmt_train_comb.txt --dev_file=./data/cwmt_dev_comb.txt --dev_file=./data/htqe_test_comb.txt --pretrained_embeddings=./word2vec/wiki.en_zh.vec --prediction_file=./predictions/htqe_test_comb.txt --saved_model=./saved_models/cwmt.en_zh.pt --test=False --weight_decay=1e-3 --grad_clip=3e-1 --seed_num=123 --run_log=umtqe_cnn
Mon, 08 Apr 2019 12:22:53: INFO: 	BATCH_SIZE=64
Mon, 08 Apr 2019 12:22:53: INFO: 	BIDIRECTIONAL=True
Mon, 08 Apr 2019 12:22:53: INFO: 	DEV_FILE=./data/htqe_test_comb.txt
Mon, 08 Apr 2019 12:22:53: INFO: 	DROPOUT=0.3
Mon, 08 Apr 2019 12:22:53: INFO: 	EMBED_DIM=300
Mon, 08 Apr 2019 12:22:53: INFO: 	GRAD_CLIP=0.3
Mon, 08 Apr 2019 12:22:53: INFO: 	HIDDEN_DIM=100
Mon, 08 Apr 2019 12:22:53: INFO: 	IN_CHANNELS=1
Mon, 08 Apr 2019 12:22:53: INFO: 	KERNEL_NUMS=200
Mon, 08 Apr 2019 12:22:53: INFO: 	KERNEL_SIZES=[3, 4, 5]
Mon, 08 Apr 2019 12:22:53: INFO: 	LEARNING_RATE=0.8
Mon, 08 Apr 2019 12:22:53: INFO: 	MAX_SEQ_LEN=50
Mon, 08 Apr 2019 12:22:53: INFO: 	MODEL=CNN
Mon, 08 Apr 2019 12:22:53: INFO: 	NUM_CLASS=2
Mon, 08 Apr 2019 12:22:53: INFO: 	NUM_EPOCHS=100
Mon, 08 Apr 2019 12:22:53: INFO: 	NUM_LAYERS=2
Mon, 08 Apr 2019 12:22:53: INFO: 	OPTIMIZER=adam
Mon, 08 Apr 2019 12:22:53: INFO: 	PREDICTION_FILE=./predictions/htqe_test_comb.txt
Mon, 08 Apr 2019 12:22:53: INFO: 	PRETRAINED_EMBEDDINGS=./word2vec/wiki.en_zh.vec
Mon, 08 Apr 2019 12:22:53: INFO: 	PRETRAINED_WEIGHTS=tensor([[ 0.0046,  0.0888,  0.0158,  ..., -0.0273, -0.1007, -0.0268],
        [ 0.0468, -0.0249,  0.0646,  ...,  0.0225, -0.0652, -0.0932],
        [-0.0777,  0.0412, -0.0106,  ...,  0.0476, -0.1147, -0.0407],
        ...,
        [-0.0063,  0.0215,  0.0671,  ..., -0.0639, -0.0075,  0.0327],
        [ 0.0948, -0.0034, -0.0658,  ...,  0.0392,  0.0360,  0.0432],
        [ 0.0015, -0.0698,  0.0107,  ..., -0.1032, -0.0556,  0.0040]])
Mon, 08 Apr 2019 12:22:53: INFO: 	RUN_LOG=umtqe_cnn
Mon, 08 Apr 2019 12:22:53: INFO: 	SAVED_MODEL=./saved_models/cwmt.en_zh.pt
Mon, 08 Apr 2019 12:22:53: INFO: 	SEED_NUM=123
Mon, 08 Apr 2019 12:22:53: INFO: 	TEST=False
Mon, 08 Apr 2019 12:22:53: INFO: 	TEST_FILE=./data/htqe_test_comb.txt
Mon, 08 Apr 2019 12:22:53: INFO: 	TRAIN_FILE=./data/cwmt_train_comb.txt
Mon, 08 Apr 2019 12:22:53: INFO: 	USE_GPU=True
Mon, 08 Apr 2019 12:22:53: INFO: 	VOCAB_SIZE=44995
Mon, 08 Apr 2019 12:22:53: INFO: 	WEIGHT_DECAY=0.001
Mon, 08 Apr 2019 12:23:13: INFO: epoch: 1, train loss: 0.6967, train acc: 0.42, dev loss: 0.6791, dev acc: 0.86, time: 17.53
Mon, 08 Apr 2019 12:23:13: INFO: 
Evaluation - loss: 43.190873 Precision:0.4521 Recall:0.5000 Fscore:0.4746 acc: 57.0000%(2532/44) 

