Mon, 08 Apr 2019 11:54:09: INFO: running main.py --model=CNN --batch_size=64 --vocab_size=40000 --embed_dim=300 --in_channels=1 --kernel_sizes=345 --kernel_nums=200 --hidden_dim=100 --num_layers=2 --bidirectional=True --max_seq_len=50 --learning_rate=0.8 --num_epochs=100 --dropout=0.3 --num_class=2 --train_file=./data/cwmt_train_comb.txt --dev_file=./data/cwmt_dev_comb.txt --dev_file=./data/htqe_test_comb.txt --pretrained_embeddings=./word2vec/wiki.en_zh.vec --prediction_file=./predictions/htqe_test_comb.txt --saved_model=./saved_models/cwmt.en_zh.pt --test=False --weight_decay=1e-3 --grad_clip=3e-1 --seed_num=123 --run_log=umtqe_cnn
Mon, 08 Apr 2019 11:54:09: INFO: 	BATCH_SIZE=64
Mon, 08 Apr 2019 11:54:09: INFO: 	BIDIRECTIONAL=True
Mon, 08 Apr 2019 11:54:09: INFO: 	DEV_FILE=./data/htqe_test_comb.txt
Mon, 08 Apr 2019 11:54:09: INFO: 	DROPOUT=0.3
Mon, 08 Apr 2019 11:54:09: INFO: 	EMBED_DIM=300
Mon, 08 Apr 2019 11:54:09: INFO: 	GRAD_CLIP=0.3
Mon, 08 Apr 2019 11:54:09: INFO: 	HIDDEN_DIM=100
Mon, 08 Apr 2019 11:54:09: INFO: 	IN_CHANNELS=1
Mon, 08 Apr 2019 11:54:09: INFO: 	KERNEL_NUMS=200
Mon, 08 Apr 2019 11:54:09: INFO: 	KERNEL_SIZES=[3, 4, 5]
Mon, 08 Apr 2019 11:54:09: INFO: 	LEARNING_RATE=0.8
Mon, 08 Apr 2019 11:54:09: INFO: 	MAX_SEQ_LEN=50
Mon, 08 Apr 2019 11:54:09: INFO: 	MODEL=CNN
Mon, 08 Apr 2019 11:54:09: INFO: 	NUM_CLASS=2
Mon, 08 Apr 2019 11:54:09: INFO: 	NUM_EPOCHS=100
Mon, 08 Apr 2019 11:54:09: INFO: 	NUM_LAYERS=2
Mon, 08 Apr 2019 11:54:09: INFO: 	OPTIMIZER=adam
Mon, 08 Apr 2019 11:54:09: INFO: 	PREDICTION_FILE=./predictions/htqe_test_comb.txt
Mon, 08 Apr 2019 11:54:09: INFO: 	PRETRAINED_EMBEDDINGS=./word2vec/wiki.en_zh.vec
Mon, 08 Apr 2019 11:54:09: INFO: 	PRETRAINED_WEIGHTS=tensor([[ 0.0046,  0.0888,  0.0158,  ..., -0.0273, -0.1007, -0.0268],
        [ 0.0000,  0.0000,  0.0000,  ...,  0.0000,  0.0000,  0.0000],
        [ 0.0742,  0.0312,  0.0312,  ..., -0.0278,  0.0267, -0.0158],
        ...,
        [ 0.0199,  0.0031,  0.0632,  ..., -0.0522,  0.1014,  0.0469],
        [ 0.0000,  0.0000,  0.0000,  ...,  0.0000,  0.0000,  0.0000],
        [ 0.0545, -0.0023, -0.0464,  ..., -0.0100, -0.0338, -0.0735]])
Mon, 08 Apr 2019 11:54:09: INFO: 	RUN_LOG=umtqe_cnn
Mon, 08 Apr 2019 11:54:09: INFO: 	SAVED_MODEL=./saved_models/cwmt.en_zh.pt
Mon, 08 Apr 2019 11:54:09: INFO: 	SEED_NUM=123
Mon, 08 Apr 2019 11:54:09: INFO: 	TEST=False
Mon, 08 Apr 2019 11:54:09: INFO: 	TEST_FILE=./data/htqe_test_comb.txt
Mon, 08 Apr 2019 11:54:09: INFO: 	TRAIN_FILE=./data/cwmt_train_comb.txt
Mon, 08 Apr 2019 11:54:09: INFO: 	USE_GPU=True
Mon, 08 Apr 2019 11:54:09: INFO: 	VOCAB_SIZE=44995
Mon, 08 Apr 2019 11:54:09: INFO: 	WEIGHT_DECAY=0.001
Mon, 08 Apr 2019 11:54:28: INFO: epoch: 1, train loss: 0.6963, train acc: 0.42, dev loss: 0.6828, dev acc: 0.81, time: 17.34
