Mon, 08 Apr 2019 14:10:58: INFO: running main.py --model=CNN_BiLSTM --batch_size=64 --vocab_size=40000 --embed_dim=300 --in_channels=1 --kernel_sizes=345 --kernel_nums=200 --hidden_dim=200 --num_layers=2 --bidirectional=True --max_seq_len=50 --learning_rate=0.9 --num_epochs=100 --dropout=0.5 --num_class=2 --train_file=./data/cwmt_train_comb.txt --dev_file=./data/cwmt_dev_comb.txt --dev_file=./data/htqe_test_comb.txt --pretrained_embeddings=./word2vec/wiki.en_zh.vec --prediction_file=./predictions/htqe_test_comb.txt --saved_model=./saved_models/cwmt.en_zh.pt --test=False --weight_decay=0.01 --grad_clip=0.0 --seed_num=123 --run_log=umtqe_cnnbilstm
Mon, 08 Apr 2019 14:10:58: INFO: 	BATCH_SIZE=64
Mon, 08 Apr 2019 14:10:58: INFO: 	BIDIRECTIONAL=True
Mon, 08 Apr 2019 14:10:58: INFO: 	DEV_FILE=./data/htqe_test_comb.txt
Mon, 08 Apr 2019 14:10:58: INFO: 	DROPOUT=0.5
Mon, 08 Apr 2019 14:10:58: INFO: 	EMBED_DIM=300
Mon, 08 Apr 2019 14:10:58: INFO: 	GRAD_CLIP=0.0
Mon, 08 Apr 2019 14:10:58: INFO: 	HIDDEN_DIM=200
Mon, 08 Apr 2019 14:10:58: INFO: 	IN_CHANNELS=1
Mon, 08 Apr 2019 14:10:58: INFO: 	KERNEL_NUMS=200
Mon, 08 Apr 2019 14:10:58: INFO: 	KERNEL_SIZES=[3, 4, 5]
Mon, 08 Apr 2019 14:10:58: INFO: 	LEARNING_RATE=0.9
Mon, 08 Apr 2019 14:10:58: INFO: 	MAX_SEQ_LEN=50
Mon, 08 Apr 2019 14:10:58: INFO: 	MODEL=CNN_BiLSTM
Mon, 08 Apr 2019 14:10:58: INFO: 	NUM_CLASS=2
Mon, 08 Apr 2019 14:10:58: INFO: 	NUM_EPOCHS=100
Mon, 08 Apr 2019 14:10:58: INFO: 	NUM_LAYERS=2
Mon, 08 Apr 2019 14:10:58: INFO: 	OPTIMIZER=adam
Mon, 08 Apr 2019 14:10:58: INFO: 	PREDICTION_FILE=./predictions/htqe_test_comb.txt
Mon, 08 Apr 2019 14:10:58: INFO: 	PRETRAINED_EMBEDDINGS=./word2vec/wiki.en_zh.vec
Mon, 08 Apr 2019 14:10:58: INFO: 	PRETRAINED_WEIGHTS=tensor([[ 0.0046,  0.0888,  0.0158,  ..., -0.0273, -0.1007, -0.0268],
        [-0.1010,  0.0266,  0.0045,  ..., -0.0325,  0.0461, -0.0006],
        [-0.0448,  0.0494,  0.1024,  ..., -0.0524, -0.0548, -0.0758],
        ...,
        [-0.0462, -0.0241, -0.0203,  ...,  0.0310, -0.0787,  0.0720],
        [ 0.0169, -0.0076,  0.0269,  ..., -0.0254,  0.0399, -0.0844],
        [ 0.0593, -0.0197,  0.0646,  ..., -0.0526,  0.0188,  0.0045]])
Mon, 08 Apr 2019 14:10:58: INFO: 	RUN_LOG=umtqe_cnnbilstm
Mon, 08 Apr 2019 14:10:58: INFO: 	SAVED_MODEL=./saved_models/cwmt.en_zh.pt
Mon, 08 Apr 2019 14:10:58: INFO: 	SEED_NUM=123
Mon, 08 Apr 2019 14:10:58: INFO: 	TEST=False
Mon, 08 Apr 2019 14:10:58: INFO: 	TEST_FILE=./data/htqe_test_comb.txt
Mon, 08 Apr 2019 14:10:58: INFO: 	TRAIN_FILE=./data/cwmt_train_comb.txt
Mon, 08 Apr 2019 14:10:58: INFO: 	USE_GPU=True
Mon, 08 Apr 2019 14:10:58: INFO: 	VOCAB_SIZE=44995
Mon, 08 Apr 2019 14:10:58: INFO: 	WEIGHT_DECAY=0.01
Mon, 08 Apr 2019 14:11:30: INFO: epoch: 1, train loss: 0.6906, train acc: 0.57, dev loss: 0.7065, dev acc: 0.18, time: 27.46
Mon, 08 Apr 2019 14:11:30: INFO: 
Evaluation - loss: 44.937501 Precision:0.0476 Recall:0.5000 Fscore:0.0864 acc: 6.0000%(267/44) 

