Mon, 08 Apr 2019 17:31:09: INFO: running main.py --model=CNN_BiLSTM_ATT --optimizer=sgd --batch_size=64 --vocab_size=40000 --embed_dim=300 --in_channels=1 --kernel_sizes=123 --kernel_nums=300 --hidden_dim=200 --num_layers=2 --bidirectional=True --max_seq_len=50 --learning_rate=0.02 --num_epochs=500 --dropout=0.3 --num_class=2 --train_file=./data/cwmt_train_comb.txt --dev_file=./data/cwmt_dev_comb.txt --dev_file=./data/htqe_test_comb.txt --pretrained_embeddings=./word2vec/wiki.en_zh.vec --prediction_file=./predictions/htqe_test_comb_att.txt --saved_model=./saved_models/cwmt.en_zh.pt --test=False --weight_decay=0.001 --grad_clip=0.0 --momentum=0.0 --seed_num=123 --scheduler=steplr --run_log=umtqe_cnnbilstm
Mon, 08 Apr 2019 17:31:09: INFO: 	BATCH_SIZE=64
Mon, 08 Apr 2019 17:31:09: INFO: 	BIDIRECTIONAL=True
Mon, 08 Apr 2019 17:31:09: INFO: 	DEV_FILE=./data/htqe_test_comb.txt
Mon, 08 Apr 2019 17:31:09: INFO: 	DROPOUT=0.3
Mon, 08 Apr 2019 17:31:09: INFO: 	EMBED_DIM=300
Mon, 08 Apr 2019 17:31:09: INFO: 	GRAD_CLIP=0.0
Mon, 08 Apr 2019 17:31:09: INFO: 	HIDDEN_DIM=200
Mon, 08 Apr 2019 17:31:09: INFO: 	IN_CHANNELS=1
Mon, 08 Apr 2019 17:31:09: INFO: 	KERNEL_NUMS=300
Mon, 08 Apr 2019 17:31:09: INFO: 	KERNEL_SIZES=[1, 2, 3]
Mon, 08 Apr 2019 17:31:09: INFO: 	LEARNING_RATE=0.02
Mon, 08 Apr 2019 17:31:09: INFO: 	MAX_SEQ_LEN=50
Mon, 08 Apr 2019 17:31:09: INFO: 	MODEL=CNN_BiLSTM_ATT
Mon, 08 Apr 2019 17:31:09: INFO: 	MOMENTUM=0.0
Mon, 08 Apr 2019 17:31:09: INFO: 	NUM_CLASS=2
Mon, 08 Apr 2019 17:31:09: INFO: 	NUM_EPOCHS=500
Mon, 08 Apr 2019 17:31:09: INFO: 	NUM_LAYERS=2
Mon, 08 Apr 2019 17:31:09: INFO: 	OPTIMIZER=sgd
Mon, 08 Apr 2019 17:31:09: INFO: 	PREDICTION_FILE=./predictions/htqe_test_comb_att.txt
Mon, 08 Apr 2019 17:31:09: INFO: 	PRETRAINED_EMBEDDINGS=./word2vec/wiki.en_zh.vec
Mon, 08 Apr 2019 17:31:09: INFO: 	PRETRAINED_WEIGHTS=tensor([[ 0.0046,  0.0888,  0.0158,  ..., -0.0273, -0.1007, -0.0268],
        [ 0.0615,  0.0305,  0.0172,  ..., -0.0473, -0.0280, -0.0386],
        [ 0.0000,  0.0000,  0.0000,  ...,  0.0000,  0.0000,  0.0000],
        ...,
        [-0.0898, -0.0286, -0.0336,  ..., -0.0036, -0.0562,  0.0361],
        [ 0.0000,  0.0000,  0.0000,  ...,  0.0000,  0.0000,  0.0000],
        [-0.0193,  0.0796,  0.0032,  ...,  0.0287,  0.0062,  0.0284]])
Mon, 08 Apr 2019 17:31:09: INFO: 	RUN_LOG=umtqe_cnnbilstm
Mon, 08 Apr 2019 17:31:09: INFO: 	SAVED_MODEL=./saved_models/cwmt.en_zh.pt
Mon, 08 Apr 2019 17:31:09: INFO: 	SCHEDULER=steplr
Mon, 08 Apr 2019 17:31:09: INFO: 	SEED_NUM=123
Mon, 08 Apr 2019 17:31:09: INFO: 	TEST=False
Mon, 08 Apr 2019 17:31:09: INFO: 	TEST_FILE=./data/htqe_test_comb.txt
Mon, 08 Apr 2019 17:31:09: INFO: 	TRAIN_FILE=./data/cwmt_train_comb.txt
Mon, 08 Apr 2019 17:31:09: INFO: 	USE_GPU=True
Mon, 08 Apr 2019 17:31:09: INFO: 	VOCAB_SIZE=44995
Mon, 08 Apr 2019 17:31:09: INFO: 	WEIGHT_DECAY=0.001
Mon, 08 Apr 2019 17:31:42: INFO: epoch: 1, train loss: 0.6994, train acc: 0.41, dev loss: 0.6679, dev acc: 0.90, time: 30.03
Mon, 08 Apr 2019 17:31:43: INFO: 
Evaluation - loss: 42.480322 Precision:0.4636 Recall:0.5114 Fscore:0.4861 acc: 57.0000%(2532/44) 

Mon, 08 Apr 2019 17:31:54: INFO: epoch: 2, train loss: 0.6995, train acc: 0.41, dev loss: 0.6682, dev acc: 0.90, time: 10.92
Mon, 08 Apr 2019 17:31:55: INFO: 
Evaluation - loss: 42.461392 Precision:0.4521 Recall:0.5000 Fscore:0.4747 acc: 57.0000%(2532/44) 

Mon, 08 Apr 2019 17:32:06: INFO: epoch: 3, train loss: 0.6993, train acc: 0.41, dev loss: 0.6679, dev acc: 0.91, time: 11.58
Mon, 08 Apr 2019 17:32:08: INFO: 
Evaluation - loss: 42.512339 Precision:0.4638 Recall:0.5114 Fscore:0.4862 acc: 57.0000%(2532/44) 

Mon, 08 Apr 2019 17:32:18: INFO: epoch: 4, train loss: 0.6994, train acc: 0.41, dev loss: 0.6696, dev acc: 0.90, time: 10.75
Mon, 08 Apr 2019 17:32:19: INFO: 
Evaluation - loss: 42.587183 Precision:0.4525 Recall:0.5000 Fscore:0.4748 acc: 57.0000%(2532/44) 

Mon, 08 Apr 2019 17:32:32: INFO: epoch: 5, train loss: 0.6991, train acc: 0.41, dev loss: 0.6682, dev acc: 0.90, time: 12.84
Mon, 08 Apr 2019 17:32:33: INFO: 
Evaluation - loss: 42.568071 Precision:0.4523 Recall:0.5000 Fscore:0.4748 acc: 57.0000%(2532/44) 

Mon, 08 Apr 2019 17:32:45: INFO: epoch: 6, train loss: 0.6991, train acc: 0.41, dev loss: 0.6674, dev acc: 0.90, time: 11.62
Mon, 08 Apr 2019 17:32:46: INFO: 
Evaluation - loss: 42.532696 Precision:0.4524 Recall:0.5000 Fscore:0.4748 acc: 57.0000%(2532/44) 

Mon, 08 Apr 2019 17:32:56: INFO: epoch: 7, train loss: 0.6993, train acc: 0.41, dev loss: 0.6687, dev acc: 0.90, time: 10.02
Mon, 08 Apr 2019 17:32:57: INFO: 
Evaluation - loss: 42.511235 Precision:0.4522 Recall:0.5000 Fscore:0.4747 acc: 57.0000%(2532/44) 

Mon, 08 Apr 2019 17:33:10: INFO: epoch: 8, train loss: 0.6994, train acc: 0.41, dev loss: 0.6666, dev acc: 0.90, time: 13.02
Mon, 08 Apr 2019 17:33:11: INFO: 
Evaluation - loss: 42.500466 Precision:0.4522 Recall:0.5000 Fscore:0.4747 acc: 57.0000%(2532/44) 

Mon, 08 Apr 2019 17:33:24: INFO: epoch: 9, train loss: 0.6995, train acc: 0.41, dev loss: 0.6681, dev acc: 0.90, time: 12.40
Mon, 08 Apr 2019 17:33:25: INFO: 
Evaluation - loss: 42.413119 Precision:0.4525 Recall:0.5000 Fscore:0.4749 acc: 57.0000%(2532/44) 

Mon, 08 Apr 2019 17:33:35: INFO: epoch: 10, train loss: 0.6996, train acc: 0.41, dev loss: 0.6683, dev acc: 0.90, time: 10.04
Mon, 08 Apr 2019 17:33:36: INFO: 
Evaluation - loss: 42.560385 Precision:0.4525 Recall:0.5000 Fscore:0.4749 acc: 57.0000%(2532/44) 

Mon, 08 Apr 2019 17:33:46: INFO: epoch: 11, train loss: 0.6993, train acc: 0.41, dev loss: 0.6679, dev acc: 0.90, time: 10.38
Mon, 08 Apr 2019 17:33:47: INFO: 
Evaluation - loss: 42.504670 Precision:0.4524 Recall:0.5000 Fscore:0.4749 acc: 57.0000%(2532/44) 

Mon, 08 Apr 2019 17:33:58: INFO: epoch: 12, train loss: 0.6994, train acc: 0.41, dev loss: 0.6685, dev acc: 0.90, time: 11.18
Mon, 08 Apr 2019 17:33:59: INFO: 
Evaluation - loss: 42.467301 Precision:0.4524 Recall:0.5000 Fscore:0.4748 acc: 57.0000%(2532/44) 

Mon, 08 Apr 2019 17:34:10: INFO: epoch: 13, train loss: 0.6993, train acc: 0.41, dev loss: 0.6663, dev acc: 0.90, time: 10.33
Mon, 08 Apr 2019 17:34:11: INFO: 
Evaluation - loss: 42.556446 Precision:0.4524 Recall:0.5000 Fscore:0.4747 acc: 57.0000%(2532/44) 

Mon, 08 Apr 2019 17:34:24: INFO: epoch: 14, train loss: 0.6994, train acc: 0.41, dev loss: 0.6688, dev acc: 0.90, time: 13.22
Mon, 08 Apr 2019 17:34:25: INFO: 
Evaluation - loss: 42.564127 Precision:0.4522 Recall:0.5000 Fscore:0.4747 acc: 57.0000%(2532/44) 

Mon, 08 Apr 2019 17:34:36: INFO: epoch: 15, train loss: 0.6992, train acc: 0.41, dev loss: 0.6669, dev acc: 0.90, time: 10.39
Mon, 08 Apr 2019 17:34:37: INFO: 
Evaluation - loss: 42.541983 Precision:0.4525 Recall:0.5000 Fscore:0.4749 acc: 57.0000%(2532/44) 

Mon, 08 Apr 2019 17:34:47: INFO: epoch: 16, train loss: 0.6994, train acc: 0.41, dev loss: 0.6685, dev acc: 0.90, time: 10.11
Mon, 08 Apr 2019 17:34:48: INFO: 
Evaluation - loss: 42.436614 Precision:0.4525 Recall:0.5000 Fscore:0.4749 acc: 57.0000%(2532/44) 

Mon, 08 Apr 2019 17:34:59: INFO: epoch: 17, train loss: 0.6992, train acc: 0.41, dev loss: 0.6679, dev acc: 0.90, time: 11.01
Mon, 08 Apr 2019 17:35:00: INFO: 
Evaluation - loss: 42.552973 Precision:0.4524 Recall:0.5000 Fscore:0.4748 acc: 57.0000%(2532/44) 

Mon, 08 Apr 2019 17:35:10: INFO: epoch: 18, train loss: 0.6993, train acc: 0.41, dev loss: 0.6688, dev acc: 0.90, time: 10.34
Mon, 08 Apr 2019 17:35:11: INFO: 
Evaluation - loss: 42.481013 Precision:0.4522 Recall:0.5000 Fscore:0.4747 acc: 57.0000%(2532/44) 

Mon, 08 Apr 2019 17:35:23: INFO: epoch: 19, train loss: 0.6993, train acc: 0.41, dev loss: 0.6697, dev acc: 0.90, time: 11.21
Mon, 08 Apr 2019 17:35:24: INFO: 
Evaluation - loss: 42.414494 Precision:0.4525 Recall:0.5000 Fscore:0.4748 acc: 57.0000%(2532/44) 

Mon, 08 Apr 2019 17:35:37: INFO: epoch: 20, train loss: 0.6996, train acc: 0.41, dev loss: 0.6685, dev acc: 0.90, time: 13.05
Mon, 08 Apr 2019 17:35:38: INFO: 
Evaluation - loss: 42.430376 Precision:0.4524 Recall:0.5000 Fscore:0.4749 acc: 57.0000%(2532/44) 

Mon, 08 Apr 2019 17:35:49: INFO: epoch: 21, train loss: 0.6992, train acc: 0.41, dev loss: 0.6692, dev acc: 0.90, time: 10.92
Mon, 08 Apr 2019 17:35:50: INFO: 
Evaluation - loss: 42.531118 Precision:0.4636 Recall:0.5114 Fscore:0.4861 acc: 57.0000%(2532/44) 

Mon, 08 Apr 2019 17:36:00: INFO: epoch: 22, train loss: 0.6994, train acc: 0.41, dev loss: 0.6686, dev acc: 0.90, time: 10.05
Mon, 08 Apr 2019 17:36:01: INFO: 
Evaluation - loss: 42.576434 Precision:0.4523 Recall:0.5000 Fscore:0.4747 acc: 57.0000%(2532/44) 

Mon, 08 Apr 2019 17:36:11: INFO: epoch: 23, train loss: 0.6994, train acc: 0.41, dev loss: 0.6694, dev acc: 0.90, time: 10.04
Mon, 08 Apr 2019 17:36:12: INFO: 
Evaluation - loss: 42.559520 Precision:0.4523 Recall:0.5000 Fscore:0.4748 acc: 57.0000%(2532/44) 

Mon, 08 Apr 2019 17:36:22: INFO: epoch: 24, train loss: 0.6991, train acc: 0.41, dev loss: 0.6674, dev acc: 0.90, time: 10.09
Mon, 08 Apr 2019 17:36:23: INFO: 
Evaluation - loss: 42.509242 Precision:0.4523 Recall:0.5000 Fscore:0.4747 acc: 57.0000%(2532/44) 

