Mon, 08 Apr 2019 13:48:26: INFO: running main.py --model=BiLSTM --batch_size=64 --vocab_size=40000 --embed_dim=300 --in_channels=1 --kernel_sizes=345 --kernel_nums=200 --hidden_dim=100 --num_layers=2 --bidirectional=True --max_seq_len=80 --learning_rate=0.7 --num_epochs=100 --dropout=0.3 --num_class=2 --train_file=./data/cwmt_train_comb.txt --dev_file=./data/cwmt_dev_comb.txt --dev_file=./data/htqe_test_comb.txt --pretrained_embeddings=./word2vec/wiki.en_zh.vec --prediction_file=./predictions/htqe_test_comb.txt --saved_model=./saved_models/cwmt.en_zh.pt --test=False --weight_decay=0.0 --grad_clip=0.0 --seed_num=123 --run_log=umtqe_bilstm
Mon, 08 Apr 2019 13:48:26: INFO: 	BATCH_SIZE=64
Mon, 08 Apr 2019 13:48:26: INFO: 	BIDIRECTIONAL=True
Mon, 08 Apr 2019 13:48:26: INFO: 	DEV_FILE=./data/htqe_test_comb.txt
Mon, 08 Apr 2019 13:48:26: INFO: 	DROPOUT=0.3
Mon, 08 Apr 2019 13:48:26: INFO: 	EMBED_DIM=300
Mon, 08 Apr 2019 13:48:26: INFO: 	GRAD_CLIP=0.0
Mon, 08 Apr 2019 13:48:26: INFO: 	HIDDEN_DIM=100
Mon, 08 Apr 2019 13:48:26: INFO: 	IN_CHANNELS=1
Mon, 08 Apr 2019 13:48:26: INFO: 	KERNEL_NUMS=200
Mon, 08 Apr 2019 13:48:26: INFO: 	KERNEL_SIZES=[3, 4, 5]
Mon, 08 Apr 2019 13:48:26: INFO: 	LEARNING_RATE=0.7
Mon, 08 Apr 2019 13:48:26: INFO: 	MAX_SEQ_LEN=80
Mon, 08 Apr 2019 13:48:26: INFO: 	MODEL=BiLSTM
Mon, 08 Apr 2019 13:48:26: INFO: 	NUM_CLASS=2
Mon, 08 Apr 2019 13:48:26: INFO: 	NUM_EPOCHS=100
Mon, 08 Apr 2019 13:48:26: INFO: 	NUM_LAYERS=2
Mon, 08 Apr 2019 13:48:26: INFO: 	OPTIMIZER=adam
Mon, 08 Apr 2019 13:48:26: INFO: 	PREDICTION_FILE=./predictions/htqe_test_comb.txt
Mon, 08 Apr 2019 13:48:26: INFO: 	PRETRAINED_EMBEDDINGS=./word2vec/wiki.en_zh.vec
Mon, 08 Apr 2019 13:48:26: INFO: 	PRETRAINED_WEIGHTS=tensor([[ 0.0046,  0.0888,  0.0158,  ..., -0.0273, -0.1007, -0.0268],
        [-0.0444, -0.0266,  0.0191,  ...,  0.0758, -0.1356,  0.0114],
        [-0.0048,  0.0503,  0.0467,  ..., -0.0812, -0.1079,  0.0102],
        ...,
        [ 0.0000,  0.0000,  0.0000,  ...,  0.0000,  0.0000,  0.0000],
        [ 0.0170, -0.0521,  0.1089,  ..., -0.0672, -0.0707, -0.0624],
        [ 0.0363, -0.0370,  0.0638,  ..., -0.0350, -0.0617,  0.0633]])
Mon, 08 Apr 2019 13:48:26: INFO: 	RUN_LOG=umtqe_bilstm
Mon, 08 Apr 2019 13:48:26: INFO: 	SAVED_MODEL=./saved_models/cwmt.en_zh.pt
Mon, 08 Apr 2019 13:48:26: INFO: 	SEED_NUM=123
Mon, 08 Apr 2019 13:48:26: INFO: 	TEST=False
Mon, 08 Apr 2019 13:48:26: INFO: 	TEST_FILE=./data/htqe_test_comb.txt
Mon, 08 Apr 2019 13:48:26: INFO: 	TRAIN_FILE=./data/cwmt_train_comb.txt
Mon, 08 Apr 2019 13:48:26: INFO: 	USE_GPU=True
Mon, 08 Apr 2019 13:48:26: INFO: 	VOCAB_SIZE=44995
Mon, 08 Apr 2019 13:48:26: INFO: 	WEIGHT_DECAY=0.0
Mon, 08 Apr 2019 13:48:47: INFO: epoch: 1, train loss: 0.6906, train acc: 0.59, dev loss: 0.7064, dev acc: 0.10, time: 19.05
Mon, 08 Apr 2019 13:48:47: INFO: 
Evaluation - loss: 44.933528 Precision:0.0478 Recall:0.5000 Fscore:0.0861 acc: 6.0000%(267/44) 

Mon, 08 Apr 2019 13:48:52: INFO: epoch: 2, train loss: 0.6906, train acc: 0.59, dev loss: 0.7064, dev acc: 0.10, time: 4.11
Mon, 08 Apr 2019 13:48:52: INFO: 
Evaluation - loss: 44.933529 Precision:0.0477 Recall:0.5000 Fscore:0.0859 acc: 6.0000%(267/44) 

Mon, 08 Apr 2019 13:48:56: INFO: epoch: 3, train loss: 0.6906, train acc: 0.59, dev loss: 0.7064, dev acc: 0.10, time: 3.72
Mon, 08 Apr 2019 13:48:56: INFO: 
Evaluation - loss: 44.933528 Precision:0.0477 Recall:0.5000 Fscore:0.0863 acc: 6.0000%(267/44) 

Mon, 08 Apr 2019 13:49:00: INFO: epoch: 4, train loss: 0.6906, train acc: 0.59, dev loss: 0.7063, dev acc: 0.10, time: 3.65
Mon, 08 Apr 2019 13:49:00: INFO: 
Evaluation - loss: 44.933529 Precision:0.0477 Recall:0.5000 Fscore:0.0864 acc: 6.0000%(267/44) 

Mon, 08 Apr 2019 13:49:03: INFO: epoch: 5, train loss: 0.6907, train acc: 0.59, dev loss: 0.7063, dev acc: 0.10, time: 3.65
Mon, 08 Apr 2019 13:49:04: INFO: 
Evaluation - loss: 44.933527 Precision:0.0477 Recall:0.5000 Fscore:0.0865 acc: 6.0000%(267/44) 

Mon, 08 Apr 2019 13:49:07: INFO: epoch: 6, train loss: 0.6906, train acc: 0.59, dev loss: 0.7063, dev acc: 0.10, time: 3.64
Mon, 08 Apr 2019 13:49:08: INFO: 
Evaluation - loss: 44.933528 Precision:0.0477 Recall:0.5000 Fscore:0.0861 acc: 6.0000%(267/44) 

Mon, 08 Apr 2019 13:49:11: INFO: epoch: 7, train loss: 0.6906, train acc: 0.59, dev loss: 0.7064, dev acc: 0.10, time: 3.64
Mon, 08 Apr 2019 13:49:12: INFO: 
Evaluation - loss: 44.933527 Precision:0.0477 Recall:0.5000 Fscore:0.0862 acc: 6.0000%(267/44) 

Mon, 08 Apr 2019 13:49:16: INFO: epoch: 8, train loss: 0.6906, train acc: 0.59, dev loss: 0.7063, dev acc: 0.10, time: 4.00
Mon, 08 Apr 2019 13:49:16: INFO: 
Evaluation - loss: 44.933527 Precision:0.0477 Recall:0.5000 Fscore:0.0858 acc: 6.0000%(267/44) 

Mon, 08 Apr 2019 13:49:20: INFO: epoch: 9, train loss: 0.6906, train acc: 0.59, dev loss: 0.7063, dev acc: 0.10, time: 4.05
Mon, 08 Apr 2019 13:49:20: INFO: 
Evaluation - loss: 44.933527 Precision:0.0475 Recall:0.4886 Fscore:0.0858 acc: 6.0000%(267/44) 

Mon, 08 Apr 2019 13:49:24: INFO: epoch: 10, train loss: 0.6906, train acc: 0.59, dev loss: 0.7063, dev acc: 0.10, time: 4.05
Mon, 08 Apr 2019 13:49:25: INFO: 
Evaluation - loss: 44.933529 Precision:0.0480 Recall:0.5000 Fscore:0.0863 acc: 6.0000%(267/44) 

Mon, 08 Apr 2019 13:49:28: INFO: epoch: 11, train loss: 0.6906, train acc: 0.59, dev loss: 0.7063, dev acc: 0.10, time: 3.75
