Mon, 08 Apr 2019 16:02:07: INFO: running main.py --model=CNN_BiLSTM --optimizer=sgd --batch_size=64 --vocab_size=40000 --embed_dim=300 --in_channels=1 --kernel_sizes=1357 --kernel_nums=200 --hidden_dim=100 --num_layers=3 --bidirectional=True --max_seq_len=50 --learning_rate=0.8 --num_epochs=100 --dropout=0.7 --num_class=2 --train_file=./data/cwmt_train_comb.txt --dev_file=./data/cwmt_dev_comb.txt --dev_file=./data/htqe_test_comb.txt --pretrained_embeddings=./word2vec/wiki.en_zh.vec --prediction_file=./predictions/htqe_test_comb.txt --saved_model=./saved_models/cwmt.en_zh.pt --test=False --weight_decay=0.0001 --grad_clip=0.4 --momentum=0.9 --seed_num=123 --scheduler=steplr --run_log=umtqe_cnnbilstm
Mon, 08 Apr 2019 16:02:07: INFO: 	BATCH_SIZE=64
Mon, 08 Apr 2019 16:02:07: INFO: 	BIDIRECTIONAL=True
Mon, 08 Apr 2019 16:02:07: INFO: 	DEV_FILE=./data/htqe_test_comb.txt
Mon, 08 Apr 2019 16:02:07: INFO: 	DROPOUT=0.7
Mon, 08 Apr 2019 16:02:07: INFO: 	EMBED_DIM=300
Mon, 08 Apr 2019 16:02:07: INFO: 	GRAD_CLIP=0.4
Mon, 08 Apr 2019 16:02:07: INFO: 	HIDDEN_DIM=100
Mon, 08 Apr 2019 16:02:07: INFO: 	IN_CHANNELS=1
Mon, 08 Apr 2019 16:02:07: INFO: 	KERNEL_NUMS=200
Mon, 08 Apr 2019 16:02:07: INFO: 	KERNEL_SIZES=[1, 3, 5, 7]
Mon, 08 Apr 2019 16:02:07: INFO: 	LEARNING_RATE=0.8
Mon, 08 Apr 2019 16:02:07: INFO: 	MAX_SEQ_LEN=50
Mon, 08 Apr 2019 16:02:07: INFO: 	MODEL=CNN_BiLSTM
Mon, 08 Apr 2019 16:02:07: INFO: 	MOMENTUM=0.9
Mon, 08 Apr 2019 16:02:07: INFO: 	NUM_CLASS=2
Mon, 08 Apr 2019 16:02:07: INFO: 	NUM_EPOCHS=100
Mon, 08 Apr 2019 16:02:07: INFO: 	NUM_LAYERS=3
Mon, 08 Apr 2019 16:02:07: INFO: 	OPTIMIZER=sgd
Mon, 08 Apr 2019 16:02:07: INFO: 	PREDICTION_FILE=./predictions/htqe_test_comb.txt
Mon, 08 Apr 2019 16:02:07: INFO: 	PRETRAINED_EMBEDDINGS=./word2vec/wiki.en_zh.vec
Mon, 08 Apr 2019 16:02:07: INFO: 	PRETRAINED_WEIGHTS=tensor([[ 0.0046,  0.0888,  0.0158,  ..., -0.0273, -0.1007, -0.0268],
        [ 0.0139,  0.0261,  0.0823,  ...,  0.0212, -0.0425, -0.0233],
        [ 0.0025,  0.0241,  0.0423,  ...,  0.0191,  0.0437,  0.0847],
        ...,
        [ 0.0227,  0.0413,  0.0615,  ...,  0.0349, -0.0227, -0.0175],
        [-0.0112, -0.0082,  0.0914,  ..., -0.0772, -0.0256, -0.0422],
        [ 0.0000,  0.0000,  0.0000,  ...,  0.0000,  0.0000,  0.0000]])
Mon, 08 Apr 2019 16:02:07: INFO: 	RUN_LOG=umtqe_cnnbilstm
Mon, 08 Apr 2019 16:02:07: INFO: 	SAVED_MODEL=./saved_models/cwmt.en_zh.pt
Mon, 08 Apr 2019 16:02:07: INFO: 	SCHEDULER=steplr
Mon, 08 Apr 2019 16:02:07: INFO: 	SEED_NUM=123
Mon, 08 Apr 2019 16:02:07: INFO: 	TEST=False
Mon, 08 Apr 2019 16:02:07: INFO: 	TEST_FILE=./data/htqe_test_comb.txt
Mon, 08 Apr 2019 16:02:07: INFO: 	TRAIN_FILE=./data/cwmt_train_comb.txt
Mon, 08 Apr 2019 16:02:07: INFO: 	USE_GPU=True
Mon, 08 Apr 2019 16:02:07: INFO: 	VOCAB_SIZE=44995
Mon, 08 Apr 2019 16:02:07: INFO: 	WEIGHT_DECAY=0.0001
Mon, 08 Apr 2019 16:02:33: INFO: epoch: 1, train loss: 0.6862, train acc: 0.59, dev loss: 0.7313, dev acc: 0.11, time: 22.95
Mon, 08 Apr 2019 16:02:34: INFO: 
Evaluation - loss: 46.499663 Precision:0.0476 Recall:0.5000 Fscore:0.0859 acc: 6.0000%(267/44) 

Mon, 08 Apr 2019 16:02:40: INFO: epoch: 2, train loss: 0.6860, train acc: 0.59, dev loss: 0.7315, dev acc: 0.11, time: 6.45
Mon, 08 Apr 2019 16:02:41: INFO: 
Evaluation - loss: 46.499664 Precision:0.0477 Recall:0.5000 Fscore:0.0863 acc: 6.0000%(267/44) 

Mon, 08 Apr 2019 16:02:46: INFO: epoch: 3, train loss: 0.6865, train acc: 0.59, dev loss: 0.7319, dev acc: 0.11, time: 5.51
Mon, 08 Apr 2019 16:02:47: INFO: 
Evaluation - loss: 46.499664 Precision:0.0477 Recall:0.5000 Fscore:0.0861 acc: 6.0000%(267/44) 

Mon, 08 Apr 2019 16:02:52: INFO: epoch: 4, train loss: 0.6859, train acc: 0.59, dev loss: 0.7309, dev acc: 0.11, time: 5.49
Mon, 08 Apr 2019 16:02:52: INFO: 
Evaluation - loss: 46.499664 Precision:0.0476 Recall:0.5000 Fscore:0.0861 acc: 6.0000%(267/44) 

Mon, 08 Apr 2019 16:02:58: INFO: epoch: 5, train loss: 0.6861, train acc: 0.59, dev loss: 0.7312, dev acc: 0.11, time: 5.51
Mon, 08 Apr 2019 16:02:58: INFO: 
Evaluation - loss: 46.499664 Precision:0.0477 Recall:0.4886 Fscore:0.0859 acc: 6.0000%(267/44) 

Mon, 08 Apr 2019 16:03:04: INFO: epoch: 6, train loss: 0.6864, train acc: 0.59, dev loss: 0.7317, dev acc: 0.11, time: 5.49
Mon, 08 Apr 2019 16:03:04: INFO: 
Evaluation - loss: 46.499663 Precision:0.0475 Recall:0.5000 Fscore:0.0860 acc: 6.0000%(267/44) 

