Mon, 08 Apr 2019 09:33:18: INFO: running main.py --model=CNN --batch_size=64 --vocab_size=40000 --embed_dim=300 --in_channels=1 --kernel_sizes=[3,4,5] --kernel_nums=200 --hidden_dim=100 --num_layers=2 --bidirectional=True --max_seq_len=50 --learning_rate=0.8 --num_epochs=100 --dropout=0.3 --num_class=2 --train_file=./data/cwmt_train_comb.txt --dev_file=./data/cwmt_dev_comb.txt --dev_file=./data/htqe_test_comb.txt --pretrained_embeddings=./word2vec/wiki.en_zh.vec --prediction_file=./predictions/cwmt.en_zh.preds --saved_model=./saved_models/cwmt.en_zh.pt --test=False --weight_decay=1e-3 --grad_clip=3e-1 --seed_num=123 --run_log=umtqe_cnn
Mon, 08 Apr 2019 09:33:18: INFO: 	BATCH_SIZE=64
Mon, 08 Apr 2019 09:33:18: INFO: 	BIDIRECTIONAL=True
Mon, 08 Apr 2019 09:33:18: INFO: 	DEV_FILE=./data/htqe_test_comb.txt
Mon, 08 Apr 2019 09:33:18: INFO: 	DROPOUT=0.3
Mon, 08 Apr 2019 09:33:18: INFO: 	EMBED_DIM=300
Mon, 08 Apr 2019 09:33:18: INFO: 	GRAD_CLIP=0.3
Mon, 08 Apr 2019 09:33:18: INFO: 	HIDDEN_DIM=100
Mon, 08 Apr 2019 09:33:18: INFO: 	IN_CHANNELS=1
Mon, 08 Apr 2019 09:33:18: INFO: 	KERNEL_NUMS=200
Mon, 08 Apr 2019 09:33:18: INFO: 	KERNEL_SIZES=['[', '3', ',', '4', ',', '5', ']']
Mon, 08 Apr 2019 09:33:18: INFO: 	LEARNING_RATE=0.8
Mon, 08 Apr 2019 09:33:18: INFO: 	MAX_SEQ_LEN=50
Mon, 08 Apr 2019 09:33:18: INFO: 	MODEL=CNN
Mon, 08 Apr 2019 09:33:18: INFO: 	NUM_CLASS=2
Mon, 08 Apr 2019 09:33:18: INFO: 	NUM_EPOCHS=100
Mon, 08 Apr 2019 09:33:18: INFO: 	NUM_LAYERS=2
Mon, 08 Apr 2019 09:33:18: INFO: 	OPTIMIZER=adam
Mon, 08 Apr 2019 09:33:18: INFO: 	PREDICTION_FILE=./predictions/cwmt.en_zh.preds
Mon, 08 Apr 2019 09:33:18: INFO: 	PRETRAINED_EMBEDDINGS=./word2vec/wiki.en_zh.vec
Mon, 08 Apr 2019 09:33:18: INFO: 	PRETRAINED_WEIGHTS=tensor([[ 0.0046,  0.0888,  0.0158,  ..., -0.0273, -0.1007, -0.0268],
        [ 0.0000,  0.0000,  0.0000,  ...,  0.0000,  0.0000,  0.0000],
        [-0.0961, -0.0096,  0.0396,  ..., -0.0053, -0.1039, -0.0113],
        ...,
        [ 0.0307,  0.0223,  0.0661,  ...,  0.0191, -0.0612, -0.0304],
        [-0.0559,  0.0273, -0.1224,  ...,  0.0145, -0.1436,  0.0531],
        [ 0.0000,  0.0000,  0.0000,  ...,  0.0000,  0.0000,  0.0000]])
Mon, 08 Apr 2019 09:33:18: INFO: 	RUN_LOG=umtqe_cnn
Mon, 08 Apr 2019 09:33:18: INFO: 	SAVED_MODEL=./saved_models/cwmt.en_zh.pt
Mon, 08 Apr 2019 09:33:18: INFO: 	SEED_NUM=123
Mon, 08 Apr 2019 09:33:18: INFO: 	STATIC=False
Mon, 08 Apr 2019 09:33:18: INFO: 	TEST=True
Mon, 08 Apr 2019 09:33:18: INFO: 	TEST_FILE=./data/htqe_test_comb.txt
Mon, 08 Apr 2019 09:33:18: INFO: 	TRAIN_FILE=./data/cwmt_train_comb.txt
Mon, 08 Apr 2019 09:33:18: INFO: 	USE_GPU=True
Mon, 08 Apr 2019 09:33:18: INFO: 	VOCAB_SIZE=44995
Mon, 08 Apr 2019 09:33:18: INFO: 	WEIGHT_DECAY=0.001
