Mon, 08 Apr 2019 15:38:12: INFO: running main.py --model=CNN_BiLSTM --optimizer=sgd --batch_size=64 --vocab_size=40000 --embed_dim=300 --in_channels=1 --kernel_sizes=123 --kernel_nums=200 --hidden_dim=100 --num_layers=3 --bidirectional=True --max_seq_len=60 --learning_rate=0.02 --num_epochs=100 --dropout=0.5 --num_class=2 --train_file=./data/cwmt_train_comb.txt --dev_file=./data/cwmt_dev_comb.txt --dev_file=./data/htqe_test_comb.txt --pretrained_embeddings=./word2vec/wiki.en_zh.vec --prediction_file=./predictions/htqe_test_comb.txt --saved_model=./saved_models/cwmt.en_zh.pt --test=False --weight_decay=0.0001 --grad_clip=0.5 --momentum=0.3 --seed_num=123 --scheduler=steplr --run_log=umtqe_cnnbilstm
Mon, 08 Apr 2019 15:38:12: INFO: 	BATCH_SIZE=64
Mon, 08 Apr 2019 15:38:12: INFO: 	BIDIRECTIONAL=True
Mon, 08 Apr 2019 15:38:12: INFO: 	DEV_FILE=./data/htqe_test_comb.txt
Mon, 08 Apr 2019 15:38:12: INFO: 	DROPOUT=0.5
Mon, 08 Apr 2019 15:38:12: INFO: 	EMBED_DIM=300
Mon, 08 Apr 2019 15:38:12: INFO: 	GRAD_CLIP=0.5
Mon, 08 Apr 2019 15:38:12: INFO: 	HIDDEN_DIM=100
Mon, 08 Apr 2019 15:38:12: INFO: 	IN_CHANNELS=1
Mon, 08 Apr 2019 15:38:12: INFO: 	KERNEL_NUMS=200
Mon, 08 Apr 2019 15:38:12: INFO: 	KERNEL_SIZES=[1, 2, 3]
Mon, 08 Apr 2019 15:38:12: INFO: 	LEARNING_RATE=0.02
Mon, 08 Apr 2019 15:38:12: INFO: 	MAX_SEQ_LEN=60
Mon, 08 Apr 2019 15:38:12: INFO: 	MODEL=CNN_BiLSTM
Mon, 08 Apr 2019 15:38:12: INFO: 	MOMENTUM=0.3
Mon, 08 Apr 2019 15:38:12: INFO: 	NUM_CLASS=2
Mon, 08 Apr 2019 15:38:12: INFO: 	NUM_EPOCHS=100
Mon, 08 Apr 2019 15:38:12: INFO: 	NUM_LAYERS=3
Mon, 08 Apr 2019 15:38:12: INFO: 	OPTIMIZER=sgd
Mon, 08 Apr 2019 15:38:12: INFO: 	PREDICTION_FILE=./predictions/htqe_test_comb.txt
Mon, 08 Apr 2019 15:38:12: INFO: 	PRETRAINED_EMBEDDINGS=./word2vec/wiki.en_zh.vec
Mon, 08 Apr 2019 15:38:12: INFO: 	PRETRAINED_WEIGHTS=tensor([[ 0.0046,  0.0888,  0.0158,  ..., -0.0273, -0.1007, -0.0268],
        [-0.0088, -0.0170,  0.0104,  ..., -0.0067, -0.0670, -0.0140],
        [ 0.0446,  0.0163,  0.0169,  ..., -0.0438, -0.0574, -0.0030],
        ...,
        [-0.0218,  0.0059, -0.0137,  ..., -0.0176, -0.1313, -0.0313],
        [ 0.0215,  0.0169,  0.0300,  ..., -0.0297, -0.0764, -0.0536],
        [-0.0250,  0.0356,  0.0114,  ..., -0.0876, -0.0756,  0.0459]])
Mon, 08 Apr 2019 15:38:12: INFO: 	RUN_LOG=umtqe_cnnbilstm
Mon, 08 Apr 2019 15:38:12: INFO: 	SAVED_MODEL=./saved_models/cwmt.en_zh.pt
Mon, 08 Apr 2019 15:38:12: INFO: 	SCHEDULER=steplr
Mon, 08 Apr 2019 15:38:12: INFO: 	SEED_NUM=123
Mon, 08 Apr 2019 15:38:12: INFO: 	TEST=False
Mon, 08 Apr 2019 15:38:12: INFO: 	TEST_FILE=./data/htqe_test_comb.txt
Mon, 08 Apr 2019 15:38:12: INFO: 	TRAIN_FILE=./data/cwmt_train_comb.txt
Mon, 08 Apr 2019 15:38:12: INFO: 	USE_GPU=True
Mon, 08 Apr 2019 15:38:12: INFO: 	VOCAB_SIZE=44995
Mon, 08 Apr 2019 15:38:12: INFO: 	WEIGHT_DECAY=0.0001
Mon, 08 Apr 2019 15:38:37: INFO: epoch: 1, train loss: 0.6902, train acc: 0.57, dev loss: 0.7095, dev acc: 0.17, time: 22.62
Mon, 08 Apr 2019 15:38:38: INFO: 
Evaluation - loss: 45.102900 Precision:0.0476 Recall:0.5000 Fscore:0.0861 acc: 6.0000%(267/44) 

Mon, 08 Apr 2019 15:38:45: INFO: epoch: 2, train loss: 0.6902, train acc: 0.57, dev loss: 0.7091, dev acc: 0.18, time: 6.83
Mon, 08 Apr 2019 15:38:45: INFO: 
Evaluation - loss: 45.102900 Precision:0.0477 Recall:0.5000 Fscore:0.0861 acc: 6.0000%(267/44) 

