Mon, 08 Apr 2019 12:03:58: INFO: running main.py --model=CNN --batch_size=64 --vocab_size=40000 --embed_dim=300 --in_channels=1 --kernel_sizes=345 --kernel_nums=200 --hidden_dim=100 --num_layers=2 --bidirectional=True --max_seq_len=50 --learning_rate=0.8 --num_epochs=100 --dropout=0.3 --num_class=2 --train_file=./data/cwmt_train_comb.txt --dev_file=./data/cwmt_dev_comb.txt --dev_file=./data/htqe_test_comb.txt --pretrained_embeddings=./word2vec/wiki.en_zh.vec --prediction_file=./predictions/htqe_test_comb.txt --saved_model=./saved_models/cwmt.en_zh.pt --test=False --weight_decay=1e-3 --grad_clip=3e-1 --seed_num=123 --run_log=umtqe_cnn
Mon, 08 Apr 2019 12:03:58: INFO: 	BATCH_SIZE=64
Mon, 08 Apr 2019 12:03:58: INFO: 	BIDIRECTIONAL=True
Mon, 08 Apr 2019 12:03:58: INFO: 	DEV_FILE=./data/htqe_test_comb.txt
Mon, 08 Apr 2019 12:03:58: INFO: 	DROPOUT=0.3
Mon, 08 Apr 2019 12:03:58: INFO: 	EMBED_DIM=300
Mon, 08 Apr 2019 12:03:58: INFO: 	GRAD_CLIP=0.3
Mon, 08 Apr 2019 12:03:58: INFO: 	HIDDEN_DIM=100
Mon, 08 Apr 2019 12:03:58: INFO: 	IN_CHANNELS=1
Mon, 08 Apr 2019 12:03:58: INFO: 	KERNEL_NUMS=200
Mon, 08 Apr 2019 12:03:58: INFO: 	KERNEL_SIZES=[3, 4, 5]
Mon, 08 Apr 2019 12:03:58: INFO: 	LEARNING_RATE=0.8
Mon, 08 Apr 2019 12:03:58: INFO: 	MAX_SEQ_LEN=50
Mon, 08 Apr 2019 12:03:58: INFO: 	MODEL=CNN
Mon, 08 Apr 2019 12:03:58: INFO: 	NUM_CLASS=2
Mon, 08 Apr 2019 12:03:58: INFO: 	NUM_EPOCHS=100
Mon, 08 Apr 2019 12:03:58: INFO: 	NUM_LAYERS=2
Mon, 08 Apr 2019 12:03:58: INFO: 	OPTIMIZER=adam
Mon, 08 Apr 2019 12:03:58: INFO: 	PREDICTION_FILE=./predictions/htqe_test_comb.txt
Mon, 08 Apr 2019 12:03:58: INFO: 	PRETRAINED_EMBEDDINGS=./word2vec/wiki.en_zh.vec
Mon, 08 Apr 2019 12:03:58: INFO: 	PRETRAINED_WEIGHTS=tensor([[ 0.0046,  0.0888,  0.0158,  ..., -0.0273, -0.1007, -0.0268],
        [ 0.0000,  0.0000,  0.0000,  ...,  0.0000,  0.0000,  0.0000],
        [-0.0298, -0.1159,  0.0660,  ..., -0.0112,  0.0320, -0.0410],
        ...,
        [-0.0562, -0.0058,  0.0227,  ...,  0.0601, -0.0076, -0.0016],
        [ 0.0000,  0.0000,  0.0000,  ...,  0.0000,  0.0000,  0.0000],
        [ 0.0388,  0.0762,  0.0533,  ..., -0.0312, -0.0946, -0.0533]])
Mon, 08 Apr 2019 12:03:58: INFO: 	RUN_LOG=umtqe_cnn
Mon, 08 Apr 2019 12:03:58: INFO: 	SAVED_MODEL=./saved_models/cwmt.en_zh.pt
Mon, 08 Apr 2019 12:03:58: INFO: 	SEED_NUM=123
Mon, 08 Apr 2019 12:03:58: INFO: 	TEST=False
Mon, 08 Apr 2019 12:03:58: INFO: 	TEST_FILE=./data/htqe_test_comb.txt
Mon, 08 Apr 2019 12:03:58: INFO: 	TRAIN_FILE=./data/cwmt_train_comb.txt
Mon, 08 Apr 2019 12:03:58: INFO: 	USE_GPU=True
Mon, 08 Apr 2019 12:03:58: INFO: 	VOCAB_SIZE=44995
Mon, 08 Apr 2019 12:03:58: INFO: 	WEIGHT_DECAY=0.001
Mon, 08 Apr 2019 12:04:18: INFO: epoch: 1, train loss: 0.7089, train acc: 0.41, dev loss: 0.6390, dev acc: 0.90, time: 17.07
Mon, 08 Apr 2019 12:04:18: INFO: 
Evaluation - loss: 40.644871 Precision:0.4521 Recall:0.5000 Fscore:0.4747 acc: 57.0000%(2532/44) 

Mon, 08 Apr 2019 12:04:20: INFO: epoch: 2, train loss: 0.7090, train acc: 0.41, dev loss: 0.6393, dev acc: 0.90, time: 1.65
Mon, 08 Apr 2019 12:04:20: INFO: 
Evaluation - loss: 40.644871 Precision:0.4523 Recall:0.5000 Fscore:0.4747 acc: 57.0000%(2532/44) 

Mon, 08 Apr 2019 12:04:22: INFO: epoch: 3, train loss: 0.7088, train acc: 0.41, dev loss: 0.6392, dev acc: 0.90, time: 1.52
Mon, 08 Apr 2019 12:04:22: INFO: 
Evaluation - loss: 40.644871 Precision:0.4640 Recall:0.5114 Fscore:0.4862 acc: 57.0000%(2532/44) 

Mon, 08 Apr 2019 12:04:24: INFO: epoch: 4, train loss: 0.7089, train acc: 0.41, dev loss: 0.6392, dev acc: 0.90, time: 1.82
Mon, 08 Apr 2019 12:04:25: INFO: 
Evaluation - loss: 40.644872 Precision:0.4521 Recall:0.5000 Fscore:0.4747 acc: 57.0000%(2532/44) 

Mon, 08 Apr 2019 12:04:26: INFO: epoch: 5, train loss: 0.7089, train acc: 0.41, dev loss: 0.6393, dev acc: 0.90, time: 1.57
Mon, 08 Apr 2019 12:04:27: INFO: 
Evaluation - loss: 40.644872 Precision:0.4523 Recall:0.5000 Fscore:0.4748 acc: 57.0000%(2532/44) 

Mon, 08 Apr 2019 12:04:29: INFO: epoch: 6, train loss: 0.7088, train acc: 0.41, dev loss: 0.6390, dev acc: 0.90, time: 1.58
Mon, 08 Apr 2019 12:04:29: INFO: 
Evaluation - loss: 40.644871 Precision:0.4522 Recall:0.5000 Fscore:0.4747 acc: 57.0000%(2532/44) 

Mon, 08 Apr 2019 12:04:31: INFO: epoch: 7, train loss: 0.7088, train acc: 0.41, dev loss: 0.6392, dev acc: 0.90, time: 1.65
Mon, 08 Apr 2019 12:04:31: INFO: 
Evaluation - loss: 40.644872 Precision:0.4524 Recall:0.5000 Fscore:0.4748 acc: 57.0000%(2532/44) 

Mon, 08 Apr 2019 12:04:33: INFO: epoch: 8, train loss: 0.7087, train acc: 0.41, dev loss: 0.6390, dev acc: 0.90, time: 1.61
Mon, 08 Apr 2019 12:04:33: INFO: 
Evaluation - loss: 40.644871 Precision:0.4524 Recall:0.5000 Fscore:0.4748 acc: 57.0000%(2532/44) 

Mon, 08 Apr 2019 12:04:35: INFO: epoch: 9, train loss: 0.7089, train acc: 0.41, dev loss: 0.6387, dev acc: 0.90, time: 1.55
Mon, 08 Apr 2019 12:04:36: INFO: 
Evaluation - loss: 40.644871 Precision:0.4520 Recall:0.5000 Fscore:0.4746 acc: 57.0000%(2532/44) 

Mon, 08 Apr 2019 12:04:37: INFO: epoch: 10, train loss: 0.7088, train acc: 0.41, dev loss: 0.6392, dev acc: 0.90, time: 1.51
Mon, 08 Apr 2019 12:04:38: INFO: 
Evaluation - loss: 40.644871 Precision:0.4525 Recall:0.5000 Fscore:0.4748 acc: 57.0000%(2532/44) 

Mon, 08 Apr 2019 12:04:39: INFO: epoch: 11, train loss: 0.7088, train acc: 0.41, dev loss: 0.6391, dev acc: 0.90, time: 1.59
Mon, 08 Apr 2019 12:04:40: INFO: 
Evaluation - loss: 40.644871 Precision:0.4521 Recall:0.5000 Fscore:0.4746 acc: 57.0000%(2532/44) 

Mon, 08 Apr 2019 12:04:41: INFO: epoch: 12, train loss: 0.7090, train acc: 0.41, dev loss: 0.6392, dev acc: 0.90, time: 1.60
Mon, 08 Apr 2019 12:04:42: INFO: 
Evaluation - loss: 40.644871 Precision:0.4522 Recall:0.5000 Fscore:0.4747 acc: 57.0000%(2532/44) 

Mon, 08 Apr 2019 12:04:43: INFO: epoch: 13, train loss: 0.7089, train acc: 0.41, dev loss: 0.6390, dev acc: 0.90, time: 1.53
Mon, 08 Apr 2019 12:04:44: INFO: 
Evaluation - loss: 40.644871 Precision:0.4521 Recall:0.5000 Fscore:0.4747 acc: 57.0000%(2532/44) 

Mon, 08 Apr 2019 12:04:46: INFO: epoch: 14, train loss: 0.7088, train acc: 0.41, dev loss: 0.6389, dev acc: 0.91, time: 1.81
Mon, 08 Apr 2019 12:04:46: INFO: 
Evaluation - loss: 40.644871 Precision:0.4524 Recall:0.5000 Fscore:0.4748 acc: 57.0000%(2532/44) 

Mon, 08 Apr 2019 12:04:48: INFO: epoch: 15, train loss: 0.7087, train acc: 0.41, dev loss: 0.6389, dev acc: 0.90, time: 1.51
Mon, 08 Apr 2019 12:04:49: INFO: 
Evaluation - loss: 40.644871 Precision:0.4523 Recall:0.5000 Fscore:0.4748 acc: 57.0000%(2532/44) 

Mon, 08 Apr 2019 12:04:50: INFO: epoch: 16, train loss: 0.7089, train acc: 0.41, dev loss: 0.6389, dev acc: 0.90, time: 1.52
Mon, 08 Apr 2019 12:04:51: INFO: 
Evaluation - loss: 40.644872 Precision:0.4521 Recall:0.5000 Fscore:0.4747 acc: 57.0000%(2532/44) 

Mon, 08 Apr 2019 12:04:52: INFO: epoch: 17, train loss: 0.7088, train acc: 0.41, dev loss: 0.6387, dev acc: 0.91, time: 1.59
Mon, 08 Apr 2019 12:04:53: INFO: 
Evaluation - loss: 40.644870 Precision:0.4522 Recall:0.5000 Fscore:0.4747 acc: 57.0000%(2532/44) 

Mon, 08 Apr 2019 12:04:54: INFO: epoch: 18, train loss: 0.7088, train acc: 0.41, dev loss: 0.6390, dev acc: 0.90, time: 1.53
Mon, 08 Apr 2019 12:04:55: INFO: 
Evaluation - loss: 40.644871 Precision:0.4523 Recall:0.5000 Fscore:0.4747 acc: 57.0000%(2532/44) 

Mon, 08 Apr 2019 12:04:57: INFO: epoch: 19, train loss: 0.7088, train acc: 0.41, dev loss: 0.6387, dev acc: 0.90, time: 1.53
Mon, 08 Apr 2019 12:04:57: INFO: 
Evaluation - loss: 40.644871 Precision:0.4523 Recall:0.5000 Fscore:0.4747 acc: 57.0000%(2532/44) 

Mon, 08 Apr 2019 12:04:59: INFO: epoch: 20, train loss: 0.7089, train acc: 0.41, dev loss: 0.6388, dev acc: 0.90, time: 1.57
Mon, 08 Apr 2019 12:04:59: INFO: 
Evaluation - loss: 40.644872 Precision:0.4520 Recall:0.5000 Fscore:0.4746 acc: 57.0000%(2532/44) 

Mon, 08 Apr 2019 12:05:01: INFO: epoch: 21, train loss: 0.7088, train acc: 0.41, dev loss: 0.6391, dev acc: 0.90, time: 1.61
Mon, 08 Apr 2019 12:05:02: INFO: 
Evaluation - loss: 40.644871 Precision:0.4636 Recall:0.5114 Fscore:0.4860 acc: 57.0000%(2532/44) 

Mon, 08 Apr 2019 12:05:03: INFO: epoch: 22, train loss: 0.7089, train acc: 0.41, dev loss: 0.6389, dev acc: 0.90, time: 1.56
Mon, 08 Apr 2019 12:05:04: INFO: 
Evaluation - loss: 40.644871 Precision:0.4524 Recall:0.5000 Fscore:0.4749 acc: 57.0000%(2532/44) 

Mon, 08 Apr 2019 12:05:05: INFO: epoch: 23, train loss: 0.7089, train acc: 0.41, dev loss: 0.6390, dev acc: 0.90, time: 1.52
Mon, 08 Apr 2019 12:05:06: INFO: 
Evaluation - loss: 40.644870 Precision:0.4525 Recall:0.5000 Fscore:0.4749 acc: 57.0000%(2532/44) 

Mon, 08 Apr 2019 12:05:07: INFO: epoch: 24, train loss: 0.7088, train acc: 0.41, dev loss: 0.6391, dev acc: 0.90, time: 1.52
Mon, 08 Apr 2019 12:05:08: INFO: 
Evaluation - loss: 40.644871 Precision:0.4522 Recall:0.5000 Fscore:0.4747 acc: 57.0000%(2532/44) 

Mon, 08 Apr 2019 12:05:10: INFO: epoch: 25, train loss: 0.7089, train acc: 0.41, dev loss: 0.6387, dev acc: 0.90, time: 1.52
Mon, 08 Apr 2019 12:05:10: INFO: 
Evaluation - loss: 40.644871 Precision:0.4521 Recall:0.5000 Fscore:0.4747 acc: 57.0000%(2532/44) 

Mon, 08 Apr 2019 12:05:12: INFO: epoch: 26, train loss: 0.7088, train acc: 0.41, dev loss: 0.6391, dev acc: 0.90, time: 1.52
Mon, 08 Apr 2019 12:05:12: INFO: 
Evaluation - loss: 40.644871 Precision:0.4524 Recall:0.5000 Fscore:0.4748 acc: 57.0000%(2532/44) 

Mon, 08 Apr 2019 12:05:14: INFO: epoch: 27, train loss: 0.7089, train acc: 0.41, dev loss: 0.6393, dev acc: 0.90, time: 1.52
Mon, 08 Apr 2019 12:05:15: INFO: 
Evaluation - loss: 40.644872 Precision:0.4521 Recall:0.5000 Fscore:0.4747 acc: 57.0000%(2532/44) 

Mon, 08 Apr 2019 12:05:16: INFO: epoch: 28, train loss: 0.7088, train acc: 0.41, dev loss: 0.6391, dev acc: 0.90, time: 1.52
Mon, 08 Apr 2019 12:05:17: INFO: 
Evaluation - loss: 40.644872 Precision:0.4523 Recall:0.5000 Fscore:0.4748 acc: 57.0000%(2532/44) 

Mon, 08 Apr 2019 12:05:18: INFO: epoch: 29, train loss: 0.7089, train acc: 0.41, dev loss: 0.6390, dev acc: 0.90, time: 1.59
Mon, 08 Apr 2019 12:05:19: INFO: 
Evaluation - loss: 40.644871 Precision:0.4523 Recall:0.5000 Fscore:0.4748 acc: 57.0000%(2532/44) 

Mon, 08 Apr 2019 12:05:21: INFO: epoch: 30, train loss: 0.7090, train acc: 0.41, dev loss: 0.6390, dev acc: 0.90, time: 1.57
Mon, 08 Apr 2019 12:05:21: INFO: 
Evaluation - loss: 40.644871 Precision:0.4522 Recall:0.5000 Fscore:0.4747 acc: 57.0000%(2532/44) 

Mon, 08 Apr 2019 12:05:23: INFO: epoch: 31, train loss: 0.7088, train acc: 0.41, dev loss: 0.6388, dev acc: 0.90, time: 1.55
Mon, 08 Apr 2019 12:05:24: INFO: 
Evaluation - loss: 40.644872 Precision:0.4638 Recall:0.5114 Fscore:0.4861 acc: 57.0000%(2532/44) 

Mon, 08 Apr 2019 12:05:25: INFO: epoch: 32, train loss: 0.7088, train acc: 0.41, dev loss: 0.6393, dev acc: 0.90, time: 1.60
Mon, 08 Apr 2019 12:05:26: INFO: 
Evaluation - loss: 40.644872 Precision:0.4523 Recall:0.5000 Fscore:0.4747 acc: 57.0000%(2532/44) 

Mon, 08 Apr 2019 12:05:28: INFO: epoch: 33, train loss: 0.7088, train acc: 0.41, dev loss: 0.6389, dev acc: 0.90, time: 1.57
Mon, 08 Apr 2019 12:05:28: INFO: 
Evaluation - loss: 40.644872 Precision:0.4523 Recall:0.5000 Fscore:0.4748 acc: 57.0000%(2532/44) 

Mon, 08 Apr 2019 12:05:30: INFO: epoch: 34, train loss: 0.7089, train acc: 0.41, dev loss: 0.6392, dev acc: 0.90, time: 1.60
Mon, 08 Apr 2019 12:05:31: INFO: 
Evaluation - loss: 40.644870 Precision:0.4524 Recall:0.5000 Fscore:0.4748 acc: 57.0000%(2532/44) 

Mon, 08 Apr 2019 12:05:32: INFO: epoch: 35, train loss: 0.7088, train acc: 0.41, dev loss: 0.6387, dev acc: 0.90, time: 1.62
Mon, 08 Apr 2019 12:05:33: INFO: 
Evaluation - loss: 40.644871 Precision:0.4523 Recall:0.5000 Fscore:0.4748 acc: 57.0000%(2532/44) 

Mon, 08 Apr 2019 12:05:35: INFO: epoch: 36, train loss: 0.7088, train acc: 0.41, dev loss: 0.6389, dev acc: 0.90, time: 1.55
Mon, 08 Apr 2019 12:05:35: INFO: 
Evaluation - loss: 40.644871 Precision:0.4523 Recall:0.5000 Fscore:0.4748 acc: 57.0000%(2532/44) 

Mon, 08 Apr 2019 12:05:37: INFO: epoch: 37, train loss: 0.7089, train acc: 0.41, dev loss: 0.6390, dev acc: 0.91, time: 1.53
Mon, 08 Apr 2019 12:05:38: INFO: 
Evaluation - loss: 40.644872 Precision:0.4523 Recall:0.5000 Fscore:0.4747 acc: 57.0000%(2532/44) 

Mon, 08 Apr 2019 12:05:39: INFO: epoch: 38, train loss: 0.7090, train acc: 0.41, dev loss: 0.6388, dev acc: 0.90, time: 1.53
Mon, 08 Apr 2019 12:05:40: INFO: 
Evaluation - loss: 40.644871 Precision:0.4520 Recall:0.5000 Fscore:0.4745 acc: 57.0000%(2532/44) 

Mon, 08 Apr 2019 12:05:41: INFO: epoch: 39, train loss: 0.7090, train acc: 0.41, dev loss: 0.6390, dev acc: 0.90, time: 1.53
Mon, 08 Apr 2019 12:05:42: INFO: 
Evaluation - loss: 40.644870 Precision:0.4524 Recall:0.5000 Fscore:0.4748 acc: 57.0000%(2532/44) 

Mon, 08 Apr 2019 12:05:44: INFO: epoch: 40, train loss: 0.7089, train acc: 0.41, dev loss: 0.6390, dev acc: 0.90, time: 1.54
Mon, 08 Apr 2019 12:05:44: INFO: 
Evaluation - loss: 40.644872 Precision:0.4523 Recall:0.5000 Fscore:0.4748 acc: 57.0000%(2532/44) 

Mon, 08 Apr 2019 12:05:46: INFO: epoch: 41, train loss: 0.7089, train acc: 0.41, dev loss: 0.6386, dev acc: 0.90, time: 1.57
Mon, 08 Apr 2019 12:05:47: INFO: 
Evaluation - loss: 40.644871 Precision:0.4522 Recall:0.5000 Fscore:0.4747 acc: 57.0000%(2532/44) 

Mon, 08 Apr 2019 12:05:48: INFO: epoch: 42, train loss: 0.7088, train acc: 0.41, dev loss: 0.6389, dev acc: 0.90, time: 1.55
Mon, 08 Apr 2019 12:05:49: INFO: 
Evaluation - loss: 40.644871 Precision:0.4522 Recall:0.5000 Fscore:0.4746 acc: 57.0000%(2532/44) 

Mon, 08 Apr 2019 12:05:51: INFO: epoch: 43, train loss: 0.7089, train acc: 0.41, dev loss: 0.6391, dev acc: 0.90, time: 1.58
Mon, 08 Apr 2019 12:05:51: INFO: 
Evaluation - loss: 40.644870 Precision:0.4525 Recall:0.5000 Fscore:0.4749 acc: 57.0000%(2532/44) 

Mon, 08 Apr 2019 12:05:53: INFO: epoch: 44, train loss: 0.7089, train acc: 0.41, dev loss: 0.6390, dev acc: 0.90, time: 1.55
Mon, 08 Apr 2019 12:05:54: INFO: 
Evaluation - loss: 40.644871 Precision:0.4523 Recall:0.5000 Fscore:0.4748 acc: 57.0000%(2532/44) 

Mon, 08 Apr 2019 12:05:55: INFO: epoch: 45, train loss: 0.7087, train acc: 0.41, dev loss: 0.6387, dev acc: 0.90, time: 1.60
Mon, 08 Apr 2019 12:05:56: INFO: 
Evaluation - loss: 40.644871 Precision:0.4525 Recall:0.5000 Fscore:0.4749 acc: 57.0000%(2532/44) 

Mon, 08 Apr 2019 12:05:58: INFO: epoch: 46, train loss: 0.7090, train acc: 0.41, dev loss: 0.6392, dev acc: 0.90, time: 1.58
Mon, 08 Apr 2019 12:05:59: INFO: 
Evaluation - loss: 40.644872 Precision:0.4522 Recall:0.5000 Fscore:0.4747 acc: 57.0000%(2532/44) 

Mon, 08 Apr 2019 12:06:00: INFO: epoch: 47, train loss: 0.7090, train acc: 0.41, dev loss: 0.6388, dev acc: 0.90, time: 1.53
Mon, 08 Apr 2019 12:06:01: INFO: 
Evaluation - loss: 40.644870 Precision:0.4524 Recall:0.5000 Fscore:0.4749 acc: 57.0000%(2532/44) 

Mon, 08 Apr 2019 12:06:02: INFO: epoch: 48, train loss: 0.7089, train acc: 0.41, dev loss: 0.6388, dev acc: 0.90, time: 1.53
Mon, 08 Apr 2019 12:06:03: INFO: 
Evaluation - loss: 40.644871 Precision:0.4523 Recall:0.5000 Fscore:0.4748 acc: 57.0000%(2532/44) 

Mon, 08 Apr 2019 12:06:05: INFO: epoch: 49, train loss: 0.7092, train acc: 0.41, dev loss: 0.6388, dev acc: 0.91, time: 1.53
Mon, 08 Apr 2019 12:06:06: INFO: 
Evaluation - loss: 40.644871 Precision:0.4640 Recall:0.5114 Fscore:0.4863 acc: 57.0000%(2532/44) 

Mon, 08 Apr 2019 12:06:07: INFO: epoch: 50, train loss: 0.7089, train acc: 0.41, dev loss: 0.6390, dev acc: 0.90, time: 1.53
Mon, 08 Apr 2019 12:06:08: INFO: 
Evaluation - loss: 40.644871 Precision:0.4523 Recall:0.5000 Fscore:0.4748 acc: 57.0000%(2532/44) 

Mon, 08 Apr 2019 12:06:10: INFO: epoch: 51, train loss: 0.7088, train acc: 0.41, dev loss: 0.6388, dev acc: 0.90, time: 1.54
Mon, 08 Apr 2019 12:06:10: INFO: 
Evaluation - loss: 40.644872 Precision:0.4521 Recall:0.5000 Fscore:0.4747 acc: 57.0000%(2532/44) 

Mon, 08 Apr 2019 12:06:12: INFO: epoch: 52, train loss: 0.7089, train acc: 0.41, dev loss: 0.6387, dev acc: 0.90, time: 1.53
Mon, 08 Apr 2019 12:06:13: INFO: 
Evaluation - loss: 40.644871 Precision:0.4524 Recall:0.5000 Fscore:0.4748 acc: 57.0000%(2532/44) 

Mon, 08 Apr 2019 12:06:14: INFO: epoch: 53, train loss: 0.7089, train acc: 0.41, dev loss: 0.6389, dev acc: 0.90, time: 1.62
Mon, 08 Apr 2019 12:06:15: INFO: 
Evaluation - loss: 40.644870 Precision:0.4523 Recall:0.5000 Fscore:0.4748 acc: 57.0000%(2532/44) 

Mon, 08 Apr 2019 12:06:17: INFO: epoch: 54, train loss: 0.7089, train acc: 0.41, dev loss: 0.6389, dev acc: 0.90, time: 1.60
Mon, 08 Apr 2019 12:06:18: INFO: 
Evaluation - loss: 40.644872 Precision:0.4525 Recall:0.5000 Fscore:0.4748 acc: 57.0000%(2532/44) 

Mon, 08 Apr 2019 12:06:19: INFO: epoch: 55, train loss: 0.7089, train acc: 0.41, dev loss: 0.6391, dev acc: 0.90, time: 1.57
Mon, 08 Apr 2019 12:06:20: INFO: 
Evaluation - loss: 40.644870 Precision:0.4521 Recall:0.5000 Fscore:0.4747 acc: 57.0000%(2532/44) 

Mon, 08 Apr 2019 12:06:22: INFO: epoch: 56, train loss: 0.7088, train acc: 0.41, dev loss: 0.6392, dev acc: 0.90, time: 1.55
Mon, 08 Apr 2019 12:06:23: INFO: 
Evaluation - loss: 40.644871 Precision:0.4523 Recall:0.5000 Fscore:0.4748 acc: 57.0000%(2532/44) 

Mon, 08 Apr 2019 12:06:24: INFO: epoch: 57, train loss: 0.7089, train acc: 0.41, dev loss: 0.6388, dev acc: 0.90, time: 1.53
Mon, 08 Apr 2019 12:06:25: INFO: 
Evaluation - loss: 40.644871 Precision:0.4522 Recall:0.5000 Fscore:0.4747 acc: 57.0000%(2532/44) 

Mon, 08 Apr 2019 12:06:27: INFO: epoch: 58, train loss: 0.7090, train acc: 0.41, dev loss: 0.6388, dev acc: 0.90, time: 1.53
Mon, 08 Apr 2019 12:06:28: INFO: 
Evaluation - loss: 40.644871 Precision:0.4637 Recall:0.5114 Fscore:0.4862 acc: 57.0000%(2532/44) 

Mon, 08 Apr 2019 12:06:29: INFO: epoch: 59, train loss: 0.7089, train acc: 0.41, dev loss: 0.6390, dev acc: 0.90, time: 1.53
Mon, 08 Apr 2019 12:06:30: INFO: 
Evaluation - loss: 40.644872 Precision:0.4524 Recall:0.5000 Fscore:0.4748 acc: 57.0000%(2532/44) 

Mon, 08 Apr 2019 12:06:32: INFO: epoch: 60, train loss: 0.7089, train acc: 0.41, dev loss: 0.6388, dev acc: 0.90, time: 1.61
Mon, 08 Apr 2019 12:06:33: INFO: 
Evaluation - loss: 40.644871 Precision:0.4521 Recall:0.5000 Fscore:0.4747 acc: 57.0000%(2532/44) 

Mon, 08 Apr 2019 12:06:34: INFO: epoch: 61, train loss: 0.7089, train acc: 0.41, dev loss: 0.6387, dev acc: 0.90, time: 1.64
Mon, 08 Apr 2019 12:06:35: INFO: 
Evaluation - loss: 40.644871 Precision:0.4523 Recall:0.5000 Fscore:0.4748 acc: 57.0000%(2532/44) 

Mon, 08 Apr 2019 12:06:37: INFO: epoch: 62, train loss: 0.7088, train acc: 0.41, dev loss: 0.6391, dev acc: 0.90, time: 1.55
Mon, 08 Apr 2019 12:06:38: INFO: 
Evaluation - loss: 40.644871 Precision:0.4522 Recall:0.5000 Fscore:0.4746 acc: 57.0000%(2532/44) 

Mon, 08 Apr 2019 12:06:39: INFO: epoch: 63, train loss: 0.7088, train acc: 0.41, dev loss: 0.6392, dev acc: 0.90, time: 1.54
Mon, 08 Apr 2019 12:06:40: INFO: 
Evaluation - loss: 40.644871 Precision:0.4525 Recall:0.5000 Fscore:0.4749 acc: 57.0000%(2532/44) 

Mon, 08 Apr 2019 12:06:42: INFO: epoch: 64, train loss: 0.7090, train acc: 0.41, dev loss: 0.6392, dev acc: 0.90, time: 1.63
Mon, 08 Apr 2019 12:06:43: INFO: 
Evaluation - loss: 40.644870 Precision:0.4525 Recall:0.5000 Fscore:0.4748 acc: 57.0000%(2532/44) 

Mon, 08 Apr 2019 12:06:44: INFO: epoch: 65, train loss: 0.7089, train acc: 0.41, dev loss: 0.6387, dev acc: 0.90, time: 1.57
Mon, 08 Apr 2019 12:06:45: INFO: 
Evaluation - loss: 40.644871 Precision:0.4523 Recall:0.5000 Fscore:0.4748 acc: 57.0000%(2532/44) 

Mon, 08 Apr 2019 12:06:47: INFO: epoch: 66, train loss: 0.7089, train acc: 0.41, dev loss: 0.6390, dev acc: 0.91, time: 1.54
Mon, 08 Apr 2019 12:06:48: INFO: 
Evaluation - loss: 40.644872 Precision:0.4523 Recall:0.5000 Fscore:0.4748 acc: 57.0000%(2532/44) 

Mon, 08 Apr 2019 12:06:49: INFO: epoch: 67, train loss: 0.7089, train acc: 0.41, dev loss: 0.6386, dev acc: 0.91, time: 1.59
Mon, 08 Apr 2019 12:06:50: INFO: 
Evaluation - loss: 40.644871 Precision:0.4523 Recall:0.5000 Fscore:0.4748 acc: 57.0000%(2532/44) 

Mon, 08 Apr 2019 12:06:52: INFO: epoch: 68, train loss: 0.7087, train acc: 0.41, dev loss: 0.6390, dev acc: 0.90, time: 1.59
Mon, 08 Apr 2019 12:06:53: INFO: 
Evaluation - loss: 40.644872 Precision:0.4523 Recall:0.5000 Fscore:0.4748 acc: 57.0000%(2532/44) 

Mon, 08 Apr 2019 12:06:54: INFO: epoch: 69, train loss: 0.7089, train acc: 0.41, dev loss: 0.6387, dev acc: 0.90, time: 1.54
Mon, 08 Apr 2019 12:06:55: INFO: 
Evaluation - loss: 40.644871 Precision:0.4525 Recall:0.5000 Fscore:0.4748 acc: 57.0000%(2532/44) 

Mon, 08 Apr 2019 12:06:57: INFO: epoch: 70, train loss: 0.7090, train acc: 0.41, dev loss: 0.6387, dev acc: 0.90, time: 1.53
Mon, 08 Apr 2019 12:06:58: INFO: 
Evaluation - loss: 40.644871 Precision:0.4524 Recall:0.5000 Fscore:0.4748 acc: 57.0000%(2532/44) 

Mon, 08 Apr 2019 12:06:59: INFO: epoch: 71, train loss: 0.7089, train acc: 0.41, dev loss: 0.6388, dev acc: 0.90, time: 1.54
Mon, 08 Apr 2019 12:07:00: INFO: 
Evaluation - loss: 40.644871 Precision:0.4525 Recall:0.5000 Fscore:0.4749 acc: 57.0000%(2532/44) 

Mon, 08 Apr 2019 12:07:02: INFO: epoch: 72, train loss: 0.7089, train acc: 0.41, dev loss: 0.6390, dev acc: 0.90, time: 1.59
Mon, 08 Apr 2019 12:07:03: INFO: 
Evaluation - loss: 40.644871 Precision:0.4521 Recall:0.5000 Fscore:0.4747 acc: 57.0000%(2532/44) 

Mon, 08 Apr 2019 12:07:05: INFO: epoch: 73, train loss: 0.7089, train acc: 0.41, dev loss: 0.6392, dev acc: 0.90, time: 1.59
Mon, 08 Apr 2019 12:07:06: INFO: 
Evaluation - loss: 40.644871 Precision:0.4523 Recall:0.5000 Fscore:0.4748 acc: 57.0000%(2532/44) 

Mon, 08 Apr 2019 12:07:07: INFO: epoch: 74, train loss: 0.7089, train acc: 0.41, dev loss: 0.6388, dev acc: 0.90, time: 1.64
Mon, 08 Apr 2019 12:07:08: INFO: 
Evaluation - loss: 40.644872 Precision:0.4522 Recall:0.5000 Fscore:0.4747 acc: 57.0000%(2532/44) 

Mon, 08 Apr 2019 12:07:10: INFO: epoch: 75, train loss: 0.7089, train acc: 0.41, dev loss: 0.6388, dev acc: 0.90, time: 1.54
Mon, 08 Apr 2019 12:07:11: INFO: 
Evaluation - loss: 40.644872 Precision:0.4521 Recall:0.5000 Fscore:0.4747 acc: 57.0000%(2532/44) 

Mon, 08 Apr 2019 12:07:12: INFO: epoch: 76, train loss: 0.7090, train acc: 0.41, dev loss: 0.6390, dev acc: 0.90, time: 1.53
Mon, 08 Apr 2019 12:07:13: INFO: 
Evaluation - loss: 40.644872 Precision:0.4524 Recall:0.5000 Fscore:0.4748 acc: 57.0000%(2532/44) 

Mon, 08 Apr 2019 12:07:15: INFO: epoch: 77, train loss: 0.7089, train acc: 0.41, dev loss: 0.6389, dev acc: 0.90, time: 1.59
Mon, 08 Apr 2019 12:07:16: INFO: 
Evaluation - loss: 40.644871 Precision:0.4524 Recall:0.5000 Fscore:0.4748 acc: 57.0000%(2532/44) 

Mon, 08 Apr 2019 12:07:18: INFO: epoch: 78, train loss: 0.7089, train acc: 0.41, dev loss: 0.6387, dev acc: 0.90, time: 1.61
Mon, 08 Apr 2019 12:07:19: INFO: 
Evaluation - loss: 40.644871 Precision:0.4524 Recall:0.5000 Fscore:0.4749 acc: 57.0000%(2532/44) 

Mon, 08 Apr 2019 12:07:20: INFO: epoch: 79, train loss: 0.7088, train acc: 0.41, dev loss: 0.6391, dev acc: 0.90, time: 1.60
Mon, 08 Apr 2019 12:07:21: INFO: 
Evaluation - loss: 40.644872 Precision:0.4523 Recall:0.5000 Fscore:0.4748 acc: 57.0000%(2532/44) 

Mon, 08 Apr 2019 12:07:23: INFO: epoch: 80, train loss: 0.7088, train acc: 0.41, dev loss: 0.6392, dev acc: 0.90, time: 1.60
Mon, 08 Apr 2019 12:07:24: INFO: 
Evaluation - loss: 40.644871 Precision:0.4523 Recall:0.5000 Fscore:0.4748 acc: 57.0000%(2532/44) 

Mon, 08 Apr 2019 12:07:26: INFO: epoch: 81, train loss: 0.7089, train acc: 0.41, dev loss: 0.6389, dev acc: 0.90, time: 1.54
Mon, 08 Apr 2019 12:07:27: INFO: 
Evaluation - loss: 40.644870 Precision:0.4524 Recall:0.5000 Fscore:0.4748 acc: 57.0000%(2532/44) 

Mon, 08 Apr 2019 12:07:28: INFO: epoch: 82, train loss: 0.7090, train acc: 0.41, dev loss: 0.6386, dev acc: 0.90, time: 1.53
Mon, 08 Apr 2019 12:07:29: INFO: 
Evaluation - loss: 40.644871 Precision:0.4521 Recall:0.5000 Fscore:0.4746 acc: 57.0000%(2532/44) 

Mon, 08 Apr 2019 12:07:31: INFO: epoch: 83, train loss: 0.7089, train acc: 0.41, dev loss: 0.6389, dev acc: 0.90, time: 1.53
Mon, 08 Apr 2019 12:07:32: INFO: 
Evaluation - loss: 40.644872 Precision:0.4523 Recall:0.5000 Fscore:0.4748 acc: 57.0000%(2532/44) 

Mon, 08 Apr 2019 12:07:33: INFO: epoch: 84, train loss: 0.7090, train acc: 0.41, dev loss: 0.6389, dev acc: 0.90, time: 1.54
Mon, 08 Apr 2019 12:07:34: INFO: 
Evaluation - loss: 40.644871 Precision:0.4639 Recall:0.5114 Fscore:0.4863 acc: 57.0000%(2532/44) 

Mon, 08 Apr 2019 12:07:36: INFO: epoch: 85, train loss: 0.7088, train acc: 0.41, dev loss: 0.6392, dev acc: 0.90, time: 1.61
Mon, 08 Apr 2019 12:07:37: INFO: 
Evaluation - loss: 40.644871 Precision:0.4524 Recall:0.5000 Fscore:0.4748 acc: 57.0000%(2532/44) 

Mon, 08 Apr 2019 12:07:39: INFO: epoch: 86, train loss: 0.7089, train acc: 0.41, dev loss: 0.6388, dev acc: 0.91, time: 1.61
Mon, 08 Apr 2019 12:07:40: INFO: 
Evaluation - loss: 40.644871 Precision:0.4523 Recall:0.5000 Fscore:0.4748 acc: 57.0000%(2532/44) 

Mon, 08 Apr 2019 12:07:42: INFO: epoch: 87, train loss: 0.7089, train acc: 0.41, dev loss: 0.6389, dev acc: 0.90, time: 1.60
Mon, 08 Apr 2019 12:07:43: INFO: 
Evaluation - loss: 40.644871 Precision:0.4523 Recall:0.5000 Fscore:0.4748 acc: 57.0000%(2532/44) 

Mon, 08 Apr 2019 12:07:44: INFO: epoch: 88, train loss: 0.7090, train acc: 0.41, dev loss: 0.6386, dev acc: 0.90, time: 1.59
Mon, 08 Apr 2019 12:07:45: INFO: 
Evaluation - loss: 40.644870 Precision:0.4521 Recall:0.5000 Fscore:0.4747 acc: 57.0000%(2532/44) 

Mon, 08 Apr 2019 12:07:47: INFO: epoch: 89, train loss: 0.7088, train acc: 0.41, dev loss: 0.6389, dev acc: 0.90, time: 1.62
Mon, 08 Apr 2019 12:07:48: INFO: 
Evaluation - loss: 40.644871 Precision:0.4521 Recall:0.5000 Fscore:0.4746 acc: 57.0000%(2532/44) 

Mon, 08 Apr 2019 12:07:50: INFO: epoch: 90, train loss: 0.7089, train acc: 0.41, dev loss: 0.6387, dev acc: 0.90, time: 1.62
Mon, 08 Apr 2019 12:07:51: INFO: 
Evaluation - loss: 40.644872 Precision:0.4525 Recall:0.5000 Fscore:0.4749 acc: 57.0000%(2532/44) 

Mon, 08 Apr 2019 12:07:53: INFO: epoch: 91, train loss: 0.7088, train acc: 0.41, dev loss: 0.6388, dev acc: 0.90, time: 1.61
Mon, 08 Apr 2019 12:07:54: INFO: 
Evaluation - loss: 40.644871 Precision:0.4524 Recall:0.5000 Fscore:0.4748 acc: 57.0000%(2532/44) 

Mon, 08 Apr 2019 12:07:55: INFO: epoch: 92, train loss: 0.7088, train acc: 0.41, dev loss: 0.6389, dev acc: 0.90, time: 1.61
Mon, 08 Apr 2019 12:07:57: INFO: 
Evaluation - loss: 40.644871 Precision:0.4523 Recall:0.5000 Fscore:0.4748 acc: 57.0000%(2532/44) 

Mon, 08 Apr 2019 12:07:58: INFO: epoch: 93, train loss: 0.7088, train acc: 0.41, dev loss: 0.6389, dev acc: 0.90, time: 1.60
Mon, 08 Apr 2019 12:07:59: INFO: 
Evaluation - loss: 40.644870 Precision:0.4523 Recall:0.5000 Fscore:0.4747 acc: 57.0000%(2532/44) 

Mon, 08 Apr 2019 12:08:01: INFO: epoch: 94, train loss: 0.7089, train acc: 0.41, dev loss: 0.6391, dev acc: 0.90, time: 1.57
Mon, 08 Apr 2019 12:08:02: INFO: 
Evaluation - loss: 40.644871 Precision:0.4522 Recall:0.5000 Fscore:0.4748 acc: 57.0000%(2532/44) 

Mon, 08 Apr 2019 12:08:04: INFO: epoch: 95, train loss: 0.7089, train acc: 0.41, dev loss: 0.6389, dev acc: 0.90, time: 1.53
Mon, 08 Apr 2019 12:08:05: INFO: 
Evaluation - loss: 40.644871 Precision:0.4523 Recall:0.5000 Fscore:0.4747 acc: 57.0000%(2532/44) 

Mon, 08 Apr 2019 12:08:06: INFO: epoch: 96, train loss: 0.7089, train acc: 0.41, dev loss: 0.6389, dev acc: 0.90, time: 1.53
Mon, 08 Apr 2019 12:08:07: INFO: 
Evaluation - loss: 40.644871 Precision:0.4521 Recall:0.5000 Fscore:0.4747 acc: 57.0000%(2532/44) 

Mon, 08 Apr 2019 12:08:09: INFO: epoch: 97, train loss: 0.7089, train acc: 0.41, dev loss: 0.6391, dev acc: 0.90, time: 1.53
Mon, 08 Apr 2019 12:08:10: INFO: 
Evaluation - loss: 40.644872 Precision:0.4524 Recall:0.5000 Fscore:0.4748 acc: 57.0000%(2532/44) 

Mon, 08 Apr 2019 12:08:12: INFO: epoch: 98, train loss: 0.7090, train acc: 0.41, dev loss: 0.6389, dev acc: 0.90, time: 1.60
Mon, 08 Apr 2019 12:08:13: INFO: 
Evaluation - loss: 40.644871 Precision:0.4522 Recall:0.5000 Fscore:0.4747 acc: 57.0000%(2532/44) 

Mon, 08 Apr 2019 12:08:15: INFO: epoch: 99, train loss: 0.7089, train acc: 0.41, dev loss: 0.6388, dev acc: 0.90, time: 1.54
Mon, 08 Apr 2019 12:08:16: INFO: 
Evaluation - loss: 40.644870 Precision:0.4524 Recall:0.5000 Fscore:0.4749 acc: 57.0000%(2532/44) 

Mon, 08 Apr 2019 12:08:17: INFO: epoch: 100, train loss: 0.7090, train acc: 0.41, dev loss: 0.6389, dev acc: 0.90, time: 1.53
Mon, 08 Apr 2019 12:08:18: INFO: 
Evaluation - loss: 40.644871 Precision:0.4523 Recall:0.5000 Fscore:0.4748 acc: 57.0000%(2532/44) 

