Mon, 08 Apr 2019 16:07:16: INFO: running main.py --model=CNN_BiLSTM --optimizer=sgd --batch_size=64 --vocab_size=40000 --embed_dim=300 --in_channels=1 --kernel_sizes=1357 --kernel_nums=200 --hidden_dim=100 --num_layers=1 --bidirectional=True --max_seq_len=50 --learning_rate=0.8 --num_epochs=100 --dropout=0.5 --num_class=2 --train_file=./data/cwmt_train_comb.txt --dev_file=./data/cwmt_dev_comb.txt --dev_file=./data/htqe_test_comb.txt --pretrained_embeddings=./word2vec/wiki.en_zh.vec --prediction_file=./predictions/htqe_test_comb.txt --saved_model=./saved_models/cwmt.en_zh.pt --test=False --weight_decay=0.0001 --grad_clip=0.2 --momentum=0.9 --seed_num=123 --scheduler=steplr --run_log=umtqe_cnnbilstm
Mon, 08 Apr 2019 16:07:16: INFO: 	BATCH_SIZE=64
Mon, 08 Apr 2019 16:07:16: INFO: 	BIDIRECTIONAL=True
Mon, 08 Apr 2019 16:07:16: INFO: 	DEV_FILE=./data/htqe_test_comb.txt
Mon, 08 Apr 2019 16:07:16: INFO: 	DROPOUT=0.5
Mon, 08 Apr 2019 16:07:16: INFO: 	EMBED_DIM=300
Mon, 08 Apr 2019 16:07:16: INFO: 	GRAD_CLIP=0.2
Mon, 08 Apr 2019 16:07:16: INFO: 	HIDDEN_DIM=100
Mon, 08 Apr 2019 16:07:16: INFO: 	IN_CHANNELS=1
Mon, 08 Apr 2019 16:07:16: INFO: 	KERNEL_NUMS=200
Mon, 08 Apr 2019 16:07:16: INFO: 	KERNEL_SIZES=[1, 3, 5, 7]
Mon, 08 Apr 2019 16:07:16: INFO: 	LEARNING_RATE=0.8
Mon, 08 Apr 2019 16:07:16: INFO: 	MAX_SEQ_LEN=50
Mon, 08 Apr 2019 16:07:16: INFO: 	MODEL=CNN_BiLSTM
Mon, 08 Apr 2019 16:07:16: INFO: 	MOMENTUM=0.9
Mon, 08 Apr 2019 16:07:16: INFO: 	NUM_CLASS=2
Mon, 08 Apr 2019 16:07:16: INFO: 	NUM_EPOCHS=100
Mon, 08 Apr 2019 16:07:16: INFO: 	NUM_LAYERS=1
Mon, 08 Apr 2019 16:07:16: INFO: 	OPTIMIZER=sgd
Mon, 08 Apr 2019 16:07:16: INFO: 	PREDICTION_FILE=./predictions/htqe_test_comb.txt
Mon, 08 Apr 2019 16:07:16: INFO: 	PRETRAINED_EMBEDDINGS=./word2vec/wiki.en_zh.vec
Mon, 08 Apr 2019 16:07:16: INFO: 	PRETRAINED_WEIGHTS=tensor([[ 0.0046,  0.0888,  0.0158,  ..., -0.0273, -0.1007, -0.0268],
        [ 0.0046,  0.1088,  0.0909,  ..., -0.0630, -0.0942, -0.0548],
        [ 0.0000,  0.0000,  0.0000,  ...,  0.0000,  0.0000,  0.0000],
        ...,
        [ 0.0517, -0.0258, -0.0369,  ...,  0.0778, -0.0264,  0.0213],
        [-0.0556, -0.0573,  0.0343,  ...,  0.0015, -0.0199,  0.0349],
        [ 0.0000,  0.0000,  0.0000,  ...,  0.0000,  0.0000,  0.0000]])
Mon, 08 Apr 2019 16:07:16: INFO: 	RUN_LOG=umtqe_cnnbilstm
Mon, 08 Apr 2019 16:07:16: INFO: 	SAVED_MODEL=./saved_models/cwmt.en_zh.pt
Mon, 08 Apr 2019 16:07:16: INFO: 	SCHEDULER=steplr
Mon, 08 Apr 2019 16:07:16: INFO: 	SEED_NUM=123
Mon, 08 Apr 2019 16:07:16: INFO: 	TEST=False
Mon, 08 Apr 2019 16:07:16: INFO: 	TEST_FILE=./data/htqe_test_comb.txt
Mon, 08 Apr 2019 16:07:16: INFO: 	TRAIN_FILE=./data/cwmt_train_comb.txt
Mon, 08 Apr 2019 16:07:16: INFO: 	USE_GPU=True
Mon, 08 Apr 2019 16:07:16: INFO: 	VOCAB_SIZE=44995
Mon, 08 Apr 2019 16:07:16: INFO: 	WEIGHT_DECAY=0.0001
