Mon, 08 Apr 2019 12:31:16: INFO: running main.py --model=CNN --batch_size=64 --vocab_size=40000 --embed_dim=300 --in_channels=1 --kernel_sizes=345 --kernel_nums=200 --hidden_dim=100 --num_layers=2 --bidirectional=True --max_seq_len=50 --learning_rate=0.8 --num_epochs=100 --dropout=0.3 --num_class=2 --train_file=./data/cwmt_train_comb.txt --dev_file=./data/cwmt_dev_comb.txt --dev_file=./data/htqe_test_comb.txt --pretrained_embeddings=./word2vec/wiki.en_zh.vec --prediction_file=./predictions/htqe_test_comb.txt --saved_model=./saved_models/cwmt.en_zh.pt --test=False --weight_decay=1e-3 --grad_clip=3e-1 --seed_num=123 --run_log=umtqe_cnn
Mon, 08 Apr 2019 12:31:16: INFO: 	BATCH_SIZE=64
Mon, 08 Apr 2019 12:31:16: INFO: 	BIDIRECTIONAL=True
Mon, 08 Apr 2019 12:31:16: INFO: 	DEV_FILE=./data/htqe_test_comb.txt
Mon, 08 Apr 2019 12:31:16: INFO: 	DROPOUT=0.3
Mon, 08 Apr 2019 12:31:16: INFO: 	EMBED_DIM=300
Mon, 08 Apr 2019 12:31:16: INFO: 	GRAD_CLIP=0.3
Mon, 08 Apr 2019 12:31:16: INFO: 	HIDDEN_DIM=100
Mon, 08 Apr 2019 12:31:16: INFO: 	IN_CHANNELS=1
Mon, 08 Apr 2019 12:31:16: INFO: 	KERNEL_NUMS=200
Mon, 08 Apr 2019 12:31:16: INFO: 	KERNEL_SIZES=[3, 4, 5]
Mon, 08 Apr 2019 12:31:16: INFO: 	LEARNING_RATE=0.8
Mon, 08 Apr 2019 12:31:16: INFO: 	MAX_SEQ_LEN=50
Mon, 08 Apr 2019 12:31:16: INFO: 	MODEL=CNN
Mon, 08 Apr 2019 12:31:16: INFO: 	NUM_CLASS=2
Mon, 08 Apr 2019 12:31:16: INFO: 	NUM_EPOCHS=100
Mon, 08 Apr 2019 12:31:16: INFO: 	NUM_LAYERS=2
Mon, 08 Apr 2019 12:31:16: INFO: 	OPTIMIZER=adam
Mon, 08 Apr 2019 12:31:16: INFO: 	PREDICTION_FILE=./predictions/htqe_test_comb.txt
Mon, 08 Apr 2019 12:31:16: INFO: 	PRETRAINED_EMBEDDINGS=./word2vec/wiki.en_zh.vec
Mon, 08 Apr 2019 12:31:16: INFO: 	PRETRAINED_WEIGHTS=tensor([[ 0.0046,  0.0888,  0.0158,  ..., -0.0273, -0.1007, -0.0268],
        [ 0.0056,  0.0252,  0.0606,  ..., -0.0592, -0.0313,  0.0040],
        [ 0.0396, -0.0190, -0.0198,  ...,  0.0347, -0.1274,  0.0054],
        ...,
        [ 0.0402,  0.0190,  0.0198,  ..., -0.0281,  0.0139, -0.0391],
        [-0.0029, -0.0107,  0.1044,  ..., -0.0720, -0.1176,  0.0947],
        [-0.0510,  0.0513, -0.0196,  ...,  0.0824, -0.0052,  0.1116]])
Mon, 08 Apr 2019 12:31:16: INFO: 	RUN_LOG=umtqe_cnn
Mon, 08 Apr 2019 12:31:16: INFO: 	SAVED_MODEL=./saved_models/cwmt.en_zh.pt
Mon, 08 Apr 2019 12:31:16: INFO: 	SEED_NUM=123
Mon, 08 Apr 2019 12:31:16: INFO: 	TEST=False
Mon, 08 Apr 2019 12:31:16: INFO: 	TEST_FILE=./data/htqe_test_comb.txt
Mon, 08 Apr 2019 12:31:16: INFO: 	TRAIN_FILE=./data/cwmt_train_comb.txt
Mon, 08 Apr 2019 12:31:16: INFO: 	USE_GPU=True
Mon, 08 Apr 2019 12:31:16: INFO: 	VOCAB_SIZE=44995
Mon, 08 Apr 2019 12:31:16: INFO: 	WEIGHT_DECAY=0.001
Mon, 08 Apr 2019 12:31:36: INFO: epoch: 1, train loss: 0.6901, train acc: 0.58, dev loss: 0.7119, dev acc: 0.11, time: 17.24
