Mon, 08 Apr 2019 13:20:03: INFO: running main.py --model CNN_BiLSTM -Opt sgd --run_log umtqe_cnnbilstm
Mon, 08 Apr 2019 13:20:03: INFO: 	BATCH_SIZE=64
Mon, 08 Apr 2019 13:20:03: INFO: 	BIDIRECTIONAL=True
Mon, 08 Apr 2019 13:20:03: INFO: 	DEV_FILE=./data/cwmt_dev_comb.txt
Mon, 08 Apr 2019 13:20:03: INFO: 	DROPOUT=0.3
Mon, 08 Apr 2019 13:20:03: INFO: 	EMBED_DIM=300
Mon, 08 Apr 2019 13:20:03: INFO: 	GRAD_CLIP=0.3
Mon, 08 Apr 2019 13:20:03: INFO: 	HIDDEN_DIM=100
Mon, 08 Apr 2019 13:20:03: INFO: 	IN_CHANNELS=1
Mon, 08 Apr 2019 13:20:03: INFO: 	KERNEL_NUMS=200
Mon, 08 Apr 2019 13:20:03: INFO: 	KERNEL_SIZES=[3, 4, 5]
Mon, 08 Apr 2019 13:20:03: INFO: 	LEARNING_RATE=0.8
Mon, 08 Apr 2019 13:20:03: INFO: 	MAX_SEQ_LEN=60
Mon, 08 Apr 2019 13:20:03: INFO: 	MODEL=CNN_BiLSTM
Mon, 08 Apr 2019 13:20:03: INFO: 	NUM_CLASS=2
Mon, 08 Apr 2019 13:20:03: INFO: 	NUM_EPOCHS=100
Mon, 08 Apr 2019 13:20:03: INFO: 	NUM_LAYERS=2
Mon, 08 Apr 2019 13:20:03: INFO: 	OPTIMIZER=sgd
Mon, 08 Apr 2019 13:20:03: INFO: 	PREDICTION_FILE=./predictions/htqe_test_comb.txt
Mon, 08 Apr 2019 13:20:03: INFO: 	PRETRAINED_EMBEDDINGS=./word2vec/wiki.en_zh.vec
Mon, 08 Apr 2019 13:20:03: INFO: 	PRETRAINED_WEIGHTS=tensor([[ 0.0046,  0.0888,  0.0158,  ..., -0.0273, -0.1007, -0.0268],
        [-0.0073, -0.0463, -0.0585,  ...,  0.0303, -0.0393,  0.0070],
        [-0.0228,  0.0188,  0.0499,  ..., -0.0369, -0.0941, -0.0296],
        ...,
        [ 0.0000,  0.0000,  0.0000,  ...,  0.0000,  0.0000,  0.0000],
        [-0.0175, -0.0208, -0.0026,  ..., -0.0444, -0.0905,  0.0352],
        [ 0.0000,  0.0000,  0.0000,  ...,  0.0000,  0.0000,  0.0000]])
Mon, 08 Apr 2019 13:20:03: INFO: 	RUN_LOG=umtqe_cnnbilstm
Mon, 08 Apr 2019 13:20:03: INFO: 	SAVED_MODEL=./saved_model/cwmt.en_zh.pt
Mon, 08 Apr 2019 13:20:03: INFO: 	SEED_NUM=123
Mon, 08 Apr 2019 13:20:03: INFO: 	TEST=False
Mon, 08 Apr 2019 13:20:03: INFO: 	TEST_FILE=./data/htqe_test_comb.txt
Mon, 08 Apr 2019 13:20:03: INFO: 	TRAIN_FILE=./data/cwmt_train_comb.txt
Mon, 08 Apr 2019 13:20:03: INFO: 	USE_GPU=True
Mon, 08 Apr 2019 13:20:03: INFO: 	VOCAB_SIZE=44995
Mon, 08 Apr 2019 13:20:03: INFO: 	WEIGHT_DECAY=0.001
Mon, 08 Apr 2019 13:20:27: INFO: epoch: 1, train loss: 0.6982, train acc: 0.41, dev loss: 0.6884, dev acc: 0.60, time: 21.97
Mon, 08 Apr 2019 13:20:28: INFO: 
Evaluation - loss: 42.772567 Precision:0.4524 Recall:0.5000 Fscore:0.4748 acc: 57.0000%(2532/44) 

Mon, 08 Apr 2019 13:20:33: INFO: epoch: 2, train loss: 0.6982, train acc: 0.41, dev loss: 0.6881, dev acc: 0.60, time: 5.16
Mon, 08 Apr 2019 13:20:34: INFO: 
Evaluation - loss: 42.772567 Precision:0.4521 Recall:0.5000 Fscore:0.4746 acc: 57.0000%(2532/44) 

Mon, 08 Apr 2019 13:20:39: INFO: epoch: 3, train loss: 0.6980, train acc: 0.41, dev loss: 0.6886, dev acc: 0.60, time: 5.14
Mon, 08 Apr 2019 13:20:39: INFO: 
Evaluation - loss: 42.772567 Precision:0.4522 Recall:0.5000 Fscore:0.4747 acc: 57.0000%(2532/44) 

Mon, 08 Apr 2019 13:20:45: INFO: epoch: 4, train loss: 0.6981, train acc: 0.41, dev loss: 0.6877, dev acc: 0.61, time: 5.43
Mon, 08 Apr 2019 13:20:45: INFO: 
Evaluation - loss: 42.772567 Precision:0.4522 Recall:0.5000 Fscore:0.4747 acc: 57.0000%(2532/44) 

Mon, 08 Apr 2019 13:20:50: INFO: epoch: 5, train loss: 0.6981, train acc: 0.41, dev loss: 0.6879, dev acc: 0.60, time: 5.16
Mon, 08 Apr 2019 13:20:51: INFO: 
Evaluation - loss: 42.772566 Precision:0.4522 Recall:0.5000 Fscore:0.4747 acc: 57.0000%(2532/44) 

Mon, 08 Apr 2019 13:20:56: INFO: epoch: 6, train loss: 0.6980, train acc: 0.41, dev loss: 0.6880, dev acc: 0.60, time: 5.15
Mon, 08 Apr 2019 13:20:56: INFO: 
Evaluation - loss: 42.772567 Precision:0.4635 Recall:0.5114 Fscore:0.4860 acc: 57.0000%(2532/44) 

Mon, 08 Apr 2019 13:21:02: INFO: epoch: 7, train loss: 0.6980, train acc: 0.41, dev loss: 0.6875, dev acc: 0.61, time: 5.15
Mon, 08 Apr 2019 13:21:02: INFO: 
Evaluation - loss: 42.772566 Precision:0.4525 Recall:0.5000 Fscore:0.4749 acc: 57.0000%(2532/44) 

Mon, 08 Apr 2019 13:21:07: INFO: epoch: 8, train loss: 0.6979, train acc: 0.41, dev loss: 0.6875, dev acc: 0.61, time: 5.18
Mon, 08 Apr 2019 13:21:08: INFO: 
Evaluation - loss: 42.772566 Precision:0.4524 Recall:0.5000 Fscore:0.4748 acc: 57.0000%(2532/44) 

Mon, 08 Apr 2019 13:21:13: INFO: epoch: 9, train loss: 0.6980, train acc: 0.41, dev loss: 0.6881, dev acc: 0.61, time: 5.24
Mon, 08 Apr 2019 13:21:13: INFO: 
Evaluation - loss: 42.772567 Precision:0.4524 Recall:0.5000 Fscore:0.4749 acc: 57.0000%(2532/44) 

Mon, 08 Apr 2019 13:21:19: INFO: epoch: 10, train loss: 0.6981, train acc: 0.41, dev loss: 0.6872, dev acc: 0.62, time: 5.27
Mon, 08 Apr 2019 13:21:19: INFO: 
Evaluation - loss: 42.772566 Precision:0.4523 Recall:0.5000 Fscore:0.4748 acc: 57.0000%(2532/44) 

Mon, 08 Apr 2019 13:21:24: INFO: epoch: 11, train loss: 0.6980, train acc: 0.41, dev loss: 0.6877, dev acc: 0.61, time: 5.19
Mon, 08 Apr 2019 13:21:25: INFO: 
Evaluation - loss: 42.772566 Precision:0.4524 Recall:0.5000 Fscore:0.4749 acc: 57.0000%(2532/44) 

Mon, 08 Apr 2019 13:21:30: INFO: epoch: 12, train loss: 0.6981, train acc: 0.41, dev loss: 0.6877, dev acc: 0.61, time: 5.15
Mon, 08 Apr 2019 13:21:31: INFO: 
Evaluation - loss: 42.772567 Precision:0.4525 Recall:0.5000 Fscore:0.4748 acc: 57.0000%(2532/44) 

Mon, 08 Apr 2019 13:21:36: INFO: epoch: 13, train loss: 0.6981, train acc: 0.41, dev loss: 0.6878, dev acc: 0.60, time: 5.15
Mon, 08 Apr 2019 13:21:36: INFO: 
Evaluation - loss: 42.772567 Precision:0.4522 Recall:0.5000 Fscore:0.4747 acc: 57.0000%(2532/44) 

Mon, 08 Apr 2019 13:21:41: INFO: epoch: 14, train loss: 0.6982, train acc: 0.41, dev loss: 0.6883, dev acc: 0.60, time: 5.21
Mon, 08 Apr 2019 13:21:42: INFO: 
Evaluation - loss: 42.772566 Precision:0.4525 Recall:0.5000 Fscore:0.4748 acc: 57.0000%(2532/44) 

Mon, 08 Apr 2019 13:21:47: INFO: epoch: 15, train loss: 0.6982, train acc: 0.41, dev loss: 0.6876, dev acc: 0.61, time: 5.18
Mon, 08 Apr 2019 13:21:48: INFO: 
Evaluation - loss: 42.772568 Precision:0.4523 Recall:0.5000 Fscore:0.4748 acc: 57.0000%(2532/44) 

Mon, 08 Apr 2019 13:21:53: INFO: epoch: 16, train loss: 0.6981, train acc: 0.41, dev loss: 0.6875, dev acc: 0.61, time: 5.19
Mon, 08 Apr 2019 13:21:53: INFO: 
Evaluation - loss: 42.772567 Precision:0.4523 Recall:0.5000 Fscore:0.4748 acc: 57.0000%(2532/44) 

Mon, 08 Apr 2019 13:21:58: INFO: epoch: 17, train loss: 0.6981, train acc: 0.41, dev loss: 0.6876, dev acc: 0.61, time: 5.23
Mon, 08 Apr 2019 13:21:59: INFO: 
Evaluation - loss: 42.772567 Precision:0.4521 Recall:0.5000 Fscore:0.4747 acc: 57.0000%(2532/44) 

Mon, 08 Apr 2019 13:22:04: INFO: epoch: 18, train loss: 0.6981, train acc: 0.41, dev loss: 0.6883, dev acc: 0.60, time: 5.20
Mon, 08 Apr 2019 13:22:05: INFO: 
Evaluation - loss: 42.772567 Precision:0.4523 Recall:0.5000 Fscore:0.4747 acc: 57.0000%(2532/44) 

Mon, 08 Apr 2019 13:22:10: INFO: epoch: 19, train loss: 0.6982, train acc: 0.41, dev loss: 0.6881, dev acc: 0.60, time: 5.19
Mon, 08 Apr 2019 13:22:10: INFO: 
Evaluation - loss: 42.772567 Precision:0.4523 Recall:0.5000 Fscore:0.4748 acc: 57.0000%(2532/44) 

Mon, 08 Apr 2019 13:22:16: INFO: epoch: 20, train loss: 0.6980, train acc: 0.41, dev loss: 0.6873, dev acc: 0.61, time: 5.22
Mon, 08 Apr 2019 13:22:16: INFO: 
Evaluation - loss: 42.772567 Precision:0.4523 Recall:0.5000 Fscore:0.4748 acc: 57.0000%(2532/44) 

Mon, 08 Apr 2019 13:22:21: INFO: epoch: 21, train loss: 0.6981, train acc: 0.41, dev loss: 0.6877, dev acc: 0.61, time: 5.23
Mon, 08 Apr 2019 13:22:22: INFO: 
Evaluation - loss: 42.772567 Precision:0.4523 Recall:0.5000 Fscore:0.4747 acc: 57.0000%(2532/44) 

Mon, 08 Apr 2019 13:22:27: INFO: epoch: 22, train loss: 0.6981, train acc: 0.41, dev loss: 0.6880, dev acc: 0.60, time: 5.22
Mon, 08 Apr 2019 13:22:27: INFO: 
Evaluation - loss: 42.772566 Precision:0.4525 Recall:0.5000 Fscore:0.4748 acc: 57.0000%(2532/44) 

Mon, 08 Apr 2019 13:22:33: INFO: epoch: 23, train loss: 0.6980, train acc: 0.41, dev loss: 0.6872, dev acc: 0.61, time: 5.20
Mon, 08 Apr 2019 13:22:33: INFO: 
Evaluation - loss: 42.772565 Precision:0.4522 Recall:0.5000 Fscore:0.4747 acc: 57.0000%(2532/44) 

Mon, 08 Apr 2019 13:22:38: INFO: epoch: 24, train loss: 0.6983, train acc: 0.41, dev loss: 0.6872, dev acc: 0.62, time: 5.30
Mon, 08 Apr 2019 13:22:39: INFO: 
Evaluation - loss: 42.772565 Precision:0.4525 Recall:0.5000 Fscore:0.4749 acc: 57.0000%(2532/44) 

Mon, 08 Apr 2019 13:22:44: INFO: epoch: 25, train loss: 0.6982, train acc: 0.41, dev loss: 0.6878, dev acc: 0.61, time: 5.22
Mon, 08 Apr 2019 13:22:45: INFO: 
Evaluation - loss: 42.772567 Precision:0.4640 Recall:0.5114 Fscore:0.4863 acc: 57.0000%(2532/44) 

Mon, 08 Apr 2019 13:22:50: INFO: epoch: 26, train loss: 0.6982, train acc: 0.41, dev loss: 0.6871, dev acc: 0.62, time: 5.17
Mon, 08 Apr 2019 13:22:50: INFO: 
Evaluation - loss: 42.772566 Precision:0.4522 Recall:0.5000 Fscore:0.4748 acc: 57.0000%(2532/44) 

Mon, 08 Apr 2019 13:22:56: INFO: epoch: 27, train loss: 0.6980, train acc: 0.41, dev loss: 0.6878, dev acc: 0.60, time: 5.20
Mon, 08 Apr 2019 13:22:56: INFO: 
Evaluation - loss: 42.772567 Precision:0.4523 Recall:0.5000 Fscore:0.4748 acc: 57.0000%(2532/44) 

Mon, 08 Apr 2019 13:23:01: INFO: epoch: 28, train loss: 0.6981, train acc: 0.41, dev loss: 0.6875, dev acc: 0.61, time: 5.19
Mon, 08 Apr 2019 13:23:02: INFO: 
Evaluation - loss: 42.772566 Precision:0.4523 Recall:0.5000 Fscore:0.4748 acc: 57.0000%(2532/44) 

Mon, 08 Apr 2019 13:23:07: INFO: epoch: 29, train loss: 0.6981, train acc: 0.41, dev loss: 0.6875, dev acc: 0.61, time: 5.19
Mon, 08 Apr 2019 13:23:07: INFO: 
Evaluation - loss: 42.772566 Precision:0.4523 Recall:0.5000 Fscore:0.4748 acc: 57.0000%(2532/44) 

Mon, 08 Apr 2019 13:23:13: INFO: epoch: 30, train loss: 0.6980, train acc: 0.41, dev loss: 0.6879, dev acc: 0.61, time: 5.20
Mon, 08 Apr 2019 13:23:13: INFO: 
Evaluation - loss: 42.772567 Precision:0.4525 Recall:0.5000 Fscore:0.4749 acc: 57.0000%(2532/44) 

Mon, 08 Apr 2019 13:23:18: INFO: epoch: 31, train loss: 0.6982, train acc: 0.41, dev loss: 0.6880, dev acc: 0.61, time: 5.15
Mon, 08 Apr 2019 13:23:19: INFO: 
Evaluation - loss: 42.772566 Precision:0.4524 Recall:0.5000 Fscore:0.4748 acc: 57.0000%(2532/44) 

Mon, 08 Apr 2019 13:23:24: INFO: epoch: 32, train loss: 0.6981, train acc: 0.41, dev loss: 0.6878, dev acc: 0.61, time: 5.13
Mon, 08 Apr 2019 13:23:24: INFO: 
Evaluation - loss: 42.772567 Precision:0.4524 Recall:0.5000 Fscore:0.4748 acc: 57.0000%(2532/44) 

Mon, 08 Apr 2019 13:23:30: INFO: epoch: 33, train loss: 0.6981, train acc: 0.41, dev loss: 0.6876, dev acc: 0.61, time: 5.19
Mon, 08 Apr 2019 13:23:30: INFO: 
Evaluation - loss: 42.772566 Precision:0.4523 Recall:0.5000 Fscore:0.4748 acc: 57.0000%(2532/44) 

Mon, 08 Apr 2019 13:23:35: INFO: epoch: 34, train loss: 0.6982, train acc: 0.41, dev loss: 0.6879, dev acc: 0.60, time: 5.13
Mon, 08 Apr 2019 13:23:36: INFO: 
Evaluation - loss: 42.772567 Precision:0.4523 Recall:0.5000 Fscore:0.4748 acc: 57.0000%(2532/44) 

Mon, 08 Apr 2019 13:23:41: INFO: epoch: 35, train loss: 0.6981, train acc: 0.41, dev loss: 0.6875, dev acc: 0.61, time: 5.12
Mon, 08 Apr 2019 13:23:41: INFO: 
Evaluation - loss: 42.772567 Precision:0.4522 Recall:0.5000 Fscore:0.4747 acc: 57.0000%(2532/44) 

Mon, 08 Apr 2019 13:23:46: INFO: epoch: 36, train loss: 0.6982, train acc: 0.41, dev loss: 0.6876, dev acc: 0.61, time: 5.21
Mon, 08 Apr 2019 13:23:47: INFO: 
Evaluation - loss: 42.772566 Precision:0.4521 Recall:0.5000 Fscore:0.4747 acc: 57.0000%(2532/44) 

Mon, 08 Apr 2019 13:23:52: INFO: epoch: 37, train loss: 0.6981, train acc: 0.41, dev loss: 0.6879, dev acc: 0.61, time: 5.21
Mon, 08 Apr 2019 13:23:53: INFO: 
Evaluation - loss: 42.772566 Precision:0.4521 Recall:0.5000 Fscore:0.4746 acc: 57.0000%(2532/44) 

Mon, 08 Apr 2019 13:23:58: INFO: epoch: 38, train loss: 0.6980, train acc: 0.41, dev loss: 0.6878, dev acc: 0.61, time: 5.23
Mon, 08 Apr 2019 13:23:58: INFO: 
Evaluation - loss: 42.772566 Precision:0.4525 Recall:0.5000 Fscore:0.4748 acc: 57.0000%(2532/44) 

Mon, 08 Apr 2019 13:24:04: INFO: epoch: 39, train loss: 0.6981, train acc: 0.41, dev loss: 0.6875, dev acc: 0.61, time: 5.20
Mon, 08 Apr 2019 13:24:04: INFO: 
Evaluation - loss: 42.772566 Precision:0.4523 Recall:0.5000 Fscore:0.4748 acc: 57.0000%(2532/44) 

Mon, 08 Apr 2019 13:24:09: INFO: epoch: 40, train loss: 0.6980, train acc: 0.41, dev loss: 0.6870, dev acc: 0.62, time: 5.23
Mon, 08 Apr 2019 13:24:10: INFO: 
Evaluation - loss: 42.772566 Precision:0.4638 Recall:0.5114 Fscore:0.4862 acc: 57.0000%(2532/44) 

Mon, 08 Apr 2019 13:24:15: INFO: epoch: 41, train loss: 0.6980, train acc: 0.41, dev loss: 0.6877, dev acc: 0.61, time: 5.20
Mon, 08 Apr 2019 13:24:15: INFO: 
Evaluation - loss: 42.772567 Precision:0.4523 Recall:0.5000 Fscore:0.4747 acc: 57.0000%(2532/44) 

Mon, 08 Apr 2019 13:24:21: INFO: epoch: 42, train loss: 0.6980, train acc: 0.41, dev loss: 0.6872, dev acc: 0.62, time: 5.22
Mon, 08 Apr 2019 13:24:21: INFO: 
Evaluation - loss: 42.772565 Precision:0.4523 Recall:0.5000 Fscore:0.4747 acc: 57.0000%(2532/44) 

Mon, 08 Apr 2019 13:24:26: INFO: epoch: 43, train loss: 0.6982, train acc: 0.41, dev loss: 0.6881, dev acc: 0.60, time: 5.24
Mon, 08 Apr 2019 13:24:27: INFO: 
Evaluation - loss: 42.772566 Precision:0.4523 Recall:0.5000 Fscore:0.4748 acc: 57.0000%(2532/44) 

Mon, 08 Apr 2019 13:24:32: INFO: epoch: 44, train loss: 0.6981, train acc: 0.41, dev loss: 0.6878, dev acc: 0.61, time: 5.24
Mon, 08 Apr 2019 13:24:33: INFO: 
Evaluation - loss: 42.772567 Precision:0.4523 Recall:0.5000 Fscore:0.4746 acc: 57.0000%(2532/44) 

Mon, 08 Apr 2019 13:24:38: INFO: epoch: 45, train loss: 0.6982, train acc: 0.41, dev loss: 0.6870, dev acc: 0.62, time: 5.34
Mon, 08 Apr 2019 13:24:38: INFO: 
Evaluation - loss: 42.772567 Precision:0.4522 Recall:0.5000 Fscore:0.4747 acc: 57.0000%(2532/44) 

Mon, 08 Apr 2019 13:24:44: INFO: epoch: 46, train loss: 0.6981, train acc: 0.41, dev loss: 0.6877, dev acc: 0.61, time: 5.20
Mon, 08 Apr 2019 13:24:44: INFO: 
Evaluation - loss: 42.772568 Precision:0.4524 Recall:0.5000 Fscore:0.4749 acc: 57.0000%(2532/44) 

Mon, 08 Apr 2019 13:24:49: INFO: epoch: 47, train loss: 0.6980, train acc: 0.41, dev loss: 0.6886, dev acc: 0.60, time: 5.24
Mon, 08 Apr 2019 13:24:50: INFO: 
Evaluation - loss: 42.772566 Precision:0.4523 Recall:0.5000 Fscore:0.4748 acc: 57.0000%(2532/44) 

Mon, 08 Apr 2019 13:24:55: INFO: epoch: 48, train loss: 0.6980, train acc: 0.41, dev loss: 0.6879, dev acc: 0.61, time: 5.24
Mon, 08 Apr 2019 13:24:56: INFO: 
Evaluation - loss: 42.772566 Precision:0.4520 Recall:0.5000 Fscore:0.4746 acc: 57.0000%(2532/44) 

Mon, 08 Apr 2019 13:25:01: INFO: epoch: 49, train loss: 0.6980, train acc: 0.41, dev loss: 0.6877, dev acc: 0.60, time: 5.22
Mon, 08 Apr 2019 13:25:01: INFO: 
Evaluation - loss: 42.772566 Precision:0.4524 Recall:0.5000 Fscore:0.4749 acc: 57.0000%(2532/44) 

Mon, 08 Apr 2019 13:25:07: INFO: epoch: 50, train loss: 0.6979, train acc: 0.41, dev loss: 0.6885, dev acc: 0.60, time: 5.28
Mon, 08 Apr 2019 13:25:07: INFO: 
Evaluation - loss: 42.772567 Precision:0.4524 Recall:0.5000 Fscore:0.4748 acc: 57.0000%(2532/44) 

Mon, 08 Apr 2019 13:25:12: INFO: epoch: 51, train loss: 0.6981, train acc: 0.41, dev loss: 0.6875, dev acc: 0.62, time: 5.16
Mon, 08 Apr 2019 13:25:13: INFO: 
Evaluation - loss: 42.772567 Precision:0.4524 Recall:0.5000 Fscore:0.4748 acc: 57.0000%(2532/44) 

Mon, 08 Apr 2019 13:25:18: INFO: epoch: 52, train loss: 0.6982, train acc: 0.41, dev loss: 0.6877, dev acc: 0.61, time: 5.20
Mon, 08 Apr 2019 13:25:18: INFO: 
Evaluation - loss: 42.772567 Precision:0.4525 Recall:0.5000 Fscore:0.4749 acc: 57.0000%(2532/44) 

Mon, 08 Apr 2019 13:25:24: INFO: epoch: 53, train loss: 0.6981, train acc: 0.41, dev loss: 0.6880, dev acc: 0.61, time: 5.16
Mon, 08 Apr 2019 13:25:24: INFO: 
Evaluation - loss: 42.772567 Precision:0.4523 Recall:0.5000 Fscore:0.4748 acc: 57.0000%(2532/44) 

Mon, 08 Apr 2019 13:25:29: INFO: epoch: 54, train loss: 0.6980, train acc: 0.41, dev loss: 0.6885, dev acc: 0.60, time: 5.20
Mon, 08 Apr 2019 13:25:30: INFO: 
Evaluation - loss: 42.772567 Precision:0.4523 Recall:0.5000 Fscore:0.4748 acc: 57.0000%(2532/44) 

Mon, 08 Apr 2019 13:25:35: INFO: epoch: 55, train loss: 0.6980, train acc: 0.41, dev loss: 0.6879, dev acc: 0.60, time: 5.17
Mon, 08 Apr 2019 13:25:35: INFO: 
Evaluation - loss: 42.772566 Precision:0.4521 Recall:0.5000 Fscore:0.4747 acc: 57.0000%(2532/44) 

Mon, 08 Apr 2019 13:25:41: INFO: epoch: 56, train loss: 0.6981, train acc: 0.41, dev loss: 0.6879, dev acc: 0.60, time: 5.16
Mon, 08 Apr 2019 13:25:41: INFO: 
Evaluation - loss: 42.772567 Precision:0.4525 Recall:0.5000 Fscore:0.4749 acc: 57.0000%(2532/44) 

Mon, 08 Apr 2019 13:25:46: INFO: epoch: 57, train loss: 0.6980, train acc: 0.41, dev loss: 0.6876, dev acc: 0.61, time: 5.18
Mon, 08 Apr 2019 13:25:47: INFO: 
Evaluation - loss: 42.772566 Precision:0.4521 Recall:0.5000 Fscore:0.4747 acc: 57.0000%(2532/44) 

Mon, 08 Apr 2019 13:25:52: INFO: epoch: 58, train loss: 0.6981, train acc: 0.41, dev loss: 0.6872, dev acc: 0.62, time: 5.18
Mon, 08 Apr 2019 13:25:52: INFO: 
Evaluation - loss: 42.772567 Precision:0.4523 Recall:0.5000 Fscore:0.4747 acc: 57.0000%(2532/44) 

Mon, 08 Apr 2019 13:25:58: INFO: epoch: 59, train loss: 0.6979, train acc: 0.41, dev loss: 0.6876, dev acc: 0.61, time: 5.21
Mon, 08 Apr 2019 13:25:58: INFO: 
Evaluation - loss: 42.772567 Precision:0.4524 Recall:0.5000 Fscore:0.4748 acc: 57.0000%(2532/44) 

Mon, 08 Apr 2019 13:26:03: INFO: epoch: 60, train loss: 0.6981, train acc: 0.41, dev loss: 0.6882, dev acc: 0.61, time: 5.17
Mon, 08 Apr 2019 13:26:04: INFO: 
Evaluation - loss: 42.772567 Precision:0.4523 Recall:0.5000 Fscore:0.4747 acc: 57.0000%(2532/44) 

Mon, 08 Apr 2019 13:26:09: INFO: epoch: 61, train loss: 0.6982, train acc: 0.41, dev loss: 0.6877, dev acc: 0.61, time: 5.15
Mon, 08 Apr 2019 13:26:09: INFO: 
Evaluation - loss: 42.772567 Precision:0.4523 Recall:0.5000 Fscore:0.4747 acc: 57.0000%(2532/44) 

Mon, 08 Apr 2019 13:26:15: INFO: epoch: 62, train loss: 0.6980, train acc: 0.41, dev loss: 0.6871, dev acc: 0.62, time: 5.17
Mon, 08 Apr 2019 13:26:15: INFO: 
Evaluation - loss: 42.772567 Precision:0.4521 Recall:0.5000 Fscore:0.4747 acc: 57.0000%(2532/44) 

Mon, 08 Apr 2019 13:26:20: INFO: epoch: 63, train loss: 0.6980, train acc: 0.41, dev loss: 0.6884, dev acc: 0.60, time: 5.22
Mon, 08 Apr 2019 13:26:21: INFO: 
Evaluation - loss: 42.772568 Precision:0.4524 Recall:0.5000 Fscore:0.4748 acc: 57.0000%(2532/44) 

Mon, 08 Apr 2019 13:26:26: INFO: epoch: 64, train loss: 0.6980, train acc: 0.41, dev loss: 0.6880, dev acc: 0.61, time: 5.22
Mon, 08 Apr 2019 13:26:26: INFO: 
Evaluation - loss: 42.772566 Precision:0.4524 Recall:0.5000 Fscore:0.4748 acc: 57.0000%(2532/44) 

Mon, 08 Apr 2019 13:26:32: INFO: epoch: 65, train loss: 0.6982, train acc: 0.41, dev loss: 0.6876, dev acc: 0.61, time: 5.18
Mon, 08 Apr 2019 13:26:32: INFO: 
Evaluation - loss: 42.772568 Precision:0.4750 Recall:0.5227 Fscore:0.4975 acc: 57.0000%(2532/44) 

Mon, 08 Apr 2019 13:26:37: INFO: epoch: 66, train loss: 0.6978, train acc: 0.41, dev loss: 0.6880, dev acc: 0.61, time: 5.20
Mon, 08 Apr 2019 13:26:38: INFO: 
Evaluation - loss: 42.772566 Precision:0.4522 Recall:0.5000 Fscore:0.4747 acc: 57.0000%(2532/44) 

Mon, 08 Apr 2019 13:26:43: INFO: epoch: 67, train loss: 0.6980, train acc: 0.41, dev loss: 0.6875, dev acc: 0.61, time: 5.18
Mon, 08 Apr 2019 13:26:43: INFO: 
Evaluation - loss: 42.772566 Precision:0.4523 Recall:0.5000 Fscore:0.4747 acc: 57.0000%(2532/44) 

Mon, 08 Apr 2019 13:26:49: INFO: epoch: 68, train loss: 0.6980, train acc: 0.41, dev loss: 0.6880, dev acc: 0.61, time: 5.20
Mon, 08 Apr 2019 13:26:49: INFO: 
Evaluation - loss: 42.772567 Precision:0.4523 Recall:0.5000 Fscore:0.4747 acc: 57.0000%(2532/44) 

Mon, 08 Apr 2019 13:26:54: INFO: epoch: 69, train loss: 0.6980, train acc: 0.41, dev loss: 0.6875, dev acc: 0.61, time: 5.19
Mon, 08 Apr 2019 13:26:55: INFO: 
Evaluation - loss: 42.772567 Precision:0.4523 Recall:0.5000 Fscore:0.4748 acc: 57.0000%(2532/44) 

Mon, 08 Apr 2019 13:27:00: INFO: epoch: 70, train loss: 0.6982, train acc: 0.41, dev loss: 0.6877, dev acc: 0.61, time: 5.16
Mon, 08 Apr 2019 13:27:00: INFO: 
Evaluation - loss: 42.772567 Precision:0.4524 Recall:0.5000 Fscore:0.4748 acc: 57.0000%(2532/44) 

Mon, 08 Apr 2019 13:27:06: INFO: epoch: 71, train loss: 0.6979, train acc: 0.41, dev loss: 0.6874, dev acc: 0.61, time: 5.21
Mon, 08 Apr 2019 13:27:06: INFO: 
Evaluation - loss: 42.772567 Precision:0.4525 Recall:0.5000 Fscore:0.4749 acc: 57.0000%(2532/44) 

Mon, 08 Apr 2019 13:27:11: INFO: epoch: 72, train loss: 0.6981, train acc: 0.41, dev loss: 0.6872, dev acc: 0.62, time: 5.25
Mon, 08 Apr 2019 13:27:12: INFO: 
Evaluation - loss: 42.772566 Precision:0.4636 Recall:0.5114 Fscore:0.4861 acc: 57.0000%(2532/44) 

Mon, 08 Apr 2019 13:27:17: INFO: epoch: 73, train loss: 0.6981, train acc: 0.41, dev loss: 0.6881, dev acc: 0.60, time: 5.22
Mon, 08 Apr 2019 13:27:18: INFO: 
Evaluation - loss: 42.772568 Precision:0.4524 Recall:0.5000 Fscore:0.4748 acc: 57.0000%(2532/44) 

Mon, 08 Apr 2019 13:27:23: INFO: epoch: 74, train loss: 0.6981, train acc: 0.41, dev loss: 0.6881, dev acc: 0.60, time: 5.18
Mon, 08 Apr 2019 13:27:23: INFO: 
Evaluation - loss: 42.772566 Precision:0.4523 Recall:0.5000 Fscore:0.4747 acc: 57.0000%(2532/44) 

Mon, 08 Apr 2019 13:27:28: INFO: epoch: 75, train loss: 0.6982, train acc: 0.41, dev loss: 0.6883, dev acc: 0.60, time: 5.18
Mon, 08 Apr 2019 13:27:29: INFO: 
Evaluation - loss: 42.772566 Precision:0.4522 Recall:0.5000 Fscore:0.4747 acc: 57.0000%(2532/44) 

Mon, 08 Apr 2019 13:27:34: INFO: epoch: 76, train loss: 0.6981, train acc: 0.41, dev loss: 0.6878, dev acc: 0.61, time: 5.21
Mon, 08 Apr 2019 13:27:35: INFO: 
Evaluation - loss: 42.772565 Precision:0.4523 Recall:0.5000 Fscore:0.4749 acc: 57.0000%(2532/44) 

Mon, 08 Apr 2019 13:27:40: INFO: epoch: 77, train loss: 0.6981, train acc: 0.41, dev loss: 0.6874, dev acc: 0.61, time: 5.18
Mon, 08 Apr 2019 13:27:40: INFO: 
Evaluation - loss: 42.772566 Precision:0.4523 Recall:0.5000 Fscore:0.4748 acc: 57.0000%(2532/44) 

Mon, 08 Apr 2019 13:27:46: INFO: epoch: 78, train loss: 0.6980, train acc: 0.41, dev loss: 0.6877, dev acc: 0.61, time: 5.20
Mon, 08 Apr 2019 13:27:46: INFO: 
Evaluation - loss: 42.772567 Precision:0.4523 Recall:0.5000 Fscore:0.4748 acc: 57.0000%(2532/44) 

Mon, 08 Apr 2019 13:27:51: INFO: epoch: 79, train loss: 0.6980, train acc: 0.41, dev loss: 0.6879, dev acc: 0.60, time: 5.18
Mon, 08 Apr 2019 13:27:52: INFO: 
Evaluation - loss: 42.772567 Precision:0.4521 Recall:0.5000 Fscore:0.4746 acc: 57.0000%(2532/44) 

Mon, 08 Apr 2019 13:27:57: INFO: epoch: 80, train loss: 0.6982, train acc: 0.41, dev loss: 0.6874, dev acc: 0.62, time: 5.17
Mon, 08 Apr 2019 13:27:57: INFO: 
Evaluation - loss: 42.772567 Precision:0.4525 Recall:0.5000 Fscore:0.4749 acc: 57.0000%(2532/44) 

Mon, 08 Apr 2019 13:28:02: INFO: epoch: 81, train loss: 0.6981, train acc: 0.41, dev loss: 0.6877, dev acc: 0.61, time: 5.15
Mon, 08 Apr 2019 13:28:03: INFO: 
Evaluation - loss: 42.772567 Precision:0.4522 Recall:0.5000 Fscore:0.4746 acc: 57.0000%(2532/44) 

Mon, 08 Apr 2019 13:28:08: INFO: epoch: 82, train loss: 0.6980, train acc: 0.41, dev loss: 0.6873, dev acc: 0.62, time: 5.14
Mon, 08 Apr 2019 13:28:09: INFO: 
Evaluation - loss: 42.772566 Precision:0.4521 Recall:0.5000 Fscore:0.4746 acc: 57.0000%(2532/44) 

Mon, 08 Apr 2019 13:28:14: INFO: epoch: 83, train loss: 0.6982, train acc: 0.41, dev loss: 0.6877, dev acc: 0.61, time: 5.13
Mon, 08 Apr 2019 13:28:14: INFO: 
Evaluation - loss: 42.772567 Precision:0.4523 Recall:0.5000 Fscore:0.4748 acc: 57.0000%(2532/44) 

Mon, 08 Apr 2019 13:28:19: INFO: epoch: 84, train loss: 0.6982, train acc: 0.41, dev loss: 0.6875, dev acc: 0.62, time: 5.22
Mon, 08 Apr 2019 13:28:20: INFO: 
Evaluation - loss: 42.772566 Precision:0.4524 Recall:0.5000 Fscore:0.4749 acc: 57.0000%(2532/44) 

Mon, 08 Apr 2019 13:28:25: INFO: epoch: 85, train loss: 0.6981, train acc: 0.41, dev loss: 0.6878, dev acc: 0.61, time: 5.19
Mon, 08 Apr 2019 13:28:26: INFO: 
Evaluation - loss: 42.772567 Precision:0.4636 Recall:0.5114 Fscore:0.4861 acc: 57.0000%(2532/44) 

Mon, 08 Apr 2019 13:28:31: INFO: epoch: 86, train loss: 0.6980, train acc: 0.41, dev loss: 0.6880, dev acc: 0.60, time: 5.17
Mon, 08 Apr 2019 13:28:31: INFO: 
Evaluation - loss: 42.772566 Precision:0.4522 Recall:0.5000 Fscore:0.4747 acc: 57.0000%(2532/44) 

Mon, 08 Apr 2019 13:28:36: INFO: epoch: 87, train loss: 0.6981, train acc: 0.41, dev loss: 0.6877, dev acc: 0.61, time: 5.20
Mon, 08 Apr 2019 13:28:37: INFO: 
Evaluation - loss: 42.772567 Precision:0.4519 Recall:0.5000 Fscore:0.4745 acc: 57.0000%(2532/44) 

Mon, 08 Apr 2019 13:28:42: INFO: epoch: 88, train loss: 0.6981, train acc: 0.41, dev loss: 0.6880, dev acc: 0.61, time: 5.18
Mon, 08 Apr 2019 13:28:43: INFO: 
Evaluation - loss: 42.772567 Precision:0.4523 Recall:0.5000 Fscore:0.4748 acc: 57.0000%(2532/44) 

Mon, 08 Apr 2019 13:28:48: INFO: epoch: 89, train loss: 0.6983, train acc: 0.41, dev loss: 0.6879, dev acc: 0.61, time: 5.17
Mon, 08 Apr 2019 13:28:48: INFO: 
Evaluation - loss: 42.772566 Precision:0.4525 Recall:0.5000 Fscore:0.4749 acc: 57.0000%(2532/44) 

Mon, 08 Apr 2019 13:28:53: INFO: epoch: 90, train loss: 0.6980, train acc: 0.41, dev loss: 0.6876, dev acc: 0.62, time: 5.19
Mon, 08 Apr 2019 13:28:54: INFO: 
Evaluation - loss: 42.772566 Precision:0.4523 Recall:0.5000 Fscore:0.4747 acc: 57.0000%(2532/44) 

Mon, 08 Apr 2019 13:28:59: INFO: epoch: 91, train loss: 0.6980, train acc: 0.41, dev loss: 0.6886, dev acc: 0.60, time: 5.19
Mon, 08 Apr 2019 13:29:00: INFO: 
Evaluation - loss: 42.772567 Precision:0.4523 Recall:0.5000 Fscore:0.4748 acc: 57.0000%(2532/44) 

Mon, 08 Apr 2019 13:29:05: INFO: epoch: 92, train loss: 0.6982, train acc: 0.41, dev loss: 0.6876, dev acc: 0.61, time: 5.19
Mon, 08 Apr 2019 13:29:05: INFO: 
Evaluation - loss: 42.772566 Precision:0.4640 Recall:0.5114 Fscore:0.4862 acc: 57.0000%(2532/44) 

Mon, 08 Apr 2019 13:29:10: INFO: epoch: 93, train loss: 0.6983, train acc: 0.41, dev loss: 0.6876, dev acc: 0.61, time: 5.18
Mon, 08 Apr 2019 13:29:11: INFO: 
Evaluation - loss: 42.772566 Precision:0.4523 Recall:0.5000 Fscore:0.4748 acc: 57.0000%(2532/44) 

Mon, 08 Apr 2019 13:29:16: INFO: epoch: 94, train loss: 0.6980, train acc: 0.41, dev loss: 0.6876, dev acc: 0.61, time: 5.20
Mon, 08 Apr 2019 13:29:17: INFO: 
Evaluation - loss: 42.772566 Precision:0.4523 Recall:0.5000 Fscore:0.4748 acc: 57.0000%(2532/44) 

Mon, 08 Apr 2019 13:29:22: INFO: epoch: 95, train loss: 0.6980, train acc: 0.41, dev loss: 0.6879, dev acc: 0.61, time: 5.21
Mon, 08 Apr 2019 13:29:22: INFO: 
Evaluation - loss: 42.772567 Precision:0.4523 Recall:0.5000 Fscore:0.4748 acc: 57.0000%(2532/44) 

Mon, 08 Apr 2019 13:29:28: INFO: epoch: 96, train loss: 0.6979, train acc: 0.41, dev loss: 0.6881, dev acc: 0.60, time: 5.19
Mon, 08 Apr 2019 13:29:28: INFO: 
Evaluation - loss: 42.772567 Precision:0.4521 Recall:0.5000 Fscore:0.4747 acc: 57.0000%(2532/44) 

Mon, 08 Apr 2019 13:29:33: INFO: epoch: 97, train loss: 0.6981, train acc: 0.41, dev loss: 0.6876, dev acc: 0.60, time: 5.19
Mon, 08 Apr 2019 13:29:34: INFO: 
Evaluation - loss: 42.772568 Precision:0.4523 Recall:0.5000 Fscore:0.4748 acc: 57.0000%(2532/44) 

Mon, 08 Apr 2019 13:29:39: INFO: epoch: 98, train loss: 0.6981, train acc: 0.41, dev loss: 0.6875, dev acc: 0.61, time: 5.18
Mon, 08 Apr 2019 13:29:39: INFO: 
Evaluation - loss: 42.772566 Precision:0.4523 Recall:0.5000 Fscore:0.4749 acc: 57.0000%(2532/44) 

Mon, 08 Apr 2019 13:29:45: INFO: epoch: 99, train loss: 0.6980, train acc: 0.41, dev loss: 0.6882, dev acc: 0.60, time: 5.16
Mon, 08 Apr 2019 13:29:45: INFO: 
Evaluation - loss: 42.772566 Precision:0.4524 Recall:0.5000 Fscore:0.4748 acc: 57.0000%(2532/44) 

Mon, 08 Apr 2019 13:29:50: INFO: epoch: 100, train loss: 0.6981, train acc: 0.41, dev loss: 0.6876, dev acc: 0.61, time: 5.17
Mon, 08 Apr 2019 13:29:51: INFO: 
Evaluation - loss: 42.772567 Precision:0.4523 Recall:0.5000 Fscore:0.4748 acc: 57.0000%(2532/44) 

