Mon, 08 Apr 2019 09:55:45: INFO: running main.py --model=CNN --batch_size=64 --vocab_size=40000 --embed_dim=300 --in_channels=1 --kernel_sizes=345 --kernel_nums=200 --hidden_dim=100 --num_layers=2 --bidirectional=True --max_seq_len=50 --learning_rate=0.8 --num_epochs=100 --dropout=0.3 --num_class=2 --train_file=./data/cwmt_train_comb.txt --dev_file=./data/cwmt_dev_comb.txt --dev_file=./data/htqe_test_comb.txt --pretrained_embeddings=./word2vec/wiki.en_zh.vec --prediction_file=./predictions/cwmt.en_zh.preds --saved_model=./saved_models/cwmt.en_zh.pt --test=False --weight_decay=1e-3 --grad_clip=3e-1 --seed_num=123 --run_log=umtqe_cnn
Mon, 08 Apr 2019 09:55:45: INFO: 	BATCH_SIZE=64
Mon, 08 Apr 2019 09:55:45: INFO: 	BIDIRECTIONAL=True
Mon, 08 Apr 2019 09:55:45: INFO: 	DEV_FILE=./data/htqe_test_comb.txt
Mon, 08 Apr 2019 09:55:45: INFO: 	DROPOUT=0.3
Mon, 08 Apr 2019 09:55:45: INFO: 	EMBED_DIM=300
Mon, 08 Apr 2019 09:55:45: INFO: 	GRAD_CLIP=0.3
Mon, 08 Apr 2019 09:55:45: INFO: 	HIDDEN_DIM=100
Mon, 08 Apr 2019 09:55:45: INFO: 	IN_CHANNELS=1
Mon, 08 Apr 2019 09:55:45: INFO: 	KERNEL_NUMS=200
Mon, 08 Apr 2019 09:55:45: INFO: 	KERNEL_SIZES=[345]
Mon, 08 Apr 2019 09:55:45: INFO: 	LEARNING_RATE=0.8
Mon, 08 Apr 2019 09:55:45: INFO: 	MAX_SEQ_LEN=50
Mon, 08 Apr 2019 09:55:45: INFO: 	MODEL=CNN
Mon, 08 Apr 2019 09:55:45: INFO: 	NUM_CLASS=2
Mon, 08 Apr 2019 09:55:45: INFO: 	NUM_EPOCHS=100
Mon, 08 Apr 2019 09:55:45: INFO: 	NUM_LAYERS=2
Mon, 08 Apr 2019 09:55:45: INFO: 	OPTIMIZER=adam
Mon, 08 Apr 2019 09:55:45: INFO: 	PREDICTION_FILE=./predictions/cwmt.en_zh.preds
Mon, 08 Apr 2019 09:55:45: INFO: 	PRETRAINED_EMBEDDINGS=./word2vec/wiki.en_zh.vec
Mon, 08 Apr 2019 09:55:45: INFO: 	PRETRAINED_WEIGHTS=tensor([[ 0.0046,  0.0888,  0.0158,  ..., -0.0273, -0.1007, -0.0268],
        [ 0.0000,  0.0000,  0.0000,  ...,  0.0000,  0.0000,  0.0000],
        [-0.0171, -0.0358,  0.0654,  ..., -0.0635, -0.0558, -0.0998],
        ...,
        [ 0.0345,  0.0302,  0.0687,  ...,  0.0035, -0.0609,  0.0054],
        [ 0.0207, -0.0126, -0.0057,  ..., -0.0198, -0.0560, -0.0529],
        [-0.0088, -0.0231,  0.0369,  ..., -0.0211, -0.0510, -0.0112]])
Mon, 08 Apr 2019 09:55:45: INFO: 	RUN_LOG=umtqe_cnn
Mon, 08 Apr 2019 09:55:45: INFO: 	SAVED_MODEL=./saved_models/cwmt.en_zh.pt
Mon, 08 Apr 2019 09:55:45: INFO: 	SEED_NUM=123
Mon, 08 Apr 2019 09:55:45: INFO: 	TEST=True
Mon, 08 Apr 2019 09:55:45: INFO: 	TEST_FILE=./data/htqe_test_comb.txt
Mon, 08 Apr 2019 09:55:45: INFO: 	TRAIN_FILE=./data/cwmt_train_comb.txt
Mon, 08 Apr 2019 09:55:45: INFO: 	USE_GPU=True
Mon, 08 Apr 2019 09:55:45: INFO: 	VOCAB_SIZE=44995
Mon, 08 Apr 2019 09:55:45: INFO: 	WEIGHT_DECAY=0.001
