Mon, 08 Apr 2019 15:14:30: INFO: running main.py --model=CNN_BiLSTM --optimizer=sgd --batch_size=64 --vocab_size=40000 --embed_dim=300 --in_channels=1 --kernel_sizes=345 --kernel_nums=200 --hidden_dim=100 --num_layers=2 --bidirectional=True --max_seq_len=40 --learning_rate=0.8 --num_epochs=100 --dropout=0.3 --num_class=2 --train_file=./data/cwmt_train_comb.txt --dev_file=./data/cwmt_dev_comb.txt --dev_file=./data/htqe_test_comb.txt --pretrained_embeddings=./word2vec/wiki.en_zh.vec --prediction_file=./predictions/htqe_test_comb.txt --saved_model=./saved_models/cwmt.en_zh.pt --test=False --weight_decay=0.0 --grad_clip=0.0 --momentum=0.3 --seed_num=123 --scheduler=steplr --run_log=umtqe_cnnbilstm
Mon, 08 Apr 2019 15:14:30: INFO: 	BATCH_SIZE=64
Mon, 08 Apr 2019 15:14:30: INFO: 	BIDIRECTIONAL=True
Mon, 08 Apr 2019 15:14:30: INFO: 	DEV_FILE=./data/htqe_test_comb.txt
Mon, 08 Apr 2019 15:14:30: INFO: 	DROPOUT=0.3
Mon, 08 Apr 2019 15:14:30: INFO: 	EMBED_DIM=300
Mon, 08 Apr 2019 15:14:30: INFO: 	GRAD_CLIP=0.0
Mon, 08 Apr 2019 15:14:30: INFO: 	HIDDEN_DIM=100
Mon, 08 Apr 2019 15:14:30: INFO: 	IN_CHANNELS=1
Mon, 08 Apr 2019 15:14:30: INFO: 	KERNEL_NUMS=200
Mon, 08 Apr 2019 15:14:30: INFO: 	KERNEL_SIZES=[3, 4, 5]
Mon, 08 Apr 2019 15:14:30: INFO: 	LEARNING_RATE=0.8
Mon, 08 Apr 2019 15:14:30: INFO: 	MAX_SEQ_LEN=40
Mon, 08 Apr 2019 15:14:30: INFO: 	MODEL=CNN_BiLSTM
Mon, 08 Apr 2019 15:14:30: INFO: 	MOMENTUM=0.3
Mon, 08 Apr 2019 15:14:30: INFO: 	NUM_CLASS=2
Mon, 08 Apr 2019 15:14:30: INFO: 	NUM_EPOCHS=100
Mon, 08 Apr 2019 15:14:30: INFO: 	NUM_LAYERS=2
Mon, 08 Apr 2019 15:14:30: INFO: 	OPTIMIZER=sgd
Mon, 08 Apr 2019 15:14:30: INFO: 	PREDICTION_FILE=./predictions/htqe_test_comb.txt
Mon, 08 Apr 2019 15:14:30: INFO: 	PRETRAINED_EMBEDDINGS=./word2vec/wiki.en_zh.vec
Mon, 08 Apr 2019 15:14:30: INFO: 	PRETRAINED_WEIGHTS=tensor([[ 0.0046,  0.0888,  0.0158,  ..., -0.0273, -0.1007, -0.0268],
        [-0.0332, -0.0133,  0.0668,  ..., -0.0787, -0.0438,  0.0659],
        [-0.0107,  0.0170, -0.0253,  ...,  0.0098, -0.1939,  0.0062],
        ...,
        [ 0.0530,  0.0307,  0.0562,  ..., -0.0394, -0.0257, -0.0332],
        [-0.0045,  0.0243, -0.0510,  ..., -0.0329, -0.0214, -0.0343],
        [ 0.0071, -0.0104,  0.0170,  ..., -0.0865,  0.0129,  0.0180]])
Mon, 08 Apr 2019 15:14:30: INFO: 	RUN_LOG=umtqe_cnnbilstm
Mon, 08 Apr 2019 15:14:30: INFO: 	SAVED_MODEL=./saved_models/cwmt.en_zh.pt
Mon, 08 Apr 2019 15:14:30: INFO: 	SCHEDULER=steplr
Mon, 08 Apr 2019 15:14:30: INFO: 	SEED_NUM=123
Mon, 08 Apr 2019 15:14:30: INFO: 	TEST=False
Mon, 08 Apr 2019 15:14:30: INFO: 	TEST_FILE=./data/htqe_test_comb.txt
Mon, 08 Apr 2019 15:14:30: INFO: 	TRAIN_FILE=./data/cwmt_train_comb.txt
Mon, 08 Apr 2019 15:14:30: INFO: 	USE_GPU=True
Mon, 08 Apr 2019 15:14:30: INFO: 	VOCAB_SIZE=44995
Mon, 08 Apr 2019 15:14:30: INFO: 	WEIGHT_DECAY=0.0
Mon, 08 Apr 2019 15:14:53: INFO: epoch: 1, train loss: 0.6925, train acc: 0.53, dev loss: 0.6963, dev acc: 0.36, time: 20.57
Mon, 08 Apr 2019 15:14:53: INFO: 
Evaluation - loss: 44.296547 Precision:0.5130 Recall:0.5101 Fscore:0.1610 acc: 10.0000%(457/44) 

Mon, 08 Apr 2019 15:14:56: INFO: epoch: 2, train loss: 0.6924, train acc: 0.53, dev loss: 0.6965, dev acc: 0.34, time: 3.19
Mon, 08 Apr 2019 15:14:57: INFO: 
Evaluation - loss: 44.296547 Precision:0.5108 Recall:0.5122 Fscore:0.1612 acc: 10.0000%(457/44) 

Mon, 08 Apr 2019 15:14:59: INFO: epoch: 3, train loss: 0.6926, train acc: 0.53, dev loss: 0.6964, dev acc: 0.35, time: 2.87
Mon, 08 Apr 2019 15:15:00: INFO: 
Evaluation - loss: 44.296546 Precision:0.5004 Recall:0.5073 Fscore:0.1610 acc: 10.0000%(457/44) 

Mon, 08 Apr 2019 15:15:03: INFO: epoch: 4, train loss: 0.6924, train acc: 0.54, dev loss: 0.6965, dev acc: 0.35, time: 3.14
Mon, 08 Apr 2019 15:15:03: INFO: 
Evaluation - loss: 44.296546 Precision:0.5048 Recall:0.5128 Fscore:0.1612 acc: 10.0000%(457/44) 

Mon, 08 Apr 2019 15:15:06: INFO: epoch: 5, train loss: 0.6925, train acc: 0.54, dev loss: 0.6964, dev acc: 0.36, time: 2.99
Mon, 08 Apr 2019 15:15:06: INFO: 
Evaluation - loss: 44.296547 Precision:0.5132 Recall:0.5092 Fscore:0.1617 acc: 10.0000%(457/44) 

Mon, 08 Apr 2019 15:15:11: INFO: epoch: 6, train loss: 0.6924, train acc: 0.53, dev loss: 0.6962, dev acc: 0.38, time: 4.14
Mon, 08 Apr 2019 15:15:11: INFO: 
Evaluation - loss: 44.296546 Precision:0.5149 Recall:0.5010 Fscore:0.1608 acc: 10.0000%(457/44) 

Mon, 08 Apr 2019 15:15:14: INFO: epoch: 7, train loss: 0.6923, train acc: 0.54, dev loss: 0.6964, dev acc: 0.36, time: 3.30
Mon, 08 Apr 2019 15:15:14: INFO: 
Evaluation - loss: 44.296546 Precision:0.5151 Recall:0.5128 Fscore:0.1599 acc: 10.0000%(457/44) 

Mon, 08 Apr 2019 15:15:17: INFO: epoch: 8, train loss: 0.6925, train acc: 0.53, dev loss: 0.6966, dev acc: 0.35, time: 2.98
Mon, 08 Apr 2019 15:15:18: INFO: 
Evaluation - loss: 44.296547 Precision:0.5109 Recall:0.5070 Fscore:0.1615 acc: 10.0000%(457/44) 

Mon, 08 Apr 2019 15:15:21: INFO: epoch: 9, train loss: 0.6925, train acc: 0.53, dev loss: 0.6966, dev acc: 0.36, time: 3.20
Mon, 08 Apr 2019 15:15:21: INFO: 
Evaluation - loss: 44.296547 Precision:0.5085 Recall:0.5115 Fscore:0.1602 acc: 10.0000%(457/44) 

Mon, 08 Apr 2019 15:15:25: INFO: epoch: 10, train loss: 0.6926, train acc: 0.53, dev loss: 0.6963, dev acc: 0.36, time: 3.49
Mon, 08 Apr 2019 15:15:25: INFO: 
Evaluation - loss: 44.296547 Precision:0.5206 Recall:0.5115 Fscore:0.1618 acc: 10.0000%(457/44) 

Mon, 08 Apr 2019 15:15:28: INFO: epoch: 11, train loss: 0.6925, train acc: 0.53, dev loss: 0.6964, dev acc: 0.37, time: 2.86
Mon, 08 Apr 2019 15:15:28: INFO: 
Evaluation - loss: 44.296547 Precision:0.5170 Recall:0.5086 Fscore:0.1600 acc: 10.0000%(457/44) 

Mon, 08 Apr 2019 15:15:31: INFO: epoch: 12, train loss: 0.6924, train acc: 0.53, dev loss: 0.6964, dev acc: 0.36, time: 2.87
Mon, 08 Apr 2019 15:15:31: INFO: 
Evaluation - loss: 44.296547 Precision:0.4864 Recall:0.5107 Fscore:0.1605 acc: 10.0000%(457/44) 

Mon, 08 Apr 2019 15:15:34: INFO: epoch: 13, train loss: 0.6925, train acc: 0.53, dev loss: 0.6964, dev acc: 0.36, time: 2.96
Mon, 08 Apr 2019 15:15:34: INFO: 
Evaluation - loss: 44.296547 Precision:0.4966 Recall:0.5130 Fscore:0.1612 acc: 10.0000%(457/44) 

