Mon, 08 Apr 2019 17:15:50: INFO: running main.py --model=CNN_BiLSTM_ATT --optimizer=sgd --batch_size=64 --vocab_size=40000 --embed_dim=300 --in_channels=1 --kernel_sizes=123 --kernel_nums=300 --hidden_dim=200 --num_layers=2 --bidirectional=True --max_seq_len=50 --learning_rate=0.02 --num_epochs=500 --dropout=0.3 --num_class=2 --train_file=./data/cwmt_train_comb.txt --dev_file=./data/cwmt_dev_comb.txt --dev_file=./data/htqe_test_comb.txt --pretrained_embeddings=./word2vec/wiki.en_zh.vec --prediction_file=./predictions/htqe_test_comb_att.txt --saved_model=./saved_models/cwmt.en_zh.pt --test=False --weight_decay=0.001 --grad_clip=0.0 --momentum=0.0 --seed_num=123 --scheduler=steplr --run_log=umtqe_cnnbilstm
Mon, 08 Apr 2019 17:15:50: INFO: 	BATCH_SIZE=64
Mon, 08 Apr 2019 17:15:50: INFO: 	BIDIRECTIONAL=True
Mon, 08 Apr 2019 17:15:50: INFO: 	DEV_FILE=./data/htqe_test_comb.txt
Mon, 08 Apr 2019 17:15:50: INFO: 	DROPOUT=0.3
Mon, 08 Apr 2019 17:15:50: INFO: 	EMBED_DIM=300
Mon, 08 Apr 2019 17:15:50: INFO: 	GRAD_CLIP=0.0
Mon, 08 Apr 2019 17:15:50: INFO: 	HIDDEN_DIM=200
Mon, 08 Apr 2019 17:15:50: INFO: 	IN_CHANNELS=1
Mon, 08 Apr 2019 17:15:50: INFO: 	KERNEL_NUMS=300
Mon, 08 Apr 2019 17:15:50: INFO: 	KERNEL_SIZES=[1, 2, 3]
Mon, 08 Apr 2019 17:15:50: INFO: 	LEARNING_RATE=0.02
Mon, 08 Apr 2019 17:15:50: INFO: 	MAX_SEQ_LEN=50
Mon, 08 Apr 2019 17:15:50: INFO: 	MODEL=CNN_BiLSTM_ATT
Mon, 08 Apr 2019 17:15:50: INFO: 	MOMENTUM=0.0
Mon, 08 Apr 2019 17:15:50: INFO: 	NUM_CLASS=2
Mon, 08 Apr 2019 17:15:50: INFO: 	NUM_EPOCHS=500
Mon, 08 Apr 2019 17:15:50: INFO: 	NUM_LAYERS=2
Mon, 08 Apr 2019 17:15:50: INFO: 	OPTIMIZER=sgd
Mon, 08 Apr 2019 17:15:50: INFO: 	PREDICTION_FILE=./predictions/htqe_test_comb_att.txt
Mon, 08 Apr 2019 17:15:50: INFO: 	PRETRAINED_EMBEDDINGS=./word2vec/wiki.en_zh.vec
Mon, 08 Apr 2019 17:15:50: INFO: 	PRETRAINED_WEIGHTS=tensor([[ 0.0046,  0.0888,  0.0158,  ..., -0.0273, -0.1007, -0.0268],
        [-0.0571, -0.0030,  0.0015,  ...,  0.0547, -0.0106, -0.0009],
        [ 0.0245,  0.0086,  0.0393,  ..., -0.0482, -0.0022, -0.0532],
        ...,
        [ 0.0725, -0.0272, -0.1384,  ...,  0.0639,  0.0697,  0.0259],
        [-0.0333, -0.0123, -0.0370,  ..., -0.0540, -0.0399, -0.0597],
        [ 0.0000,  0.0000,  0.0000,  ...,  0.0000,  0.0000,  0.0000]])
Mon, 08 Apr 2019 17:15:50: INFO: 	RUN_LOG=umtqe_cnnbilstm
Mon, 08 Apr 2019 17:15:50: INFO: 	SAVED_MODEL=./saved_models/cwmt.en_zh.pt
Mon, 08 Apr 2019 17:15:50: INFO: 	SCHEDULER=steplr
Mon, 08 Apr 2019 17:15:50: INFO: 	SEED_NUM=123
Mon, 08 Apr 2019 17:15:50: INFO: 	TEST=False
Mon, 08 Apr 2019 17:15:50: INFO: 	TEST_FILE=./data/htqe_test_comb.txt
Mon, 08 Apr 2019 17:15:50: INFO: 	TRAIN_FILE=./data/cwmt_train_comb.txt
Mon, 08 Apr 2019 17:15:50: INFO: 	USE_GPU=True
Mon, 08 Apr 2019 17:15:50: INFO: 	VOCAB_SIZE=44995
Mon, 08 Apr 2019 17:15:50: INFO: 	WEIGHT_DECAY=0.001
