Mon, 08 Apr 2019 15:58:33: INFO: running main.py --model=CNN_BiLSTM --optimizer=sgd --batch_size=64 --vocab_size=40000 --embed_dim=300 --in_channels=1 --kernel_sizes=1357 --kernel_nums=200 --hidden_dim=100 --num_layers=3 --bidirectional=True --max_seq_len=50 --learning_rate=0.6 --num_epochs=100 --dropout=0.4 --num_class=2 --train_file=./data/cwmt_train_comb.txt --dev_file=./data/cwmt_dev_comb.txt --dev_file=./data/htqe_test_comb.txt --pretrained_embeddings=./word2vec/wiki.en_zh.vec --prediction_file=./predictions/htqe_test_comb.txt --saved_model=./saved_models/cwmt.en_zh.pt --test=False --weight_decay=0.0001 --grad_clip=0.2 --momentum=0.9 --seed_num=123 --scheduler=steplr --run_log=umtqe_cnnbilstm
Mon, 08 Apr 2019 15:58:33: INFO: 	BATCH_SIZE=64
Mon, 08 Apr 2019 15:58:33: INFO: 	BIDIRECTIONAL=True
Mon, 08 Apr 2019 15:58:33: INFO: 	DEV_FILE=./data/htqe_test_comb.txt
Mon, 08 Apr 2019 15:58:33: INFO: 	DROPOUT=0.4
Mon, 08 Apr 2019 15:58:33: INFO: 	EMBED_DIM=300
Mon, 08 Apr 2019 15:58:33: INFO: 	GRAD_CLIP=0.2
Mon, 08 Apr 2019 15:58:33: INFO: 	HIDDEN_DIM=100
Mon, 08 Apr 2019 15:58:33: INFO: 	IN_CHANNELS=1
Mon, 08 Apr 2019 15:58:33: INFO: 	KERNEL_NUMS=200
Mon, 08 Apr 2019 15:58:33: INFO: 	KERNEL_SIZES=[1, 3, 5, 7]
Mon, 08 Apr 2019 15:58:33: INFO: 	LEARNING_RATE=0.6
Mon, 08 Apr 2019 15:58:33: INFO: 	MAX_SEQ_LEN=50
Mon, 08 Apr 2019 15:58:33: INFO: 	MODEL=CNN_BiLSTM
Mon, 08 Apr 2019 15:58:33: INFO: 	MOMENTUM=0.9
Mon, 08 Apr 2019 15:58:33: INFO: 	NUM_CLASS=2
Mon, 08 Apr 2019 15:58:33: INFO: 	NUM_EPOCHS=100
Mon, 08 Apr 2019 15:58:33: INFO: 	NUM_LAYERS=3
Mon, 08 Apr 2019 15:58:33: INFO: 	OPTIMIZER=sgd
Mon, 08 Apr 2019 15:58:33: INFO: 	PREDICTION_FILE=./predictions/htqe_test_comb.txt
Mon, 08 Apr 2019 15:58:33: INFO: 	PRETRAINED_EMBEDDINGS=./word2vec/wiki.en_zh.vec
Mon, 08 Apr 2019 15:58:33: INFO: 	PRETRAINED_WEIGHTS=tensor([[ 4.6000e-03,  8.8800e-02,  1.5800e-02,  ..., -2.7300e-02,
         -1.0070e-01, -2.6800e-02],
        [-3.6800e-02, -8.9000e-03,  6.1700e-02,  ..., -8.3000e-03,
         -9.2000e-03,  3.1000e-02],
        [ 4.0500e-02,  2.1600e-02, -9.4000e-03,  ..., -5.4400e-02,
         -4.8900e-02, -3.7800e-02],
        ...,
        [ 2.3000e-03, -2.0000e-02,  1.9000e-03,  ...,  8.8300e-02,
         -7.0600e-02, -8.5100e-02],
        [-1.8000e-03,  2.2000e-02,  9.6300e-02,  ..., -9.3700e-02,
          9.6000e-03, -2.6000e-02],
        [ 1.0000e-04,  1.0100e-02,  6.2400e-02,  ..., -5.8400e-02,
          1.9500e-02, -5.2000e-02]])
Mon, 08 Apr 2019 15:58:33: INFO: 	RUN_LOG=umtqe_cnnbilstm
Mon, 08 Apr 2019 15:58:33: INFO: 	SAVED_MODEL=./saved_models/cwmt.en_zh.pt
Mon, 08 Apr 2019 15:58:33: INFO: 	SCHEDULER=steplr
Mon, 08 Apr 2019 15:58:33: INFO: 	SEED_NUM=123
Mon, 08 Apr 2019 15:58:33: INFO: 	TEST=False
Mon, 08 Apr 2019 15:58:33: INFO: 	TEST_FILE=./data/htqe_test_comb.txt
Mon, 08 Apr 2019 15:58:33: INFO: 	TRAIN_FILE=./data/cwmt_train_comb.txt
Mon, 08 Apr 2019 15:58:33: INFO: 	USE_GPU=True
Mon, 08 Apr 2019 15:58:33: INFO: 	VOCAB_SIZE=44995
Mon, 08 Apr 2019 15:58:33: INFO: 	WEIGHT_DECAY=0.0001
Mon, 08 Apr 2019 15:58:59: INFO: epoch: 1, train loss: 0.6874, train acc: 0.59, dev loss: 0.7217, dev acc: 0.10, time: 23.16
Mon, 08 Apr 2019 15:58:59: INFO: 
Evaluation - loss: 45.917866 Precision:0.0478 Recall:0.5000 Fscore:0.0865 acc: 6.0000%(267/44) 

Mon, 08 Apr 2019 15:59:05: INFO: epoch: 2, train loss: 0.6874, train acc: 0.59, dev loss: 0.7221, dev acc: 0.10, time: 5.53
Mon, 08 Apr 2019 15:59:05: INFO: 
Evaluation - loss: 45.917865 Precision:0.0475 Recall:0.5000 Fscore:0.0855 acc: 6.0000%(267/44) 

Mon, 08 Apr 2019 15:59:11: INFO: epoch: 3, train loss: 0.6876, train acc: 0.59, dev loss: 0.7222, dev acc: 0.10, time: 5.49
Mon, 08 Apr 2019 15:59:11: INFO: 
Evaluation - loss: 45.917866 Precision:0.0480 Recall:0.5000 Fscore:0.0863 acc: 6.0000%(267/44) 

Mon, 08 Apr 2019 15:59:17: INFO: epoch: 4, train loss: 0.6875, train acc: 0.59, dev loss: 0.7217, dev acc: 0.10, time: 5.37
Mon, 08 Apr 2019 15:59:17: INFO: 
Evaluation - loss: 45.917865 Precision:0.0478 Recall:0.4886 Fscore:0.0863 acc: 6.0000%(267/44) 

Mon, 08 Apr 2019 15:59:23: INFO: epoch: 5, train loss: 0.6877, train acc: 0.59, dev loss: 0.7222, dev acc: 0.10, time: 5.39
Mon, 08 Apr 2019 15:59:23: INFO: 
Evaluation - loss: 45.917867 Precision:0.0477 Recall:0.5000 Fscore:0.0856 acc: 6.0000%(267/44) 

