Mon, 08 Apr 2019 14:02:06: INFO: running main.py --model=BiLSTM --batch_size=64 --vocab_size=40000 --embed_dim=300 --in_channels=1 --kernel_sizes=345 --kernel_nums=200 --hidden_dim=200 --num_layers=2 --bidirectional=True --max_seq_len=50 --learning_rate=0.5 --num_epochs=100 --dropout=0.5 --num_class=2 --train_file=./data/cwmt_train_comb.txt --dev_file=./data/cwmt_dev_comb.txt --dev_file=./data/htqe_test_comb.txt --pretrained_embeddings=./word2vec/wiki.en_zh.vec --prediction_file=./predictions/htqe_test_comb.txt --saved_model=./saved_models/cwmt.en_zh.pt --test=False --weight_decay=0.01 --grad_clip=0.0 --seed_num=123 --run_log=umtqe_bilstm
Mon, 08 Apr 2019 14:02:06: INFO: 	BATCH_SIZE=64
Mon, 08 Apr 2019 14:02:06: INFO: 	BIDIRECTIONAL=True
Mon, 08 Apr 2019 14:02:06: INFO: 	DEV_FILE=./data/htqe_test_comb.txt
Mon, 08 Apr 2019 14:02:06: INFO: 	DROPOUT=0.5
Mon, 08 Apr 2019 14:02:06: INFO: 	EMBED_DIM=300
Mon, 08 Apr 2019 14:02:06: INFO: 	GRAD_CLIP=0.0
Mon, 08 Apr 2019 14:02:06: INFO: 	HIDDEN_DIM=200
Mon, 08 Apr 2019 14:02:06: INFO: 	IN_CHANNELS=1
Mon, 08 Apr 2019 14:02:06: INFO: 	KERNEL_NUMS=200
Mon, 08 Apr 2019 14:02:06: INFO: 	KERNEL_SIZES=[3, 4, 5]
Mon, 08 Apr 2019 14:02:06: INFO: 	LEARNING_RATE=0.5
Mon, 08 Apr 2019 14:02:06: INFO: 	MAX_SEQ_LEN=50
Mon, 08 Apr 2019 14:02:06: INFO: 	MODEL=BiLSTM
Mon, 08 Apr 2019 14:02:06: INFO: 	NUM_CLASS=2
Mon, 08 Apr 2019 14:02:06: INFO: 	NUM_EPOCHS=100
Mon, 08 Apr 2019 14:02:06: INFO: 	NUM_LAYERS=2
Mon, 08 Apr 2019 14:02:06: INFO: 	OPTIMIZER=adam
Mon, 08 Apr 2019 14:02:06: INFO: 	PREDICTION_FILE=./predictions/htqe_test_comb.txt
Mon, 08 Apr 2019 14:02:06: INFO: 	PRETRAINED_EMBEDDINGS=./word2vec/wiki.en_zh.vec
Mon, 08 Apr 2019 14:02:06: INFO: 	PRETRAINED_WEIGHTS=tensor([[ 0.0046,  0.0888,  0.0158,  ..., -0.0273, -0.1007, -0.0268],
        [ 0.0251, -0.0196, -0.0162,  ..., -0.0461, -0.0057, -0.0458],
        [-0.0612,  0.0535,  0.0510,  ..., -0.0519, -0.0519,  0.0303],
        ...,
        [ 0.0589, -0.0052,  0.0559,  ..., -0.0680, -0.0167, -0.0721],
        [ 0.0123,  0.1188,  0.0238,  ...,  0.0436, -0.0385, -0.0500],
        [ 0.0000,  0.0000,  0.0000,  ...,  0.0000,  0.0000,  0.0000]])
Mon, 08 Apr 2019 14:02:06: INFO: 	RUN_LOG=umtqe_bilstm
Mon, 08 Apr 2019 14:02:06: INFO: 	SAVED_MODEL=./saved_models/cwmt.en_zh.pt
Mon, 08 Apr 2019 14:02:06: INFO: 	SEED_NUM=123
Mon, 08 Apr 2019 14:02:06: INFO: 	TEST=False
Mon, 08 Apr 2019 14:02:06: INFO: 	TEST_FILE=./data/htqe_test_comb.txt
Mon, 08 Apr 2019 14:02:06: INFO: 	TRAIN_FILE=./data/cwmt_train_comb.txt
Mon, 08 Apr 2019 14:02:06: INFO: 	USE_GPU=True
Mon, 08 Apr 2019 14:02:06: INFO: 	VOCAB_SIZE=44995
Mon, 08 Apr 2019 14:02:06: INFO: 	WEIGHT_DECAY=0.01
Mon, 08 Apr 2019 14:02:29: INFO: epoch: 1, train loss: 0.6900, train acc: 0.59, dev loss: 0.7094, dev acc: 0.09, time: 20.32
Mon, 08 Apr 2019 14:02:29: INFO: 
Evaluation - loss: 45.127051 Precision:0.0479 Recall:0.5000 Fscore:0.0869 acc: 6.0000%(267/44) 

Mon, 08 Apr 2019 14:02:33: INFO: epoch: 2, train loss: 0.6900, train acc: 0.59, dev loss: 0.7093, dev acc: 0.10, time: 4.19
Mon, 08 Apr 2019 14:02:34: INFO: 
Evaluation - loss: 45.127051 Precision:0.0477 Recall:0.5000 Fscore:0.0862 acc: 6.0000%(267/44) 

Mon, 08 Apr 2019 14:02:38: INFO: epoch: 3, train loss: 0.6899, train acc: 0.59, dev loss: 0.7094, dev acc: 0.10, time: 3.95
Mon, 08 Apr 2019 14:02:38: INFO: 
Evaluation - loss: 45.127052 Precision:0.0475 Recall:0.5000 Fscore:0.0858 acc: 6.0000%(267/44) 

Mon, 08 Apr 2019 14:02:42: INFO: epoch: 4, train loss: 0.6899, train acc: 0.59, dev loss: 0.7093, dev acc: 0.10, time: 4.00
Mon, 08 Apr 2019 14:02:42: INFO: 
Evaluation - loss: 45.127052 Precision:0.0477 Recall:0.5000 Fscore:0.0861 acc: 6.0000%(267/44) 

Mon, 08 Apr 2019 14:02:46: INFO: epoch: 5, train loss: 0.6899, train acc: 0.59, dev loss: 0.7093, dev acc: 0.10, time: 3.88
Mon, 08 Apr 2019 14:02:46: INFO: 
Evaluation - loss: 45.127052 Precision:0.0475 Recall:0.5000 Fscore:0.0855 acc: 6.0000%(267/44) 

Mon, 08 Apr 2019 14:02:50: INFO: epoch: 6, train loss: 0.6900, train acc: 0.59, dev loss: 0.7094, dev acc: 0.10, time: 3.97
Mon, 08 Apr 2019 14:02:50: INFO: 
Evaluation - loss: 45.127051 Precision:0.0475 Recall:0.5000 Fscore:0.0856 acc: 6.0000%(267/44) 

