Mon, 08 Apr 2019 09:36:42: INFO: running main.py --model=CNN --batch_size=64 --vocab_size=40000 --embed_dim=300 --in_channels=1 --kernel_sizes=345 --kernel_nums=200 --hidden_dim=100 --num_layers=2 --bidirectional=True --max_seq_len=50 --learning_rate=0.8 --num_epochs=100 --dropout=0.3 --num_class=2 --train_file=./data/cwmt_train_comb.txt --dev_file=./data/cwmt_dev_comb.txt --dev_file=./data/htqe_test_comb.txt --pretrained_embeddings=./word2vec/wiki.en_zh.vec --prediction_file=./predictions/cwmt.en_zh.preds --saved_model=./saved_models/cwmt.en_zh.pt --test=False --weight_decay=1e-3 --grad_clip=3e-1 --seed_num=123 --run_log=umtqe_cnn
Mon, 08 Apr 2019 09:36:42: INFO: 	BATCH_SIZE=64
Mon, 08 Apr 2019 09:36:42: INFO: 	BIDIRECTIONAL=True
Mon, 08 Apr 2019 09:36:42: INFO: 	DEV_FILE=./data/htqe_test_comb.txt
Mon, 08 Apr 2019 09:36:42: INFO: 	DROPOUT=0.3
Mon, 08 Apr 2019 09:36:42: INFO: 	EMBED_DIM=300
Mon, 08 Apr 2019 09:36:42: INFO: 	GRAD_CLIP=0.3
Mon, 08 Apr 2019 09:36:42: INFO: 	HIDDEN_DIM=100
Mon, 08 Apr 2019 09:36:42: INFO: 	IN_CHANNELS=1
Mon, 08 Apr 2019 09:36:42: INFO: 	KERNEL_NUMS=200
Mon, 08 Apr 2019 09:36:42: INFO: 	KERNEL_SIZES=['3', '4', '5']
Mon, 08 Apr 2019 09:36:42: INFO: 	LEARNING_RATE=0.8
Mon, 08 Apr 2019 09:36:42: INFO: 	MAX_SEQ_LEN=50
Mon, 08 Apr 2019 09:36:42: INFO: 	MODEL=CNN
Mon, 08 Apr 2019 09:36:42: INFO: 	NUM_CLASS=2
Mon, 08 Apr 2019 09:36:42: INFO: 	NUM_EPOCHS=100
Mon, 08 Apr 2019 09:36:42: INFO: 	NUM_LAYERS=2
Mon, 08 Apr 2019 09:36:42: INFO: 	OPTIMIZER=adam
Mon, 08 Apr 2019 09:36:42: INFO: 	PREDICTION_FILE=./predictions/cwmt.en_zh.preds
Mon, 08 Apr 2019 09:36:42: INFO: 	PRETRAINED_EMBEDDINGS=./word2vec/wiki.en_zh.vec
Mon, 08 Apr 2019 09:36:42: INFO: 	PRETRAINED_WEIGHTS=tensor([[ 0.0046,  0.0888,  0.0158,  ..., -0.0273, -0.1007, -0.0268],
        [-0.0254,  0.0348, -0.0219,  ...,  0.0007, -0.0950, -0.0030],
        [ 0.0034,  0.0520,  0.0178,  ...,  0.0610, -0.0586,  0.0461],
        ...,
        [ 0.0260, -0.0127,  0.0227,  ..., -0.0622,  0.0055, -0.0345],
        [-0.0161,  0.0417,  0.0137,  ..., -0.0383, -0.0314,  0.0450],
        [ 0.0890,  0.0320,  0.0589,  ..., -0.0540, -0.0013, -0.0878]])
Mon, 08 Apr 2019 09:36:42: INFO: 	RUN_LOG=umtqe_cnn
Mon, 08 Apr 2019 09:36:42: INFO: 	SAVED_MODEL=./saved_models/cwmt.en_zh.pt
Mon, 08 Apr 2019 09:36:42: INFO: 	SEED_NUM=123
Mon, 08 Apr 2019 09:36:42: INFO: 	STATIC=False
Mon, 08 Apr 2019 09:36:42: INFO: 	TEST=True
Mon, 08 Apr 2019 09:36:42: INFO: 	TEST_FILE=./data/htqe_test_comb.txt
Mon, 08 Apr 2019 09:36:42: INFO: 	TRAIN_FILE=./data/cwmt_train_comb.txt
Mon, 08 Apr 2019 09:36:42: INFO: 	USE_GPU=True
Mon, 08 Apr 2019 09:36:42: INFO: 	VOCAB_SIZE=44995
Mon, 08 Apr 2019 09:36:42: INFO: 	WEIGHT_DECAY=0.001
