Mon, 08 Apr 2019 11:27:39: INFO: running main.py --model=CNN --batch_size=64 --vocab_size=40000 --embed_dim=300 --in_channels=1 --kernel_sizes=345 --kernel_nums=200 --hidden_dim=100 --num_layers=2 --bidirectional=True --max_seq_len=50 --learning_rate=0.8 --num_epochs=100 --dropout=0.3 --num_class=2 --train_file=./data/cwmt_train_comb.txt --dev_file=./data/cwmt_dev_comb.txt --dev_file=./data/htqe_test_comb.txt --pretrained_embeddings=./word2vec/wiki.en_zh.vec --prediction_file=./predictions/htqe_test_comb.txt --saved_model=./saved_models/cwmt.en_zh.pt --test=False --weight_decay=1e-3 --grad_clip=3e-1 --seed_num=123 --run_log=umtqe_cnn
Mon, 08 Apr 2019 11:27:39: INFO: 	BATCH_SIZE=64
Mon, 08 Apr 2019 11:27:39: INFO: 	BIDIRECTIONAL=True
Mon, 08 Apr 2019 11:27:39: INFO: 	DEV_FILE=./data/htqe_test_comb.txt
Mon, 08 Apr 2019 11:27:39: INFO: 	DROPOUT=0.3
Mon, 08 Apr 2019 11:27:39: INFO: 	EMBED_DIM=300
Mon, 08 Apr 2019 11:27:39: INFO: 	GRAD_CLIP=0.3
Mon, 08 Apr 2019 11:27:39: INFO: 	HIDDEN_DIM=100
Mon, 08 Apr 2019 11:27:39: INFO: 	IN_CHANNELS=1
Mon, 08 Apr 2019 11:27:39: INFO: 	KERNEL_NUMS=200
Mon, 08 Apr 2019 11:27:39: INFO: 	KERNEL_SIZES=[3, 4, 5]
Mon, 08 Apr 2019 11:27:39: INFO: 	LEARNING_RATE=0.8
Mon, 08 Apr 2019 11:27:39: INFO: 	MAX_SEQ_LEN=50
Mon, 08 Apr 2019 11:27:39: INFO: 	MODEL=CNN
Mon, 08 Apr 2019 11:27:39: INFO: 	NUM_CLASS=2
Mon, 08 Apr 2019 11:27:39: INFO: 	NUM_EPOCHS=100
Mon, 08 Apr 2019 11:27:39: INFO: 	NUM_LAYERS=2
Mon, 08 Apr 2019 11:27:39: INFO: 	OPTIMIZER=adam
Mon, 08 Apr 2019 11:27:39: INFO: 	PREDICTION_FILE=./predictions/htqe_test_comb.txt
Mon, 08 Apr 2019 11:27:39: INFO: 	PRETRAINED_EMBEDDINGS=./word2vec/wiki.en_zh.vec
Mon, 08 Apr 2019 11:27:39: INFO: 	PRETRAINED_WEIGHTS=tensor([[ 0.0046,  0.0888,  0.0158,  ..., -0.0273, -0.1007, -0.0268],
        [-0.0438,  0.0297, -0.0182,  ..., -0.0403,  0.0336,  0.0188],
        [ 0.0233,  0.0416, -0.0448,  ..., -0.0961, -0.0620, -0.0034],
        ...,
        [ 0.0531,  0.0760,  0.0998,  ..., -0.0505, -0.1352, -0.0380],
        [-0.0866,  0.0258,  0.0160,  ...,  0.0028, -0.0563, -0.0050],
        [ 0.0123,  0.0996,  0.0312,  ..., -0.1369, -0.0935,  0.0021]])
Mon, 08 Apr 2019 11:27:39: INFO: 	RUN_LOG=umtqe_cnn
Mon, 08 Apr 2019 11:27:39: INFO: 	SAVED_MODEL=./saved_models/cwmt.en_zh.pt
Mon, 08 Apr 2019 11:27:39: INFO: 	SEED_NUM=123
Mon, 08 Apr 2019 11:27:39: INFO: 	TEST=False
Mon, 08 Apr 2019 11:27:39: INFO: 	TEST_FILE=./data/htqe_test_comb.txt
Mon, 08 Apr 2019 11:27:39: INFO: 	TRAIN_FILE=./data/cwmt_train_comb.txt
Mon, 08 Apr 2019 11:27:39: INFO: 	USE_GPU=True
Mon, 08 Apr 2019 11:27:39: INFO: 	VOCAB_SIZE=44995
Mon, 08 Apr 2019 11:27:39: INFO: 	WEIGHT_DECAY=0.001
Mon, 08 Apr 2019 11:27:59: INFO: epoch: 1, train loss: 0.6904, train acc: 0.58, dev loss: 0.7072, dev acc: 0.13, time: 17.30
