Mon, 08 Apr 2019 20:09:00: INFO: running main.py --model=CNN_BiLSTM --optimizer=sgd --batch_size=64 --vocab_size=40000 --embed_dim=300 --in_channels=1 --kernel_sizes=123 --kernel_nums=200 --hidden_dim=100 --num_layers=2 --bidirectional=True --max_seq_len=50 --learning_rate=0.001 --num_epochs=100 --dropout=0.3 --num_class=2 --train_file=./data/cwmt_train_comb.txt --dev_file=./data/cwmt_dev_comb.txt --dev_file=./data/htqe_test_comb.txt --pretrained_embeddings=./word2vec/wiki.en_zh.vec --prediction_file=./predictions/htqe_test_comb_bilstm.txt --saved_model=./saved_models/cwmt.en_zh.pt --test=False --weight_decay=0.0 --grad_clip=0.0 --momentum=0.0 --seed_num=123 --scheduler=steplr --run_log=umtqe_cnnbilstm
Mon, 08 Apr 2019 20:09:00: INFO: 	BATCH_SIZE=64
Mon, 08 Apr 2019 20:09:00: INFO: 	BIDIRECTIONAL=True
Mon, 08 Apr 2019 20:09:00: INFO: 	DEV_FILE=./data/htqe_test_comb.txt
Mon, 08 Apr 2019 20:09:00: INFO: 	DROPOUT=0.3
Mon, 08 Apr 2019 20:09:00: INFO: 	EMBED_DIM=300
Mon, 08 Apr 2019 20:09:00: INFO: 	GRAD_CLIP=0.0
Mon, 08 Apr 2019 20:09:00: INFO: 	HIDDEN_DIM=100
Mon, 08 Apr 2019 20:09:00: INFO: 	IN_CHANNELS=1
Mon, 08 Apr 2019 20:09:00: INFO: 	KERNEL_NUMS=200
Mon, 08 Apr 2019 20:09:00: INFO: 	KERNEL_SIZES=[1, 2, 3]
Mon, 08 Apr 2019 20:09:00: INFO: 	LEARNING_RATE=0.001
Mon, 08 Apr 2019 20:09:00: INFO: 	MAX_SEQ_LEN=50
Mon, 08 Apr 2019 20:09:00: INFO: 	MODEL=CNN_BiLSTM
Mon, 08 Apr 2019 20:09:00: INFO: 	MOMENTUM=0.0
Mon, 08 Apr 2019 20:09:00: INFO: 	NUM_CLASS=2
Mon, 08 Apr 2019 20:09:00: INFO: 	NUM_EPOCHS=100
Mon, 08 Apr 2019 20:09:00: INFO: 	NUM_LAYERS=2
Mon, 08 Apr 2019 20:09:00: INFO: 	OPTIMIZER=sgd
Mon, 08 Apr 2019 20:09:00: INFO: 	PREDICTION_FILE=./predictions/htqe_test_comb_bilstm.txt
Mon, 08 Apr 2019 20:09:00: INFO: 	PRETRAINED_EMBEDDINGS=./word2vec/wiki.en_zh.vec
Mon, 08 Apr 2019 20:09:00: INFO: 	PRETRAINED_WEIGHTS=tensor([[ 0.0046,  0.0888,  0.0158,  ..., -0.0273, -0.1007, -0.0268],
        [ 0.0000,  0.0000,  0.0000,  ...,  0.0000,  0.0000,  0.0000],
        [ 0.0000,  0.0000,  0.0000,  ...,  0.0000,  0.0000,  0.0000],
        ...,
        [ 0.0829, -0.0019,  0.0182,  ..., -0.0513, -0.0950, -0.0457],
        [-0.0005,  0.0226,  0.1006,  ..., -0.0601,  0.0005, -0.0786],
        [-0.0744, -0.0019, -0.0005,  ..., -0.0025, -0.0331,  0.0558]])
Mon, 08 Apr 2019 20:09:00: INFO: 	RUN_LOG=umtqe_cnnbilstm
Mon, 08 Apr 2019 20:09:00: INFO: 	SAVED_MODEL=./saved_models/cwmt.en_zh.pt
Mon, 08 Apr 2019 20:09:00: INFO: 	SCHEDULER=steplr
Mon, 08 Apr 2019 20:09:00: INFO: 	SEED_NUM=123
Mon, 08 Apr 2019 20:09:00: INFO: 	TEST=False
Mon, 08 Apr 2019 20:09:00: INFO: 	TEST_FILE=./data/htqe_test_comb.txt
Mon, 08 Apr 2019 20:09:00: INFO: 	TRAIN_FILE=./data/cwmt_train_comb.txt
Mon, 08 Apr 2019 20:09:00: INFO: 	USE_GPU=True
Mon, 08 Apr 2019 20:09:00: INFO: 	VOCAB_SIZE=44995
Mon, 08 Apr 2019 20:09:00: INFO: 	WEIGHT_DECAY=0.0
Mon, 08 Apr 2019 20:09:23: INFO: epoch: 1, train loss: 0.6967, train acc: 0.41, dev loss: 0.6767, dev acc: 0.89, time: 20.19
Mon, 08 Apr 2019 20:09:23: INFO: 
Evaluation - loss: 43.052241 Precision:0.9048 Recall:0.9048 Fscore:0.9048 acc: 0.9046%(2532/2799) 

Mon, 08 Apr 2019 20:09:27: INFO: epoch: 2, train loss: 0.6966, train acc: 0.42, dev loss: 0.6765, dev acc: 0.89, time: 3.16
Mon, 08 Apr 2019 20:09:27: INFO: 
Evaluation - loss: 43.052242 Precision:0.9049 Recall:0.9049 Fscore:0.9049 acc: 0.9046%(2532/2799) 

Mon, 08 Apr 2019 20:09:30: INFO: epoch: 3, train loss: 0.6967, train acc: 0.41, dev loss: 0.6767, dev acc: 0.89, time: 3.42
Mon, 08 Apr 2019 20:09:31: INFO: 
Evaluation - loss: 43.052242 Precision:0.9048 Recall:0.9048 Fscore:0.9048 acc: 0.9046%(2532/2799) 

Mon, 08 Apr 2019 20:09:34: INFO: epoch: 4, train loss: 0.6968, train acc: 0.41, dev loss: 0.6767, dev acc: 0.89, time: 3.17
Mon, 08 Apr 2019 20:09:34: INFO: 
Evaluation - loss: 43.052243 Precision:0.9048 Recall:0.9048 Fscore:0.9048 acc: 0.9046%(2532/2799) 

Mon, 08 Apr 2019 20:09:37: INFO: epoch: 5, train loss: 0.6968, train acc: 0.41, dev loss: 0.6769, dev acc: 0.89, time: 3.13
Mon, 08 Apr 2019 20:09:38: INFO: 
Evaluation - loss: 43.052242 Precision:0.9047 Recall:0.9047 Fscore:0.9047 acc: 0.9046%(2532/2799) 

Mon, 08 Apr 2019 20:09:41: INFO: epoch: 6, train loss: 0.6967, train acc: 0.42, dev loss: 0.6768, dev acc: 0.88, time: 3.37
Mon, 08 Apr 2019 20:09:41: INFO: 
Evaluation - loss: 43.052242 Precision:0.9043 Recall:0.9043 Fscore:0.9043 acc: 0.9046%(2532/2799) 

Mon, 08 Apr 2019 20:09:45: INFO: epoch: 7, train loss: 0.6966, train acc: 0.42, dev loss: 0.6769, dev acc: 0.89, time: 3.33
Mon, 08 Apr 2019 20:09:45: INFO: 
Evaluation - loss: 43.052241 Precision:0.9042 Recall:0.9042 Fscore:0.9042 acc: 0.9046%(2532/2799) 

Mon, 08 Apr 2019 20:09:48: INFO: epoch: 8, train loss: 0.6967, train acc: 0.41, dev loss: 0.6767, dev acc: 0.89, time: 3.46
Mon, 08 Apr 2019 20:09:49: INFO: 
Evaluation - loss: 43.052242 Precision:0.9044 Recall:0.9044 Fscore:0.9044 acc: 0.9046%(2532/2799) 

Mon, 08 Apr 2019 20:09:52: INFO: epoch: 9, train loss: 0.6966, train acc: 0.42, dev loss: 0.6769, dev acc: 0.89, time: 3.11
Mon, 08 Apr 2019 20:09:52: INFO: 
Evaluation - loss: 43.052243 Precision:0.9047 Recall:0.9047 Fscore:0.9047 acc: 0.9046%(2532/2799) 

Mon, 08 Apr 2019 20:09:55: INFO: epoch: 10, train loss: 0.6968, train acc: 0.41, dev loss: 0.6766, dev acc: 0.89, time: 2.90
Mon, 08 Apr 2019 20:09:55: INFO: 
Evaluation - loss: 43.052243 Precision:0.9047 Recall:0.9047 Fscore:0.9047 acc: 0.9046%(2532/2799) 

Mon, 08 Apr 2019 20:09:58: INFO: epoch: 11, train loss: 0.6967, train acc: 0.42, dev loss: 0.6772, dev acc: 0.89, time: 3.11
Mon, 08 Apr 2019 20:09:59: INFO: 
Evaluation - loss: 43.052243 Precision:0.9051 Recall:0.9051 Fscore:0.9051 acc: 0.9046%(2532/2799) 

Mon, 08 Apr 2019 20:10:02: INFO: epoch: 12, train loss: 0.6966, train acc: 0.42, dev loss: 0.6770, dev acc: 0.89, time: 3.34
Mon, 08 Apr 2019 20:10:02: INFO: 
Evaluation - loss: 43.052242 Precision:0.9047 Recall:0.9047 Fscore:0.9047 acc: 0.9046%(2532/2799) 

Mon, 08 Apr 2019 20:10:06: INFO: epoch: 13, train loss: 0.6967, train acc: 0.42, dev loss: 0.6767, dev acc: 0.89, time: 3.29
Mon, 08 Apr 2019 20:10:06: INFO: 
Evaluation - loss: 43.052243 Precision:0.9048 Recall:0.9048 Fscore:0.9048 acc: 0.9046%(2532/2799) 

Mon, 08 Apr 2019 20:10:09: INFO: epoch: 14, train loss: 0.6967, train acc: 0.41, dev loss: 0.6766, dev acc: 0.89, time: 3.05
Mon, 08 Apr 2019 20:10:09: INFO: 
Evaluation - loss: 43.052242 Precision:0.9043 Recall:0.9043 Fscore:0.9043 acc: 0.9046%(2532/2799) 

Mon, 08 Apr 2019 20:10:12: INFO: epoch: 15, train loss: 0.6966, train acc: 0.41, dev loss: 0.6770, dev acc: 0.88, time: 3.28
Mon, 08 Apr 2019 20:10:13: INFO: 
Evaluation - loss: 43.052243 Precision:0.9048 Recall:0.9048 Fscore:0.9048 acc: 0.9046%(2532/2799) 

Mon, 08 Apr 2019 20:10:16: INFO: epoch: 16, train loss: 0.6966, train acc: 0.42, dev loss: 0.6768, dev acc: 0.89, time: 3.28
Mon, 08 Apr 2019 20:10:16: INFO: 
Evaluation - loss: 43.052243 Precision:0.9051 Recall:0.9051 Fscore:0.9051 acc: 0.9046%(2532/2799) 

Mon, 08 Apr 2019 20:10:20: INFO: epoch: 17, train loss: 0.6968, train acc: 0.41, dev loss: 0.6770, dev acc: 0.89, time: 3.37
Mon, 08 Apr 2019 20:10:20: INFO: 
Evaluation - loss: 43.052243 Precision:0.9048 Recall:0.9048 Fscore:0.9048 acc: 0.9046%(2532/2799) 

Mon, 08 Apr 2019 20:10:23: INFO: epoch: 18, train loss: 0.6969, train acc: 0.41, dev loss: 0.6770, dev acc: 0.88, time: 3.10
Mon, 08 Apr 2019 20:10:23: INFO: 
Evaluation - loss: 43.052242 Precision:0.9042 Recall:0.9042 Fscore:0.9042 acc: 0.9046%(2532/2799) 

Mon, 08 Apr 2019 20:10:27: INFO: epoch: 19, train loss: 0.6967, train acc: 0.41, dev loss: 0.6767, dev acc: 0.88, time: 3.37
Mon, 08 Apr 2019 20:10:27: INFO: 
Evaluation - loss: 43.052242 Precision:0.9045 Recall:0.9045 Fscore:0.9045 acc: 0.9046%(2532/2799) 

Mon, 08 Apr 2019 20:10:30: INFO: epoch: 20, train loss: 0.6967, train acc: 0.42, dev loss: 0.6769, dev acc: 0.89, time: 3.07
Mon, 08 Apr 2019 20:10:30: INFO: 
Evaluation - loss: 43.052243 Precision:0.9042 Recall:0.9042 Fscore:0.9042 acc: 0.9046%(2532/2799) 

Mon, 08 Apr 2019 20:10:34: INFO: epoch: 21, train loss: 0.6967, train acc: 0.41, dev loss: 0.6770, dev acc: 0.89, time: 3.40
Mon, 08 Apr 2019 20:10:34: INFO: 
Evaluation - loss: 43.052242 Precision:0.9049 Recall:0.9049 Fscore:0.9049 acc: 0.9046%(2532/2799) 

Mon, 08 Apr 2019 20:10:38: INFO: epoch: 22, train loss: 0.6967, train acc: 0.41, dev loss: 0.6768, dev acc: 0.89, time: 3.44
Mon, 08 Apr 2019 20:10:38: INFO: 
Evaluation - loss: 43.052243 Precision:0.9045 Recall:0.9045 Fscore:0.9045 acc: 0.9046%(2532/2799) 

Mon, 08 Apr 2019 20:10:41: INFO: epoch: 23, train loss: 0.6966, train acc: 0.41, dev loss: 0.6767, dev acc: 0.88, time: 3.44
Mon, 08 Apr 2019 20:10:42: INFO: 
Evaluation - loss: 43.052242 Precision:0.9042 Recall:0.9042 Fscore:0.9042 acc: 0.9046%(2532/2799) 

Mon, 08 Apr 2019 20:10:45: INFO: epoch: 24, train loss: 0.6966, train acc: 0.41, dev loss: 0.6768, dev acc: 0.88, time: 3.15
Mon, 08 Apr 2019 20:10:45: INFO: 
Evaluation - loss: 43.052242 Precision:0.9049 Recall:0.9049 Fscore:0.9049 acc: 0.9046%(2532/2799) 

Mon, 08 Apr 2019 20:10:48: INFO: epoch: 25, train loss: 0.6967, train acc: 0.41, dev loss: 0.6767, dev acc: 0.89, time: 2.85
Mon, 08 Apr 2019 20:10:48: INFO: 
Evaluation - loss: 43.052242 Precision:0.9044 Recall:0.9044 Fscore:0.9044 acc: 0.9046%(2532/2799) 

Mon, 08 Apr 2019 20:10:51: INFO: epoch: 26, train loss: 0.6967, train acc: 0.42, dev loss: 0.6768, dev acc: 0.88, time: 3.06
Mon, 08 Apr 2019 20:10:52: INFO: 
Evaluation - loss: 43.052243 Precision:0.9049 Recall:0.9049 Fscore:0.9049 acc: 0.9046%(2532/2799) 

Mon, 08 Apr 2019 20:10:54: INFO: epoch: 27, train loss: 0.6966, train acc: 0.42, dev loss: 0.6765, dev acc: 0.89, time: 2.84
Mon, 08 Apr 2019 20:10:55: INFO: 
Evaluation - loss: 43.052242 Precision:0.9043 Recall:0.9043 Fscore:0.9043 acc: 0.9046%(2532/2799) 

Mon, 08 Apr 2019 20:10:58: INFO: epoch: 28, train loss: 0.6967, train acc: 0.41, dev loss: 0.6771, dev acc: 0.89, time: 3.26
Mon, 08 Apr 2019 20:10:58: INFO: 
Evaluation - loss: 43.052242 Precision:0.9040 Recall:0.9040 Fscore:0.9040 acc: 0.9046%(2532/2799) 

Mon, 08 Apr 2019 20:11:02: INFO: epoch: 29, train loss: 0.6967, train acc: 0.41, dev loss: 0.6765, dev acc: 0.89, time: 3.37
Mon, 08 Apr 2019 20:11:02: INFO: 
Evaluation - loss: 43.052242 Precision:0.9049 Recall:0.9049 Fscore:0.9049 acc: 0.9046%(2532/2799) 

Mon, 08 Apr 2019 20:11:05: INFO: epoch: 30, train loss: 0.6968, train acc: 0.41, dev loss: 0.6768, dev acc: 0.89, time: 3.36
Mon, 08 Apr 2019 20:11:06: INFO: 
Evaluation - loss: 43.052243 Precision:0.9044 Recall:0.9044 Fscore:0.9044 acc: 0.9046%(2532/2799) 

Mon, 08 Apr 2019 20:11:09: INFO: epoch: 31, train loss: 0.6967, train acc: 0.41, dev loss: 0.6769, dev acc: 0.88, time: 3.42
Mon, 08 Apr 2019 20:11:09: INFO: 
Evaluation - loss: 43.052242 Precision:0.9047 Recall:0.9047 Fscore:0.9047 acc: 0.9046%(2532/2799) 

Mon, 08 Apr 2019 20:11:13: INFO: epoch: 32, train loss: 0.6967, train acc: 0.42, dev loss: 0.6768, dev acc: 0.89, time: 3.38
Mon, 08 Apr 2019 20:11:13: INFO: 
Evaluation - loss: 43.052243 Precision:0.9048 Recall:0.9048 Fscore:0.9048 acc: 0.9046%(2532/2799) 

Mon, 08 Apr 2019 20:11:16: INFO: epoch: 33, train loss: 0.6967, train acc: 0.41, dev loss: 0.6769, dev acc: 0.89, time: 3.11
Mon, 08 Apr 2019 20:11:16: INFO: 
Evaluation - loss: 43.052243 Precision:0.9047 Recall:0.9047 Fscore:0.9047 acc: 0.9046%(2532/2799) 

Mon, 08 Apr 2019 20:11:20: INFO: epoch: 34, train loss: 0.6967, train acc: 0.42, dev loss: 0.6767, dev acc: 0.89, time: 3.36
Mon, 08 Apr 2019 20:11:20: INFO: 
Evaluation - loss: 43.052242 Precision:0.9045 Recall:0.9045 Fscore:0.9045 acc: 0.9046%(2532/2799) 

Mon, 08 Apr 2019 20:11:23: INFO: epoch: 35, train loss: 0.6967, train acc: 0.41, dev loss: 0.6768, dev acc: 0.89, time: 3.33
Mon, 08 Apr 2019 20:11:24: INFO: 
Evaluation - loss: 43.052241 Precision:0.9047 Recall:0.9047 Fscore:0.9047 acc: 0.9046%(2532/2799) 

Mon, 08 Apr 2019 20:11:27: INFO: epoch: 36, train loss: 0.6967, train acc: 0.41, dev loss: 0.6765, dev acc: 0.89, time: 3.38
Mon, 08 Apr 2019 20:11:27: INFO: 
Evaluation - loss: 43.052241 Precision:0.9048 Recall:0.9048 Fscore:0.9048 acc: 0.9046%(2532/2799) 

Mon, 08 Apr 2019 20:11:31: INFO: epoch: 37, train loss: 0.6967, train acc: 0.41, dev loss: 0.6766, dev acc: 0.89, time: 3.31
Mon, 08 Apr 2019 20:11:31: INFO: 
Evaluation - loss: 43.052241 Precision:0.9044 Recall:0.9044 Fscore:0.9044 acc: 0.9046%(2532/2799) 

Mon, 08 Apr 2019 20:11:34: INFO: epoch: 38, train loss: 0.6967, train acc: 0.41, dev loss: 0.6768, dev acc: 0.88, time: 3.30
Mon, 08 Apr 2019 20:11:35: INFO: 
Evaluation - loss: 43.052242 Precision:0.9049 Recall:0.9049 Fscore:0.9049 acc: 0.9046%(2532/2799) 

Mon, 08 Apr 2019 20:11:38: INFO: epoch: 39, train loss: 0.6967, train acc: 0.42, dev loss: 0.6771, dev acc: 0.89, time: 3.42
Mon, 08 Apr 2019 20:11:38: INFO: 
Evaluation - loss: 43.052243 Precision:0.9043 Recall:0.9043 Fscore:0.9043 acc: 0.9046%(2532/2799) 

Mon, 08 Apr 2019 20:11:42: INFO: epoch: 40, train loss: 0.6965, train acc: 0.42, dev loss: 0.6768, dev acc: 0.89, time: 3.26
Mon, 08 Apr 2019 20:11:42: INFO: 
Evaluation - loss: 43.052242 Precision:0.9045 Recall:0.9045 Fscore:0.9045 acc: 0.9046%(2532/2799) 

Mon, 08 Apr 2019 20:11:45: INFO: epoch: 41, train loss: 0.6967, train acc: 0.42, dev loss: 0.6769, dev acc: 0.88, time: 3.45
Mon, 08 Apr 2019 20:11:46: INFO: 
Evaluation - loss: 43.052242 Precision:0.9044 Recall:0.9044 Fscore:0.9044 acc: 0.9046%(2532/2799) 

Mon, 08 Apr 2019 20:11:49: INFO: epoch: 42, train loss: 0.6967, train acc: 0.41, dev loss: 0.6771, dev acc: 0.89, time: 2.85
Mon, 08 Apr 2019 20:11:49: INFO: 
Evaluation - loss: 43.052242 Precision:0.9047 Recall:0.9047 Fscore:0.9047 acc: 0.9046%(2532/2799) 

Mon, 08 Apr 2019 20:11:52: INFO: epoch: 43, train loss: 0.6968, train acc: 0.42, dev loss: 0.6770, dev acc: 0.89, time: 3.00
Mon, 08 Apr 2019 20:11:52: INFO: 
Evaluation - loss: 43.052242 Precision:0.9044 Recall:0.9044 Fscore:0.9044 acc: 0.9046%(2532/2799) 

Mon, 08 Apr 2019 20:11:56: INFO: epoch: 44, train loss: 0.6968, train acc: 0.41, dev loss: 0.6770, dev acc: 0.89, time: 3.42
Mon, 08 Apr 2019 20:11:56: INFO: 
Evaluation - loss: 43.052242 Precision:0.9043 Recall:0.9043 Fscore:0.9043 acc: 0.9046%(2532/2799) 

Mon, 08 Apr 2019 20:11:59: INFO: epoch: 45, train loss: 0.6968, train acc: 0.41, dev loss: 0.6768, dev acc: 0.89, time: 3.01
Mon, 08 Apr 2019 20:11:59: INFO: 
Evaluation - loss: 43.052243 Precision:0.9048 Recall:0.9048 Fscore:0.9048 acc: 0.9046%(2532/2799) 

Mon, 08 Apr 2019 20:12:02: INFO: epoch: 46, train loss: 0.6967, train acc: 0.41, dev loss: 0.6767, dev acc: 0.89, time: 2.85
Mon, 08 Apr 2019 20:12:02: INFO: 
Evaluation - loss: 43.052242 Precision:0.9048 Recall:0.9048 Fscore:0.9048 acc: 0.9046%(2532/2799) 

Mon, 08 Apr 2019 20:12:05: INFO: epoch: 47, train loss: 0.6966, train acc: 0.42, dev loss: 0.6769, dev acc: 0.89, time: 2.85
Mon, 08 Apr 2019 20:12:05: INFO: 
Evaluation - loss: 43.052241 Precision:0.9044 Recall:0.9044 Fscore:0.9044 acc: 0.9046%(2532/2799) 

Mon, 08 Apr 2019 20:12:09: INFO: epoch: 48, train loss: 0.6967, train acc: 0.41, dev loss: 0.6770, dev acc: 0.88, time: 3.19
Mon, 08 Apr 2019 20:12:09: INFO: 
Evaluation - loss: 43.052243 Precision:0.9047 Recall:0.9047 Fscore:0.9047 acc: 0.9046%(2532/2799) 

Mon, 08 Apr 2019 20:12:12: INFO: epoch: 49, train loss: 0.6966, train acc: 0.41, dev loss: 0.6769, dev acc: 0.89, time: 3.13
Mon, 08 Apr 2019 20:12:12: INFO: 
Evaluation - loss: 43.052241 Precision:0.9051 Recall:0.9051 Fscore:0.9051 acc: 0.9046%(2532/2799) 

Mon, 08 Apr 2019 20:12:15: INFO: epoch: 50, train loss: 0.6967, train acc: 0.41, dev loss: 0.6768, dev acc: 0.89, time: 2.93
Mon, 08 Apr 2019 20:12:16: INFO: 
Evaluation - loss: 43.052242 Precision:0.9043 Recall:0.9043 Fscore:0.9043 acc: 0.9046%(2532/2799) 

Mon, 08 Apr 2019 20:12:19: INFO: epoch: 51, train loss: 0.6965, train acc: 0.42, dev loss: 0.6772, dev acc: 0.88, time: 3.12
Mon, 08 Apr 2019 20:12:19: INFO: 
Evaluation - loss: 43.052243 Precision:0.9044 Recall:0.9044 Fscore:0.9044 acc: 0.9046%(2532/2799) 

Mon, 08 Apr 2019 20:12:22: INFO: epoch: 52, train loss: 0.6966, train acc: 0.42, dev loss: 0.6767, dev acc: 0.89, time: 3.22
Mon, 08 Apr 2019 20:12:23: INFO: 
Evaluation - loss: 43.052242 Precision:0.9047 Recall:0.9047 Fscore:0.9047 acc: 0.9046%(2532/2799) 

Mon, 08 Apr 2019 20:12:25: INFO: epoch: 53, train loss: 0.6967, train acc: 0.41, dev loss: 0.6769, dev acc: 0.89, time: 2.89
Mon, 08 Apr 2019 20:12:26: INFO: 
Evaluation - loss: 43.052242 Precision:0.9047 Recall:0.9047 Fscore:0.9047 acc: 0.9046%(2532/2799) 

Mon, 08 Apr 2019 20:12:29: INFO: epoch: 54, train loss: 0.6967, train acc: 0.41, dev loss: 0.6767, dev acc: 0.89, time: 3.48
Mon, 08 Apr 2019 20:12:30: INFO: 
Evaluation - loss: 43.052242 Precision:0.9045 Recall:0.9045 Fscore:0.9045 acc: 0.9046%(2532/2799) 

Mon, 08 Apr 2019 20:12:32: INFO: epoch: 55, train loss: 0.6967, train acc: 0.41, dev loss: 0.6768, dev acc: 0.89, time: 2.84
Mon, 08 Apr 2019 20:12:33: INFO: 
Evaluation - loss: 43.052243 Precision:0.9048 Recall:0.9048 Fscore:0.9048 acc: 0.9046%(2532/2799) 

Mon, 08 Apr 2019 20:12:36: INFO: epoch: 56, train loss: 0.6965, train acc: 0.42, dev loss: 0.6766, dev acc: 0.89, time: 2.84
Mon, 08 Apr 2019 20:12:36: INFO: 
Evaluation - loss: 43.052242 Precision:0.9049 Recall:0.9049 Fscore:0.9049 acc: 0.9046%(2532/2799) 

Mon, 08 Apr 2019 20:12:39: INFO: epoch: 57, train loss: 0.6968, train acc: 0.41, dev loss: 0.6765, dev acc: 0.89, time: 3.01
Mon, 08 Apr 2019 20:12:39: INFO: 
Evaluation - loss: 43.052242 Precision:0.9040 Recall:0.9040 Fscore:0.9040 acc: 0.9046%(2532/2799) 

Mon, 08 Apr 2019 20:12:42: INFO: epoch: 58, train loss: 0.6967, train acc: 0.41, dev loss: 0.6768, dev acc: 0.88, time: 2.85
Mon, 08 Apr 2019 20:12:42: INFO: 
Evaluation - loss: 43.052242 Precision:0.9047 Recall:0.9047 Fscore:0.9047 acc: 0.9046%(2532/2799) 

Mon, 08 Apr 2019 20:12:45: INFO: epoch: 59, train loss: 0.6966, train acc: 0.41, dev loss: 0.6765, dev acc: 0.89, time: 2.84
Mon, 08 Apr 2019 20:12:45: INFO: 
Evaluation - loss: 43.052243 Precision:0.9048 Recall:0.9048 Fscore:0.9048 acc: 0.9046%(2532/2799) 

Mon, 08 Apr 2019 20:12:48: INFO: epoch: 60, train loss: 0.6967, train acc: 0.41, dev loss: 0.6769, dev acc: 0.88, time: 2.88
Mon, 08 Apr 2019 20:12:49: INFO: 
Evaluation - loss: 43.052242 Precision:0.9047 Recall:0.9047 Fscore:0.9047 acc: 0.9046%(2532/2799) 

Mon, 08 Apr 2019 20:12:52: INFO: epoch: 61, train loss: 0.6968, train acc: 0.42, dev loss: 0.6768, dev acc: 0.89, time: 3.37
Mon, 08 Apr 2019 20:12:52: INFO: 
Evaluation - loss: 43.052243 Precision:0.9051 Recall:0.9051 Fscore:0.9051 acc: 0.9046%(2532/2799) 

Mon, 08 Apr 2019 20:12:56: INFO: epoch: 62, train loss: 0.6967, train acc: 0.42, dev loss: 0.6770, dev acc: 0.89, time: 3.39
Mon, 08 Apr 2019 20:12:56: INFO: 
Evaluation - loss: 43.052241 Precision:0.9047 Recall:0.9047 Fscore:0.9047 acc: 0.9046%(2532/2799) 

Mon, 08 Apr 2019 20:12:59: INFO: epoch: 63, train loss: 0.6967, train acc: 0.41, dev loss: 0.6769, dev acc: 0.89, time: 3.24
Mon, 08 Apr 2019 20:13:00: INFO: 
Evaluation - loss: 43.052242 Precision:0.9052 Recall:0.9052 Fscore:0.9052 acc: 0.9046%(2532/2799) 

Mon, 08 Apr 2019 20:13:03: INFO: epoch: 64, train loss: 0.6966, train acc: 0.42, dev loss: 0.6771, dev acc: 0.88, time: 3.22
Mon, 08 Apr 2019 20:13:03: INFO: 
Evaluation - loss: 43.052241 Precision:0.9048 Recall:0.9048 Fscore:0.9048 acc: 0.9046%(2532/2799) 

Mon, 08 Apr 2019 20:13:06: INFO: epoch: 65, train loss: 0.6966, train acc: 0.41, dev loss: 0.6771, dev acc: 0.89, time: 3.21
Mon, 08 Apr 2019 20:13:07: INFO: 
Evaluation - loss: 43.052243 Precision:0.9044 Recall:0.9044 Fscore:0.9044 acc: 0.9046%(2532/2799) 

Mon, 08 Apr 2019 20:13:10: INFO: epoch: 66, train loss: 0.6967, train acc: 0.42, dev loss: 0.6769, dev acc: 0.88, time: 3.48
Mon, 08 Apr 2019 20:13:10: INFO: 
Evaluation - loss: 43.052241 Precision:0.9045 Recall:0.9045 Fscore:0.9045 acc: 0.9046%(2532/2799) 

Mon, 08 Apr 2019 20:13:14: INFO: epoch: 67, train loss: 0.6967, train acc: 0.41, dev loss: 0.6768, dev acc: 0.89, time: 3.12
Mon, 08 Apr 2019 20:13:14: INFO: 
Evaluation - loss: 43.052243 Precision:0.9048 Recall:0.9048 Fscore:0.9048 acc: 0.9046%(2532/2799) 

Mon, 08 Apr 2019 20:13:17: INFO: epoch: 68, train loss: 0.6968, train acc: 0.41, dev loss: 0.6769, dev acc: 0.89, time: 3.26
Mon, 08 Apr 2019 20:13:17: INFO: 
Evaluation - loss: 43.052243 Precision:0.9048 Recall:0.9048 Fscore:0.9048 acc: 0.9046%(2532/2799) 

Mon, 08 Apr 2019 20:13:20: INFO: epoch: 69, train loss: 0.6967, train acc: 0.41, dev loss: 0.6769, dev acc: 0.88, time: 2.88
Mon, 08 Apr 2019 20:13:21: INFO: 
Evaluation - loss: 43.052243 Precision:0.9048 Recall:0.9048 Fscore:0.9048 acc: 0.9046%(2532/2799) 

Mon, 08 Apr 2019 20:13:24: INFO: epoch: 70, train loss: 0.6967, train acc: 0.42, dev loss: 0.6767, dev acc: 0.89, time: 3.21
Mon, 08 Apr 2019 20:13:24: INFO: 
Evaluation - loss: 43.052241 Precision:0.9048 Recall:0.9048 Fscore:0.9048 acc: 0.9046%(2532/2799) 

Mon, 08 Apr 2019 20:13:27: INFO: epoch: 71, train loss: 0.6966, train acc: 0.42, dev loss: 0.6764, dev acc: 0.89, time: 3.11
Mon, 08 Apr 2019 20:13:27: INFO: 
Evaluation - loss: 43.052242 Precision:0.9045 Recall:0.9045 Fscore:0.9045 acc: 0.9046%(2532/2799) 

Mon, 08 Apr 2019 20:13:31: INFO: epoch: 72, train loss: 0.6967, train acc: 0.42, dev loss: 0.6769, dev acc: 0.88, time: 3.13
Mon, 08 Apr 2019 20:13:31: INFO: 
Evaluation - loss: 43.052242 Precision:0.9047 Recall:0.9047 Fscore:0.9047 acc: 0.9046%(2532/2799) 

Mon, 08 Apr 2019 20:13:34: INFO: epoch: 73, train loss: 0.6966, train acc: 0.41, dev loss: 0.6772, dev acc: 0.89, time: 3.40
Mon, 08 Apr 2019 20:13:35: INFO: 
Evaluation - loss: 43.052241 Precision:0.9044 Recall:0.9044 Fscore:0.9044 acc: 0.9046%(2532/2799) 

Mon, 08 Apr 2019 20:13:37: INFO: epoch: 74, train loss: 0.6966, train acc: 0.42, dev loss: 0.6771, dev acc: 0.88, time: 2.84
Mon, 08 Apr 2019 20:13:38: INFO: 
Evaluation - loss: 43.052242 Precision:0.9044 Recall:0.9044 Fscore:0.9044 acc: 0.9046%(2532/2799) 

Mon, 08 Apr 2019 20:13:41: INFO: epoch: 75, train loss: 0.6968, train acc: 0.41, dev loss: 0.6766, dev acc: 0.89, time: 2.86
Mon, 08 Apr 2019 20:13:41: INFO: 
Evaluation - loss: 43.052242 Precision:0.9047 Recall:0.9047 Fscore:0.9047 acc: 0.9046%(2532/2799) 

Mon, 08 Apr 2019 20:13:44: INFO: epoch: 76, train loss: 0.6969, train acc: 0.41, dev loss: 0.6765, dev acc: 0.89, time: 2.86
Mon, 08 Apr 2019 20:13:44: INFO: 
Evaluation - loss: 43.052243 Precision:0.9047 Recall:0.9047 Fscore:0.9047 acc: 0.9046%(2532/2799) 

Mon, 08 Apr 2019 20:13:47: INFO: epoch: 77, train loss: 0.6966, train acc: 0.41, dev loss: 0.6766, dev acc: 0.89, time: 2.90
Mon, 08 Apr 2019 20:13:47: INFO: 
Evaluation - loss: 43.052243 Precision:0.9047 Recall:0.9047 Fscore:0.9047 acc: 0.9046%(2532/2799) 

Mon, 08 Apr 2019 20:13:50: INFO: epoch: 78, train loss: 0.6966, train acc: 0.42, dev loss: 0.6768, dev acc: 0.89, time: 3.13
Mon, 08 Apr 2019 20:13:51: INFO: 
Evaluation - loss: 43.052242 Precision:0.9049 Recall:0.9049 Fscore:0.9049 acc: 0.9046%(2532/2799) 

Mon, 08 Apr 2019 20:13:54: INFO: epoch: 79, train loss: 0.6968, train acc: 0.42, dev loss: 0.6765, dev acc: 0.89, time: 3.09
Mon, 08 Apr 2019 20:13:54: INFO: 
Evaluation - loss: 43.052243 Precision:0.9049 Recall:0.9049 Fscore:0.9049 acc: 0.9046%(2532/2799) 

Mon, 08 Apr 2019 20:13:57: INFO: epoch: 80, train loss: 0.6967, train acc: 0.41, dev loss: 0.6770, dev acc: 0.89, time: 3.18
Mon, 08 Apr 2019 20:13:58: INFO: 
Evaluation - loss: 43.052243 Precision:0.9045 Recall:0.9045 Fscore:0.9045 acc: 0.9046%(2532/2799) 

Mon, 08 Apr 2019 20:14:01: INFO: epoch: 81, train loss: 0.6967, train acc: 0.42, dev loss: 0.6766, dev acc: 0.89, time: 3.13
Mon, 08 Apr 2019 20:14:01: INFO: 
Evaluation - loss: 43.052242 Precision:0.9043 Recall:0.9043 Fscore:0.9043 acc: 0.9046%(2532/2799) 

Mon, 08 Apr 2019 20:14:04: INFO: epoch: 82, train loss: 0.6967, train acc: 0.41, dev loss: 0.6767, dev acc: 0.88, time: 3.08
Mon, 08 Apr 2019 20:14:04: INFO: 
Evaluation - loss: 43.052242 Precision:0.9047 Recall:0.9047 Fscore:0.9047 acc: 0.9046%(2532/2799) 

Mon, 08 Apr 2019 20:14:07: INFO: epoch: 83, train loss: 0.6967, train acc: 0.41, dev loss: 0.6771, dev acc: 0.88, time: 3.09
Mon, 08 Apr 2019 20:14:08: INFO: 
Evaluation - loss: 43.052241 Precision:0.9045 Recall:0.9045 Fscore:0.9045 acc: 0.9046%(2532/2799) 

Mon, 08 Apr 2019 20:14:11: INFO: epoch: 84, train loss: 0.6967, train acc: 0.41, dev loss: 0.6768, dev acc: 0.88, time: 3.41
Mon, 08 Apr 2019 20:14:12: INFO: 
Evaluation - loss: 43.052241 Precision:0.9049 Recall:0.9049 Fscore:0.9049 acc: 0.9046%(2532/2799) 

Mon, 08 Apr 2019 20:14:15: INFO: epoch: 85, train loss: 0.6967, train acc: 0.41, dev loss: 0.6768, dev acc: 0.88, time: 3.42
Mon, 08 Apr 2019 20:14:15: INFO: 
Evaluation - loss: 43.052242 Precision:0.9043 Recall:0.9043 Fscore:0.9043 acc: 0.9046%(2532/2799) 

Mon, 08 Apr 2019 20:14:19: INFO: epoch: 86, train loss: 0.6967, train acc: 0.41, dev loss: 0.6768, dev acc: 0.89, time: 3.44
Mon, 08 Apr 2019 20:14:19: INFO: 
Evaluation - loss: 43.052243 Precision:0.9047 Recall:0.9047 Fscore:0.9047 acc: 0.9046%(2532/2799) 

Mon, 08 Apr 2019 20:14:22: INFO: epoch: 87, train loss: 0.6967, train acc: 0.42, dev loss: 0.6767, dev acc: 0.89, time: 3.26
Mon, 08 Apr 2019 20:14:23: INFO: 
Evaluation - loss: 43.052242 Precision:0.9051 Recall:0.9051 Fscore:0.9051 acc: 0.9046%(2532/2799) 

Mon, 08 Apr 2019 20:14:26: INFO: epoch: 88, train loss: 0.6967, train acc: 0.42, dev loss: 0.6764, dev acc: 0.89, time: 3.28
Mon, 08 Apr 2019 20:14:26: INFO: 
Evaluation - loss: 43.052242 Precision:0.9048 Recall:0.9048 Fscore:0.9048 acc: 0.9046%(2532/2799) 

Mon, 08 Apr 2019 20:14:29: INFO: epoch: 89, train loss: 0.6966, train acc: 0.41, dev loss: 0.6769, dev acc: 0.88, time: 2.98
Mon, 08 Apr 2019 20:14:29: INFO: 
Evaluation - loss: 43.052242 Precision:0.9049 Recall:0.9049 Fscore:0.9049 acc: 0.9046%(2532/2799) 

Mon, 08 Apr 2019 20:14:32: INFO: epoch: 90, train loss: 0.6967, train acc: 0.41, dev loss: 0.6769, dev acc: 0.89, time: 2.85
Mon, 08 Apr 2019 20:14:33: INFO: 
Evaluation - loss: 43.052241 Precision:0.9043 Recall:0.9043 Fscore:0.9043 acc: 0.9046%(2532/2799) 

Mon, 08 Apr 2019 20:14:35: INFO: epoch: 91, train loss: 0.6967, train acc: 0.42, dev loss: 0.6769, dev acc: 0.88, time: 2.84
Mon, 08 Apr 2019 20:14:36: INFO: 
Evaluation - loss: 43.052243 Precision:0.9048 Recall:0.9048 Fscore:0.9048 acc: 0.9046%(2532/2799) 

Mon, 08 Apr 2019 20:14:39: INFO: epoch: 92, train loss: 0.6968, train acc: 0.41, dev loss: 0.6769, dev acc: 0.89, time: 3.23
Mon, 08 Apr 2019 20:14:39: INFO: 
Evaluation - loss: 43.052243 Precision:0.9048 Recall:0.9048 Fscore:0.9048 acc: 0.9046%(2532/2799) 

Mon, 08 Apr 2019 20:14:42: INFO: epoch: 93, train loss: 0.6967, train acc: 0.41, dev loss: 0.6768, dev acc: 0.89, time: 3.05
Mon, 08 Apr 2019 20:14:43: INFO: 
Evaluation - loss: 43.052242 Precision:0.9047 Recall:0.9047 Fscore:0.9047 acc: 0.9046%(2532/2799) 

Mon, 08 Apr 2019 20:14:46: INFO: epoch: 94, train loss: 0.6968, train acc: 0.42, dev loss: 0.6765, dev acc: 0.89, time: 3.30
Mon, 08 Apr 2019 20:14:46: INFO: 
Evaluation - loss: 43.052242 Precision:0.9051 Recall:0.9051 Fscore:0.9051 acc: 0.9046%(2532/2799) 

Mon, 08 Apr 2019 20:14:50: INFO: epoch: 95, train loss: 0.6968, train acc: 0.42, dev loss: 0.6772, dev acc: 0.89, time: 3.45
Mon, 08 Apr 2019 20:14:50: INFO: 
Evaluation - loss: 43.052243 Precision:0.9043 Recall:0.9043 Fscore:0.9043 acc: 0.9046%(2532/2799) 

Mon, 08 Apr 2019 20:14:53: INFO: epoch: 96, train loss: 0.6967, train acc: 0.41, dev loss: 0.6768, dev acc: 0.89, time: 3.43
Mon, 08 Apr 2019 20:14:54: INFO: 
Evaluation - loss: 43.052242 Precision:0.9048 Recall:0.9048 Fscore:0.9048 acc: 0.9046%(2532/2799) 

Mon, 08 Apr 2019 20:14:57: INFO: epoch: 97, train loss: 0.6967, train acc: 0.41, dev loss: 0.6767, dev acc: 0.89, time: 3.13
Mon, 08 Apr 2019 20:14:57: INFO: 
Evaluation - loss: 43.052242 Precision:0.9044 Recall:0.9044 Fscore:0.9044 acc: 0.9046%(2532/2799) 

Mon, 08 Apr 2019 20:15:00: INFO: epoch: 98, train loss: 0.6968, train acc: 0.41, dev loss: 0.6767, dev acc: 0.88, time: 3.31
Mon, 08 Apr 2019 20:15:01: INFO: 
Evaluation - loss: 43.052242 Precision:0.9051 Recall:0.9051 Fscore:0.9051 acc: 0.9046%(2532/2799) 

Mon, 08 Apr 2019 20:15:04: INFO: epoch: 99, train loss: 0.6966, train acc: 0.42, dev loss: 0.6768, dev acc: 0.89, time: 3.14
Mon, 08 Apr 2019 20:15:04: INFO: 
Evaluation - loss: 43.052242 Precision:0.9049 Recall:0.9049 Fscore:0.9049 acc: 0.9046%(2532/2799) 

Mon, 08 Apr 2019 20:15:07: INFO: epoch: 100, train loss: 0.6966, train acc: 0.42, dev loss: 0.6766, dev acc: 0.89, time: 3.13
Mon, 08 Apr 2019 20:15:08: INFO: 
Evaluation - loss: 43.052242 Precision:0.9047 Recall:0.9047 Fscore:0.9047 acc: 0.9046%(2532/2799) 

