Mon, 08 Apr 2019 15:45:04: INFO: running main.py --model=CNN_BiLSTM --optimizer=sgd --batch_size=64 --vocab_size=40000 --embed_dim=300 --in_channels=1 --kernel_sizes=1357 --kernel_nums=200 --hidden_dim=100 --num_layers=3 --bidirectional=True --max_seq_len=50 --learning_rate=0.6 --num_epochs=100 --dropout=0.5 --num_class=2 --train_file=./data/cwmt_train_comb.txt --dev_file=./data/cwmt_dev_comb.txt --dev_file=./data/htqe_test_comb.txt --pretrained_embeddings=./word2vec/wiki.en_zh.vec --prediction_file=./predictions/htqe_test_comb.txt --saved_model=./saved_models/cwmt.en_zh.pt --test=False --weight_decay=0.001 --grad_clip=0.2 --momentum=0.9 --seed_num=123 --scheduler=steplr --run_log=umtqe_cnnbilstm
Mon, 08 Apr 2019 15:45:04: INFO: 	BATCH_SIZE=64
Mon, 08 Apr 2019 15:45:04: INFO: 	BIDIRECTIONAL=True
Mon, 08 Apr 2019 15:45:04: INFO: 	DEV_FILE=./data/htqe_test_comb.txt
Mon, 08 Apr 2019 15:45:04: INFO: 	DROPOUT=0.5
Mon, 08 Apr 2019 15:45:04: INFO: 	EMBED_DIM=300
Mon, 08 Apr 2019 15:45:04: INFO: 	GRAD_CLIP=0.2
Mon, 08 Apr 2019 15:45:04: INFO: 	HIDDEN_DIM=100
Mon, 08 Apr 2019 15:45:04: INFO: 	IN_CHANNELS=1
Mon, 08 Apr 2019 15:45:04: INFO: 	KERNEL_NUMS=200
Mon, 08 Apr 2019 15:45:04: INFO: 	KERNEL_SIZES=[1, 3, 5, 7]
Mon, 08 Apr 2019 15:45:04: INFO: 	LEARNING_RATE=0.6
Mon, 08 Apr 2019 15:45:04: INFO: 	MAX_SEQ_LEN=50
Mon, 08 Apr 2019 15:45:04: INFO: 	MODEL=CNN_BiLSTM
Mon, 08 Apr 2019 15:45:04: INFO: 	MOMENTUM=0.9
Mon, 08 Apr 2019 15:45:04: INFO: 	NUM_CLASS=2
Mon, 08 Apr 2019 15:45:04: INFO: 	NUM_EPOCHS=100
Mon, 08 Apr 2019 15:45:04: INFO: 	NUM_LAYERS=3
Mon, 08 Apr 2019 15:45:04: INFO: 	OPTIMIZER=sgd
Mon, 08 Apr 2019 15:45:04: INFO: 	PREDICTION_FILE=./predictions/htqe_test_comb.txt
Mon, 08 Apr 2019 15:45:04: INFO: 	PRETRAINED_EMBEDDINGS=./word2vec/wiki.en_zh.vec
Mon, 08 Apr 2019 15:45:05: INFO: 	PRETRAINED_WEIGHTS=tensor([[ 0.0046,  0.0888,  0.0158,  ..., -0.0273, -0.1007, -0.0268],
        [-0.0105,  0.0300,  0.0606,  ..., -0.0527,  0.0099,  0.0356],
        [ 0.0241, -0.0562, -0.0580,  ..., -0.0290, -0.0362,  0.0117],
        ...,
        [ 0.0391,  0.0251,  0.0693,  ..., -0.0376, -0.0852, -0.1271],
        [ 0.0168,  0.0813,  0.0456,  ..., -0.0912, -0.0852,  0.0163],
        [-0.0415, -0.0452, -0.1224,  ...,  0.0888,  0.0116,  0.0308]])
Mon, 08 Apr 2019 15:45:05: INFO: 	RUN_LOG=umtqe_cnnbilstm
Mon, 08 Apr 2019 15:45:05: INFO: 	SAVED_MODEL=./saved_models/cwmt.en_zh.pt
Mon, 08 Apr 2019 15:45:05: INFO: 	SCHEDULER=steplr
Mon, 08 Apr 2019 15:45:05: INFO: 	SEED_NUM=123
Mon, 08 Apr 2019 15:45:05: INFO: 	TEST=False
Mon, 08 Apr 2019 15:45:05: INFO: 	TEST_FILE=./data/htqe_test_comb.txt
Mon, 08 Apr 2019 15:45:05: INFO: 	TRAIN_FILE=./data/cwmt_train_comb.txt
Mon, 08 Apr 2019 15:45:05: INFO: 	USE_GPU=True
Mon, 08 Apr 2019 15:45:05: INFO: 	VOCAB_SIZE=44995
Mon, 08 Apr 2019 15:45:05: INFO: 	WEIGHT_DECAY=0.001
Mon, 08 Apr 2019 15:45:30: INFO: epoch: 1, train loss: 0.6948, train acc: 0.46, dev loss: 0.6872, dev acc: 0.66, time: 22.73
Mon, 08 Apr 2019 15:45:30: INFO: 
Evaluation - loss: 43.720383 Precision:0.4593 Recall:0.4942 Fscore:0.4754 acc: 56.0000%(2477/44) 

Mon, 08 Apr 2019 15:45:36: INFO: epoch: 2, train loss: 0.6950, train acc: 0.46, dev loss: 0.6874, dev acc: 0.64, time: 5.53
Mon, 08 Apr 2019 15:45:36: INFO: 
Evaluation - loss: 43.720382 Precision:0.4668 Recall:0.4913 Fscore:0.4734 acc: 56.0000%(2477/44) 

Mon, 08 Apr 2019 15:45:42: INFO: epoch: 3, train loss: 0.6948, train acc: 0.46, dev loss: 0.6871, dev acc: 0.65, time: 5.56
Mon, 08 Apr 2019 15:45:42: INFO: 
Evaluation - loss: 43.720383 Precision:0.4613 Recall:0.4935 Fscore:0.4756 acc: 56.0000%(2477/44) 

Mon, 08 Apr 2019 15:45:48: INFO: epoch: 4, train loss: 0.6948, train acc: 0.46, dev loss: 0.6876, dev acc: 0.65, time: 5.55
Mon, 08 Apr 2019 15:45:48: INFO: 
Evaluation - loss: 43.720381 Precision:0.4687 Recall:0.4920 Fscore:0.4746 acc: 56.0000%(2477/44) 

Mon, 08 Apr 2019 15:45:54: INFO: epoch: 5, train loss: 0.6950, train acc: 0.46, dev loss: 0.6873, dev acc: 0.64, time: 5.55
Mon, 08 Apr 2019 15:45:54: INFO: 
Evaluation - loss: 43.720383 Precision:0.4574 Recall:0.4942 Fscore:0.4747 acc: 56.0000%(2477/44) 

Mon, 08 Apr 2019 15:46:00: INFO: epoch: 6, train loss: 0.6948, train acc: 0.46, dev loss: 0.6870, dev acc: 0.65, time: 5.57
Mon, 08 Apr 2019 15:46:00: INFO: 
Evaluation - loss: 43.720383 Precision:0.4744 Recall:0.4925 Fscore:0.4754 acc: 56.0000%(2477/44) 

Mon, 08 Apr 2019 15:46:06: INFO: epoch: 7, train loss: 0.6950, train acc: 0.46, dev loss: 0.6877, dev acc: 0.64, time: 5.53
Mon, 08 Apr 2019 15:46:06: INFO: 
Evaluation - loss: 43.720383 Precision:0.4684 Recall:0.4918 Fscore:0.4743 acc: 56.0000%(2477/44) 

Mon, 08 Apr 2019 15:46:12: INFO: epoch: 8, train loss: 0.6949, train acc: 0.46, dev loss: 0.6877, dev acc: 0.64, time: 5.53
Mon, 08 Apr 2019 15:46:12: INFO: 
Evaluation - loss: 43.720382 Precision:0.4631 Recall:0.4944 Fscore:0.4769 acc: 56.0000%(2477/44) 

Mon, 08 Apr 2019 15:46:18: INFO: epoch: 9, train loss: 0.6948, train acc: 0.46, dev loss: 0.6872, dev acc: 0.65, time: 5.56
Mon, 08 Apr 2019 15:46:19: INFO: 
Evaluation - loss: 43.720382 Precision:0.4610 Recall:0.4942 Fscore:0.4755 acc: 56.0000%(2477/44) 

Mon, 08 Apr 2019 15:46:24: INFO: epoch: 10, train loss: 0.6949, train acc: 0.46, dev loss: 0.6874, dev acc: 0.65, time: 5.60
Mon, 08 Apr 2019 15:46:25: INFO: 
Evaluation - loss: 43.720383 Precision:0.4687 Recall:0.4934 Fscore:0.4766 acc: 56.0000%(2477/44) 

Mon, 08 Apr 2019 15:46:30: INFO: epoch: 11, train loss: 0.6948, train acc: 0.46, dev loss: 0.6876, dev acc: 0.64, time: 5.57
Mon, 08 Apr 2019 15:46:31: INFO: 
Evaluation - loss: 43.720383 Precision:0.4630 Recall:0.4915 Fscore:0.4738 acc: 56.0000%(2477/44) 

Mon, 08 Apr 2019 15:46:36: INFO: epoch: 12, train loss: 0.6949, train acc: 0.46, dev loss: 0.6875, dev acc: 0.65, time: 5.58
Mon, 08 Apr 2019 15:46:37: INFO: 
Evaluation - loss: 43.720383 Precision:0.4688 Recall:0.4926 Fscore:0.4754 acc: 56.0000%(2477/44) 

Mon, 08 Apr 2019 15:46:42: INFO: epoch: 13, train loss: 0.6948, train acc: 0.46, dev loss: 0.6871, dev acc: 0.65, time: 5.61
Mon, 08 Apr 2019 15:46:43: INFO: 
Evaluation - loss: 43.720382 Precision:0.4611 Recall:0.4917 Fscore:0.4736 acc: 56.0000%(2477/44) 

Mon, 08 Apr 2019 15:46:48: INFO: epoch: 14, train loss: 0.6950, train acc: 0.46, dev loss: 0.6872, dev acc: 0.65, time: 5.55
Mon, 08 Apr 2019 15:46:49: INFO: 
Evaluation - loss: 43.720383 Precision:0.4573 Recall:0.4921 Fscore:0.4735 acc: 56.0000%(2477/44) 

Mon, 08 Apr 2019 15:46:54: INFO: epoch: 15, train loss: 0.6948, train acc: 0.47, dev loss: 0.6875, dev acc: 0.65, time: 5.53
Mon, 08 Apr 2019 15:46:55: INFO: 
Evaluation - loss: 43.720383 Precision:0.4613 Recall:0.4916 Fscore:0.4738 acc: 56.0000%(2477/44) 

Mon, 08 Apr 2019 15:47:00: INFO: epoch: 16, train loss: 0.6947, train acc: 0.47, dev loss: 0.6874, dev acc: 0.66, time: 5.61
Mon, 08 Apr 2019 15:47:01: INFO: 
Evaluation - loss: 43.720382 Precision:0.4688 Recall:0.4923 Fscore:0.4749 acc: 56.0000%(2477/44) 

Mon, 08 Apr 2019 15:47:06: INFO: epoch: 17, train loss: 0.6951, train acc: 0.46, dev loss: 0.6876, dev acc: 0.65, time: 5.53
Mon, 08 Apr 2019 15:47:07: INFO: 
Evaluation - loss: 43.720382 Precision:0.4592 Recall:0.4913 Fscore:0.4730 acc: 56.0000%(2477/44) 

Mon, 08 Apr 2019 15:47:12: INFO: epoch: 18, train loss: 0.6949, train acc: 0.46, dev loss: 0.6874, dev acc: 0.65, time: 5.54
Mon, 08 Apr 2019 15:47:13: INFO: 
Evaluation - loss: 43.720383 Precision:0.4653 Recall:0.4925 Fscore:0.4741 acc: 56.0000%(2477/44) 

Mon, 08 Apr 2019 15:47:19: INFO: epoch: 19, train loss: 0.6950, train acc: 0.46, dev loss: 0.6868, dev acc: 0.67, time: 5.67
Mon, 08 Apr 2019 15:47:19: INFO: 
Evaluation - loss: 43.720383 Precision:0.4610 Recall:0.4924 Fscore:0.4742 acc: 56.0000%(2477/44) 

Mon, 08 Apr 2019 15:47:25: INFO: epoch: 20, train loss: 0.6950, train acc: 0.46, dev loss: 0.6869, dev acc: 0.66, time: 5.63
Mon, 08 Apr 2019 15:47:25: INFO: 
Evaluation - loss: 43.720382 Precision:0.4614 Recall:0.4919 Fscore:0.4740 acc: 56.0000%(2477/44) 

Mon, 08 Apr 2019 15:47:31: INFO: epoch: 21, train loss: 0.6947, train acc: 0.47, dev loss: 0.6879, dev acc: 0.63, time: 5.53
Mon, 08 Apr 2019 15:47:31: INFO: 
Evaluation - loss: 43.720383 Precision:0.4614 Recall:0.4930 Fscore:0.4751 acc: 56.0000%(2477/44) 

Mon, 08 Apr 2019 15:47:37: INFO: epoch: 22, train loss: 0.6951, train acc: 0.45, dev loss: 0.6876, dev acc: 0.64, time: 5.66
Mon, 08 Apr 2019 15:47:37: INFO: 
Evaluation - loss: 43.720383 Precision:0.4631 Recall:0.4914 Fscore:0.4734 acc: 56.0000%(2477/44) 

Mon, 08 Apr 2019 15:47:43: INFO: epoch: 23, train loss: 0.6951, train acc: 0.46, dev loss: 0.6873, dev acc: 0.65, time: 5.66
Mon, 08 Apr 2019 15:47:43: INFO: 
Evaluation - loss: 43.720383 Precision:0.4610 Recall:0.4917 Fscore:0.4739 acc: 56.0000%(2477/44) 

Mon, 08 Apr 2019 15:47:49: INFO: epoch: 24, train loss: 0.6949, train acc: 0.46, dev loss: 0.6873, dev acc: 0.64, time: 5.66
Mon, 08 Apr 2019 15:47:50: INFO: 
Evaluation - loss: 43.720383 Precision:0.4610 Recall:0.4915 Fscore:0.4735 acc: 56.0000%(2477/44) 

Mon, 08 Apr 2019 15:47:55: INFO: epoch: 25, train loss: 0.6947, train acc: 0.46, dev loss: 0.6874, dev acc: 0.65, time: 5.71
Mon, 08 Apr 2019 15:47:56: INFO: 
Evaluation - loss: 43.720382 Precision:0.4670 Recall:0.4921 Fscore:0.4747 acc: 56.0000%(2477/44) 

Mon, 08 Apr 2019 15:48:01: INFO: epoch: 26, train loss: 0.6950, train acc: 0.46, dev loss: 0.6872, dev acc: 0.64, time: 5.66
Mon, 08 Apr 2019 15:48:02: INFO: 
Evaluation - loss: 43.720381 Precision:0.4611 Recall:0.4919 Fscore:0.4740 acc: 56.0000%(2477/44) 

Mon, 08 Apr 2019 15:48:08: INFO: epoch: 27, train loss: 0.6950, train acc: 0.46, dev loss: 0.6868, dev acc: 0.66, time: 5.67
Mon, 08 Apr 2019 15:48:08: INFO: 
Evaluation - loss: 43.720382 Precision:0.4670 Recall:0.4914 Fscore:0.4735 acc: 56.0000%(2477/44) 

Mon, 08 Apr 2019 15:48:14: INFO: epoch: 28, train loss: 0.6949, train acc: 0.46, dev loss: 0.6872, dev acc: 0.66, time: 5.47
Mon, 08 Apr 2019 15:48:14: INFO: 
Evaluation - loss: 43.720382 Precision:0.4628 Recall:0.4930 Fscore:0.4752 acc: 56.0000%(2477/44) 

Mon, 08 Apr 2019 15:48:20: INFO: epoch: 29, train loss: 0.6949, train acc: 0.46, dev loss: 0.6872, dev acc: 0.64, time: 5.63
Mon, 08 Apr 2019 15:48:20: INFO: 
Evaluation - loss: 43.720383 Precision:0.4584 Recall:0.4921 Fscore:0.4737 acc: 56.0000%(2477/44) 

Mon, 08 Apr 2019 15:48:26: INFO: epoch: 30, train loss: 0.6952, train acc: 0.45, dev loss: 0.6877, dev acc: 0.64, time: 5.65
Mon, 08 Apr 2019 15:48:26: INFO: 
Evaluation - loss: 43.720383 Precision:0.4610 Recall:0.4918 Fscore:0.4737 acc: 56.0000%(2477/44) 

Mon, 08 Apr 2019 15:48:32: INFO: epoch: 31, train loss: 0.6947, train acc: 0.46, dev loss: 0.6875, dev acc: 0.65, time: 5.62
Mon, 08 Apr 2019 15:48:32: INFO: 
Evaluation - loss: 43.720383 Precision:0.4687 Recall:0.4920 Fscore:0.4747 acc: 56.0000%(2477/44) 

Mon, 08 Apr 2019 15:48:38: INFO: epoch: 32, train loss: 0.6951, train acc: 0.45, dev loss: 0.6875, dev acc: 0.65, time: 5.54
Mon, 08 Apr 2019 15:48:38: INFO: 
Evaluation - loss: 43.720382 Precision:0.4685 Recall:0.4918 Fscore:0.4740 acc: 56.0000%(2477/44) 

Mon, 08 Apr 2019 15:48:44: INFO: epoch: 33, train loss: 0.6949, train acc: 0.46, dev loss: 0.6878, dev acc: 0.65, time: 5.63
Mon, 08 Apr 2019 15:48:44: INFO: 
Evaluation - loss: 43.720382 Precision:0.4589 Recall:0.4919 Fscore:0.4736 acc: 56.0000%(2477/44) 

Mon, 08 Apr 2019 15:48:50: INFO: epoch: 34, train loss: 0.6950, train acc: 0.46, dev loss: 0.6874, dev acc: 0.64, time: 5.74
Mon, 08 Apr 2019 15:48:51: INFO: 
Evaluation - loss: 43.720382 Precision:0.4685 Recall:0.4923 Fscore:0.4748 acc: 56.0000%(2477/44) 

Mon, 08 Apr 2019 15:48:56: INFO: epoch: 35, train loss: 0.6950, train acc: 0.46, dev loss: 0.6874, dev acc: 0.65, time: 5.59
Mon, 08 Apr 2019 15:48:57: INFO: 
Evaluation - loss: 43.720383 Precision:0.4687 Recall:0.4908 Fscore:0.4727 acc: 56.0000%(2477/44) 

Mon, 08 Apr 2019 15:49:02: INFO: epoch: 36, train loss: 0.6947, train acc: 0.47, dev loss: 0.6874, dev acc: 0.65, time: 5.64
Mon, 08 Apr 2019 15:49:03: INFO: 
Evaluation - loss: 43.720381 Precision:0.4612 Recall:0.4914 Fscore:0.4733 acc: 56.0000%(2477/44) 

Mon, 08 Apr 2019 15:49:09: INFO: epoch: 37, train loss: 0.6948, train acc: 0.47, dev loss: 0.6879, dev acc: 0.64, time: 5.70
Mon, 08 Apr 2019 15:49:09: INFO: 
Evaluation - loss: 43.720381 Precision:0.4630 Recall:0.4928 Fscore:0.4749 acc: 56.0000%(2477/44) 

Mon, 08 Apr 2019 15:49:15: INFO: epoch: 38, train loss: 0.6950, train acc: 0.46, dev loss: 0.6869, dev acc: 0.66, time: 5.60
Mon, 08 Apr 2019 15:49:15: INFO: 
Evaluation - loss: 43.720383 Precision:0.4612 Recall:0.4941 Fscore:0.4755 acc: 56.0000%(2477/44) 

Mon, 08 Apr 2019 15:49:21: INFO: epoch: 39, train loss: 0.6951, train acc: 0.46, dev loss: 0.6873, dev acc: 0.65, time: 5.64
Mon, 08 Apr 2019 15:49:21: INFO: 
Evaluation - loss: 43.720382 Precision:0.4627 Recall:0.4913 Fscore:0.4732 acc: 56.0000%(2477/44) 

Mon, 08 Apr 2019 15:49:27: INFO: epoch: 40, train loss: 0.6950, train acc: 0.46, dev loss: 0.6873, dev acc: 0.64, time: 5.66
Mon, 08 Apr 2019 15:49:27: INFO: 
Evaluation - loss: 43.720383 Precision:0.4661 Recall:0.4917 Fscore:0.4737 acc: 56.0000%(2477/44) 

Mon, 08 Apr 2019 15:49:33: INFO: epoch: 41, train loss: 0.6951, train acc: 0.45, dev loss: 0.6877, dev acc: 0.64, time: 5.68
Mon, 08 Apr 2019 15:49:34: INFO: 
Evaluation - loss: 43.720383 Precision:0.4610 Recall:0.4918 Fscore:0.4735 acc: 56.0000%(2477/44) 

Mon, 08 Apr 2019 15:49:39: INFO: epoch: 42, train loss: 0.6951, train acc: 0.46, dev loss: 0.6876, dev acc: 0.65, time: 5.66
Mon, 08 Apr 2019 15:49:40: INFO: 
Evaluation - loss: 43.720382 Precision:0.4613 Recall:0.4925 Fscore:0.4744 acc: 56.0000%(2477/44) 

Mon, 08 Apr 2019 15:49:45: INFO: epoch: 43, train loss: 0.6948, train acc: 0.47, dev loss: 0.6878, dev acc: 0.64, time: 5.57
Mon, 08 Apr 2019 15:49:46: INFO: 
Evaluation - loss: 43.720382 Precision:0.4654 Recall:0.4931 Fscore:0.4756 acc: 56.0000%(2477/44) 

Mon, 08 Apr 2019 15:49:51: INFO: epoch: 44, train loss: 0.6950, train acc: 0.46, dev loss: 0.6874, dev acc: 0.65, time: 5.61
Mon, 08 Apr 2019 15:49:52: INFO: 
Evaluation - loss: 43.720382 Precision:0.4659 Recall:0.4909 Fscore:0.4727 acc: 56.0000%(2477/44) 

Mon, 08 Apr 2019 15:49:57: INFO: epoch: 45, train loss: 0.6950, train acc: 0.45, dev loss: 0.6875, dev acc: 0.64, time: 5.61
Mon, 08 Apr 2019 15:49:58: INFO: 
Evaluation - loss: 43.720383 Precision:0.4670 Recall:0.4929 Fscore:0.4754 acc: 56.0000%(2477/44) 

Mon, 08 Apr 2019 15:50:04: INFO: epoch: 46, train loss: 0.6950, train acc: 0.46, dev loss: 0.6874, dev acc: 0.65, time: 5.62
Mon, 08 Apr 2019 15:50:04: INFO: 
Evaluation - loss: 43.720383 Precision:0.4630 Recall:0.4920 Fscore:0.4740 acc: 56.0000%(2477/44) 

Mon, 08 Apr 2019 15:50:10: INFO: epoch: 47, train loss: 0.6949, train acc: 0.46, dev loss: 0.6872, dev acc: 0.65, time: 5.60
Mon, 08 Apr 2019 15:50:10: INFO: 
Evaluation - loss: 43.720382 Precision:0.4685 Recall:0.4925 Fscore:0.4752 acc: 56.0000%(2477/44) 

Mon, 08 Apr 2019 15:50:16: INFO: epoch: 48, train loss: 0.6952, train acc: 0.45, dev loss: 0.6879, dev acc: 0.64, time: 5.62
Mon, 08 Apr 2019 15:50:16: INFO: 
Evaluation - loss: 43.720383 Precision:0.4669 Recall:0.4925 Fscore:0.4746 acc: 56.0000%(2477/44) 

Mon, 08 Apr 2019 15:50:22: INFO: epoch: 49, train loss: 0.6951, train acc: 0.46, dev loss: 0.6874, dev acc: 0.66, time: 5.59
Mon, 08 Apr 2019 15:50:22: INFO: 
Evaluation - loss: 43.720382 Precision:0.4689 Recall:0.4921 Fscore:0.4747 acc: 56.0000%(2477/44) 

Mon, 08 Apr 2019 15:50:28: INFO: epoch: 50, train loss: 0.6948, train acc: 0.46, dev loss: 0.6876, dev acc: 0.65, time: 5.64
Mon, 08 Apr 2019 15:50:28: INFO: 
Evaluation - loss: 43.720382 Precision:0.4743 Recall:0.4921 Fscore:0.4753 acc: 56.0000%(2477/44) 

Mon, 08 Apr 2019 15:50:34: INFO: epoch: 51, train loss: 0.6949, train acc: 0.46, dev loss: 0.6875, dev acc: 0.64, time: 5.61
Mon, 08 Apr 2019 15:50:35: INFO: 
Evaluation - loss: 43.720382 Precision:0.4746 Recall:0.4916 Fscore:0.4743 acc: 56.0000%(2477/44) 

Mon, 08 Apr 2019 15:50:40: INFO: epoch: 52, train loss: 0.6949, train acc: 0.46, dev loss: 0.6876, dev acc: 0.65, time: 5.61
Mon, 08 Apr 2019 15:50:41: INFO: 
Evaluation - loss: 43.720382 Precision:0.4577 Recall:0.4920 Fscore:0.4732 acc: 56.0000%(2477/44) 

Mon, 08 Apr 2019 15:50:46: INFO: epoch: 53, train loss: 0.6950, train acc: 0.46, dev loss: 0.6880, dev acc: 0.64, time: 5.65
Mon, 08 Apr 2019 15:50:47: INFO: 
Evaluation - loss: 43.720381 Precision:0.4684 Recall:0.4919 Fscore:0.4744 acc: 56.0000%(2477/44) 

Mon, 08 Apr 2019 15:50:52: INFO: epoch: 54, train loss: 0.6947, train acc: 0.47, dev loss: 0.6873, dev acc: 0.65, time: 5.63
Mon, 08 Apr 2019 15:50:53: INFO: 
Evaluation - loss: 43.720383 Precision:0.4612 Recall:0.4916 Fscore:0.4737 acc: 56.0000%(2477/44) 

Mon, 08 Apr 2019 15:50:58: INFO: epoch: 55, train loss: 0.6952, train acc: 0.45, dev loss: 0.6872, dev acc: 0.67, time: 5.58
Mon, 08 Apr 2019 15:50:59: INFO: 
Evaluation - loss: 43.720382 Precision:0.4592 Recall:0.4932 Fscore:0.4748 acc: 56.0000%(2477/44) 

Mon, 08 Apr 2019 15:51:05: INFO: epoch: 56, train loss: 0.6949, train acc: 0.46, dev loss: 0.6876, dev acc: 0.64, time: 5.71
Mon, 08 Apr 2019 15:51:05: INFO: 
Evaluation - loss: 43.720382 Precision:0.4602 Recall:0.4930 Fscore:0.4749 acc: 56.0000%(2477/44) 

Mon, 08 Apr 2019 15:51:11: INFO: epoch: 57, train loss: 0.6951, train acc: 0.46, dev loss: 0.6871, dev acc: 0.66, time: 5.66
Mon, 08 Apr 2019 15:51:11: INFO: 
Evaluation - loss: 43.720382 Precision:0.4687 Recall:0.4910 Fscore:0.4734 acc: 56.0000%(2477/44) 

Mon, 08 Apr 2019 15:51:17: INFO: epoch: 58, train loss: 0.6949, train acc: 0.46, dev loss: 0.6875, dev acc: 0.65, time: 5.64
Mon, 08 Apr 2019 15:51:17: INFO: 
Evaluation - loss: 43.720383 Precision:0.4628 Recall:0.4936 Fscore:0.4756 acc: 56.0000%(2477/44) 

Mon, 08 Apr 2019 15:51:23: INFO: epoch: 59, train loss: 0.6948, train acc: 0.46, dev loss: 0.6875, dev acc: 0.65, time: 5.61
Mon, 08 Apr 2019 15:51:23: INFO: 
Evaluation - loss: 43.720383 Precision:0.4666 Recall:0.4933 Fscore:0.4757 acc: 56.0000%(2477/44) 

Mon, 08 Apr 2019 15:51:29: INFO: epoch: 60, train loss: 0.6951, train acc: 0.46, dev loss: 0.6873, dev acc: 0.66, time: 5.67
Mon, 08 Apr 2019 15:51:30: INFO: 
Evaluation - loss: 43.720383 Precision:0.4630 Recall:0.4920 Fscore:0.4742 acc: 56.0000%(2477/44) 

Mon, 08 Apr 2019 15:51:35: INFO: epoch: 61, train loss: 0.6947, train acc: 0.46, dev loss: 0.6877, dev acc: 0.65, time: 5.69
Mon, 08 Apr 2019 15:51:36: INFO: 
Evaluation - loss: 43.720382 Precision:0.4631 Recall:0.4932 Fscore:0.4755 acc: 56.0000%(2477/44) 

Mon, 08 Apr 2019 15:51:41: INFO: epoch: 62, train loss: 0.6949, train acc: 0.46, dev loss: 0.6872, dev acc: 0.66, time: 5.68
Mon, 08 Apr 2019 15:51:42: INFO: 
Evaluation - loss: 43.720382 Precision:0.4686 Recall:0.4929 Fscore:0.4759 acc: 56.0000%(2477/44) 

Mon, 08 Apr 2019 15:51:48: INFO: epoch: 63, train loss: 0.6950, train acc: 0.46, dev loss: 0.6875, dev acc: 0.65, time: 5.67
Mon, 08 Apr 2019 15:51:48: INFO: 
Evaluation - loss: 43.720383 Precision:0.4742 Recall:0.4942 Fscore:0.4780 acc: 56.0000%(2477/44) 

Mon, 08 Apr 2019 15:51:54: INFO: epoch: 64, train loss: 0.6950, train acc: 0.46, dev loss: 0.6872, dev acc: 0.65, time: 5.65
Mon, 08 Apr 2019 15:51:54: INFO: 
Evaluation - loss: 43.720382 Precision:0.4686 Recall:0.4928 Fscore:0.4757 acc: 56.0000%(2477/44) 

Mon, 08 Apr 2019 15:52:00: INFO: epoch: 65, train loss: 0.6947, train acc: 0.47, dev loss: 0.6878, dev acc: 0.64, time: 5.67
Mon, 08 Apr 2019 15:52:00: INFO: 
Evaluation - loss: 43.720381 Precision:0.4613 Recall:0.4937 Fscore:0.4752 acc: 56.0000%(2477/44) 

Mon, 08 Apr 2019 15:52:06: INFO: epoch: 66, train loss: 0.6948, train acc: 0.46, dev loss: 0.6877, dev acc: 0.64, time: 5.63
Mon, 08 Apr 2019 15:52:07: INFO: 
Evaluation - loss: 43.720383 Precision:0.4597 Recall:0.4914 Fscore:0.4729 acc: 56.0000%(2477/44) 

Mon, 08 Apr 2019 15:52:12: INFO: epoch: 67, train loss: 0.6948, train acc: 0.46, dev loss: 0.6869, dev acc: 0.66, time: 5.74
Mon, 08 Apr 2019 15:52:13: INFO: 
Evaluation - loss: 43.720382 Precision:0.4562 Recall:0.4922 Fscore:0.4728 acc: 56.0000%(2477/44) 

Mon, 08 Apr 2019 15:52:18: INFO: epoch: 68, train loss: 0.6949, train acc: 0.46, dev loss: 0.6874, dev acc: 0.65, time: 5.66
Mon, 08 Apr 2019 15:52:19: INFO: 
Evaluation - loss: 43.720383 Precision:0.4628 Recall:0.4921 Fscore:0.4744 acc: 56.0000%(2477/44) 

Mon, 08 Apr 2019 15:52:25: INFO: epoch: 69, train loss: 0.6949, train acc: 0.46, dev loss: 0.6875, dev acc: 0.65, time: 5.65
Mon, 08 Apr 2019 15:52:25: INFO: 
Evaluation - loss: 43.720383 Precision:0.4575 Recall:0.4921 Fscore:0.4734 acc: 56.0000%(2477/44) 

Mon, 08 Apr 2019 15:52:31: INFO: epoch: 70, train loss: 0.6948, train acc: 0.47, dev loss: 0.6874, dev acc: 0.64, time: 5.61
Mon, 08 Apr 2019 15:52:31: INFO: 
Evaluation - loss: 43.720382 Precision:0.4611 Recall:0.4925 Fscore:0.4747 acc: 56.0000%(2477/44) 

Mon, 08 Apr 2019 15:52:37: INFO: epoch: 71, train loss: 0.6950, train acc: 0.46, dev loss: 0.6876, dev acc: 0.64, time: 5.66
Mon, 08 Apr 2019 15:52:37: INFO: 
Evaluation - loss: 43.720381 Precision:0.4576 Recall:0.4923 Fscore:0.4738 acc: 56.0000%(2477/44) 

Mon, 08 Apr 2019 15:52:43: INFO: epoch: 72, train loss: 0.6948, train acc: 0.47, dev loss: 0.6873, dev acc: 0.65, time: 5.55
Mon, 08 Apr 2019 15:52:43: INFO: 
Evaluation - loss: 43.720383 Precision:0.4612 Recall:0.4919 Fscore:0.4740 acc: 56.0000%(2477/44) 

Mon, 08 Apr 2019 15:52:49: INFO: epoch: 73, train loss: 0.6948, train acc: 0.46, dev loss: 0.6875, dev acc: 0.65, time: 5.49
Mon, 08 Apr 2019 15:52:49: INFO: 
Evaluation - loss: 43.720383 Precision:0.4626 Recall:0.4918 Fscore:0.4740 acc: 56.0000%(2477/44) 

Mon, 08 Apr 2019 15:52:55: INFO: epoch: 74, train loss: 0.6950, train acc: 0.46, dev loss: 0.6866, dev acc: 0.67, time: 5.52
Mon, 08 Apr 2019 15:52:55: INFO: 
Evaluation - loss: 43.720383 Precision:0.4658 Recall:0.4960 Fscore:0.4758 acc: 56.0000%(2477/44) 

Mon, 08 Apr 2019 15:53:01: INFO: epoch: 75, train loss: 0.6948, train acc: 0.46, dev loss: 0.6878, dev acc: 0.64, time: 5.57
Mon, 08 Apr 2019 15:53:01: INFO: 
Evaluation - loss: 43.720382 Precision:0.4630 Recall:0.4924 Fscore:0.4747 acc: 56.0000%(2477/44) 

Mon, 08 Apr 2019 15:53:07: INFO: epoch: 76, train loss: 0.6952, train acc: 0.45, dev loss: 0.6870, dev acc: 0.65, time: 5.60
Mon, 08 Apr 2019 15:53:07: INFO: 
Evaluation - loss: 43.720382 Precision:0.4686 Recall:0.4912 Fscore:0.4733 acc: 56.0000%(2477/44) 

Mon, 08 Apr 2019 15:53:13: INFO: epoch: 77, train loss: 0.6949, train acc: 0.46, dev loss: 0.6873, dev acc: 0.65, time: 5.62
Mon, 08 Apr 2019 15:53:13: INFO: 
Evaluation - loss: 43.720381 Precision:0.4602 Recall:0.4919 Fscore:0.4736 acc: 56.0000%(2477/44) 

Mon, 08 Apr 2019 15:53:19: INFO: epoch: 78, train loss: 0.6951, train acc: 0.46, dev loss: 0.6874, dev acc: 0.65, time: 5.68
Mon, 08 Apr 2019 15:53:20: INFO: 
Evaluation - loss: 43.720382 Precision:0.4612 Recall:0.4923 Fscore:0.4742 acc: 56.0000%(2477/44) 

Mon, 08 Apr 2019 15:53:25: INFO: epoch: 79, train loss: 0.6948, train acc: 0.47, dev loss: 0.6872, dev acc: 0.65, time: 5.74
Mon, 08 Apr 2019 15:53:26: INFO: 
Evaluation - loss: 43.720382 Precision:0.4688 Recall:0.4922 Fscore:0.4752 acc: 56.0000%(2477/44) 

Mon, 08 Apr 2019 15:53:31: INFO: epoch: 80, train loss: 0.6948, train acc: 0.46, dev loss: 0.6872, dev acc: 0.66, time: 5.65
Mon, 08 Apr 2019 15:53:32: INFO: 
Evaluation - loss: 43.720382 Precision:0.4668 Recall:0.4912 Fscore:0.4735 acc: 56.0000%(2477/44) 

Mon, 08 Apr 2019 15:53:38: INFO: epoch: 81, train loss: 0.6948, train acc: 0.47, dev loss: 0.6875, dev acc: 0.65, time: 5.61
Mon, 08 Apr 2019 15:53:38: INFO: 
Evaluation - loss: 43.720381 Precision:0.4686 Recall:0.4926 Fscore:0.4751 acc: 56.0000%(2477/44) 

Mon, 08 Apr 2019 15:53:44: INFO: epoch: 82, train loss: 0.6947, train acc: 0.46, dev loss: 0.6873, dev acc: 0.66, time: 5.61
Mon, 08 Apr 2019 15:53:44: INFO: 
Evaluation - loss: 43.720382 Precision:0.4649 Recall:0.4934 Fscore:0.4751 acc: 56.0000%(2477/44) 

Mon, 08 Apr 2019 15:53:50: INFO: epoch: 83, train loss: 0.6948, train acc: 0.47, dev loss: 0.6870, dev acc: 0.66, time: 5.66
Mon, 08 Apr 2019 15:53:50: INFO: 
Evaluation - loss: 43.720382 Precision:0.4662 Recall:0.4922 Fscore:0.4748 acc: 56.0000%(2477/44) 

Mon, 08 Apr 2019 15:53:56: INFO: epoch: 84, train loss: 0.6950, train acc: 0.46, dev loss: 0.6872, dev acc: 0.65, time: 5.62
Mon, 08 Apr 2019 15:53:56: INFO: 
Evaluation - loss: 43.720382 Precision:0.4591 Recall:0.4919 Fscore:0.4737 acc: 56.0000%(2477/44) 

Mon, 08 Apr 2019 15:54:02: INFO: epoch: 85, train loss: 0.6947, train acc: 0.46, dev loss: 0.6877, dev acc: 0.63, time: 5.63
Mon, 08 Apr 2019 15:54:02: INFO: 
Evaluation - loss: 43.720383 Precision:0.4660 Recall:0.4922 Fscore:0.4749 acc: 56.0000%(2477/44) 

Mon, 08 Apr 2019 15:54:08: INFO: epoch: 86, train loss: 0.6949, train acc: 0.46, dev loss: 0.6871, dev acc: 0.66, time: 5.66
Mon, 08 Apr 2019 15:54:09: INFO: 
Evaluation - loss: 43.720381 Precision:0.4708 Recall:0.5049 Fscore:0.4865 acc: 56.0000%(2477/44) 

Mon, 08 Apr 2019 15:54:14: INFO: epoch: 87, train loss: 0.6950, train acc: 0.46, dev loss: 0.6871, dev acc: 0.65, time: 5.61
Mon, 08 Apr 2019 15:54:15: INFO: 
Evaluation - loss: 43.720384 Precision:0.4743 Recall:0.4920 Fscore:0.4749 acc: 56.0000%(2477/44) 

Mon, 08 Apr 2019 15:54:20: INFO: epoch: 88, train loss: 0.6950, train acc: 0.46, dev loss: 0.6870, dev acc: 0.65, time: 5.61
Mon, 08 Apr 2019 15:54:21: INFO: 
Evaluation - loss: 43.720382 Precision:0.4689 Recall:0.4926 Fscore:0.4754 acc: 56.0000%(2477/44) 

Mon, 08 Apr 2019 15:54:26: INFO: epoch: 89, train loss: 0.6950, train acc: 0.46, dev loss: 0.6873, dev acc: 0.66, time: 5.65
Mon, 08 Apr 2019 15:54:27: INFO: 
Evaluation - loss: 43.720382 Precision:0.4683 Recall:0.4924 Fscore:0.4750 acc: 56.0000%(2477/44) 

Mon, 08 Apr 2019 15:54:33: INFO: epoch: 90, train loss: 0.6948, train acc: 0.46, dev loss: 0.6875, dev acc: 0.65, time: 5.63
Mon, 08 Apr 2019 15:54:33: INFO: 
Evaluation - loss: 43.720383 Precision:0.4659 Recall:0.4915 Fscore:0.4735 acc: 56.0000%(2477/44) 

Mon, 08 Apr 2019 15:54:39: INFO: epoch: 91, train loss: 0.6949, train acc: 0.46, dev loss: 0.6878, dev acc: 0.64, time: 5.65
Mon, 08 Apr 2019 15:54:39: INFO: 
Evaluation - loss: 43.720382 Precision:0.4610 Recall:0.4921 Fscore:0.4741 acc: 56.0000%(2477/44) 

Mon, 08 Apr 2019 15:54:45: INFO: epoch: 92, train loss: 0.6948, train acc: 0.46, dev loss: 0.6871, dev acc: 0.66, time: 5.58
Mon, 08 Apr 2019 15:54:45: INFO: 
Evaluation - loss: 43.720381 Precision:0.4593 Recall:0.4915 Fscore:0.4731 acc: 56.0000%(2477/44) 

Mon, 08 Apr 2019 15:54:51: INFO: epoch: 93, train loss: 0.6949, train acc: 0.46, dev loss: 0.6875, dev acc: 0.65, time: 5.67
Mon, 08 Apr 2019 15:54:51: INFO: 
Evaluation - loss: 43.720383 Precision:0.4583 Recall:0.4943 Fscore:0.4748 acc: 56.0000%(2477/44) 

Mon, 08 Apr 2019 15:54:57: INFO: epoch: 94, train loss: 0.6949, train acc: 0.46, dev loss: 0.6874, dev acc: 0.65, time: 5.65
Mon, 08 Apr 2019 15:54:58: INFO: 
Evaluation - loss: 43.720382 Precision:0.4612 Recall:0.4926 Fscore:0.4748 acc: 56.0000%(2477/44) 

Mon, 08 Apr 2019 15:55:03: INFO: epoch: 95, train loss: 0.6949, train acc: 0.46, dev loss: 0.6873, dev acc: 0.66, time: 5.64
Mon, 08 Apr 2019 15:55:04: INFO: 
Evaluation - loss: 43.720383 Precision:0.4629 Recall:0.4929 Fscore:0.4752 acc: 56.0000%(2477/44) 

Mon, 08 Apr 2019 15:55:09: INFO: epoch: 96, train loss: 0.6952, train acc: 0.45, dev loss: 0.6874, dev acc: 0.64, time: 5.56
Mon, 08 Apr 2019 15:55:10: INFO: 
Evaluation - loss: 43.720382 Precision:0.4602 Recall:0.4938 Fscore:0.4753 acc: 56.0000%(2477/44) 

Mon, 08 Apr 2019 15:55:15: INFO: epoch: 97, train loss: 0.6948, train acc: 0.46, dev loss: 0.6875, dev acc: 0.65, time: 5.62
Mon, 08 Apr 2019 15:55:16: INFO: 
Evaluation - loss: 43.720383 Precision:0.4584 Recall:0.4937 Fscore:0.4748 acc: 56.0000%(2477/44) 

Mon, 08 Apr 2019 15:55:21: INFO: epoch: 98, train loss: 0.6951, train acc: 0.45, dev loss: 0.6877, dev acc: 0.64, time: 5.65
Mon, 08 Apr 2019 15:55:22: INFO: 
Evaluation - loss: 43.720383 Precision:0.4592 Recall:0.4917 Fscore:0.4735 acc: 56.0000%(2477/44) 

Mon, 08 Apr 2019 15:55:28: INFO: epoch: 99, train loss: 0.6949, train acc: 0.46, dev loss: 0.6871, dev acc: 0.66, time: 5.64
Mon, 08 Apr 2019 15:55:28: INFO: 
Evaluation - loss: 43.720382 Precision:0.4613 Recall:0.4925 Fscore:0.4745 acc: 56.0000%(2477/44) 

Mon, 08 Apr 2019 15:55:34: INFO: epoch: 100, train loss: 0.6948, train acc: 0.46, dev loss: 0.6873, dev acc: 0.65, time: 5.70
Mon, 08 Apr 2019 15:55:34: INFO: 
Evaluation - loss: 43.720383 Precision:0.4612 Recall:0.4922 Fscore:0.4743 acc: 56.0000%(2477/44) 

