Mon, 08 Apr 2019 20:34:00: INFO: running main.py --model=BiLSTM --optimizer=sgd --batch_size=64 --vocab_size=40000 --embed_dim=300 --in_channels=1 --kernel_sizes=123 --kernel_nums=200 --hidden_dim=100 --num_layers=2 --bidirectional=True --max_seq_len=50 --learning_rate=0.001 --num_epochs=100 --dropout=0.3 --num_class=2 --train_file=./data/cwmt_train_comb.txt --dev_file=./data/cwmt_dev_comb.txt --dev_file=./data/htqe_test_comb.txt --pretrained_embeddings=./word2vec/wiki.en_zh.vec --prediction_file=./predictions/htqe_test_comb_bilstm3.txt --saved_model=./saved_models/cwmt.en_zh.pt --test=False --weight_decay=0.0 --grad_clip=0.0 --momentum=0.0 --seed_num=123 --scheduler=steplr --run_log=umtqe_bilstm
Mon, 08 Apr 2019 20:34:00: INFO: 	BATCH_SIZE=64
Mon, 08 Apr 2019 20:34:00: INFO: 	BIDIRECTIONAL=True
Mon, 08 Apr 2019 20:34:00: INFO: 	DEV_FILE=./data/htqe_test_comb.txt
Mon, 08 Apr 2019 20:34:00: INFO: 	DROPOUT=0.3
Mon, 08 Apr 2019 20:34:00: INFO: 	EMBED_DIM=300
Mon, 08 Apr 2019 20:34:00: INFO: 	GRAD_CLIP=0.0
Mon, 08 Apr 2019 20:34:00: INFO: 	HIDDEN_DIM=100
Mon, 08 Apr 2019 20:34:00: INFO: 	IN_CHANNELS=1
Mon, 08 Apr 2019 20:34:00: INFO: 	KERNEL_NUMS=200
Mon, 08 Apr 2019 20:34:00: INFO: 	KERNEL_SIZES=[1, 2, 3]
Mon, 08 Apr 2019 20:34:00: INFO: 	LEARNING_RATE=0.001
Mon, 08 Apr 2019 20:34:00: INFO: 	MAX_SEQ_LEN=50
Mon, 08 Apr 2019 20:34:00: INFO: 	MODEL=BiLSTM
Mon, 08 Apr 2019 20:34:00: INFO: 	MOMENTUM=0.0
Mon, 08 Apr 2019 20:34:00: INFO: 	NUM_CLASS=2
Mon, 08 Apr 2019 20:34:00: INFO: 	NUM_EPOCHS=100
Mon, 08 Apr 2019 20:34:00: INFO: 	NUM_LAYERS=2
Mon, 08 Apr 2019 20:34:00: INFO: 	OPTIMIZER=sgd
Mon, 08 Apr 2019 20:34:00: INFO: 	PREDICTION_FILE=./predictions/htqe_test_comb_bilstm3.txt
Mon, 08 Apr 2019 20:34:00: INFO: 	PRETRAINED_EMBEDDINGS=./word2vec/wiki.en_zh.vec
Mon, 08 Apr 2019 20:34:00: INFO: 	PRETRAINED_WEIGHTS=tensor([[ 0.0046,  0.0888,  0.0158,  ..., -0.0273, -0.1007, -0.0268],
        [ 0.0256, -0.0005,  0.0126,  ..., -0.0046, -0.0739, -0.0081],
        [ 0.0000,  0.0000,  0.0000,  ...,  0.0000,  0.0000,  0.0000],
        ...,
        [ 0.0370,  0.0145,  0.0451,  ..., -0.0542, -0.0844, -0.0890],
        [ 0.0398,  0.0285,  0.0693,  ..., -0.0804, -0.1226, -0.0809],
        [ 0.0000,  0.0000,  0.0000,  ...,  0.0000,  0.0000,  0.0000]])
Mon, 08 Apr 2019 20:34:00: INFO: 	RUN_LOG=umtqe_bilstm
Mon, 08 Apr 2019 20:34:00: INFO: 	SAVED_MODEL=./saved_models/cwmt.en_zh.pt
Mon, 08 Apr 2019 20:34:00: INFO: 	SCHEDULER=steplr
Mon, 08 Apr 2019 20:34:00: INFO: 	SEED_NUM=123
Mon, 08 Apr 2019 20:34:00: INFO: 	TEST=False
Mon, 08 Apr 2019 20:34:00: INFO: 	TEST_FILE=./data/htqe_test_comb.txt
Mon, 08 Apr 2019 20:34:00: INFO: 	TRAIN_FILE=./data/cwmt_train_comb.txt
Mon, 08 Apr 2019 20:34:00: INFO: 	USE_GPU=True
Mon, 08 Apr 2019 20:34:00: INFO: 	VOCAB_SIZE=44995
Mon, 08 Apr 2019 20:34:00: INFO: 	WEIGHT_DECAY=0.0
Mon, 08 Apr 2019 20:34:22: INFO: epoch: 1, train loss: 0.6961, train acc: 0.41, dev loss: 0.6808, dev acc: 0.90, time: 19.37
Mon, 08 Apr 2019 20:34:22: INFO: 
Evaluation - loss: 43.308357 Precision:0.8200 Recall:0.9049 Fscore:0.8601 acc: 0.9046%(2532/2799) 

Mon, 08 Apr 2019 20:34:25: INFO: epoch: 2, train loss: 0.6961, train acc: 0.41, dev loss: 0.6807, dev acc: 0.90, time: 2.96
Mon, 08 Apr 2019 20:34:26: INFO: 
Evaluation - loss: 43.308356 Precision:0.8196 Recall:0.9047 Fscore:0.8597 acc: 0.9046%(2532/2799) 

Mon, 08 Apr 2019 20:34:28: INFO: epoch: 3, train loss: 0.6961, train acc: 0.41, dev loss: 0.6808, dev acc: 0.90, time: 2.88
Mon, 08 Apr 2019 20:34:29: INFO: 
Evaluation - loss: 43.308356 Precision:0.8203 Recall:0.9048 Fscore:0.8601 acc: 0.9046%(2532/2799) 

Mon, 08 Apr 2019 20:34:31: INFO: epoch: 4, train loss: 0.6960, train acc: 0.41, dev loss: 0.6808, dev acc: 0.90, time: 2.85
Mon, 08 Apr 2019 20:34:32: INFO: 
Evaluation - loss: 43.308356 Precision:0.8201 Recall:0.9049 Fscore:0.8601 acc: 0.9046%(2532/2799) 

Mon, 08 Apr 2019 20:34:35: INFO: epoch: 5, train loss: 0.6961, train acc: 0.41, dev loss: 0.6807, dev acc: 0.90, time: 3.08
Mon, 08 Apr 2019 20:34:35: INFO: 
Evaluation - loss: 43.308356 Precision:0.8185 Recall:0.9040 Fscore:0.8588 acc: 0.9046%(2532/2799) 

Mon, 08 Apr 2019 20:34:38: INFO: epoch: 6, train loss: 0.6961, train acc: 0.41, dev loss: 0.6808, dev acc: 0.91, time: 2.96
Mon, 08 Apr 2019 20:34:38: INFO: 
Evaluation - loss: 43.308355 Precision:0.8191 Recall:0.9044 Fscore:0.8594 acc: 0.9046%(2532/2799) 

Mon, 08 Apr 2019 20:34:41: INFO: epoch: 7, train loss: 0.6960, train acc: 0.41, dev loss: 0.6807, dev acc: 0.90, time: 2.58
Mon, 08 Apr 2019 20:34:41: INFO: 
Evaluation - loss: 43.308356 Precision:0.8194 Recall:0.9047 Fscore:0.8597 acc: 0.9046%(2532/2799) 

Mon, 08 Apr 2019 20:34:44: INFO: epoch: 8, train loss: 0.6961, train acc: 0.41, dev loss: 0.6808, dev acc: 0.90, time: 2.59
Mon, 08 Apr 2019 20:34:44: INFO: 
Evaluation - loss: 43.308355 Precision:0.8199 Recall:0.9047 Fscore:0.8598 acc: 0.9046%(2532/2799) 

Mon, 08 Apr 2019 20:34:46: INFO: epoch: 9, train loss: 0.6961, train acc: 0.41, dev loss: 0.6808, dev acc: 0.90, time: 2.59
Mon, 08 Apr 2019 20:34:47: INFO: 
Evaluation - loss: 43.308356 Precision:0.8194 Recall:0.9047 Fscore:0.8597 acc: 0.9046%(2532/2799) 

