Mon, 08 Apr 2019 14:05:05: INFO: running main.py --model=BiLSTM --batch_size=64 --vocab_size=40000 --embed_dim=300 --in_channels=1 --kernel_sizes=345 --kernel_nums=200 --hidden_dim=200 --num_layers=2 --bidirectional=True --max_seq_len=50 --learning_rate=0.9 --num_epochs=100 --dropout=0.5 --num_class=2 --train_file=./data/cwmt_train_comb.txt --dev_file=./data/cwmt_dev_comb.txt --dev_file=./data/htqe_test_comb.txt --pretrained_embeddings=./word2vec/wiki.en_zh.vec --prediction_file=./predictions/htqe_test_comb.txt --saved_model=./saved_models/cwmt.en_zh.pt --test=False --weight_decay=0.01 --grad_clip=0.0 --seed_num=123 --run_log=umtqe_bilstm
Mon, 08 Apr 2019 14:05:05: INFO: 	BATCH_SIZE=64
Mon, 08 Apr 2019 14:05:05: INFO: 	BIDIRECTIONAL=True
Mon, 08 Apr 2019 14:05:05: INFO: 	DEV_FILE=./data/htqe_test_comb.txt
Mon, 08 Apr 2019 14:05:05: INFO: 	DROPOUT=0.5
Mon, 08 Apr 2019 14:05:05: INFO: 	EMBED_DIM=300
Mon, 08 Apr 2019 14:05:05: INFO: 	GRAD_CLIP=0.0
Mon, 08 Apr 2019 14:05:05: INFO: 	HIDDEN_DIM=200
Mon, 08 Apr 2019 14:05:05: INFO: 	IN_CHANNELS=1
Mon, 08 Apr 2019 14:05:05: INFO: 	KERNEL_NUMS=200
Mon, 08 Apr 2019 14:05:05: INFO: 	KERNEL_SIZES=[3, 4, 5]
Mon, 08 Apr 2019 14:05:05: INFO: 	LEARNING_RATE=0.9
Mon, 08 Apr 2019 14:05:05: INFO: 	MAX_SEQ_LEN=50
Mon, 08 Apr 2019 14:05:05: INFO: 	MODEL=BiLSTM
Mon, 08 Apr 2019 14:05:05: INFO: 	NUM_CLASS=2
Mon, 08 Apr 2019 14:05:05: INFO: 	NUM_EPOCHS=100
Mon, 08 Apr 2019 14:05:05: INFO: 	NUM_LAYERS=2
Mon, 08 Apr 2019 14:05:05: INFO: 	OPTIMIZER=adam
Mon, 08 Apr 2019 14:05:05: INFO: 	PREDICTION_FILE=./predictions/htqe_test_comb.txt
Mon, 08 Apr 2019 14:05:05: INFO: 	PRETRAINED_EMBEDDINGS=./word2vec/wiki.en_zh.vec
Mon, 08 Apr 2019 14:05:05: INFO: 	PRETRAINED_WEIGHTS=tensor([[ 0.0046,  0.0888,  0.0158,  ..., -0.0273, -0.1007, -0.0268],
        [ 0.0000,  0.0000,  0.0000,  ...,  0.0000,  0.0000,  0.0000],
        [ 0.0169, -0.0139,  0.0154,  ..., -0.0180, -0.0272,  0.0086],
        ...,
        [-0.0070,  0.0004,  0.0504,  ..., -0.0589, -0.0909, -0.0155],
        [ 0.0000,  0.0000,  0.0000,  ...,  0.0000,  0.0000,  0.0000],
        [ 0.0000,  0.0000,  0.0000,  ...,  0.0000,  0.0000,  0.0000]])
Mon, 08 Apr 2019 14:05:05: INFO: 	RUN_LOG=umtqe_bilstm
Mon, 08 Apr 2019 14:05:05: INFO: 	SAVED_MODEL=./saved_models/cwmt.en_zh.pt
Mon, 08 Apr 2019 14:05:05: INFO: 	SEED_NUM=123
Mon, 08 Apr 2019 14:05:05: INFO: 	TEST=False
Mon, 08 Apr 2019 14:05:05: INFO: 	TEST_FILE=./data/htqe_test_comb.txt
Mon, 08 Apr 2019 14:05:05: INFO: 	TRAIN_FILE=./data/cwmt_train_comb.txt
Mon, 08 Apr 2019 14:05:05: INFO: 	USE_GPU=True
Mon, 08 Apr 2019 14:05:05: INFO: 	VOCAB_SIZE=44995
Mon, 08 Apr 2019 14:05:05: INFO: 	WEIGHT_DECAY=0.01
Mon, 08 Apr 2019 14:05:27: INFO: epoch: 1, train loss: 0.6939, train acc: 0.42, dev loss: 0.6895, dev acc: 0.86, time: 20.21
Mon, 08 Apr 2019 14:05:28: INFO: 
Evaluation - loss: 43.865511 Precision:0.4525 Recall:0.5000 Fscore:0.4748 acc: 57.0000%(2532/44) 

Mon, 08 Apr 2019 14:05:32: INFO: epoch: 2, train loss: 0.6939, train acc: 0.43, dev loss: 0.6896, dev acc: 0.86, time: 4.10
Mon, 08 Apr 2019 14:05:32: INFO: 
Evaluation - loss: 43.865511 Precision:0.4518 Recall:0.5000 Fscore:0.4744 acc: 57.0000%(2532/44) 

Mon, 08 Apr 2019 14:05:36: INFO: epoch: 3, train loss: 0.6938, train acc: 0.42, dev loss: 0.6896, dev acc: 0.86, time: 3.82
Mon, 08 Apr 2019 14:05:36: INFO: 
Evaluation - loss: 43.865510 Precision:0.4523 Recall:0.5000 Fscore:0.4747 acc: 57.0000%(2532/44) 

Mon, 08 Apr 2019 14:05:40: INFO: epoch: 4, train loss: 0.6939, train acc: 0.42, dev loss: 0.6895, dev acc: 0.85, time: 3.92
Mon, 08 Apr 2019 14:05:40: INFO: 
Evaluation - loss: 43.865511 Precision:0.4522 Recall:0.5000 Fscore:0.4747 acc: 57.0000%(2532/44) 

Mon, 08 Apr 2019 14:05:44: INFO: epoch: 5, train loss: 0.6938, train acc: 0.43, dev loss: 0.6895, dev acc: 0.87, time: 3.98
Mon, 08 Apr 2019 14:05:45: INFO: 
Evaluation - loss: 43.865511 Precision:0.4522 Recall:0.5000 Fscore:0.4747 acc: 57.0000%(2532/44) 

Mon, 08 Apr 2019 14:05:48: INFO: epoch: 6, train loss: 0.6938, train acc: 0.42, dev loss: 0.6897, dev acc: 0.86, time: 3.86
Mon, 08 Apr 2019 14:05:49: INFO: 
Evaluation - loss: 43.865511 Precision:0.4634 Recall:0.5114 Fscore:0.4859 acc: 57.0000%(2532/44) 

Mon, 08 Apr 2019 14:05:53: INFO: epoch: 7, train loss: 0.6939, train acc: 0.42, dev loss: 0.6896, dev acc: 0.86, time: 3.92
Mon, 08 Apr 2019 14:05:53: INFO: 
Evaluation - loss: 43.865510 Precision:0.4521 Recall:0.5000 Fscore:0.4747 acc: 57.0000%(2532/44) 

Mon, 08 Apr 2019 14:05:57: INFO: epoch: 8, train loss: 0.6939, train acc: 0.42, dev loss: 0.6896, dev acc: 0.85, time: 3.95
Mon, 08 Apr 2019 14:05:57: INFO: 
Evaluation - loss: 43.865509 Precision:0.4523 Recall:0.5000 Fscore:0.4747 acc: 57.0000%(2532/44) 

Mon, 08 Apr 2019 14:06:01: INFO: epoch: 9, train loss: 0.6938, train acc: 0.42, dev loss: 0.6896, dev acc: 0.85, time: 3.95
Mon, 08 Apr 2019 14:06:01: INFO: 
Evaluation - loss: 43.865511 Precision:0.4523 Recall:0.5000 Fscore:0.4748 acc: 57.0000%(2532/44) 

Mon, 08 Apr 2019 14:06:05: INFO: epoch: 10, train loss: 0.6938, train acc: 0.42, dev loss: 0.6896, dev acc: 0.86, time: 3.91
Mon, 08 Apr 2019 14:06:05: INFO: 
Evaluation - loss: 43.865511 Precision:0.4521 Recall:0.5000 Fscore:0.4746 acc: 57.0000%(2532/44) 

Mon, 08 Apr 2019 14:06:09: INFO: epoch: 11, train loss: 0.6938, train acc: 0.42, dev loss: 0.6896, dev acc: 0.86, time: 3.86
Mon, 08 Apr 2019 14:06:10: INFO: 
Evaluation - loss: 43.865511 Precision:0.4522 Recall:0.5000 Fscore:0.4747 acc: 57.0000%(2532/44) 

Mon, 08 Apr 2019 14:06:13: INFO: epoch: 12, train loss: 0.6938, train acc: 0.43, dev loss: 0.6896, dev acc: 0.86, time: 3.86
Mon, 08 Apr 2019 14:06:14: INFO: 
Evaluation - loss: 43.865511 Precision:0.4523 Recall:0.5000 Fscore:0.4748 acc: 57.0000%(2532/44) 

Mon, 08 Apr 2019 14:06:18: INFO: epoch: 13, train loss: 0.6938, train acc: 0.43, dev loss: 0.6895, dev acc: 0.86, time: 3.93
Mon, 08 Apr 2019 14:06:18: INFO: 
Evaluation - loss: 43.865511 Precision:0.4523 Recall:0.5000 Fscore:0.4748 acc: 57.0000%(2532/44) 

Mon, 08 Apr 2019 14:06:22: INFO: epoch: 14, train loss: 0.6938, train acc: 0.43, dev loss: 0.6896, dev acc: 0.86, time: 3.95
Mon, 08 Apr 2019 14:06:22: INFO: 
Evaluation - loss: 43.865511 Precision:0.4525 Recall:0.5000 Fscore:0.4749 acc: 57.0000%(2532/44) 

Mon, 08 Apr 2019 14:06:26: INFO: epoch: 15, train loss: 0.6938, train acc: 0.42, dev loss: 0.6895, dev acc: 0.86, time: 3.87
Mon, 08 Apr 2019 14:06:26: INFO: 
Evaluation - loss: 43.865510 Precision:0.4523 Recall:0.5000 Fscore:0.4748 acc: 57.0000%(2532/44) 

Mon, 08 Apr 2019 14:06:30: INFO: epoch: 16, train loss: 0.6938, train acc: 0.43, dev loss: 0.6895, dev acc: 0.86, time: 3.90
Mon, 08 Apr 2019 14:06:30: INFO: 
Evaluation - loss: 43.865510 Precision:0.4521 Recall:0.5000 Fscore:0.4746 acc: 57.0000%(2532/44) 

Mon, 08 Apr 2019 14:06:34: INFO: epoch: 17, train loss: 0.6938, train acc: 0.43, dev loss: 0.6896, dev acc: 0.86, time: 3.95
Mon, 08 Apr 2019 14:06:35: INFO: 
Evaluation - loss: 43.865510 Precision:0.4523 Recall:0.5000 Fscore:0.4748 acc: 57.0000%(2532/44) 

Mon, 08 Apr 2019 14:06:39: INFO: epoch: 18, train loss: 0.6938, train acc: 0.43, dev loss: 0.6896, dev acc: 0.86, time: 3.97
Mon, 08 Apr 2019 14:06:39: INFO: 
Evaluation - loss: 43.865511 Precision:0.4523 Recall:0.5000 Fscore:0.4747 acc: 57.0000%(2532/44) 

Mon, 08 Apr 2019 14:06:43: INFO: epoch: 19, train loss: 0.6938, train acc: 0.43, dev loss: 0.6895, dev acc: 0.86, time: 3.97
Mon, 08 Apr 2019 14:06:43: INFO: 
Evaluation - loss: 43.865511 Precision:0.4522 Recall:0.5000 Fscore:0.4747 acc: 57.0000%(2532/44) 

Mon, 08 Apr 2019 14:06:47: INFO: epoch: 20, train loss: 0.6938, train acc: 0.42, dev loss: 0.6895, dev acc: 0.86, time: 3.97
Mon, 08 Apr 2019 14:06:47: INFO: 
Evaluation - loss: 43.865511 Precision:0.4523 Recall:0.5000 Fscore:0.4749 acc: 57.0000%(2532/44) 

Mon, 08 Apr 2019 14:06:51: INFO: epoch: 21, train loss: 0.6938, train acc: 0.43, dev loss: 0.6895, dev acc: 0.86, time: 3.97
Mon, 08 Apr 2019 14:06:51: INFO: 
Evaluation - loss: 43.865510 Precision:0.4522 Recall:0.5000 Fscore:0.4748 acc: 57.0000%(2532/44) 

Mon, 08 Apr 2019 14:06:55: INFO: epoch: 22, train loss: 0.6938, train acc: 0.43, dev loss: 0.6895, dev acc: 0.86, time: 3.96
Mon, 08 Apr 2019 14:06:56: INFO: 
Evaluation - loss: 43.865511 Precision:0.4522 Recall:0.5000 Fscore:0.4748 acc: 57.0000%(2532/44) 

Mon, 08 Apr 2019 14:07:00: INFO: epoch: 23, train loss: 0.6938, train acc: 0.43, dev loss: 0.6896, dev acc: 0.86, time: 3.96
Mon, 08 Apr 2019 14:07:00: INFO: 
Evaluation - loss: 43.865511 Precision:0.4524 Recall:0.5000 Fscore:0.4748 acc: 57.0000%(2532/44) 

Mon, 08 Apr 2019 14:07:04: INFO: epoch: 24, train loss: 0.6938, train acc: 0.43, dev loss: 0.6895, dev acc: 0.86, time: 3.98
Mon, 08 Apr 2019 14:07:04: INFO: 
Evaluation - loss: 43.865511 Precision:0.4523 Recall:0.5000 Fscore:0.4748 acc: 57.0000%(2532/44) 

Mon, 08 Apr 2019 14:07:08: INFO: epoch: 25, train loss: 0.6938, train acc: 0.42, dev loss: 0.6895, dev acc: 0.86, time: 3.96
Mon, 08 Apr 2019 14:07:08: INFO: 
Evaluation - loss: 43.865510 Precision:0.4523 Recall:0.5000 Fscore:0.4749 acc: 57.0000%(2532/44) 

Mon, 08 Apr 2019 14:07:12: INFO: epoch: 26, train loss: 0.6938, train acc: 0.43, dev loss: 0.6896, dev acc: 0.86, time: 3.97
Mon, 08 Apr 2019 14:07:13: INFO: 
Evaluation - loss: 43.865510 Precision:0.4525 Recall:0.5000 Fscore:0.4749 acc: 57.0000%(2532/44) 

Mon, 08 Apr 2019 14:07:17: INFO: epoch: 27, train loss: 0.6938, train acc: 0.43, dev loss: 0.6896, dev acc: 0.86, time: 3.98
Mon, 08 Apr 2019 14:07:17: INFO: 
Evaluation - loss: 43.865511 Precision:0.4523 Recall:0.5000 Fscore:0.4748 acc: 57.0000%(2532/44) 

Mon, 08 Apr 2019 14:07:21: INFO: epoch: 28, train loss: 0.6938, train acc: 0.42, dev loss: 0.6895, dev acc: 0.86, time: 3.97
Mon, 08 Apr 2019 14:07:21: INFO: 
Evaluation - loss: 43.865511 Precision:0.4634 Recall:0.5114 Fscore:0.4859 acc: 57.0000%(2532/44) 

Mon, 08 Apr 2019 14:07:25: INFO: epoch: 29, train loss: 0.6938, train acc: 0.43, dev loss: 0.6895, dev acc: 0.86, time: 3.93
Mon, 08 Apr 2019 14:07:25: INFO: 
Evaluation - loss: 43.865511 Precision:0.4522 Recall:0.5000 Fscore:0.4747 acc: 57.0000%(2532/44) 

Mon, 08 Apr 2019 14:07:29: INFO: epoch: 30, train loss: 0.6938, train acc: 0.43, dev loss: 0.6896, dev acc: 0.86, time: 3.94
Mon, 08 Apr 2019 14:07:29: INFO: 
Evaluation - loss: 43.865511 Precision:0.4522 Recall:0.5000 Fscore:0.4747 acc: 57.0000%(2532/44) 

Mon, 08 Apr 2019 14:07:33: INFO: epoch: 31, train loss: 0.6938, train acc: 0.43, dev loss: 0.6896, dev acc: 0.86, time: 3.92
Mon, 08 Apr 2019 14:07:34: INFO: 
Evaluation - loss: 43.865510 Precision:0.4523 Recall:0.5000 Fscore:0.4747 acc: 57.0000%(2532/44) 

Mon, 08 Apr 2019 14:07:38: INFO: epoch: 32, train loss: 0.6938, train acc: 0.43, dev loss: 0.6897, dev acc: 0.85, time: 4.02
Mon, 08 Apr 2019 14:07:38: INFO: 
Evaluation - loss: 43.865511 Precision:0.4524 Recall:0.5000 Fscore:0.4748 acc: 57.0000%(2532/44) 

Mon, 08 Apr 2019 14:07:42: INFO: epoch: 33, train loss: 0.6938, train acc: 0.43, dev loss: 0.6896, dev acc: 0.86, time: 3.94
Mon, 08 Apr 2019 14:07:42: INFO: 
Evaluation - loss: 43.865510 Precision:0.4640 Recall:0.5114 Fscore:0.4863 acc: 57.0000%(2532/44) 

Mon, 08 Apr 2019 14:07:46: INFO: epoch: 34, train loss: 0.6939, train acc: 0.42, dev loss: 0.6895, dev acc: 0.86, time: 3.97
Mon, 08 Apr 2019 14:07:46: INFO: 
Evaluation - loss: 43.865511 Precision:0.4525 Recall:0.5000 Fscore:0.4748 acc: 57.0000%(2532/44) 

Mon, 08 Apr 2019 14:07:50: INFO: epoch: 35, train loss: 0.6938, train acc: 0.43, dev loss: 0.6895, dev acc: 0.87, time: 4.04
Mon, 08 Apr 2019 14:07:51: INFO: 
Evaluation - loss: 43.865510 Precision:0.4520 Recall:0.5000 Fscore:0.4745 acc: 57.0000%(2532/44) 

Mon, 08 Apr 2019 14:07:55: INFO: epoch: 36, train loss: 0.6939, train acc: 0.42, dev loss: 0.6897, dev acc: 0.85, time: 3.98
Mon, 08 Apr 2019 14:07:55: INFO: 
Evaluation - loss: 43.865511 Precision:0.4523 Recall:0.5000 Fscore:0.4749 acc: 57.0000%(2532/44) 

Mon, 08 Apr 2019 14:07:59: INFO: epoch: 37, train loss: 0.6938, train acc: 0.43, dev loss: 0.6896, dev acc: 0.86, time: 4.01
Mon, 08 Apr 2019 14:07:59: INFO: 
Evaluation - loss: 43.865511 Precision:0.4523 Recall:0.5000 Fscore:0.4748 acc: 57.0000%(2532/44) 

Mon, 08 Apr 2019 14:08:03: INFO: epoch: 38, train loss: 0.6939, train acc: 0.42, dev loss: 0.6896, dev acc: 0.86, time: 4.05
Mon, 08 Apr 2019 14:08:03: INFO: 
Evaluation - loss: 43.865511 Precision:0.4521 Recall:0.5000 Fscore:0.4747 acc: 57.0000%(2532/44) 

Mon, 08 Apr 2019 14:08:07: INFO: epoch: 39, train loss: 0.6938, train acc: 0.43, dev loss: 0.6896, dev acc: 0.86, time: 3.96
Mon, 08 Apr 2019 14:08:08: INFO: 
Evaluation - loss: 43.865512 Precision:0.4522 Recall:0.5000 Fscore:0.4748 acc: 57.0000%(2532/44) 

Mon, 08 Apr 2019 14:08:12: INFO: epoch: 40, train loss: 0.6939, train acc: 0.42, dev loss: 0.6895, dev acc: 0.86, time: 4.02
Mon, 08 Apr 2019 14:08:12: INFO: 
Evaluation - loss: 43.865511 Precision:0.4525 Recall:0.5000 Fscore:0.4749 acc: 57.0000%(2532/44) 

Mon, 08 Apr 2019 14:08:16: INFO: epoch: 41, train loss: 0.6939, train acc: 0.42, dev loss: 0.6896, dev acc: 0.86, time: 3.98
Mon, 08 Apr 2019 14:08:16: INFO: 
Evaluation - loss: 43.865511 Precision:0.4524 Recall:0.5000 Fscore:0.4749 acc: 57.0000%(2532/44) 

Mon, 08 Apr 2019 14:08:20: INFO: epoch: 42, train loss: 0.6938, train acc: 0.42, dev loss: 0.6897, dev acc: 0.86, time: 4.02
Mon, 08 Apr 2019 14:08:20: INFO: 
Evaluation - loss: 43.865511 Precision:0.4523 Recall:0.5000 Fscore:0.4748 acc: 57.0000%(2532/44) 

Mon, 08 Apr 2019 14:08:24: INFO: epoch: 43, train loss: 0.6938, train acc: 0.43, dev loss: 0.6896, dev acc: 0.86, time: 4.01
Mon, 08 Apr 2019 14:08:25: INFO: 
Evaluation - loss: 43.865511 Precision:0.4523 Recall:0.5000 Fscore:0.4747 acc: 57.0000%(2532/44) 

Mon, 08 Apr 2019 14:08:29: INFO: epoch: 44, train loss: 0.6938, train acc: 0.42, dev loss: 0.6895, dev acc: 0.87, time: 4.03
Mon, 08 Apr 2019 14:08:29: INFO: 
Evaluation - loss: 43.865511 Precision:0.4523 Recall:0.5000 Fscore:0.4748 acc: 57.0000%(2532/44) 

Mon, 08 Apr 2019 14:08:33: INFO: epoch: 45, train loss: 0.6938, train acc: 0.43, dev loss: 0.6895, dev acc: 0.86, time: 4.03
Mon, 08 Apr 2019 14:08:33: INFO: 
Evaluation - loss: 43.865511 Precision:0.4522 Recall:0.5000 Fscore:0.4747 acc: 57.0000%(2532/44) 

Mon, 08 Apr 2019 14:08:37: INFO: epoch: 46, train loss: 0.6938, train acc: 0.43, dev loss: 0.6895, dev acc: 0.86, time: 4.04
Mon, 08 Apr 2019 14:08:38: INFO: 
Evaluation - loss: 43.865510 Precision:0.4525 Recall:0.5000 Fscore:0.4749 acc: 57.0000%(2532/44) 

Mon, 08 Apr 2019 14:08:42: INFO: epoch: 47, train loss: 0.6938, train acc: 0.43, dev loss: 0.6896, dev acc: 0.86, time: 4.09
Mon, 08 Apr 2019 14:08:42: INFO: 
Evaluation - loss: 43.865511 Precision:0.4523 Recall:0.5000 Fscore:0.4748 acc: 57.0000%(2532/44) 

Mon, 08 Apr 2019 14:08:46: INFO: epoch: 48, train loss: 0.6938, train acc: 0.42, dev loss: 0.6896, dev acc: 0.86, time: 4.05
Mon, 08 Apr 2019 14:08:46: INFO: 
Evaluation - loss: 43.865512 Precision:0.4520 Recall:0.5000 Fscore:0.4746 acc: 57.0000%(2532/44) 

Mon, 08 Apr 2019 14:08:50: INFO: epoch: 49, train loss: 0.6938, train acc: 0.42, dev loss: 0.6896, dev acc: 0.86, time: 3.99
Mon, 08 Apr 2019 14:08:50: INFO: 
Evaluation - loss: 43.865512 Precision:0.4524 Recall:0.5000 Fscore:0.4748 acc: 57.0000%(2532/44) 

Mon, 08 Apr 2019 14:08:54: INFO: epoch: 50, train loss: 0.6938, train acc: 0.42, dev loss: 0.6896, dev acc: 0.86, time: 4.01
Mon, 08 Apr 2019 14:08:55: INFO: 
Evaluation - loss: 43.865509 Precision:0.4525 Recall:0.5000 Fscore:0.4749 acc: 57.0000%(2532/44) 

Mon, 08 Apr 2019 14:08:59: INFO: epoch: 51, train loss: 0.6939, train acc: 0.42, dev loss: 0.6896, dev acc: 0.86, time: 4.02
Mon, 08 Apr 2019 14:08:59: INFO: 
Evaluation - loss: 43.865510 Precision:0.4521 Recall:0.5000 Fscore:0.4746 acc: 57.0000%(2532/44) 

Mon, 08 Apr 2019 14:09:03: INFO: epoch: 52, train loss: 0.6938, train acc: 0.43, dev loss: 0.6896, dev acc: 0.86, time: 4.01
Mon, 08 Apr 2019 14:09:03: INFO: 
Evaluation - loss: 43.865510 Precision:0.4521 Recall:0.5000 Fscore:0.4746 acc: 57.0000%(2532/44) 

Mon, 08 Apr 2019 14:09:07: INFO: epoch: 53, train loss: 0.6938, train acc: 0.43, dev loss: 0.6895, dev acc: 0.86, time: 3.99
Mon, 08 Apr 2019 14:09:08: INFO: 
Evaluation - loss: 43.865511 Precision:0.4522 Recall:0.5000 Fscore:0.4747 acc: 57.0000%(2532/44) 

Mon, 08 Apr 2019 14:09:12: INFO: epoch: 54, train loss: 0.6938, train acc: 0.42, dev loss: 0.6896, dev acc: 0.86, time: 4.01
Mon, 08 Apr 2019 14:09:12: INFO: 
Evaluation - loss: 43.865511 Precision:0.4523 Recall:0.5000 Fscore:0.4748 acc: 57.0000%(2532/44) 

Mon, 08 Apr 2019 14:09:16: INFO: epoch: 55, train loss: 0.6939, train acc: 0.42, dev loss: 0.6896, dev acc: 0.86, time: 3.99
Mon, 08 Apr 2019 14:09:16: INFO: 
Evaluation - loss: 43.865510 Precision:0.4524 Recall:0.5000 Fscore:0.4748 acc: 57.0000%(2532/44) 

Mon, 08 Apr 2019 14:09:20: INFO: epoch: 56, train loss: 0.6938, train acc: 0.43, dev loss: 0.6896, dev acc: 0.86, time: 4.02
Mon, 08 Apr 2019 14:09:21: INFO: 
Evaluation - loss: 43.865510 Precision:0.4638 Recall:0.5114 Fscore:0.4861 acc: 57.0000%(2532/44) 

Mon, 08 Apr 2019 14:09:25: INFO: epoch: 57, train loss: 0.6938, train acc: 0.42, dev loss: 0.6895, dev acc: 0.86, time: 4.00
Mon, 08 Apr 2019 14:09:25: INFO: 
Evaluation - loss: 43.865511 Precision:0.4638 Recall:0.5114 Fscore:0.4862 acc: 57.0000%(2532/44) 

Mon, 08 Apr 2019 14:09:29: INFO: epoch: 58, train loss: 0.6938, train acc: 0.43, dev loss: 0.6896, dev acc: 0.86, time: 4.01
Mon, 08 Apr 2019 14:09:29: INFO: 
Evaluation - loss: 43.865511 Precision:0.4521 Recall:0.5000 Fscore:0.4746 acc: 57.0000%(2532/44) 

Mon, 08 Apr 2019 14:09:33: INFO: epoch: 59, train loss: 0.6938, train acc: 0.43, dev loss: 0.6895, dev acc: 0.86, time: 4.03
Mon, 08 Apr 2019 14:09:33: INFO: 
Evaluation - loss: 43.865510 Precision:0.4524 Recall:0.5000 Fscore:0.4748 acc: 57.0000%(2532/44) 

Mon, 08 Apr 2019 14:09:38: INFO: epoch: 60, train loss: 0.6939, train acc: 0.42, dev loss: 0.6896, dev acc: 0.86, time: 4.07
Mon, 08 Apr 2019 14:09:38: INFO: 
Evaluation - loss: 43.865513 Precision:0.4523 Recall:0.5000 Fscore:0.4748 acc: 57.0000%(2532/44) 

Mon, 08 Apr 2019 14:09:42: INFO: epoch: 61, train loss: 0.6938, train acc: 0.43, dev loss: 0.6896, dev acc: 0.86, time: 3.98
Mon, 08 Apr 2019 14:09:42: INFO: 
Evaluation - loss: 43.865511 Precision:0.4524 Recall:0.5000 Fscore:0.4748 acc: 57.0000%(2532/44) 

Mon, 08 Apr 2019 14:09:46: INFO: epoch: 62, train loss: 0.6938, train acc: 0.43, dev loss: 0.6896, dev acc: 0.85, time: 3.96
Mon, 08 Apr 2019 14:09:46: INFO: 
Evaluation - loss: 43.865512 Precision:0.4523 Recall:0.5000 Fscore:0.4748 acc: 57.0000%(2532/44) 

Mon, 08 Apr 2019 14:09:50: INFO: epoch: 63, train loss: 0.6938, train acc: 0.43, dev loss: 0.6896, dev acc: 0.85, time: 3.99
Mon, 08 Apr 2019 14:09:51: INFO: 
Evaluation - loss: 43.865510 Precision:0.4524 Recall:0.5000 Fscore:0.4748 acc: 57.0000%(2532/44) 

Mon, 08 Apr 2019 14:09:55: INFO: epoch: 64, train loss: 0.6938, train acc: 0.43, dev loss: 0.6895, dev acc: 0.86, time: 3.99
Mon, 08 Apr 2019 14:09:55: INFO: 
Evaluation - loss: 43.865512 Precision:0.4522 Recall:0.5000 Fscore:0.4747 acc: 57.0000%(2532/44) 

Mon, 08 Apr 2019 14:09:59: INFO: epoch: 65, train loss: 0.6939, train acc: 0.42, dev loss: 0.6895, dev acc: 0.86, time: 4.02
Mon, 08 Apr 2019 14:09:59: INFO: 
Evaluation - loss: 43.865511 Precision:0.4523 Recall:0.5000 Fscore:0.4748 acc: 57.0000%(2532/44) 

Mon, 08 Apr 2019 14:10:03: INFO: epoch: 66, train loss: 0.6939, train acc: 0.43, dev loss: 0.6895, dev acc: 0.86, time: 4.01
Mon, 08 Apr 2019 14:10:04: INFO: 
Evaluation - loss: 43.865510 Precision:0.4524 Recall:0.5000 Fscore:0.4748 acc: 57.0000%(2532/44) 

Mon, 08 Apr 2019 14:10:08: INFO: epoch: 67, train loss: 0.6938, train acc: 0.43, dev loss: 0.6896, dev acc: 0.86, time: 4.04
Mon, 08 Apr 2019 14:10:08: INFO: 
Evaluation - loss: 43.865511 Precision:0.4523 Recall:0.5000 Fscore:0.4748 acc: 57.0000%(2532/44) 

Mon, 08 Apr 2019 14:10:12: INFO: epoch: 68, train loss: 0.6939, train acc: 0.42, dev loss: 0.6894, dev acc: 0.87, time: 3.99
Mon, 08 Apr 2019 14:10:12: INFO: 
Evaluation - loss: 43.865511 Precision:0.4524 Recall:0.5000 Fscore:0.4748 acc: 57.0000%(2532/44) 

Mon, 08 Apr 2019 14:10:16: INFO: epoch: 69, train loss: 0.6938, train acc: 0.42, dev loss: 0.6896, dev acc: 0.86, time: 4.04
Mon, 08 Apr 2019 14:10:17: INFO: 
Evaluation - loss: 43.865512 Precision:0.4522 Recall:0.5000 Fscore:0.4747 acc: 57.0000%(2532/44) 

Mon, 08 Apr 2019 14:10:20: INFO: epoch: 70, train loss: 0.6938, train acc: 0.43, dev loss: 0.6895, dev acc: 0.86, time: 3.96
Mon, 08 Apr 2019 14:10:21: INFO: 
Evaluation - loss: 43.865509 Precision:0.4523 Recall:0.5000 Fscore:0.4747 acc: 57.0000%(2532/44) 

Mon, 08 Apr 2019 14:10:25: INFO: epoch: 71, train loss: 0.6938, train acc: 0.42, dev loss: 0.6896, dev acc: 0.86, time: 4.01
Mon, 08 Apr 2019 14:10:25: INFO: 
Evaluation - loss: 43.865511 Precision:0.4525 Recall:0.5000 Fscore:0.4749 acc: 57.0000%(2532/44) 

Mon, 08 Apr 2019 14:10:29: INFO: epoch: 72, train loss: 0.6939, train acc: 0.42, dev loss: 0.6895, dev acc: 0.87, time: 4.05
Mon, 08 Apr 2019 14:10:29: INFO: 
Evaluation - loss: 43.865511 Precision:0.4523 Recall:0.5000 Fscore:0.4748 acc: 57.0000%(2532/44) 

Mon, 08 Apr 2019 14:10:34: INFO: epoch: 73, train loss: 0.6939, train acc: 0.42, dev loss: 0.6895, dev acc: 0.86, time: 4.09
Mon, 08 Apr 2019 14:10:34: INFO: 
Evaluation - loss: 43.865510 Precision:0.4637 Recall:0.5114 Fscore:0.4861 acc: 57.0000%(2532/44) 

Mon, 08 Apr 2019 14:10:38: INFO: epoch: 74, train loss: 0.6938, train acc: 0.42, dev loss: 0.6897, dev acc: 0.86, time: 4.14
Mon, 08 Apr 2019 14:10:38: INFO: 
Evaluation - loss: 43.865511 Precision:0.4524 Recall:0.5000 Fscore:0.4748 acc: 57.0000%(2532/44) 

Mon, 08 Apr 2019 14:10:42: INFO: epoch: 75, train loss: 0.6938, train acc: 0.42, dev loss: 0.6896, dev acc: 0.86, time: 4.06
Mon, 08 Apr 2019 14:10:43: INFO: 
Evaluation - loss: 43.865512 Precision:0.4525 Recall:0.5000 Fscore:0.4749 acc: 57.0000%(2532/44) 

Mon, 08 Apr 2019 14:10:47: INFO: epoch: 76, train loss: 0.6938, train acc: 0.42, dev loss: 0.6895, dev acc: 0.86, time: 4.05
Mon, 08 Apr 2019 14:10:47: INFO: 
Evaluation - loss: 43.865509 Precision:0.4522 Recall:0.5000 Fscore:0.4747 acc: 57.0000%(2532/44) 

Mon, 08 Apr 2019 14:10:51: INFO: epoch: 77, train loss: 0.6938, train acc: 0.42, dev loss: 0.6897, dev acc: 0.85, time: 4.06
Mon, 08 Apr 2019 14:10:51: INFO: 
Evaluation - loss: 43.865510 Precision:0.4522 Recall:0.5000 Fscore:0.4747 acc: 57.0000%(2532/44) 

Mon, 08 Apr 2019 14:10:55: INFO: epoch: 78, train loss: 0.6938, train acc: 0.43, dev loss: 0.6895, dev acc: 0.86, time: 4.11
Mon, 08 Apr 2019 14:10:56: INFO: 
Evaluation - loss: 43.865511 Precision:0.4525 Recall:0.5000 Fscore:0.4749 acc: 57.0000%(2532/44) 

Mon, 08 Apr 2019 14:11:00: INFO: epoch: 79, train loss: 0.6938, train acc: 0.42, dev loss: 0.6895, dev acc: 0.87, time: 4.14
Mon, 08 Apr 2019 14:11:00: INFO: 
Evaluation - loss: 43.865510 Precision:0.4524 Recall:0.5000 Fscore:0.4749 acc: 57.0000%(2532/44) 

Mon, 08 Apr 2019 14:11:07: INFO: epoch: 80, train loss: 0.6939, train acc: 0.42, dev loss: 0.6896, dev acc: 0.86, time: 6.99
Mon, 08 Apr 2019 14:11:08: INFO: 
Evaluation - loss: 43.865511 Precision:0.4636 Recall:0.5114 Fscore:0.4861 acc: 57.0000%(2532/44) 

Mon, 08 Apr 2019 14:11:13: INFO: epoch: 81, train loss: 0.6938, train acc: 0.42, dev loss: 0.6896, dev acc: 0.86, time: 5.58
Mon, 08 Apr 2019 14:11:14: INFO: 
Evaluation - loss: 43.865511 Precision:0.4523 Recall:0.5000 Fscore:0.4748 acc: 57.0000%(2532/44) 

Mon, 08 Apr 2019 14:11:18: INFO: epoch: 82, train loss: 0.6939, train acc: 0.43, dev loss: 0.6896, dev acc: 0.86, time: 4.23
Mon, 08 Apr 2019 14:11:18: INFO: 
Evaluation - loss: 43.865511 Precision:0.4524 Recall:0.5000 Fscore:0.4749 acc: 57.0000%(2532/44) 

Mon, 08 Apr 2019 14:11:22: INFO: epoch: 83, train loss: 0.6938, train acc: 0.43, dev loss: 0.6896, dev acc: 0.85, time: 4.16
Mon, 08 Apr 2019 14:11:23: INFO: 
Evaluation - loss: 43.865511 Precision:0.4525 Recall:0.5000 Fscore:0.4748 acc: 57.0000%(2532/44) 

Mon, 08 Apr 2019 14:11:27: INFO: epoch: 84, train loss: 0.6938, train acc: 0.43, dev loss: 0.6896, dev acc: 0.86, time: 4.20
Mon, 08 Apr 2019 14:11:27: INFO: 
Evaluation - loss: 43.865511 Precision:0.4523 Recall:0.5000 Fscore:0.4748 acc: 57.0000%(2532/44) 

Mon, 08 Apr 2019 14:11:33: INFO: epoch: 85, train loss: 0.6938, train acc: 0.42, dev loss: 0.6896, dev acc: 0.86, time: 5.99
Mon, 08 Apr 2019 14:11:34: INFO: 
Evaluation - loss: 43.865510 Precision:0.4523 Recall:0.5000 Fscore:0.4748 acc: 57.0000%(2532/44) 

Mon, 08 Apr 2019 14:11:41: INFO: epoch: 86, train loss: 0.6938, train acc: 0.42, dev loss: 0.6897, dev acc: 0.86, time: 7.20
Mon, 08 Apr 2019 14:11:41: INFO: 
Evaluation - loss: 43.865510 Precision:0.4522 Recall:0.5000 Fscore:0.4747 acc: 57.0000%(2532/44) 

Mon, 08 Apr 2019 14:11:45: INFO: epoch: 87, train loss: 0.6938, train acc: 0.42, dev loss: 0.6896, dev acc: 0.85, time: 4.07
Mon, 08 Apr 2019 14:11:46: INFO: 
Evaluation - loss: 43.865511 Precision:0.4523 Recall:0.5000 Fscore:0.4748 acc: 57.0000%(2532/44) 

Mon, 08 Apr 2019 14:11:50: INFO: epoch: 88, train loss: 0.6938, train acc: 0.43, dev loss: 0.6896, dev acc: 0.86, time: 4.08
Mon, 08 Apr 2019 14:11:50: INFO: 
Evaluation - loss: 43.865511 Precision:0.4523 Recall:0.5000 Fscore:0.4748 acc: 57.0000%(2532/44) 

Mon, 08 Apr 2019 14:11:54: INFO: epoch: 89, train loss: 0.6939, train acc: 0.43, dev loss: 0.6895, dev acc: 0.87, time: 4.10
Mon, 08 Apr 2019 14:11:54: INFO: 
Evaluation - loss: 43.865511 Precision:0.4636 Recall:0.5114 Fscore:0.4861 acc: 57.0000%(2532/44) 

Mon, 08 Apr 2019 14:11:58: INFO: epoch: 90, train loss: 0.6939, train acc: 0.42, dev loss: 0.6896, dev acc: 0.86, time: 4.07
Mon, 08 Apr 2019 14:11:59: INFO: 
Evaluation - loss: 43.865511 Precision:0.4525 Recall:0.5000 Fscore:0.4749 acc: 57.0000%(2532/44) 

Mon, 08 Apr 2019 14:12:03: INFO: epoch: 91, train loss: 0.6938, train acc: 0.43, dev loss: 0.6896, dev acc: 0.85, time: 4.06
Mon, 08 Apr 2019 14:12:03: INFO: 
Evaluation - loss: 43.865510 Precision:0.4525 Recall:0.5000 Fscore:0.4749 acc: 57.0000%(2532/44) 

Mon, 08 Apr 2019 14:12:07: INFO: epoch: 92, train loss: 0.6938, train acc: 0.43, dev loss: 0.6896, dev acc: 0.86, time: 4.07
Mon, 08 Apr 2019 14:12:07: INFO: 
Evaluation - loss: 43.865511 Precision:0.4523 Recall:0.5000 Fscore:0.4748 acc: 57.0000%(2532/44) 

Mon, 08 Apr 2019 14:12:11: INFO: epoch: 93, train loss: 0.6938, train acc: 0.43, dev loss: 0.6896, dev acc: 0.86, time: 4.06
Mon, 08 Apr 2019 14:12:12: INFO: 
Evaluation - loss: 43.865510 Precision:0.4522 Recall:0.5000 Fscore:0.4748 acc: 57.0000%(2532/44) 

Mon, 08 Apr 2019 14:12:16: INFO: epoch: 94, train loss: 0.6938, train acc: 0.42, dev loss: 0.6896, dev acc: 0.85, time: 4.08
Mon, 08 Apr 2019 14:12:16: INFO: 
Evaluation - loss: 43.865510 Precision:0.4525 Recall:0.5000 Fscore:0.4749 acc: 57.0000%(2532/44) 

Mon, 08 Apr 2019 14:12:20: INFO: epoch: 95, train loss: 0.6938, train acc: 0.43, dev loss: 0.6896, dev acc: 0.86, time: 4.07
Mon, 08 Apr 2019 14:12:20: INFO: 
Evaluation - loss: 43.865511 Precision:0.4523 Recall:0.5000 Fscore:0.4748 acc: 57.0000%(2532/44) 

Mon, 08 Apr 2019 14:12:24: INFO: epoch: 96, train loss: 0.6938, train acc: 0.42, dev loss: 0.6895, dev acc: 0.86, time: 4.07
Mon, 08 Apr 2019 14:12:25: INFO: 
Evaluation - loss: 43.865511 Precision:0.4523 Recall:0.5000 Fscore:0.4748 acc: 57.0000%(2532/44) 

Mon, 08 Apr 2019 14:12:29: INFO: epoch: 97, train loss: 0.6939, train acc: 0.42, dev loss: 0.6897, dev acc: 0.85, time: 4.07
Mon, 08 Apr 2019 14:12:29: INFO: 
Evaluation - loss: 43.865510 Precision:0.4523 Recall:0.5000 Fscore:0.4748 acc: 57.0000%(2532/44) 

Mon, 08 Apr 2019 14:12:33: INFO: epoch: 98, train loss: 0.6938, train acc: 0.43, dev loss: 0.6895, dev acc: 0.86, time: 4.10
Mon, 08 Apr 2019 14:12:33: INFO: 
Evaluation - loss: 43.865511 Precision:0.4524 Recall:0.5000 Fscore:0.4749 acc: 57.0000%(2532/44) 

Mon, 08 Apr 2019 14:12:37: INFO: epoch: 99, train loss: 0.6938, train acc: 0.43, dev loss: 0.6895, dev acc: 0.87, time: 4.08
Mon, 08 Apr 2019 14:12:38: INFO: 
Evaluation - loss: 43.865511 Precision:0.4523 Recall:0.5000 Fscore:0.4748 acc: 57.0000%(2532/44) 

Mon, 08 Apr 2019 14:12:42: INFO: epoch: 100, train loss: 0.6938, train acc: 0.43, dev loss: 0.6895, dev acc: 0.86, time: 4.09
Mon, 08 Apr 2019 14:12:42: INFO: 
Evaluation - loss: 43.865511 Precision:0.4524 Recall:0.5000 Fscore:0.4748 acc: 57.0000%(2532/44) 

