Mon, 08 Apr 2019 20:17:53: INFO: running main.py --model=BiLSTM --optimizer=sgd --batch_size=64 --vocab_size=40000 --embed_dim=300 --in_channels=1 --kernel_sizes=123 --kernel_nums=200 --hidden_dim=100 --num_layers=2 --bidirectional=True --max_seq_len=50 --learning_rate=0.001 --num_epochs=100 --dropout=0.3 --num_class=2 --train_file=./data/cwmt_train_comb.txt --dev_file=./data/cwmt_dev_comb.txt --dev_file=./data/htqe_test_comb.txt --pretrained_embeddings=./word2vec/wiki.en_zh.vec --prediction_file=./predictions/htqe_test_comb_bilstm2.txt --saved_model=./saved_models/cwmt.en_zh.pt --test=False --weight_decay=0.0 --grad_clip=0.0 --momentum=0.0 --seed_num=123 --scheduler=steplr --run_log=umtqe_bilstm
Mon, 08 Apr 2019 20:17:53: INFO: 	BATCH_SIZE=64
Mon, 08 Apr 2019 20:17:53: INFO: 	BIDIRECTIONAL=True
Mon, 08 Apr 2019 20:17:53: INFO: 	DEV_FILE=./data/htqe_test_comb.txt
Mon, 08 Apr 2019 20:17:53: INFO: 	DROPOUT=0.3
Mon, 08 Apr 2019 20:17:53: INFO: 	EMBED_DIM=300
Mon, 08 Apr 2019 20:17:53: INFO: 	GRAD_CLIP=0.0
Mon, 08 Apr 2019 20:17:53: INFO: 	HIDDEN_DIM=100
Mon, 08 Apr 2019 20:17:53: INFO: 	IN_CHANNELS=1
Mon, 08 Apr 2019 20:17:53: INFO: 	KERNEL_NUMS=200
Mon, 08 Apr 2019 20:17:53: INFO: 	KERNEL_SIZES=[1, 2, 3]
Mon, 08 Apr 2019 20:17:53: INFO: 	LEARNING_RATE=0.001
Mon, 08 Apr 2019 20:17:53: INFO: 	MAX_SEQ_LEN=50
Mon, 08 Apr 2019 20:17:53: INFO: 	MODEL=BiLSTM
Mon, 08 Apr 2019 20:17:53: INFO: 	MOMENTUM=0.0
Mon, 08 Apr 2019 20:17:53: INFO: 	NUM_CLASS=2
Mon, 08 Apr 2019 20:17:53: INFO: 	NUM_EPOCHS=100
Mon, 08 Apr 2019 20:17:53: INFO: 	NUM_LAYERS=2
Mon, 08 Apr 2019 20:17:53: INFO: 	OPTIMIZER=sgd
Mon, 08 Apr 2019 20:17:53: INFO: 	PREDICTION_FILE=./predictions/htqe_test_comb_bilstm2.txt
Mon, 08 Apr 2019 20:17:53: INFO: 	PRETRAINED_EMBEDDINGS=./word2vec/wiki.en_zh.vec
Mon, 08 Apr 2019 20:17:53: INFO: 	PRETRAINED_WEIGHTS=tensor([[ 0.0046,  0.0888,  0.0158,  ..., -0.0273, -0.1007, -0.0268],
        [-0.0356,  0.1300,  0.0765,  ..., -0.0518, -0.0298,  0.0368],
        [ 0.0000,  0.0000,  0.0000,  ...,  0.0000,  0.0000,  0.0000],
        ...,
        [ 0.0000,  0.0000,  0.0000,  ...,  0.0000,  0.0000,  0.0000],
        [ 0.0255, -0.0351,  0.0403,  ..., -0.1087, -0.0274, -0.0220],
        [-0.0091,  0.0616,  0.0376,  ..., -0.0713, -0.0483,  0.0596]])
Mon, 08 Apr 2019 20:17:53: INFO: 	RUN_LOG=umtqe_bilstm
Mon, 08 Apr 2019 20:17:53: INFO: 	SAVED_MODEL=./saved_models/cwmt.en_zh.pt
Mon, 08 Apr 2019 20:17:53: INFO: 	SCHEDULER=steplr
Mon, 08 Apr 2019 20:17:53: INFO: 	SEED_NUM=123
Mon, 08 Apr 2019 20:17:53: INFO: 	TEST=False
Mon, 08 Apr 2019 20:17:53: INFO: 	TEST_FILE=./data/htqe_test_comb.txt
Mon, 08 Apr 2019 20:17:53: INFO: 	TRAIN_FILE=./data/cwmt_train_comb.txt
Mon, 08 Apr 2019 20:17:53: INFO: 	USE_GPU=True
Mon, 08 Apr 2019 20:17:53: INFO: 	VOCAB_SIZE=44995
Mon, 08 Apr 2019 20:17:53: INFO: 	WEIGHT_DECAY=0.0
Mon, 08 Apr 2019 20:18:14: INFO: epoch: 1, train loss: 0.6988, train acc: 0.41, dev loss: 0.6698, dev acc: 0.90, time: 19.26
Mon, 08 Apr 2019 20:18:15: INFO: 
Evaluation - loss: 42.602473 Precision:0.9051 Recall:0.9051 Fscore:0.9051 acc: 0.9046%(2532/2799) 

Mon, 08 Apr 2019 20:18:18: INFO: epoch: 2, train loss: 0.6988, train acc: 0.41, dev loss: 0.6697, dev acc: 0.90, time: 2.97
Mon, 08 Apr 2019 20:18:18: INFO: 
Evaluation - loss: 42.602472 Precision:0.9044 Recall:0.9044 Fscore:0.9044 acc: 0.9046%(2532/2799) 

Mon, 08 Apr 2019 20:18:21: INFO: epoch: 3, train loss: 0.6988, train acc: 0.41, dev loss: 0.6698, dev acc: 0.90, time: 2.99
Mon, 08 Apr 2019 20:18:21: INFO: 
Evaluation - loss: 42.602473 Precision:0.9045 Recall:0.9045 Fscore:0.9045 acc: 0.9046%(2532/2799) 

Mon, 08 Apr 2019 20:18:24: INFO: epoch: 4, train loss: 0.6988, train acc: 0.41, dev loss: 0.6697, dev acc: 0.90, time: 2.92
Mon, 08 Apr 2019 20:18:24: INFO: 
Evaluation - loss: 42.602472 Precision:0.9045 Recall:0.9045 Fscore:0.9045 acc: 0.9046%(2532/2799) 

Mon, 08 Apr 2019 20:18:27: INFO: epoch: 5, train loss: 0.6988, train acc: 0.41, dev loss: 0.6698, dev acc: 0.90, time: 2.93
Mon, 08 Apr 2019 20:18:28: INFO: 
Evaluation - loss: 42.602473 Precision:0.9045 Recall:0.9045 Fscore:0.9045 acc: 0.9046%(2532/2799) 

Mon, 08 Apr 2019 20:18:30: INFO: epoch: 6, train loss: 0.6988, train acc: 0.41, dev loss: 0.6697, dev acc: 0.90, time: 2.91
Mon, 08 Apr 2019 20:18:31: INFO: 
Evaluation - loss: 42.602473 Precision:0.9047 Recall:0.9047 Fscore:0.9047 acc: 0.9046%(2532/2799) 

Mon, 08 Apr 2019 20:18:33: INFO: epoch: 7, train loss: 0.6988, train acc: 0.41, dev loss: 0.6697, dev acc: 0.91, time: 2.70
Mon, 08 Apr 2019 20:18:34: INFO: 
Evaluation - loss: 42.602473 Precision:0.9042 Recall:0.9042 Fscore:0.9042 acc: 0.9046%(2532/2799) 

Mon, 08 Apr 2019 20:18:36: INFO: epoch: 8, train loss: 0.6988, train acc: 0.41, dev loss: 0.6697, dev acc: 0.91, time: 2.65
Mon, 08 Apr 2019 20:18:37: INFO: 
Evaluation - loss: 42.602474 Precision:0.9049 Recall:0.9049 Fscore:0.9049 acc: 0.9046%(2532/2799) 

Mon, 08 Apr 2019 20:18:39: INFO: epoch: 9, train loss: 0.6988, train acc: 0.41, dev loss: 0.6697, dev acc: 0.90, time: 2.77
Mon, 08 Apr 2019 20:18:40: INFO: 
Evaluation - loss: 42.602473 Precision:0.9045 Recall:0.9045 Fscore:0.9045 acc: 0.9046%(2532/2799) 

Mon, 08 Apr 2019 20:18:42: INFO: epoch: 10, train loss: 0.6988, train acc: 0.41, dev loss: 0.6697, dev acc: 0.90, time: 2.89
Mon, 08 Apr 2019 20:18:43: INFO: 
Evaluation - loss: 42.602473 Precision:0.9048 Recall:0.9048 Fscore:0.9048 acc: 0.9046%(2532/2799) 

Mon, 08 Apr 2019 20:18:45: INFO: epoch: 11, train loss: 0.6988, train acc: 0.41, dev loss: 0.6696, dev acc: 0.90, time: 2.68
Mon, 08 Apr 2019 20:18:46: INFO: 
Evaluation - loss: 42.602473 Precision:0.9043 Recall:0.9043 Fscore:0.9043 acc: 0.9046%(2532/2799) 

Mon, 08 Apr 2019 20:18:48: INFO: epoch: 12, train loss: 0.6988, train acc: 0.41, dev loss: 0.6698, dev acc: 0.90, time: 2.64
Mon, 08 Apr 2019 20:18:48: INFO: 
Evaluation - loss: 42.602474 Precision:0.9043 Recall:0.9043 Fscore:0.9043 acc: 0.9046%(2532/2799) 

Mon, 08 Apr 2019 20:18:51: INFO: epoch: 13, train loss: 0.6988, train acc: 0.41, dev loss: 0.6697, dev acc: 0.90, time: 2.94
Mon, 08 Apr 2019 20:18:52: INFO: 
Evaluation - loss: 42.602473 Precision:0.9049 Recall:0.9049 Fscore:0.9049 acc: 0.9046%(2532/2799) 

Mon, 08 Apr 2019 20:18:55: INFO: epoch: 14, train loss: 0.6988, train acc: 0.41, dev loss: 0.6697, dev acc: 0.90, time: 2.89
Mon, 08 Apr 2019 20:18:55: INFO: 
Evaluation - loss: 42.602472 Precision:0.9044 Recall:0.9044 Fscore:0.9044 acc: 0.9046%(2532/2799) 

Mon, 08 Apr 2019 20:18:58: INFO: epoch: 15, train loss: 0.6988, train acc: 0.41, dev loss: 0.6697, dev acc: 0.90, time: 2.97
Mon, 08 Apr 2019 20:18:58: INFO: 
Evaluation - loss: 42.602472 Precision:0.9047 Recall:0.9047 Fscore:0.9047 acc: 0.9046%(2532/2799) 

Mon, 08 Apr 2019 20:19:01: INFO: epoch: 16, train loss: 0.6988, train acc: 0.41, dev loss: 0.6696, dev acc: 0.90, time: 2.98
Mon, 08 Apr 2019 20:19:01: INFO: 
Evaluation - loss: 42.602474 Precision:0.9048 Recall:0.9048 Fscore:0.9048 acc: 0.9046%(2532/2799) 

Mon, 08 Apr 2019 20:19:04: INFO: epoch: 17, train loss: 0.6988, train acc: 0.41, dev loss: 0.6697, dev acc: 0.90, time: 2.91
Mon, 08 Apr 2019 20:19:04: INFO: 
Evaluation - loss: 42.602473 Precision:0.9048 Recall:0.9048 Fscore:0.9048 acc: 0.9046%(2532/2799) 

Mon, 08 Apr 2019 20:19:07: INFO: epoch: 18, train loss: 0.6988, train acc: 0.41, dev loss: 0.6697, dev acc: 0.90, time: 2.99
Mon, 08 Apr 2019 20:19:08: INFO: 
Evaluation - loss: 42.602473 Precision:0.9045 Recall:0.9045 Fscore:0.9045 acc: 0.9046%(2532/2799) 

Mon, 08 Apr 2019 20:19:10: INFO: epoch: 19, train loss: 0.6988, train acc: 0.41, dev loss: 0.6697, dev acc: 0.90, time: 2.83
Mon, 08 Apr 2019 20:19:11: INFO: 
Evaluation - loss: 42.602474 Precision:0.9048 Recall:0.9048 Fscore:0.9048 acc: 0.9046%(2532/2799) 

Mon, 08 Apr 2019 20:19:14: INFO: epoch: 20, train loss: 0.6988, train acc: 0.41, dev loss: 0.6697, dev acc: 0.90, time: 2.90
Mon, 08 Apr 2019 20:19:14: INFO: 
Evaluation - loss: 42.602474 Precision:0.9048 Recall:0.9048 Fscore:0.9048 acc: 0.9046%(2532/2799) 

Mon, 08 Apr 2019 20:19:17: INFO: epoch: 21, train loss: 0.6989, train acc: 0.41, dev loss: 0.6697, dev acc: 0.90, time: 2.79
Mon, 08 Apr 2019 20:19:17: INFO: 
Evaluation - loss: 42.602473 Precision:0.9044 Recall:0.9044 Fscore:0.9044 acc: 0.9046%(2532/2799) 

Mon, 08 Apr 2019 20:19:20: INFO: epoch: 22, train loss: 0.6988, train acc: 0.41, dev loss: 0.6697, dev acc: 0.90, time: 2.72
Mon, 08 Apr 2019 20:19:20: INFO: 
Evaluation - loss: 42.602473 Precision:0.9047 Recall:0.9047 Fscore:0.9047 acc: 0.9046%(2532/2799) 

Mon, 08 Apr 2019 20:19:22: INFO: epoch: 23, train loss: 0.6988, train acc: 0.41, dev loss: 0.6697, dev acc: 0.90, time: 2.66
Mon, 08 Apr 2019 20:19:23: INFO: 
Evaluation - loss: 42.602473 Precision:0.9047 Recall:0.9047 Fscore:0.9047 acc: 0.9046%(2532/2799) 

Mon, 08 Apr 2019 20:19:25: INFO: epoch: 24, train loss: 0.6988, train acc: 0.41, dev loss: 0.6696, dev acc: 0.90, time: 2.71
Mon, 08 Apr 2019 20:19:26: INFO: 
Evaluation - loss: 42.602473 Precision:0.9042 Recall:0.9042 Fscore:0.9042 acc: 0.9046%(2532/2799) 

Mon, 08 Apr 2019 20:19:28: INFO: epoch: 25, train loss: 0.6988, train acc: 0.41, dev loss: 0.6698, dev acc: 0.90, time: 2.78
Mon, 08 Apr 2019 20:19:29: INFO: 
Evaluation - loss: 42.602473 Precision:0.9051 Recall:0.9051 Fscore:0.9051 acc: 0.9046%(2532/2799) 

Mon, 08 Apr 2019 20:19:32: INFO: epoch: 26, train loss: 0.6988, train acc: 0.41, dev loss: 0.6697, dev acc: 0.90, time: 2.97
Mon, 08 Apr 2019 20:19:32: INFO: 
Evaluation - loss: 42.602473 Precision:0.9047 Recall:0.9047 Fscore:0.9047 acc: 0.9046%(2532/2799) 

Mon, 08 Apr 2019 20:19:35: INFO: epoch: 27, train loss: 0.6988, train acc: 0.41, dev loss: 0.6697, dev acc: 0.90, time: 3.03
Mon, 08 Apr 2019 20:19:35: INFO: 
Evaluation - loss: 42.602473 Precision:0.9044 Recall:0.9044 Fscore:0.9044 acc: 0.9046%(2532/2799) 

Mon, 08 Apr 2019 20:19:38: INFO: epoch: 28, train loss: 0.6988, train acc: 0.41, dev loss: 0.6697, dev acc: 0.90, time: 2.98
Mon, 08 Apr 2019 20:19:38: INFO: 
Evaluation - loss: 42.602472 Precision:0.9043 Recall:0.9043 Fscore:0.9043 acc: 0.9046%(2532/2799) 

Mon, 08 Apr 2019 20:19:41: INFO: epoch: 29, train loss: 0.6988, train acc: 0.41, dev loss: 0.6697, dev acc: 0.90, time: 2.71
Mon, 08 Apr 2019 20:19:41: INFO: 
Evaluation - loss: 42.602473 Precision:0.9047 Recall:0.9047 Fscore:0.9047 acc: 0.9046%(2532/2799) 

Mon, 08 Apr 2019 20:19:44: INFO: epoch: 30, train loss: 0.6988, train acc: 0.41, dev loss: 0.6697, dev acc: 0.90, time: 2.90
Mon, 08 Apr 2019 20:19:44: INFO: 
Evaluation - loss: 42.602473 Precision:0.9045 Recall:0.9045 Fscore:0.9045 acc: 0.9046%(2532/2799) 

Mon, 08 Apr 2019 20:19:47: INFO: epoch: 31, train loss: 0.6988, train acc: 0.41, dev loss: 0.6697, dev acc: 0.90, time: 2.76
Mon, 08 Apr 2019 20:19:47: INFO: 
Evaluation - loss: 42.602473 Precision:0.9049 Recall:0.9049 Fscore:0.9049 acc: 0.9046%(2532/2799) 

Mon, 08 Apr 2019 20:19:50: INFO: epoch: 32, train loss: 0.6988, train acc: 0.41, dev loss: 0.6697, dev acc: 0.90, time: 3.01
Mon, 08 Apr 2019 20:19:51: INFO: 
Evaluation - loss: 42.602473 Precision:0.9045 Recall:0.9045 Fscore:0.9045 acc: 0.9046%(2532/2799) 

Mon, 08 Apr 2019 20:19:53: INFO: epoch: 33, train loss: 0.6988, train acc: 0.41, dev loss: 0.6696, dev acc: 0.90, time: 2.67
Mon, 08 Apr 2019 20:19:54: INFO: 
Evaluation - loss: 42.602473 Precision:0.9045 Recall:0.9045 Fscore:0.9045 acc: 0.9046%(2532/2799) 

Mon, 08 Apr 2019 20:19:56: INFO: epoch: 34, train loss: 0.6988, train acc: 0.41, dev loss: 0.6697, dev acc: 0.90, time: 2.80
Mon, 08 Apr 2019 20:19:57: INFO: 
Evaluation - loss: 42.602473 Precision:0.9049 Recall:0.9049 Fscore:0.9049 acc: 0.9046%(2532/2799) 

Mon, 08 Apr 2019 20:20:00: INFO: epoch: 35, train loss: 0.6988, train acc: 0.41, dev loss: 0.6697, dev acc: 0.90, time: 2.98
Mon, 08 Apr 2019 20:20:00: INFO: 
Evaluation - loss: 42.602473 Precision:0.9047 Recall:0.9047 Fscore:0.9047 acc: 0.9046%(2532/2799) 

Mon, 08 Apr 2019 20:20:03: INFO: epoch: 36, train loss: 0.6988, train acc: 0.41, dev loss: 0.6697, dev acc: 0.91, time: 3.00
Mon, 08 Apr 2019 20:20:03: INFO: 
Evaluation - loss: 42.602473 Precision:0.9049 Recall:0.9049 Fscore:0.9049 acc: 0.9046%(2532/2799) 

Mon, 08 Apr 2019 20:20:06: INFO: epoch: 37, train loss: 0.6988, train acc: 0.41, dev loss: 0.6697, dev acc: 0.90, time: 2.78
Mon, 08 Apr 2019 20:20:06: INFO: 
Evaluation - loss: 42.602473 Precision:0.9047 Recall:0.9047 Fscore:0.9047 acc: 0.9046%(2532/2799) 

Mon, 08 Apr 2019 20:20:09: INFO: epoch: 38, train loss: 0.6988, train acc: 0.41, dev loss: 0.6698, dev acc: 0.90, time: 2.81
Mon, 08 Apr 2019 20:20:09: INFO: 
Evaluation - loss: 42.602473 Precision:0.9048 Recall:0.9048 Fscore:0.9048 acc: 0.9046%(2532/2799) 

Mon, 08 Apr 2019 20:20:12: INFO: epoch: 39, train loss: 0.6988, train acc: 0.41, dev loss: 0.6698, dev acc: 0.90, time: 2.80
Mon, 08 Apr 2019 20:20:12: INFO: 
Evaluation - loss: 42.602473 Precision:0.9048 Recall:0.9048 Fscore:0.9048 acc: 0.9046%(2532/2799) 

Mon, 08 Apr 2019 20:20:15: INFO: epoch: 40, train loss: 0.6988, train acc: 0.41, dev loss: 0.6698, dev acc: 0.90, time: 2.79
Mon, 08 Apr 2019 20:20:15: INFO: 
Evaluation - loss: 42.602473 Precision:0.9047 Recall:0.9047 Fscore:0.9047 acc: 0.9046%(2532/2799) 

Mon, 08 Apr 2019 20:20:18: INFO: epoch: 41, train loss: 0.6988, train acc: 0.41, dev loss: 0.6697, dev acc: 0.90, time: 2.64
Mon, 08 Apr 2019 20:20:18: INFO: 
Evaluation - loss: 42.602472 Precision:0.9045 Recall:0.9045 Fscore:0.9045 acc: 0.9046%(2532/2799) 

Mon, 08 Apr 2019 20:20:21: INFO: epoch: 42, train loss: 0.6988, train acc: 0.41, dev loss: 0.6697, dev acc: 0.90, time: 2.64
Mon, 08 Apr 2019 20:20:21: INFO: 
Evaluation - loss: 42.602473 Precision:0.9048 Recall:0.9048 Fscore:0.9048 acc: 0.9046%(2532/2799) 

Mon, 08 Apr 2019 20:20:24: INFO: epoch: 43, train loss: 0.6988, train acc: 0.41, dev loss: 0.6697, dev acc: 0.90, time: 2.65
Mon, 08 Apr 2019 20:20:24: INFO: 
Evaluation - loss: 42.602473 Precision:0.9045 Recall:0.9045 Fscore:0.9045 acc: 0.9046%(2532/2799) 

Mon, 08 Apr 2019 20:20:27: INFO: epoch: 44, train loss: 0.6988, train acc: 0.41, dev loss: 0.6697, dev acc: 0.90, time: 2.64
Mon, 08 Apr 2019 20:20:27: INFO: 
Evaluation - loss: 42.602472 Precision:0.9047 Recall:0.9047 Fscore:0.9047 acc: 0.9046%(2532/2799) 

Mon, 08 Apr 2019 20:20:30: INFO: epoch: 45, train loss: 0.6988, train acc: 0.41, dev loss: 0.6697, dev acc: 0.90, time: 2.92
Mon, 08 Apr 2019 20:20:30: INFO: 
Evaluation - loss: 42.602473 Precision:0.9049 Recall:0.9049 Fscore:0.9049 acc: 0.9046%(2532/2799) 

Mon, 08 Apr 2019 20:20:33: INFO: epoch: 46, train loss: 0.6988, train acc: 0.41, dev loss: 0.6697, dev acc: 0.90, time: 3.00
Mon, 08 Apr 2019 20:20:33: INFO: 
Evaluation - loss: 42.602474 Precision:0.9045 Recall:0.9045 Fscore:0.9045 acc: 0.9046%(2532/2799) 

Mon, 08 Apr 2019 20:20:36: INFO: epoch: 47, train loss: 0.6988, train acc: 0.41, dev loss: 0.6697, dev acc: 0.90, time: 2.80
Mon, 08 Apr 2019 20:20:36: INFO: 
Evaluation - loss: 42.602472 Precision:0.9049 Recall:0.9049 Fscore:0.9049 acc: 0.9046%(2532/2799) 

Mon, 08 Apr 2019 20:20:39: INFO: epoch: 48, train loss: 0.6988, train acc: 0.41, dev loss: 0.6696, dev acc: 0.90, time: 2.75
Mon, 08 Apr 2019 20:20:39: INFO: 
Evaluation - loss: 42.602473 Precision:0.9051 Recall:0.9051 Fscore:0.9051 acc: 0.9046%(2532/2799) 

Mon, 08 Apr 2019 20:20:42: INFO: epoch: 49, train loss: 0.6988, train acc: 0.41, dev loss: 0.6697, dev acc: 0.90, time: 2.94
Mon, 08 Apr 2019 20:20:42: INFO: 
Evaluation - loss: 42.602473 Precision:0.9045 Recall:0.9045 Fscore:0.9045 acc: 0.9046%(2532/2799) 

Mon, 08 Apr 2019 20:20:45: INFO: epoch: 50, train loss: 0.6988, train acc: 0.41, dev loss: 0.6697, dev acc: 0.90, time: 2.94
Mon, 08 Apr 2019 20:20:46: INFO: 
Evaluation - loss: 42.602474 Precision:0.9044 Recall:0.9044 Fscore:0.9044 acc: 0.9046%(2532/2799) 

Mon, 08 Apr 2019 20:20:48: INFO: epoch: 51, train loss: 0.6989, train acc: 0.41, dev loss: 0.6697, dev acc: 0.90, time: 2.93
Mon, 08 Apr 2019 20:20:49: INFO: 
Evaluation - loss: 42.602471 Precision:0.9049 Recall:0.9049 Fscore:0.9049 acc: 0.9046%(2532/2799) 

Mon, 08 Apr 2019 20:20:52: INFO: epoch: 52, train loss: 0.6988, train acc: 0.41, dev loss: 0.6698, dev acc: 0.90, time: 2.96
Mon, 08 Apr 2019 20:20:52: INFO: 
Evaluation - loss: 42.602473 Precision:0.9047 Recall:0.9047 Fscore:0.9047 acc: 0.9046%(2532/2799) 

Mon, 08 Apr 2019 20:20:55: INFO: epoch: 53, train loss: 0.6988, train acc: 0.41, dev loss: 0.6697, dev acc: 0.90, time: 2.88
Mon, 08 Apr 2019 20:20:55: INFO: 
Evaluation - loss: 42.602472 Precision:0.9052 Recall:0.9052 Fscore:0.9052 acc: 0.9046%(2532/2799) 

Mon, 08 Apr 2019 20:20:58: INFO: epoch: 54, train loss: 0.6988, train acc: 0.41, dev loss: 0.6697, dev acc: 0.90, time: 2.96
Mon, 08 Apr 2019 20:20:58: INFO: 
Evaluation - loss: 42.602473 Precision:0.9043 Recall:0.9043 Fscore:0.9043 acc: 0.9046%(2532/2799) 

Mon, 08 Apr 2019 20:21:01: INFO: epoch: 55, train loss: 0.6988, train acc: 0.41, dev loss: 0.6697, dev acc: 0.90, time: 2.75
Mon, 08 Apr 2019 20:21:01: INFO: 
Evaluation - loss: 42.602473 Precision:0.9043 Recall:0.9043 Fscore:0.9043 acc: 0.9046%(2532/2799) 

Mon, 08 Apr 2019 20:21:04: INFO: epoch: 56, train loss: 0.6988, train acc: 0.41, dev loss: 0.6697, dev acc: 0.90, time: 2.93
Mon, 08 Apr 2019 20:21:04: INFO: 
Evaluation - loss: 42.602472 Precision:0.9047 Recall:0.9047 Fscore:0.9047 acc: 0.9046%(2532/2799) 

Mon, 08 Apr 2019 20:21:07: INFO: epoch: 57, train loss: 0.6988, train acc: 0.41, dev loss: 0.6697, dev acc: 0.90, time: 3.02
Mon, 08 Apr 2019 20:21:08: INFO: 
Evaluation - loss: 42.602472 Precision:0.9045 Recall:0.9045 Fscore:0.9045 acc: 0.9046%(2532/2799) 

Mon, 08 Apr 2019 20:21:11: INFO: epoch: 58, train loss: 0.6988, train acc: 0.41, dev loss: 0.6697, dev acc: 0.90, time: 3.04
Mon, 08 Apr 2019 20:21:11: INFO: 
Evaluation - loss: 42.602473 Precision:0.9043 Recall:0.9043 Fscore:0.9043 acc: 0.9046%(2532/2799) 

Mon, 08 Apr 2019 20:21:14: INFO: epoch: 59, train loss: 0.6988, train acc: 0.41, dev loss: 0.6698, dev acc: 0.90, time: 2.91
Mon, 08 Apr 2019 20:21:14: INFO: 
Evaluation - loss: 42.602473 Precision:0.9049 Recall:0.9049 Fscore:0.9049 acc: 0.9046%(2532/2799) 

Mon, 08 Apr 2019 20:21:17: INFO: epoch: 60, train loss: 0.6989, train acc: 0.41, dev loss: 0.6697, dev acc: 0.90, time: 2.92
Mon, 08 Apr 2019 20:21:17: INFO: 
Evaluation - loss: 42.602473 Precision:0.9048 Recall:0.9048 Fscore:0.9048 acc: 0.9046%(2532/2799) 

Mon, 08 Apr 2019 20:21:20: INFO: epoch: 61, train loss: 0.6988, train acc: 0.41, dev loss: 0.6698, dev acc: 0.90, time: 2.78
Mon, 08 Apr 2019 20:21:20: INFO: 
Evaluation - loss: 42.602473 Precision:0.9047 Recall:0.9047 Fscore:0.9047 acc: 0.9046%(2532/2799) 

Mon, 08 Apr 2019 20:21:23: INFO: epoch: 62, train loss: 0.6988, train acc: 0.41, dev loss: 0.6697, dev acc: 0.90, time: 2.71
Mon, 08 Apr 2019 20:21:23: INFO: 
Evaluation - loss: 42.602473 Precision:0.9047 Recall:0.9047 Fscore:0.9047 acc: 0.9046%(2532/2799) 

Mon, 08 Apr 2019 20:21:26: INFO: epoch: 63, train loss: 0.6988, train acc: 0.41, dev loss: 0.6697, dev acc: 0.90, time: 2.87
Mon, 08 Apr 2019 20:21:26: INFO: 
Evaluation - loss: 42.602474 Precision:0.9045 Recall:0.9045 Fscore:0.9045 acc: 0.9046%(2532/2799) 

Mon, 08 Apr 2019 20:21:29: INFO: epoch: 64, train loss: 0.6988, train acc: 0.41, dev loss: 0.6696, dev acc: 0.90, time: 3.00
Mon, 08 Apr 2019 20:21:30: INFO: 
Evaluation - loss: 42.602473 Precision:0.9048 Recall:0.9048 Fscore:0.9048 acc: 0.9046%(2532/2799) 

Mon, 08 Apr 2019 20:21:33: INFO: epoch: 65, train loss: 0.6988, train acc: 0.41, dev loss: 0.6697, dev acc: 0.90, time: 3.11
Mon, 08 Apr 2019 20:21:33: INFO: 
Evaluation - loss: 42.602472 Precision:0.9043 Recall:0.9043 Fscore:0.9043 acc: 0.9046%(2532/2799) 

Mon, 08 Apr 2019 20:21:36: INFO: epoch: 66, train loss: 0.6988, train acc: 0.41, dev loss: 0.6697, dev acc: 0.90, time: 3.00
Mon, 08 Apr 2019 20:21:36: INFO: 
Evaluation - loss: 42.602473 Precision:0.9048 Recall:0.9048 Fscore:0.9048 acc: 0.9046%(2532/2799) 

Mon, 08 Apr 2019 20:21:39: INFO: epoch: 67, train loss: 0.6988, train acc: 0.41, dev loss: 0.6697, dev acc: 0.90, time: 2.80
Mon, 08 Apr 2019 20:21:39: INFO: 
Evaluation - loss: 42.602472 Precision:0.9047 Recall:0.9047 Fscore:0.9047 acc: 0.9046%(2532/2799) 

Mon, 08 Apr 2019 20:21:42: INFO: epoch: 68, train loss: 0.6988, train acc: 0.41, dev loss: 0.6697, dev acc: 0.90, time: 3.06
Mon, 08 Apr 2019 20:21:43: INFO: 
Evaluation - loss: 42.602472 Precision:0.9049 Recall:0.9049 Fscore:0.9049 acc: 0.9046%(2532/2799) 

Mon, 08 Apr 2019 20:21:46: INFO: epoch: 69, train loss: 0.6988, train acc: 0.41, dev loss: 0.6697, dev acc: 0.90, time: 3.07
Mon, 08 Apr 2019 20:21:46: INFO: 
Evaluation - loss: 42.602473 Precision:0.9045 Recall:0.9045 Fscore:0.9045 acc: 0.9046%(2532/2799) 

Mon, 08 Apr 2019 20:21:49: INFO: epoch: 70, train loss: 0.6988, train acc: 0.41, dev loss: 0.6697, dev acc: 0.90, time: 3.04
Mon, 08 Apr 2019 20:21:49: INFO: 
Evaluation - loss: 42.602472 Precision:0.9049 Recall:0.9049 Fscore:0.9049 acc: 0.9046%(2532/2799) 

Mon, 08 Apr 2019 20:21:52: INFO: epoch: 71, train loss: 0.6988, train acc: 0.41, dev loss: 0.6697, dev acc: 0.90, time: 2.67
Mon, 08 Apr 2019 20:21:52: INFO: 
Evaluation - loss: 42.602473 Precision:0.9044 Recall:0.9044 Fscore:0.9044 acc: 0.9046%(2532/2799) 

Mon, 08 Apr 2019 20:21:55: INFO: epoch: 72, train loss: 0.6988, train acc: 0.41, dev loss: 0.6697, dev acc: 0.90, time: 3.05
Mon, 08 Apr 2019 20:21:55: INFO: 
Evaluation - loss: 42.602472 Precision:0.9047 Recall:0.9047 Fscore:0.9047 acc: 0.9046%(2532/2799) 

Mon, 08 Apr 2019 20:21:58: INFO: epoch: 73, train loss: 0.6988, train acc: 0.41, dev loss: 0.6697, dev acc: 0.90, time: 3.06
Mon, 08 Apr 2019 20:21:59: INFO: 
Evaluation - loss: 42.602473 Precision:0.9047 Recall:0.9047 Fscore:0.9047 acc: 0.9046%(2532/2799) 

Mon, 08 Apr 2019 20:22:01: INFO: epoch: 74, train loss: 0.6988, train acc: 0.41, dev loss: 0.6696, dev acc: 0.90, time: 2.68
Mon, 08 Apr 2019 20:22:02: INFO: 
Evaluation - loss: 42.602473 Precision:0.9045 Recall:0.9045 Fscore:0.9045 acc: 0.9046%(2532/2799) 

Mon, 08 Apr 2019 20:22:04: INFO: epoch: 75, train loss: 0.6988, train acc: 0.41, dev loss: 0.6697, dev acc: 0.90, time: 2.78
Mon, 08 Apr 2019 20:22:05: INFO: 
Evaluation - loss: 42.602472 Precision:0.9043 Recall:0.9043 Fscore:0.9043 acc: 0.9046%(2532/2799) 

Mon, 08 Apr 2019 20:22:08: INFO: epoch: 76, train loss: 0.6988, train acc: 0.41, dev loss: 0.6698, dev acc: 0.90, time: 3.04
Mon, 08 Apr 2019 20:22:08: INFO: 
Evaluation - loss: 42.602473 Precision:0.9045 Recall:0.9045 Fscore:0.9045 acc: 0.9046%(2532/2799) 

Mon, 08 Apr 2019 20:22:11: INFO: epoch: 77, train loss: 0.6988, train acc: 0.41, dev loss: 0.6697, dev acc: 0.90, time: 2.98
Mon, 08 Apr 2019 20:22:11: INFO: 
Evaluation - loss: 42.602473 Precision:0.9043 Recall:0.9043 Fscore:0.9043 acc: 0.9046%(2532/2799) 

Mon, 08 Apr 2019 20:22:14: INFO: epoch: 78, train loss: 0.6988, train acc: 0.41, dev loss: 0.6697, dev acc: 0.90, time: 3.00
Mon, 08 Apr 2019 20:22:14: INFO: 
Evaluation - loss: 42.602473 Precision:0.9048 Recall:0.9048 Fscore:0.9048 acc: 0.9046%(2532/2799) 

Mon, 08 Apr 2019 20:22:17: INFO: epoch: 79, train loss: 0.6988, train acc: 0.41, dev loss: 0.6696, dev acc: 0.90, time: 3.08
Mon, 08 Apr 2019 20:22:18: INFO: 
Evaluation - loss: 42.602473 Precision:0.9045 Recall:0.9045 Fscore:0.9045 acc: 0.9046%(2532/2799) 

Mon, 08 Apr 2019 20:22:20: INFO: epoch: 80, train loss: 0.6988, train acc: 0.41, dev loss: 0.6697, dev acc: 0.90, time: 2.73
Mon, 08 Apr 2019 20:22:21: INFO: 
Evaluation - loss: 42.602473 Precision:0.9044 Recall:0.9044 Fscore:0.9044 acc: 0.9046%(2532/2799) 

Mon, 08 Apr 2019 20:22:24: INFO: epoch: 81, train loss: 0.6988, train acc: 0.41, dev loss: 0.6697, dev acc: 0.90, time: 2.90
Mon, 08 Apr 2019 20:22:24: INFO: 
Evaluation - loss: 42.602473 Precision:0.9044 Recall:0.9044 Fscore:0.9044 acc: 0.9046%(2532/2799) 

Mon, 08 Apr 2019 20:22:27: INFO: epoch: 82, train loss: 0.6988, train acc: 0.41, dev loss: 0.6697, dev acc: 0.90, time: 2.87
Mon, 08 Apr 2019 20:22:27: INFO: 
Evaluation - loss: 42.602471 Precision:0.9047 Recall:0.9047 Fscore:0.9047 acc: 0.9046%(2532/2799) 

Mon, 08 Apr 2019 20:22:30: INFO: epoch: 83, train loss: 0.6988, train acc: 0.41, dev loss: 0.6698, dev acc: 0.90, time: 3.00
Mon, 08 Apr 2019 20:22:30: INFO: 
Evaluation - loss: 42.602472 Precision:0.9051 Recall:0.9051 Fscore:0.9051 acc: 0.9046%(2532/2799) 

Mon, 08 Apr 2019 20:22:33: INFO: epoch: 84, train loss: 0.6988, train acc: 0.41, dev loss: 0.6696, dev acc: 0.90, time: 2.92
Mon, 08 Apr 2019 20:22:33: INFO: 
Evaluation - loss: 42.602472 Precision:0.9044 Recall:0.9044 Fscore:0.9044 acc: 0.9046%(2532/2799) 

Mon, 08 Apr 2019 20:22:36: INFO: epoch: 85, train loss: 0.6988, train acc: 0.41, dev loss: 0.6697, dev acc: 0.90, time: 3.01
Mon, 08 Apr 2019 20:22:37: INFO: 
Evaluation - loss: 42.602472 Precision:0.9049 Recall:0.9049 Fscore:0.9049 acc: 0.9046%(2532/2799) 

Mon, 08 Apr 2019 20:22:39: INFO: epoch: 86, train loss: 0.6988, train acc: 0.41, dev loss: 0.6697, dev acc: 0.90, time: 2.98
Mon, 08 Apr 2019 20:22:40: INFO: 
Evaluation - loss: 42.602471 Precision:0.9044 Recall:0.9044 Fscore:0.9044 acc: 0.9046%(2532/2799) 

Mon, 08 Apr 2019 20:22:43: INFO: epoch: 87, train loss: 0.6988, train acc: 0.41, dev loss: 0.6697, dev acc: 0.90, time: 2.95
Mon, 08 Apr 2019 20:22:43: INFO: 
Evaluation - loss: 42.602473 Precision:0.9044 Recall:0.9044 Fscore:0.9044 acc: 0.9046%(2532/2799) 

Mon, 08 Apr 2019 20:22:46: INFO: epoch: 88, train loss: 0.6988, train acc: 0.41, dev loss: 0.6696, dev acc: 0.91, time: 2.95
Mon, 08 Apr 2019 20:22:46: INFO: 
Evaluation - loss: 42.602473 Precision:0.9051 Recall:0.9051 Fscore:0.9051 acc: 0.9046%(2532/2799) 

Mon, 08 Apr 2019 20:22:49: INFO: epoch: 89, train loss: 0.6988, train acc: 0.41, dev loss: 0.6697, dev acc: 0.90, time: 2.99
Mon, 08 Apr 2019 20:22:49: INFO: 
Evaluation - loss: 42.602472 Precision:0.9044 Recall:0.9044 Fscore:0.9044 acc: 0.9046%(2532/2799) 

Mon, 08 Apr 2019 20:22:52: INFO: epoch: 90, train loss: 0.6988, train acc: 0.41, dev loss: 0.6697, dev acc: 0.90, time: 2.73
Mon, 08 Apr 2019 20:22:52: INFO: 
Evaluation - loss: 42.602473 Precision:0.9049 Recall:0.9049 Fscore:0.9049 acc: 0.9046%(2532/2799) 

Mon, 08 Apr 2019 20:22:55: INFO: epoch: 91, train loss: 0.6988, train acc: 0.41, dev loss: 0.6697, dev acc: 0.90, time: 2.66
Mon, 08 Apr 2019 20:22:55: INFO: 
Evaluation - loss: 42.602473 Precision:0.9044 Recall:0.9044 Fscore:0.9044 acc: 0.9046%(2532/2799) 

Mon, 08 Apr 2019 20:22:58: INFO: epoch: 92, train loss: 0.6988, train acc: 0.41, dev loss: 0.6697, dev acc: 0.90, time: 2.94
Mon, 08 Apr 2019 20:22:58: INFO: 
Evaluation - loss: 42.602473 Precision:0.9040 Recall:0.9040 Fscore:0.9040 acc: 0.9046%(2532/2799) 

Mon, 08 Apr 2019 20:23:01: INFO: epoch: 93, train loss: 0.6988, train acc: 0.41, dev loss: 0.6695, dev acc: 0.90, time: 2.96
Mon, 08 Apr 2019 20:23:02: INFO: 
Evaluation - loss: 42.602473 Precision:0.9048 Recall:0.9048 Fscore:0.9048 acc: 0.9046%(2532/2799) 

Mon, 08 Apr 2019 20:23:05: INFO: epoch: 94, train loss: 0.6988, train acc: 0.41, dev loss: 0.6697, dev acc: 0.90, time: 2.92
Mon, 08 Apr 2019 20:23:05: INFO: 
Evaluation - loss: 42.602473 Precision:0.9044 Recall:0.9044 Fscore:0.9044 acc: 0.9046%(2532/2799) 

Mon, 08 Apr 2019 20:23:07: INFO: epoch: 95, train loss: 0.6988, train acc: 0.41, dev loss: 0.6697, dev acc: 0.90, time: 2.68
Mon, 08 Apr 2019 20:23:08: INFO: 
Evaluation - loss: 42.602474 Precision:0.9045 Recall:0.9045 Fscore:0.9045 acc: 0.9046%(2532/2799) 

Mon, 08 Apr 2019 20:23:10: INFO: epoch: 96, train loss: 0.6988, train acc: 0.41, dev loss: 0.6697, dev acc: 0.90, time: 2.71
Mon, 08 Apr 2019 20:23:11: INFO: 
Evaluation - loss: 42.602473 Precision:0.9045 Recall:0.9045 Fscore:0.9045 acc: 0.9046%(2532/2799) 

Mon, 08 Apr 2019 20:23:14: INFO: epoch: 97, train loss: 0.6988, train acc: 0.41, dev loss: 0.6697, dev acc: 0.91, time: 2.97
Mon, 08 Apr 2019 20:23:14: INFO: 
Evaluation - loss: 42.602473 Precision:0.9047 Recall:0.9047 Fscore:0.9047 acc: 0.9046%(2532/2799) 

Mon, 08 Apr 2019 20:23:17: INFO: epoch: 98, train loss: 0.6988, train acc: 0.41, dev loss: 0.6697, dev acc: 0.90, time: 2.97
Mon, 08 Apr 2019 20:23:17: INFO: 
Evaluation - loss: 42.602472 Precision:0.9039 Recall:0.9039 Fscore:0.9039 acc: 0.9046%(2532/2799) 

Mon, 08 Apr 2019 20:23:20: INFO: epoch: 99, train loss: 0.6988, train acc: 0.41, dev loss: 0.6698, dev acc: 0.90, time: 2.86
Mon, 08 Apr 2019 20:23:20: INFO: 
Evaluation - loss: 42.602472 Precision:0.9048 Recall:0.9048 Fscore:0.9048 acc: 0.9046%(2532/2799) 

Mon, 08 Apr 2019 20:23:23: INFO: epoch: 100, train loss: 0.6988, train acc: 0.41, dev loss: 0.6698, dev acc: 0.90, time: 2.76
Mon, 08 Apr 2019 20:23:23: INFO: 
Evaluation - loss: 42.602472 Precision:0.9048 Recall:0.9048 Fscore:0.9048 acc: 0.9046%(2532/2799) 

