Mon, 08 Apr 2019 15:22:44: INFO: running main.py --model=CNN_BiLSTM --optimizer=sgd --batch_size=64 --vocab_size=40000 --embed_dim=300 --in_channels=1 --kernel_sizes=123 --kernel_nums=300 --hidden_dim=100 --num_layers=2 --bidirectional=True --max_seq_len=50 --learning_rate=0.8 --num_epochs=100 --dropout=0.5 --num_class=2 --train_file=./data/cwmt_train_comb.txt --dev_file=./data/cwmt_dev_comb.txt --dev_file=./data/htqe_test_comb.txt --pretrained_embeddings=./word2vec/wiki.en_zh.vec --prediction_file=./predictions/htqe_test_comb.txt --saved_model=./saved_models/cwmt.en_zh.pt --test=False --weight_decay=0.001 --grad_clip=0.2 --momentum=0.3 --seed_num=123 --scheduler=steplr --run_log=umtqe_cnnbilstm
Mon, 08 Apr 2019 15:22:44: INFO: 	BATCH_SIZE=64
Mon, 08 Apr 2019 15:22:44: INFO: 	BIDIRECTIONAL=True
Mon, 08 Apr 2019 15:22:44: INFO: 	DEV_FILE=./data/htqe_test_comb.txt
Mon, 08 Apr 2019 15:22:44: INFO: 	DROPOUT=0.5
Mon, 08 Apr 2019 15:22:44: INFO: 	EMBED_DIM=300
Mon, 08 Apr 2019 15:22:44: INFO: 	GRAD_CLIP=0.2
Mon, 08 Apr 2019 15:22:44: INFO: 	HIDDEN_DIM=100
Mon, 08 Apr 2019 15:22:44: INFO: 	IN_CHANNELS=1
Mon, 08 Apr 2019 15:22:44: INFO: 	KERNEL_NUMS=300
Mon, 08 Apr 2019 15:22:44: INFO: 	KERNEL_SIZES=[1, 2, 3]
Mon, 08 Apr 2019 15:22:44: INFO: 	LEARNING_RATE=0.8
Mon, 08 Apr 2019 15:22:44: INFO: 	MAX_SEQ_LEN=50
Mon, 08 Apr 2019 15:22:44: INFO: 	MODEL=CNN_BiLSTM
Mon, 08 Apr 2019 15:22:44: INFO: 	MOMENTUM=0.3
Mon, 08 Apr 2019 15:22:44: INFO: 	NUM_CLASS=2
Mon, 08 Apr 2019 15:22:44: INFO: 	NUM_EPOCHS=100
Mon, 08 Apr 2019 15:22:44: INFO: 	NUM_LAYERS=2
Mon, 08 Apr 2019 15:22:44: INFO: 	OPTIMIZER=sgd
Mon, 08 Apr 2019 15:22:44: INFO: 	PREDICTION_FILE=./predictions/htqe_test_comb.txt
Mon, 08 Apr 2019 15:22:44: INFO: 	PRETRAINED_EMBEDDINGS=./word2vec/wiki.en_zh.vec
Mon, 08 Apr 2019 15:22:44: INFO: 	PRETRAINED_WEIGHTS=tensor([[ 0.0046,  0.0888,  0.0158,  ..., -0.0273, -0.1007, -0.0268],
        [ 0.0000,  0.0000,  0.0000,  ...,  0.0000,  0.0000,  0.0000],
        [-0.0478, -0.0367,  0.0441,  ..., -0.0088, -0.0441, -0.0304],
        ...,
        [-0.0983,  0.0527,  0.0492,  ..., -0.0454, -0.0350,  0.0848],
        [-0.0219,  0.0094,  0.0415,  ...,  0.0219, -0.1234,  0.0477],
        [ 0.0000,  0.0000,  0.0000,  ...,  0.0000,  0.0000,  0.0000]])
Mon, 08 Apr 2019 15:22:44: INFO: 	RUN_LOG=umtqe_cnnbilstm
Mon, 08 Apr 2019 15:22:44: INFO: 	SAVED_MODEL=./saved_models/cwmt.en_zh.pt
Mon, 08 Apr 2019 15:22:44: INFO: 	SCHEDULER=steplr
Mon, 08 Apr 2019 15:22:44: INFO: 	SEED_NUM=123
Mon, 08 Apr 2019 15:22:44: INFO: 	TEST=False
Mon, 08 Apr 2019 15:22:44: INFO: 	TEST_FILE=./data/htqe_test_comb.txt
Mon, 08 Apr 2019 15:22:44: INFO: 	TRAIN_FILE=./data/cwmt_train_comb.txt
Mon, 08 Apr 2019 15:22:44: INFO: 	USE_GPU=True
Mon, 08 Apr 2019 15:22:44: INFO: 	VOCAB_SIZE=44995
Mon, 08 Apr 2019 15:22:44: INFO: 	WEIGHT_DECAY=0.001
Mon, 08 Apr 2019 15:23:08: INFO: epoch: 1, train loss: 0.6931, train acc: 0.50, dev loss: 0.6896, dev acc: 0.60, time: 21.09
Mon, 08 Apr 2019 15:23:08: INFO: 
Evaluation - loss: 43.851272 Precision:0.5323 Recall:0.5237 Fscore:0.5228 acc: 54.0000%(2412/44) 

Mon, 08 Apr 2019 15:23:13: INFO: epoch: 2, train loss: 0.6932, train acc: 0.50, dev loss: 0.6889, dev acc: 0.62, time: 4.42
Mon, 08 Apr 2019 15:23:13: INFO: 
Evaluation - loss: 43.851273 Precision:0.5189 Recall:0.5216 Fscore:0.5163 acc: 54.0000%(2412/44) 

Mon, 08 Apr 2019 15:23:17: INFO: epoch: 3, train loss: 0.6933, train acc: 0.50, dev loss: 0.6894, dev acc: 0.60, time: 3.84
Mon, 08 Apr 2019 15:23:17: INFO: 
Evaluation - loss: 43.851273 Precision:0.5363 Recall:0.5268 Fscore:0.5256 acc: 54.0000%(2412/44) 

Mon, 08 Apr 2019 15:23:21: INFO: epoch: 4, train loss: 0.6932, train acc: 0.50, dev loss: 0.6903, dev acc: 0.58, time: 3.85
Mon, 08 Apr 2019 15:23:22: INFO: 
Evaluation - loss: 43.851273 Precision:0.5268 Recall:0.5183 Fscore:0.5150 acc: 54.0000%(2412/44) 

Mon, 08 Apr 2019 15:23:26: INFO: epoch: 5, train loss: 0.6933, train acc: 0.50, dev loss: 0.6892, dev acc: 0.61, time: 3.98
Mon, 08 Apr 2019 15:23:26: INFO: 
Evaluation - loss: 43.851273 Precision:0.5291 Recall:0.5203 Fscore:0.5178 acc: 54.0000%(2412/44) 

Mon, 08 Apr 2019 15:23:30: INFO: epoch: 6, train loss: 0.6934, train acc: 0.49, dev loss: 0.6890, dev acc: 0.61, time: 3.97
Mon, 08 Apr 2019 15:23:30: INFO: 
Evaluation - loss: 43.851272 Precision:0.5461 Recall:0.5258 Fscore:0.5261 acc: 54.0000%(2412/44) 

Mon, 08 Apr 2019 15:23:34: INFO: epoch: 7, train loss: 0.6933, train acc: 0.49, dev loss: 0.6897, dev acc: 0.60, time: 3.93
Mon, 08 Apr 2019 15:23:35: INFO: 
Evaluation - loss: 43.851272 Precision:0.5254 Recall:0.5225 Fscore:0.5202 acc: 54.0000%(2412/44) 

Mon, 08 Apr 2019 15:23:38: INFO: epoch: 8, train loss: 0.6932, train acc: 0.50, dev loss: 0.6893, dev acc: 0.60, time: 3.87
Mon, 08 Apr 2019 15:23:39: INFO: 
Evaluation - loss: 43.851272 Precision:0.5294 Recall:0.5243 Fscore:0.5187 acc: 54.0000%(2412/44) 

Mon, 08 Apr 2019 15:23:43: INFO: epoch: 9, train loss: 0.6933, train acc: 0.50, dev loss: 0.6895, dev acc: 0.61, time: 3.84
Mon, 08 Apr 2019 15:23:43: INFO: 
Evaluation - loss: 43.851272 Precision:0.5394 Recall:0.5243 Fscore:0.5214 acc: 54.0000%(2412/44) 

Mon, 08 Apr 2019 15:23:47: INFO: epoch: 10, train loss: 0.6934, train acc: 0.50, dev loss: 0.6895, dev acc: 0.60, time: 3.93
Mon, 08 Apr 2019 15:23:47: INFO: 
Evaluation - loss: 43.851271 Precision:0.5288 Recall:0.5224 Fscore:0.5201 acc: 54.0000%(2412/44) 

Mon, 08 Apr 2019 15:23:51: INFO: epoch: 11, train loss: 0.6933, train acc: 0.50, dev loss: 0.6891, dev acc: 0.61, time: 3.93
Mon, 08 Apr 2019 15:23:52: INFO: 
Evaluation - loss: 43.851272 Precision:0.5224 Recall:0.5274 Fscore:0.5196 acc: 54.0000%(2412/44) 

Mon, 08 Apr 2019 15:23:55: INFO: epoch: 12, train loss: 0.6933, train acc: 0.49, dev loss: 0.6890, dev acc: 0.61, time: 3.88
Mon, 08 Apr 2019 15:23:56: INFO: 
Evaluation - loss: 43.851273 Precision:0.5304 Recall:0.5236 Fscore:0.5199 acc: 54.0000%(2412/44) 

Mon, 08 Apr 2019 15:24:00: INFO: epoch: 13, train loss: 0.6931, train acc: 0.50, dev loss: 0.6896, dev acc: 0.59, time: 3.99
Mon, 08 Apr 2019 15:24:00: INFO: 
Evaluation - loss: 43.851273 Precision:0.5483 Recall:0.5269 Fscore:0.5227 acc: 54.0000%(2412/44) 

Mon, 08 Apr 2019 15:24:04: INFO: epoch: 14, train loss: 0.6935, train acc: 0.49, dev loss: 0.6895, dev acc: 0.60, time: 3.83
Mon, 08 Apr 2019 15:24:04: INFO: 
Evaluation - loss: 43.851273 Precision:0.5373 Recall:0.5251 Fscore:0.5238 acc: 54.0000%(2412/44) 

Mon, 08 Apr 2019 15:24:08: INFO: epoch: 15, train loss: 0.6932, train acc: 0.50, dev loss: 0.6897, dev acc: 0.60, time: 3.84
Mon, 08 Apr 2019 15:24:08: INFO: 
Evaluation - loss: 43.851274 Precision:0.5223 Recall:0.5199 Fscore:0.5176 acc: 54.0000%(2412/44) 

Mon, 08 Apr 2019 15:24:13: INFO: epoch: 16, train loss: 0.6931, train acc: 0.50, dev loss: 0.6893, dev acc: 0.60, time: 4.13
Mon, 08 Apr 2019 15:24:13: INFO: 
Evaluation - loss: 43.851273 Precision:0.5267 Recall:0.5199 Fscore:0.5179 acc: 54.0000%(2412/44) 

Mon, 08 Apr 2019 15:24:17: INFO: epoch: 17, train loss: 0.6934, train acc: 0.50, dev loss: 0.6894, dev acc: 0.62, time: 3.94
Mon, 08 Apr 2019 15:24:17: INFO: 
Evaluation - loss: 43.851273 Precision:0.5274 Recall:0.5222 Fscore:0.5192 acc: 54.0000%(2412/44) 

Mon, 08 Apr 2019 15:24:21: INFO: epoch: 18, train loss: 0.6932, train acc: 0.50, dev loss: 0.6899, dev acc: 0.59, time: 3.84
Mon, 08 Apr 2019 15:24:22: INFO: 
Evaluation - loss: 43.851273 Precision:0.5302 Recall:0.5284 Fscore:0.5231 acc: 54.0000%(2412/44) 

Mon, 08 Apr 2019 15:24:25: INFO: epoch: 19, train loss: 0.6933, train acc: 0.50, dev loss: 0.6896, dev acc: 0.61, time: 3.85
Mon, 08 Apr 2019 15:24:26: INFO: 
Evaluation - loss: 43.851273 Precision:0.5309 Recall:0.5190 Fscore:0.5199 acc: 54.0000%(2412/44) 

Mon, 08 Apr 2019 15:24:30: INFO: epoch: 20, train loss: 0.6932, train acc: 0.50, dev loss: 0.6893, dev acc: 0.61, time: 3.85
Mon, 08 Apr 2019 15:24:30: INFO: 
Evaluation - loss: 43.851272 Precision:0.5562 Recall:0.5239 Fscore:0.5272 acc: 54.0000%(2412/44) 

Mon, 08 Apr 2019 15:24:34: INFO: epoch: 21, train loss: 0.6935, train acc: 0.49, dev loss: 0.6896, dev acc: 0.61, time: 3.89
Mon, 08 Apr 2019 15:24:34: INFO: 
Evaluation - loss: 43.851273 Precision:0.5589 Recall:0.5178 Fscore:0.5207 acc: 54.0000%(2412/44) 

Mon, 08 Apr 2019 15:24:38: INFO: epoch: 22, train loss: 0.6934, train acc: 0.49, dev loss: 0.6894, dev acc: 0.60, time: 3.99
Mon, 08 Apr 2019 15:24:39: INFO: 
Evaluation - loss: 43.851273 Precision:0.5265 Recall:0.5220 Fscore:0.5201 acc: 54.0000%(2412/44) 

Mon, 08 Apr 2019 15:24:42: INFO: epoch: 23, train loss: 0.6932, train acc: 0.50, dev loss: 0.6893, dev acc: 0.60, time: 3.96
Mon, 08 Apr 2019 15:24:43: INFO: 
Evaluation - loss: 43.851272 Precision:0.5362 Recall:0.5218 Fscore:0.5216 acc: 54.0000%(2412/44) 

Mon, 08 Apr 2019 15:24:47: INFO: epoch: 24, train loss: 0.6932, train acc: 0.50, dev loss: 0.6892, dev acc: 0.62, time: 4.01
Mon, 08 Apr 2019 15:24:47: INFO: 
Evaluation - loss: 43.851273 Precision:0.5367 Recall:0.5222 Fscore:0.5223 acc: 54.0000%(2412/44) 

Mon, 08 Apr 2019 15:24:51: INFO: epoch: 25, train loss: 0.6932, train acc: 0.50, dev loss: 0.6896, dev acc: 0.59, time: 3.99
Mon, 08 Apr 2019 15:24:52: INFO: 
Evaluation - loss: 43.851273 Precision:0.5261 Recall:0.5260 Fscore:0.5190 acc: 54.0000%(2412/44) 

Mon, 08 Apr 2019 15:24:56: INFO: epoch: 26, train loss: 0.6934, train acc: 0.50, dev loss: 0.6897, dev acc: 0.60, time: 4.01
Mon, 08 Apr 2019 15:24:56: INFO: 
Evaluation - loss: 43.851274 Precision:0.5306 Recall:0.5215 Fscore:0.5201 acc: 54.0000%(2412/44) 

Mon, 08 Apr 2019 15:25:00: INFO: epoch: 27, train loss: 0.6933, train acc: 0.50, dev loss: 0.6891, dev acc: 0.62, time: 4.02
Mon, 08 Apr 2019 15:25:00: INFO: 
Evaluation - loss: 43.851273 Precision:0.5287 Recall:0.5235 Fscore:0.5207 acc: 54.0000%(2412/44) 

Mon, 08 Apr 2019 15:25:04: INFO: epoch: 28, train loss: 0.6930, train acc: 0.50, dev loss: 0.6895, dev acc: 0.60, time: 3.98
Mon, 08 Apr 2019 15:25:05: INFO: 
Evaluation - loss: 43.851274 Precision:0.5235 Recall:0.5283 Fscore:0.5196 acc: 54.0000%(2412/44) 

Mon, 08 Apr 2019 15:25:09: INFO: epoch: 29, train loss: 0.6934, train acc: 0.49, dev loss: 0.6893, dev acc: 0.61, time: 3.95
Mon, 08 Apr 2019 15:25:09: INFO: 
Evaluation - loss: 43.851273 Precision:0.5379 Recall:0.5221 Fscore:0.5201 acc: 54.0000%(2412/44) 

Mon, 08 Apr 2019 15:25:13: INFO: epoch: 30, train loss: 0.6935, train acc: 0.50, dev loss: 0.6900, dev acc: 0.59, time: 3.99
Mon, 08 Apr 2019 15:25:13: INFO: 
Evaluation - loss: 43.851274 Precision:0.5271 Recall:0.5271 Fscore:0.5202 acc: 54.0000%(2412/44) 

Mon, 08 Apr 2019 15:25:17: INFO: epoch: 31, train loss: 0.6933, train acc: 0.50, dev loss: 0.6894, dev acc: 0.60, time: 3.98
Mon, 08 Apr 2019 15:25:18: INFO: 
Evaluation - loss: 43.851272 Precision:0.5427 Recall:0.5402 Fscore:0.5267 acc: 54.0000%(2412/44) 

Mon, 08 Apr 2019 15:25:22: INFO: epoch: 32, train loss: 0.6931, train acc: 0.50, dev loss: 0.6897, dev acc: 0.60, time: 4.01
Mon, 08 Apr 2019 15:25:22: INFO: 
Evaluation - loss: 43.851273 Precision:0.5349 Recall:0.5344 Fscore:0.5261 acc: 54.0000%(2412/44) 

Mon, 08 Apr 2019 15:25:26: INFO: epoch: 33, train loss: 0.6933, train acc: 0.50, dev loss: 0.6895, dev acc: 0.60, time: 3.99
Mon, 08 Apr 2019 15:25:26: INFO: 
Evaluation - loss: 43.851273 Precision:0.5461 Recall:0.5294 Fscore:0.5267 acc: 54.0000%(2412/44) 

Mon, 08 Apr 2019 15:25:30: INFO: epoch: 34, train loss: 0.6933, train acc: 0.50, dev loss: 0.6894, dev acc: 0.60, time: 3.86
Mon, 08 Apr 2019 15:25:31: INFO: 
Evaluation - loss: 43.851273 Precision:0.5272 Recall:0.5240 Fscore:0.5194 acc: 54.0000%(2412/44) 

Mon, 08 Apr 2019 15:25:34: INFO: epoch: 35, train loss: 0.6933, train acc: 0.49, dev loss: 0.6897, dev acc: 0.60, time: 3.83
Mon, 08 Apr 2019 15:25:35: INFO: 
Evaluation - loss: 43.851273 Precision:0.5282 Recall:0.5237 Fscore:0.5214 acc: 54.0000%(2412/44) 

Mon, 08 Apr 2019 15:25:39: INFO: epoch: 36, train loss: 0.6932, train acc: 0.50, dev loss: 0.6900, dev acc: 0.59, time: 3.87
Mon, 08 Apr 2019 15:25:39: INFO: 
Evaluation - loss: 43.851272 Precision:0.5277 Recall:0.5223 Fscore:0.5199 acc: 54.0000%(2412/44) 

Mon, 08 Apr 2019 15:25:43: INFO: epoch: 37, train loss: 0.6931, train acc: 0.51, dev loss: 0.6891, dev acc: 0.60, time: 3.86
Mon, 08 Apr 2019 15:25:43: INFO: 
Evaluation - loss: 43.851273 Precision:0.5537 Recall:0.5267 Fscore:0.5296 acc: 54.0000%(2412/44) 

Mon, 08 Apr 2019 15:25:47: INFO: epoch: 38, train loss: 0.6932, train acc: 0.50, dev loss: 0.6896, dev acc: 0.60, time: 3.85
Mon, 08 Apr 2019 15:25:47: INFO: 
Evaluation - loss: 43.851273 Precision:0.5244 Recall:0.5293 Fscore:0.5206 acc: 54.0000%(2412/44) 

Mon, 08 Apr 2019 15:25:51: INFO: epoch: 39, train loss: 0.6933, train acc: 0.50, dev loss: 0.6894, dev acc: 0.60, time: 3.91
Mon, 08 Apr 2019 15:25:52: INFO: 
Evaluation - loss: 43.851273 Precision:0.5342 Recall:0.5321 Fscore:0.5242 acc: 54.0000%(2412/44) 

Mon, 08 Apr 2019 15:25:56: INFO: epoch: 40, train loss: 0.6932, train acc: 0.50, dev loss: 0.6895, dev acc: 0.59, time: 4.01
Mon, 08 Apr 2019 15:25:56: INFO: 
Evaluation - loss: 43.851272 Precision:0.5413 Recall:0.5258 Fscore:0.5227 acc: 54.0000%(2412/44) 

Mon, 08 Apr 2019 15:26:00: INFO: epoch: 41, train loss: 0.6934, train acc: 0.49, dev loss: 0.6899, dev acc: 0.59, time: 4.02
Mon, 08 Apr 2019 15:26:01: INFO: 
Evaluation - loss: 43.851273 Precision:0.5382 Recall:0.5292 Fscore:0.5257 acc: 54.0000%(2412/44) 

Mon, 08 Apr 2019 15:26:05: INFO: epoch: 42, train loss: 0.6935, train acc: 0.49, dev loss: 0.6895, dev acc: 0.60, time: 4.00
Mon, 08 Apr 2019 15:26:05: INFO: 
Evaluation - loss: 43.851273 Precision:0.5402 Recall:0.5268 Fscore:0.5243 acc: 54.0000%(2412/44) 

Mon, 08 Apr 2019 15:26:09: INFO: epoch: 43, train loss: 0.6933, train acc: 0.50, dev loss: 0.6893, dev acc: 0.60, time: 3.85
Mon, 08 Apr 2019 15:26:09: INFO: 
Evaluation - loss: 43.851272 Precision:0.5397 Recall:0.5246 Fscore:0.5232 acc: 54.0000%(2412/44) 

Mon, 08 Apr 2019 15:26:13: INFO: epoch: 44, train loss: 0.6933, train acc: 0.50, dev loss: 0.6898, dev acc: 0.59, time: 3.86
Mon, 08 Apr 2019 15:26:13: INFO: 
Evaluation - loss: 43.851273 Precision:0.5483 Recall:0.5212 Fscore:0.5229 acc: 54.0000%(2412/44) 

Mon, 08 Apr 2019 15:26:17: INFO: epoch: 45, train loss: 0.6933, train acc: 0.50, dev loss: 0.6898, dev acc: 0.60, time: 3.92
Mon, 08 Apr 2019 15:26:18: INFO: 
Evaluation - loss: 43.851274 Precision:0.5376 Recall:0.5227 Fscore:0.5205 acc: 54.0000%(2412/44) 

Mon, 08 Apr 2019 15:26:21: INFO: epoch: 46, train loss: 0.6933, train acc: 0.49, dev loss: 0.6891, dev acc: 0.61, time: 3.85
Mon, 08 Apr 2019 15:26:22: INFO: 
Evaluation - loss: 43.851272 Precision:0.5290 Recall:0.5225 Fscore:0.5202 acc: 54.0000%(2412/44) 

Mon, 08 Apr 2019 15:26:26: INFO: epoch: 47, train loss: 0.6935, train acc: 0.50, dev loss: 0.6892, dev acc: 0.60, time: 3.87
Mon, 08 Apr 2019 15:26:26: INFO: 
Evaluation - loss: 43.851273 Precision:0.5319 Recall:0.5178 Fscore:0.5166 acc: 54.0000%(2412/44) 

Mon, 08 Apr 2019 15:26:30: INFO: epoch: 48, train loss: 0.6934, train acc: 0.50, dev loss: 0.6896, dev acc: 0.59, time: 3.96
Mon, 08 Apr 2019 15:26:30: INFO: 
Evaluation - loss: 43.851273 Precision:0.5357 Recall:0.5275 Fscore:0.5234 acc: 54.0000%(2412/44) 

Mon, 08 Apr 2019 15:26:34: INFO: epoch: 49, train loss: 0.6932, train acc: 0.50, dev loss: 0.6889, dev acc: 0.62, time: 4.00
Mon, 08 Apr 2019 15:26:35: INFO: 
Evaluation - loss: 43.851273 Precision:0.5329 Recall:0.5230 Fscore:0.5197 acc: 54.0000%(2412/44) 

Mon, 08 Apr 2019 15:26:39: INFO: epoch: 50, train loss: 0.6934, train acc: 0.49, dev loss: 0.6892, dev acc: 0.62, time: 4.28
Mon, 08 Apr 2019 15:26:39: INFO: 
Evaluation - loss: 43.851273 Precision:0.5310 Recall:0.5287 Fscore:0.5214 acc: 54.0000%(2412/44) 

Mon, 08 Apr 2019 15:26:43: INFO: epoch: 51, train loss: 0.6934, train acc: 0.50, dev loss: 0.6894, dev acc: 0.61, time: 4.03
Mon, 08 Apr 2019 15:26:44: INFO: 
Evaluation - loss: 43.851272 Precision:0.5370 Recall:0.5172 Fscore:0.5176 acc: 54.0000%(2412/44) 

Mon, 08 Apr 2019 15:26:48: INFO: epoch: 52, train loss: 0.6933, train acc: 0.50, dev loss: 0.6895, dev acc: 0.59, time: 3.86
Mon, 08 Apr 2019 15:26:48: INFO: 
Evaluation - loss: 43.851274 Precision:0.5190 Recall:0.5274 Fscore:0.5134 acc: 54.0000%(2412/44) 

Mon, 08 Apr 2019 15:26:52: INFO: epoch: 53, train loss: 0.6934, train acc: 0.49, dev loss: 0.6893, dev acc: 0.61, time: 3.94
Mon, 08 Apr 2019 15:26:52: INFO: 
Evaluation - loss: 43.851273 Precision:0.5403 Recall:0.5284 Fscore:0.5256 acc: 54.0000%(2412/44) 

Mon, 08 Apr 2019 15:26:56: INFO: epoch: 54, train loss: 0.6932, train acc: 0.50, dev loss: 0.6894, dev acc: 0.60, time: 3.87
Mon, 08 Apr 2019 15:26:57: INFO: 
Evaluation - loss: 43.851273 Precision:0.5273 Recall:0.5231 Fscore:0.5177 acc: 54.0000%(2412/44) 

Mon, 08 Apr 2019 15:27:00: INFO: epoch: 55, train loss: 0.6934, train acc: 0.50, dev loss: 0.6894, dev acc: 0.61, time: 3.87
Mon, 08 Apr 2019 15:27:01: INFO: 
Evaluation - loss: 43.851273 Precision:0.5343 Recall:0.5230 Fscore:0.5226 acc: 54.0000%(2412/44) 

Mon, 08 Apr 2019 15:27:05: INFO: epoch: 56, train loss: 0.6933, train acc: 0.50, dev loss: 0.6896, dev acc: 0.61, time: 3.88
Mon, 08 Apr 2019 15:27:05: INFO: 
Evaluation - loss: 43.851273 Precision:0.5291 Recall:0.5244 Fscore:0.5215 acc: 54.0000%(2412/44) 

Mon, 08 Apr 2019 15:27:09: INFO: epoch: 57, train loss: 0.6933, train acc: 0.50, dev loss: 0.6894, dev acc: 0.61, time: 3.91
Mon, 08 Apr 2019 15:27:09: INFO: 
Evaluation - loss: 43.851274 Precision:0.5374 Recall:0.5273 Fscore:0.5248 acc: 54.0000%(2412/44) 

Mon, 08 Apr 2019 15:27:13: INFO: epoch: 58, train loss: 0.6932, train acc: 0.50, dev loss: 0.6899, dev acc: 0.59, time: 4.17
Mon, 08 Apr 2019 15:27:14: INFO: 
Evaluation - loss: 43.851273 Precision:0.5279 Recall:0.5250 Fscore:0.5197 acc: 54.0000%(2412/44) 

Mon, 08 Apr 2019 15:27:18: INFO: epoch: 59, train loss: 0.6933, train acc: 0.50, dev loss: 0.6894, dev acc: 0.61, time: 3.86
Mon, 08 Apr 2019 15:27:18: INFO: 
Evaluation - loss: 43.851273 Precision:0.5442 Recall:0.5239 Fscore:0.5234 acc: 54.0000%(2412/44) 

Mon, 08 Apr 2019 15:27:22: INFO: epoch: 60, train loss: 0.6933, train acc: 0.50, dev loss: 0.6898, dev acc: 0.60, time: 4.12
Mon, 08 Apr 2019 15:27:22: INFO: 
Evaluation - loss: 43.851273 Precision:0.5370 Recall:0.5252 Fscore:0.5233 acc: 54.0000%(2412/44) 

Mon, 08 Apr 2019 15:27:26: INFO: epoch: 61, train loss: 0.6932, train acc: 0.50, dev loss: 0.6895, dev acc: 0.60, time: 3.93
Mon, 08 Apr 2019 15:27:27: INFO: 
Evaluation - loss: 43.851273 Precision:0.5445 Recall:0.5258 Fscore:0.5259 acc: 54.0000%(2412/44) 

Mon, 08 Apr 2019 15:27:31: INFO: epoch: 62, train loss: 0.6931, train acc: 0.50, dev loss: 0.6894, dev acc: 0.60, time: 4.10
Mon, 08 Apr 2019 15:27:31: INFO: 
Evaluation - loss: 43.851274 Precision:0.5380 Recall:0.5267 Fscore:0.5257 acc: 54.0000%(2412/44) 

Mon, 08 Apr 2019 15:27:35: INFO: epoch: 63, train loss: 0.6933, train acc: 0.50, dev loss: 0.6891, dev acc: 0.61, time: 4.21
Mon, 08 Apr 2019 15:27:36: INFO: 
Evaluation - loss: 43.851273 Precision:0.5294 Recall:0.5260 Fscore:0.5239 acc: 54.0000%(2412/44) 

Mon, 08 Apr 2019 15:27:40: INFO: epoch: 64, train loss: 0.6931, train acc: 0.50, dev loss: 0.6896, dev acc: 0.60, time: 4.41
Mon, 08 Apr 2019 15:27:41: INFO: 
Evaluation - loss: 43.851273 Precision:0.5419 Recall:0.5237 Fscore:0.5203 acc: 54.0000%(2412/44) 

Mon, 08 Apr 2019 15:27:45: INFO: epoch: 65, train loss: 0.6934, train acc: 0.50, dev loss: 0.6893, dev acc: 0.61, time: 4.03
Mon, 08 Apr 2019 15:27:45: INFO: 
Evaluation - loss: 43.851273 Precision:0.5367 Recall:0.5258 Fscore:0.5245 acc: 54.0000%(2412/44) 

Mon, 08 Apr 2019 15:27:49: INFO: epoch: 66, train loss: 0.6933, train acc: 0.50, dev loss: 0.6899, dev acc: 0.59, time: 3.87
Mon, 08 Apr 2019 15:27:49: INFO: 
Evaluation - loss: 43.851273 Precision:0.5230 Recall:0.5200 Fscore:0.5175 acc: 54.0000%(2412/44) 

Mon, 08 Apr 2019 15:27:53: INFO: epoch: 67, train loss: 0.6933, train acc: 0.50, dev loss: 0.6900, dev acc: 0.59, time: 3.87
Mon, 08 Apr 2019 15:27:53: INFO: 
Evaluation - loss: 43.851272 Precision:0.5286 Recall:0.5219 Fscore:0.5204 acc: 54.0000%(2412/44) 

Mon, 08 Apr 2019 15:27:57: INFO: epoch: 68, train loss: 0.6933, train acc: 0.50, dev loss: 0.6895, dev acc: 0.59, time: 3.88
Mon, 08 Apr 2019 15:27:58: INFO: 
Evaluation - loss: 43.851273 Precision:0.5442 Recall:0.5282 Fscore:0.5260 acc: 54.0000%(2412/44) 

Mon, 08 Apr 2019 15:28:02: INFO: epoch: 69, train loss: 0.6933, train acc: 0.50, dev loss: 0.6892, dev acc: 0.61, time: 4.07
Mon, 08 Apr 2019 15:28:02: INFO: 
Evaluation - loss: 43.851273 Precision:0.5238 Recall:0.5225 Fscore:0.5186 acc: 54.0000%(2412/44) 

Mon, 08 Apr 2019 15:28:06: INFO: epoch: 70, train loss: 0.6932, train acc: 0.50, dev loss: 0.6895, dev acc: 0.61, time: 3.86
Mon, 08 Apr 2019 15:28:06: INFO: 
Evaluation - loss: 43.851273 Precision:0.5372 Recall:0.5329 Fscore:0.5267 acc: 54.0000%(2412/44) 

Mon, 08 Apr 2019 15:28:10: INFO: epoch: 71, train loss: 0.6934, train acc: 0.50, dev loss: 0.6893, dev acc: 0.62, time: 3.85
Mon, 08 Apr 2019 15:28:11: INFO: 
Evaluation - loss: 43.851273 Precision:0.5357 Recall:0.5281 Fscore:0.5245 acc: 54.0000%(2412/44) 

Mon, 08 Apr 2019 15:28:14: INFO: epoch: 72, train loss: 0.6931, train acc: 0.51, dev loss: 0.6896, dev acc: 0.60, time: 3.87
Mon, 08 Apr 2019 15:28:15: INFO: 
Evaluation - loss: 43.851274 Precision:0.5398 Recall:0.5264 Fscore:0.5228 acc: 54.0000%(2412/44) 

Mon, 08 Apr 2019 15:28:19: INFO: epoch: 73, train loss: 0.6932, train acc: 0.50, dev loss: 0.6898, dev acc: 0.59, time: 3.86
Mon, 08 Apr 2019 15:28:19: INFO: 
Evaluation - loss: 43.851273 Precision:0.5344 Recall:0.5262 Fscore:0.5232 acc: 54.0000%(2412/44) 

Mon, 08 Apr 2019 15:28:23: INFO: epoch: 74, train loss: 0.6933, train acc: 0.49, dev loss: 0.6899, dev acc: 0.59, time: 3.86
Mon, 08 Apr 2019 15:28:23: INFO: 
Evaluation - loss: 43.851273 Precision:0.5342 Recall:0.5247 Fscore:0.5217 acc: 54.0000%(2412/44) 

Mon, 08 Apr 2019 15:28:27: INFO: epoch: 75, train loss: 0.6932, train acc: 0.50, dev loss: 0.6889, dev acc: 0.61, time: 3.86
Mon, 08 Apr 2019 15:28:27: INFO: 
Evaluation - loss: 43.851273 Precision:0.5294 Recall:0.5270 Fscore:0.5214 acc: 54.0000%(2412/44) 

Mon, 08 Apr 2019 15:28:31: INFO: epoch: 76, train loss: 0.6934, train acc: 0.49, dev loss: 0.6895, dev acc: 0.61, time: 3.88
Mon, 08 Apr 2019 15:28:32: INFO: 
Evaluation - loss: 43.851272 Precision:0.5179 Recall:0.5257 Fscore:0.5182 acc: 54.0000%(2412/44) 

Mon, 08 Apr 2019 15:28:36: INFO: epoch: 77, train loss: 0.6933, train acc: 0.50, dev loss: 0.6896, dev acc: 0.60, time: 3.98
Mon, 08 Apr 2019 15:28:36: INFO: 
Evaluation - loss: 43.851273 Precision:0.5229 Recall:0.5157 Fscore:0.5133 acc: 54.0000%(2412/44) 

Mon, 08 Apr 2019 15:28:40: INFO: epoch: 78, train loss: 0.6933, train acc: 0.50, dev loss: 0.6893, dev acc: 0.61, time: 4.12
Mon, 08 Apr 2019 15:28:40: INFO: 
Evaluation - loss: 43.851272 Precision:0.5428 Recall:0.5299 Fscore:0.5241 acc: 54.0000%(2412/44) 

Mon, 08 Apr 2019 15:28:44: INFO: epoch: 79, train loss: 0.6934, train acc: 0.49, dev loss: 0.6888, dev acc: 0.62, time: 3.97
Mon, 08 Apr 2019 15:28:45: INFO: 
Evaluation - loss: 43.851272 Precision:0.5402 Recall:0.5277 Fscore:0.5255 acc: 54.0000%(2412/44) 

Mon, 08 Apr 2019 15:28:49: INFO: epoch: 80, train loss: 0.6934, train acc: 0.49, dev loss: 0.6898, dev acc: 0.59, time: 3.92
Mon, 08 Apr 2019 15:28:49: INFO: 
Evaluation - loss: 43.851272 Precision:0.5155 Recall:0.5204 Fscore:0.5145 acc: 54.0000%(2412/44) 

Mon, 08 Apr 2019 15:28:53: INFO: epoch: 81, train loss: 0.6933, train acc: 0.50, dev loss: 0.6895, dev acc: 0.60, time: 4.19
Mon, 08 Apr 2019 15:28:54: INFO: 
Evaluation - loss: 43.851273 Precision:0.5315 Recall:0.5216 Fscore:0.5214 acc: 54.0000%(2412/44) 

Mon, 08 Apr 2019 15:28:58: INFO: epoch: 82, train loss: 0.6933, train acc: 0.50, dev loss: 0.6894, dev acc: 0.61, time: 4.31
Mon, 08 Apr 2019 15:28:58: INFO: 
Evaluation - loss: 43.851273 Precision:0.5360 Recall:0.5232 Fscore:0.5204 acc: 54.0000%(2412/44) 

Mon, 08 Apr 2019 15:29:03: INFO: epoch: 83, train loss: 0.6933, train acc: 0.50, dev loss: 0.6897, dev acc: 0.60, time: 4.37
Mon, 08 Apr 2019 15:29:03: INFO: 
Evaluation - loss: 43.851273 Precision:0.5334 Recall:0.5163 Fscore:0.5164 acc: 54.0000%(2412/44) 

Mon, 08 Apr 2019 15:29:07: INFO: epoch: 84, train loss: 0.6934, train acc: 0.49, dev loss: 0.6898, dev acc: 0.60, time: 4.40
Mon, 08 Apr 2019 15:29:08: INFO: 
Evaluation - loss: 43.851273 Precision:0.5402 Recall:0.5225 Fscore:0.5229 acc: 54.0000%(2412/44) 

Mon, 08 Apr 2019 15:29:12: INFO: epoch: 85, train loss: 0.6933, train acc: 0.50, dev loss: 0.6901, dev acc: 0.58, time: 3.88
Mon, 08 Apr 2019 15:29:12: INFO: 
Evaluation - loss: 43.851273 Precision:0.5387 Recall:0.5281 Fscore:0.5253 acc: 54.0000%(2412/44) 

Mon, 08 Apr 2019 15:29:16: INFO: epoch: 86, train loss: 0.6932, train acc: 0.50, dev loss: 0.6893, dev acc: 0.60, time: 3.94
Mon, 08 Apr 2019 15:29:16: INFO: 
Evaluation - loss: 43.851273 Precision:0.5438 Recall:0.5269 Fscore:0.5269 acc: 54.0000%(2412/44) 

Mon, 08 Apr 2019 15:29:20: INFO: epoch: 87, train loss: 0.6934, train acc: 0.49, dev loss: 0.6890, dev acc: 0.61, time: 3.98
Mon, 08 Apr 2019 15:29:21: INFO: 
Evaluation - loss: 43.851272 Precision:0.5397 Recall:0.5270 Fscore:0.5221 acc: 54.0000%(2412/44) 

Mon, 08 Apr 2019 15:29:25: INFO: epoch: 88, train loss: 0.6933, train acc: 0.50, dev loss: 0.6895, dev acc: 0.60, time: 3.86
Mon, 08 Apr 2019 15:29:25: INFO: 
Evaluation - loss: 43.851273 Precision:0.5487 Recall:0.5233 Fscore:0.5236 acc: 54.0000%(2412/44) 

Mon, 08 Apr 2019 15:29:29: INFO: epoch: 89, train loss: 0.6933, train acc: 0.50, dev loss: 0.6898, dev acc: 0.59, time: 3.80
Mon, 08 Apr 2019 15:29:29: INFO: 
Evaluation - loss: 43.851273 Precision:0.5253 Recall:0.5191 Fscore:0.5156 acc: 54.0000%(2412/44) 

Mon, 08 Apr 2019 15:29:33: INFO: epoch: 90, train loss: 0.6932, train acc: 0.50, dev loss: 0.6895, dev acc: 0.60, time: 3.94
Mon, 08 Apr 2019 15:29:33: INFO: 
Evaluation - loss: 43.851273 Precision:0.5437 Recall:0.5273 Fscore:0.5248 acc: 54.0000%(2412/44) 

Mon, 08 Apr 2019 15:29:37: INFO: epoch: 91, train loss: 0.6934, train acc: 0.50, dev loss: 0.6895, dev acc: 0.60, time: 3.85
Mon, 08 Apr 2019 15:29:38: INFO: 
Evaluation - loss: 43.851273 Precision:0.5427 Recall:0.5213 Fscore:0.5219 acc: 54.0000%(2412/44) 

Mon, 08 Apr 2019 15:29:41: INFO: epoch: 92, train loss: 0.6933, train acc: 0.50, dev loss: 0.6895, dev acc: 0.60, time: 3.82
Mon, 08 Apr 2019 15:29:42: INFO: 
Evaluation - loss: 43.851271 Precision:0.5495 Recall:0.5206 Fscore:0.5229 acc: 54.0000%(2412/44) 

Mon, 08 Apr 2019 15:29:46: INFO: epoch: 93, train loss: 0.6933, train acc: 0.50, dev loss: 0.6896, dev acc: 0.60, time: 3.83
Mon, 08 Apr 2019 15:29:46: INFO: 
Evaluation - loss: 43.851274 Precision:0.5320 Recall:0.5256 Fscore:0.5234 acc: 54.0000%(2412/44) 

Mon, 08 Apr 2019 15:29:50: INFO: epoch: 94, train loss: 0.6934, train acc: 0.49, dev loss: 0.6894, dev acc: 0.60, time: 3.82
Mon, 08 Apr 2019 15:29:50: INFO: 
Evaluation - loss: 43.851272 Precision:0.5301 Recall:0.5235 Fscore:0.5202 acc: 54.0000%(2412/44) 

Mon, 08 Apr 2019 15:29:54: INFO: epoch: 95, train loss: 0.6932, train acc: 0.50, dev loss: 0.6895, dev acc: 0.61, time: 3.83
Mon, 08 Apr 2019 15:29:54: INFO: 
Evaluation - loss: 43.851272 Precision:0.5430 Recall:0.5257 Fscore:0.5223 acc: 54.0000%(2412/44) 

Mon, 08 Apr 2019 15:29:58: INFO: epoch: 96, train loss: 0.6934, train acc: 0.50, dev loss: 0.6897, dev acc: 0.59, time: 3.80
Mon, 08 Apr 2019 15:29:58: INFO: 
Evaluation - loss: 43.851273 Precision:0.5237 Recall:0.5264 Fscore:0.5221 acc: 54.0000%(2412/44) 

Mon, 08 Apr 2019 15:30:02: INFO: epoch: 97, train loss: 0.6934, train acc: 0.50, dev loss: 0.6900, dev acc: 0.60, time: 3.84
Mon, 08 Apr 2019 15:30:03: INFO: 
Evaluation - loss: 43.851273 Precision:0.5398 Recall:0.5237 Fscore:0.5224 acc: 54.0000%(2412/44) 

Mon, 08 Apr 2019 15:30:06: INFO: epoch: 98, train loss: 0.6931, train acc: 0.50, dev loss: 0.6891, dev acc: 0.61, time: 3.82
Mon, 08 Apr 2019 15:30:07: INFO: 
Evaluation - loss: 43.851273 Precision:0.5371 Recall:0.5235 Fscore:0.5216 acc: 54.0000%(2412/44) 

Mon, 08 Apr 2019 15:30:11: INFO: epoch: 99, train loss: 0.6934, train acc: 0.50, dev loss: 0.6902, dev acc: 0.58, time: 3.85
Mon, 08 Apr 2019 15:30:11: INFO: 
Evaluation - loss: 43.851273 Precision:0.5286 Recall:0.5262 Fscore:0.5211 acc: 54.0000%(2412/44) 

Mon, 08 Apr 2019 15:30:15: INFO: epoch: 100, train loss: 0.6933, train acc: 0.50, dev loss: 0.6894, dev acc: 0.61, time: 3.86
Mon, 08 Apr 2019 15:30:15: INFO: 
Evaluation - loss: 43.851273 Precision:0.5364 Recall:0.5240 Fscore:0.5225 acc: 54.0000%(2412/44) 

