Mon, 08 Apr 2019 19:48:03: INFO: running main.py --model=CNN_BiLSTM_ATT --optimizer=sgd --batch_size=64 --vocab_size=40000 --embed_dim=300 --in_channels=1 --kernel_sizes=123 --kernel_nums=200 --hidden_dim=100 --num_layers=2 --bidirectional=True --max_seq_len=50 --learning_rate=0.001 --num_epochs=100 --dropout=0.3 --num_class=2 --train_file=./data/cwmt_train_comb.txt --dev_file=./data/cwmt_dev_comb.txt --dev_file=./data/htqe_test_comb.txt --pretrained_embeddings=./word2vec/wiki.en_zh.vec --prediction_file=./predictions/htqe_test_comb_att.txt --saved_model=./saved_models/cwmt.en_zh.pt --test=False --weight_decay=0.0 --grad_clip=0.0 --momentum=0.0 --seed_num=123 --scheduler=steplr --run_log=umtqe_cnnbilstm_attention
Mon, 08 Apr 2019 19:48:03: INFO: 	BATCH_SIZE=64
Mon, 08 Apr 2019 19:48:03: INFO: 	BIDIRECTIONAL=True
Mon, 08 Apr 2019 19:48:03: INFO: 	DEV_FILE=./data/htqe_test_comb.txt
Mon, 08 Apr 2019 19:48:03: INFO: 	DROPOUT=0.3
Mon, 08 Apr 2019 19:48:03: INFO: 	EMBED_DIM=300
Mon, 08 Apr 2019 19:48:03: INFO: 	GRAD_CLIP=0.0
Mon, 08 Apr 2019 19:48:03: INFO: 	HIDDEN_DIM=100
Mon, 08 Apr 2019 19:48:03: INFO: 	IN_CHANNELS=1
Mon, 08 Apr 2019 19:48:03: INFO: 	KERNEL_NUMS=200
Mon, 08 Apr 2019 19:48:03: INFO: 	KERNEL_SIZES=[1, 2, 3]
Mon, 08 Apr 2019 19:48:03: INFO: 	LEARNING_RATE=0.001
Mon, 08 Apr 2019 19:48:03: INFO: 	MAX_SEQ_LEN=50
Mon, 08 Apr 2019 19:48:03: INFO: 	MODEL=CNN_BiLSTM_ATT
Mon, 08 Apr 2019 19:48:03: INFO: 	MOMENTUM=0.0
Mon, 08 Apr 2019 19:48:03: INFO: 	NUM_CLASS=2
Mon, 08 Apr 2019 19:48:03: INFO: 	NUM_EPOCHS=100
Mon, 08 Apr 2019 19:48:03: INFO: 	NUM_LAYERS=2
Mon, 08 Apr 2019 19:48:03: INFO: 	OPTIMIZER=sgd
Mon, 08 Apr 2019 19:48:03: INFO: 	PREDICTION_FILE=./predictions/htqe_test_comb_att.txt
Mon, 08 Apr 2019 19:48:03: INFO: 	PRETRAINED_EMBEDDINGS=./word2vec/wiki.en_zh.vec
Mon, 08 Apr 2019 19:48:03: INFO: 	PRETRAINED_WEIGHTS=tensor([[ 0.0046,  0.0888,  0.0158,  ..., -0.0273, -0.1007, -0.0268],
        [ 0.0475, -0.0726, -0.1377,  ...,  0.0580, -0.0646,  0.0150],
        [ 0.0796,  0.0825, -0.0464,  ..., -0.0156, -0.0173,  0.0300],
        ...,
        [ 0.0000,  0.0000,  0.0000,  ...,  0.0000,  0.0000,  0.0000],
        [ 0.0104,  0.0551, -0.0877,  ...,  0.0445,  0.1253, -0.0246],
        [-0.0091,  0.0233,  0.0388,  ..., -0.0260, -0.0046, -0.0008]])
Mon, 08 Apr 2019 19:48:03: INFO: 	RUN_LOG=umtqe_cnnbilstm_attention
Mon, 08 Apr 2019 19:48:03: INFO: 	SAVED_MODEL=./saved_models/cwmt.en_zh.pt
Mon, 08 Apr 2019 19:48:03: INFO: 	SCHEDULER=steplr
Mon, 08 Apr 2019 19:48:03: INFO: 	SEED_NUM=123
Mon, 08 Apr 2019 19:48:03: INFO: 	TEST=False
Mon, 08 Apr 2019 19:48:03: INFO: 	TEST_FILE=./data/htqe_test_comb.txt
Mon, 08 Apr 2019 19:48:03: INFO: 	TRAIN_FILE=./data/cwmt_train_comb.txt
Mon, 08 Apr 2019 19:48:03: INFO: 	USE_GPU=True
Mon, 08 Apr 2019 19:48:03: INFO: 	VOCAB_SIZE=44995
Mon, 08 Apr 2019 19:48:03: INFO: 	WEIGHT_DECAY=0.0
Mon, 08 Apr 2019 19:48:30: INFO: epoch: 1, train loss: 0.6960, train acc: 0.41, dev loss: 0.6843, dev acc: 0.86, time: 23.95
Mon, 08 Apr 2019 19:48:30: INFO: 
Evaluation - loss: 43.411832 Precision:0.8898 Recall:0.8898 Fscore:0.8898 acc: 0.8896%(2490/2799) 

Mon, 08 Apr 2019 19:48:38: INFO: epoch: 2, train loss: 0.6959, train acc: 0.41, dev loss: 0.6814, dev acc: 0.89, time: 7.59
Mon, 08 Apr 2019 19:48:39: INFO: 
Evaluation - loss: 43.427950 Precision:0.8632 Recall:0.8632 Fscore:0.8632 acc: 0.8675%(2428/2799) 

Mon, 08 Apr 2019 19:48:45: INFO: epoch: 3, train loss: 0.6960, train acc: 0.41, dev loss: 0.6815, dev acc: 0.88, time: 5.85
Mon, 08 Apr 2019 19:48:45: INFO: 
Evaluation - loss: 43.367516 Precision:0.9011 Recall:0.9011 Fscore:0.9011 acc: 0.9010%(2522/2799) 

Mon, 08 Apr 2019 19:48:51: INFO: epoch: 4, train loss: 0.6959, train acc: 0.41, dev loss: 0.6802, dev acc: 0.89, time: 6.06
Mon, 08 Apr 2019 19:48:52: INFO: 
Evaluation - loss: 43.295416 Precision:0.9041 Recall:0.9041 Fscore:0.9041 acc: 0.9043%(2531/2799) 

Mon, 08 Apr 2019 19:48:58: INFO: epoch: 5, train loss: 0.6958, train acc: 0.41, dev loss: 0.6831, dev acc: 0.86, time: 5.98
Mon, 08 Apr 2019 19:48:59: INFO: 
Evaluation - loss: 43.420956 Precision:0.8980 Recall:0.8980 Fscore:0.8980 acc: 0.8982%(2514/2799) 

Mon, 08 Apr 2019 19:49:06: INFO: epoch: 6, train loss: 0.6960, train acc: 0.41, dev loss: 0.6801, dev acc: 0.89, time: 6.96
Mon, 08 Apr 2019 19:49:06: INFO: 
Evaluation - loss: 43.385695 Precision:0.8894 Recall:0.8894 Fscore:0.8894 acc: 0.8892%(2489/2799) 

Mon, 08 Apr 2019 19:49:12: INFO: epoch: 7, train loss: 0.6958, train acc: 0.41, dev loss: 0.6810, dev acc: 0.89, time: 6.07
Mon, 08 Apr 2019 19:49:13: INFO: 
Evaluation - loss: 43.338424 Precision:0.8830 Recall:0.8830 Fscore:0.8830 acc: 0.8828%(2471/2799) 

Mon, 08 Apr 2019 19:49:19: INFO: epoch: 8, train loss: 0.6960, train acc: 0.41, dev loss: 0.6816, dev acc: 0.88, time: 6.07
Mon, 08 Apr 2019 19:49:20: INFO: 
Evaluation - loss: 43.220771 Precision:0.9045 Recall:0.9045 Fscore:0.9045 acc: 0.9046%(2532/2799) 

Mon, 08 Apr 2019 19:49:26: INFO: epoch: 9, train loss: 0.6960, train acc: 0.41, dev loss: 0.6820, dev acc: 0.88, time: 6.08
Mon, 08 Apr 2019 19:49:26: INFO: 
Evaluation - loss: 43.356061 Precision:0.8751 Recall:0.8751 Fscore:0.8751 acc: 0.8750%(2449/2799) 

Mon, 08 Apr 2019 19:49:33: INFO: epoch: 10, train loss: 0.6958, train acc: 0.42, dev loss: 0.6799, dev acc: 0.89, time: 6.07
Mon, 08 Apr 2019 19:49:33: INFO: 
Evaluation - loss: 43.432386 Precision:0.8593 Recall:0.8593 Fscore:0.8593 acc: 0.8589%(2404/2799) 

Mon, 08 Apr 2019 19:49:39: INFO: epoch: 11, train loss: 0.6960, train acc: 0.41, dev loss: 0.6806, dev acc: 0.89, time: 5.43
Mon, 08 Apr 2019 19:49:39: INFO: 
Evaluation - loss: 43.357195 Precision:0.8773 Recall:0.8773 Fscore:0.8773 acc: 0.8775%(2456/2799) 

Mon, 08 Apr 2019 19:49:45: INFO: epoch: 12, train loss: 0.6959, train acc: 0.41, dev loss: 0.6809, dev acc: 0.90, time: 5.49
Mon, 08 Apr 2019 19:49:45: INFO: 
Evaluation - loss: 43.350868 Precision:0.8900 Recall:0.8900 Fscore:0.8900 acc: 0.8903%(2492/2799) 

Mon, 08 Apr 2019 19:49:51: INFO: epoch: 13, train loss: 0.6958, train acc: 0.42, dev loss: 0.6815, dev acc: 0.89, time: 5.55
Mon, 08 Apr 2019 19:49:52: INFO: 
Evaluation - loss: 43.382936 Precision:0.9024 Recall:0.9024 Fscore:0.9024 acc: 0.9021%(2525/2799) 

Mon, 08 Apr 2019 19:49:58: INFO: epoch: 14, train loss: 0.6960, train acc: 0.41, dev loss: 0.6793, dev acc: 0.90, time: 5.85
Mon, 08 Apr 2019 19:49:58: INFO: 
Evaluation - loss: 43.392422 Precision:0.8814 Recall:0.8814 Fscore:0.8814 acc: 0.8821%(2469/2799) 

Mon, 08 Apr 2019 19:50:05: INFO: epoch: 15, train loss: 0.6962, train acc: 0.41, dev loss: 0.6806, dev acc: 0.88, time: 6.74
Mon, 08 Apr 2019 19:50:06: INFO: 
Evaluation - loss: 43.360602 Precision:0.8881 Recall:0.8881 Fscore:0.8881 acc: 0.8878%(2485/2799) 

Mon, 08 Apr 2019 19:50:11: INFO: epoch: 16, train loss: 0.6961, train acc: 0.41, dev loss: 0.6817, dev acc: 0.87, time: 5.87
Mon, 08 Apr 2019 19:50:12: INFO: 
Evaluation - loss: 43.295666 Precision:0.9048 Recall:0.9048 Fscore:0.9048 acc: 0.9046%(2532/2799) 

Mon, 08 Apr 2019 19:50:19: INFO: epoch: 17, train loss: 0.6962, train acc: 0.41, dev loss: 0.6813, dev acc: 0.89, time: 7.02
Mon, 08 Apr 2019 19:50:20: INFO: 
Evaluation - loss: 43.292421 Precision:0.9045 Recall:0.9045 Fscore:0.9045 acc: 0.9046%(2532/2799) 

Mon, 08 Apr 2019 19:50:26: INFO: epoch: 18, train loss: 0.6960, train acc: 0.41, dev loss: 0.6812, dev acc: 0.89, time: 5.97
Mon, 08 Apr 2019 19:50:26: INFO: 
Evaluation - loss: 43.344950 Precision:0.9033 Recall:0.9033 Fscore:0.9033 acc: 0.9035%(2529/2799) 

Mon, 08 Apr 2019 19:50:32: INFO: epoch: 19, train loss: 0.6960, train acc: 0.42, dev loss: 0.6808, dev acc: 0.89, time: 5.48
Mon, 08 Apr 2019 19:50:33: INFO: 
Evaluation - loss: 43.318878 Precision:0.8795 Recall:0.8795 Fscore:0.8795 acc: 0.8792%(2461/2799) 

Mon, 08 Apr 2019 19:50:39: INFO: epoch: 20, train loss: 0.6959, train acc: 0.41, dev loss: 0.6807, dev acc: 0.89, time: 6.03
Mon, 08 Apr 2019 19:50:39: INFO: 
Evaluation - loss: 43.325523 Precision:0.9041 Recall:0.9041 Fscore:0.9041 acc: 0.9039%(2530/2799) 

Mon, 08 Apr 2019 19:50:46: INFO: epoch: 21, train loss: 0.6961, train acc: 0.41, dev loss: 0.6830, dev acc: 0.84, time: 6.46
Mon, 08 Apr 2019 19:50:46: INFO: 
Evaluation - loss: 43.391348 Precision:0.8869 Recall:0.8869 Fscore:0.8869 acc: 0.8867%(2482/2799) 

Mon, 08 Apr 2019 19:50:52: INFO: epoch: 22, train loss: 0.6959, train acc: 0.41, dev loss: 0.6817, dev acc: 0.88, time: 5.65
Mon, 08 Apr 2019 19:50:53: INFO: 
Evaluation - loss: 43.255258 Precision:0.8962 Recall:0.8962 Fscore:0.8962 acc: 0.8964%(2509/2799) 

Mon, 08 Apr 2019 19:50:59: INFO: epoch: 23, train loss: 0.6959, train acc: 0.41, dev loss: 0.6825, dev acc: 0.87, time: 6.24
Mon, 08 Apr 2019 19:51:00: INFO: 
Evaluation - loss: 43.270092 Precision:0.9032 Recall:0.9032 Fscore:0.9032 acc: 0.9035%(2529/2799) 

Mon, 08 Apr 2019 19:51:06: INFO: epoch: 24, train loss: 0.6959, train acc: 0.41, dev loss: 0.6814, dev acc: 0.90, time: 6.34
Mon, 08 Apr 2019 19:51:07: INFO: 
Evaluation - loss: 43.309282 Precision:0.9021 Recall:0.9021 Fscore:0.9021 acc: 0.9018%(2524/2799) 

Mon, 08 Apr 2019 19:51:13: INFO: epoch: 25, train loss: 0.6960, train acc: 0.41, dev loss: 0.6829, dev acc: 0.86, time: 6.63
Mon, 08 Apr 2019 19:51:14: INFO: 
Evaluation - loss: 43.348259 Precision:0.8943 Recall:0.8943 Fscore:0.8943 acc: 0.8939%(2502/2799) 

Mon, 08 Apr 2019 19:51:20: INFO: epoch: 26, train loss: 0.6960, train acc: 0.41, dev loss: 0.6820, dev acc: 0.88, time: 6.28
Mon, 08 Apr 2019 19:51:21: INFO: 
Evaluation - loss: 43.341358 Precision:0.9051 Recall:0.9051 Fscore:0.9051 acc: 0.9046%(2532/2799) 

Mon, 08 Apr 2019 19:51:26: INFO: epoch: 27, train loss: 0.6957, train acc: 0.42, dev loss: 0.6804, dev acc: 0.88, time: 5.43
Mon, 08 Apr 2019 19:51:27: INFO: 
Evaluation - loss: 43.398105 Precision:0.8942 Recall:0.8942 Fscore:0.8942 acc: 0.8946%(2504/2799) 

Mon, 08 Apr 2019 19:51:32: INFO: epoch: 28, train loss: 0.6959, train acc: 0.42, dev loss: 0.6812, dev acc: 0.89, time: 5.41
Mon, 08 Apr 2019 19:51:33: INFO: 
Evaluation - loss: 43.367565 Precision:0.8786 Recall:0.8786 Fscore:0.8786 acc: 0.8785%(2459/2799) 

Mon, 08 Apr 2019 19:51:39: INFO: epoch: 29, train loss: 0.6961, train acc: 0.41, dev loss: 0.6817, dev acc: 0.89, time: 5.57
Mon, 08 Apr 2019 19:51:39: INFO: 
Evaluation - loss: 43.297545 Precision:0.8855 Recall:0.8855 Fscore:0.8855 acc: 0.8853%(2478/2799) 

Mon, 08 Apr 2019 19:51:46: INFO: epoch: 30, train loss: 0.6960, train acc: 0.41, dev loss: 0.6805, dev acc: 0.89, time: 6.32
Mon, 08 Apr 2019 19:51:46: INFO: 
Evaluation - loss: 43.356952 Precision:0.9041 Recall:0.9041 Fscore:0.9041 acc: 0.9043%(2531/2799) 

Mon, 08 Apr 2019 19:51:53: INFO: epoch: 31, train loss: 0.6959, train acc: 0.41, dev loss: 0.6814, dev acc: 0.89, time: 6.75
Mon, 08 Apr 2019 19:51:54: INFO: 
Evaluation - loss: 43.352406 Precision:0.9024 Recall:0.9024 Fscore:0.9024 acc: 0.9025%(2526/2799) 

Mon, 08 Apr 2019 19:52:00: INFO: epoch: 32, train loss: 0.6960, train acc: 0.41, dev loss: 0.6799, dev acc: 0.90, time: 6.03
Mon, 08 Apr 2019 19:52:00: INFO: 
Evaluation - loss: 43.339520 Precision:0.9044 Recall:0.9044 Fscore:0.9044 acc: 0.9046%(2532/2799) 

Mon, 08 Apr 2019 19:52:07: INFO: epoch: 33, train loss: 0.6959, train acc: 0.42, dev loss: 0.6801, dev acc: 0.89, time: 6.81
Mon, 08 Apr 2019 19:52:08: INFO: 
Evaluation - loss: 43.308471 Precision:0.9010 Recall:0.9010 Fscore:0.9010 acc: 0.9010%(2522/2799) 

Mon, 08 Apr 2019 19:52:15: INFO: epoch: 34, train loss: 0.6959, train acc: 0.41, dev loss: 0.6809, dev acc: 0.89, time: 6.87
Mon, 08 Apr 2019 19:52:15: INFO: 
Evaluation - loss: 43.330322 Precision:0.9025 Recall:0.9025 Fscore:0.9025 acc: 0.9025%(2526/2799) 

Mon, 08 Apr 2019 19:52:21: INFO: epoch: 35, train loss: 0.6961, train acc: 0.41, dev loss: 0.6817, dev acc: 0.89, time: 5.53
Mon, 08 Apr 2019 19:52:21: INFO: 
Evaluation - loss: 43.396316 Precision:0.8882 Recall:0.8882 Fscore:0.8882 acc: 0.8885%(2487/2799) 

Mon, 08 Apr 2019 19:52:27: INFO: epoch: 36, train loss: 0.6958, train acc: 0.42, dev loss: 0.6821, dev acc: 0.88, time: 5.74
Mon, 08 Apr 2019 19:52:28: INFO: 
Evaluation - loss: 43.318964 Precision:0.9032 Recall:0.9032 Fscore:0.9032 acc: 0.9035%(2529/2799) 

Mon, 08 Apr 2019 19:52:35: INFO: epoch: 37, train loss: 0.6961, train acc: 0.41, dev loss: 0.6823, dev acc: 0.88, time: 7.42
Mon, 08 Apr 2019 19:52:36: INFO: 
Evaluation - loss: 43.358338 Precision:0.8842 Recall:0.8842 Fscore:0.8842 acc: 0.8842%(2475/2799) 

Mon, 08 Apr 2019 19:52:43: INFO: epoch: 38, train loss: 0.6959, train acc: 0.41, dev loss: 0.6812, dev acc: 0.89, time: 6.59
Mon, 08 Apr 2019 19:52:43: INFO: 
Evaluation - loss: 43.342730 Precision:0.9050 Recall:0.9050 Fscore:0.9050 acc: 0.9050%(2533/2799) 

Mon, 08 Apr 2019 19:52:50: INFO: epoch: 39, train loss: 0.6961, train acc: 0.41, dev loss: 0.6806, dev acc: 0.89, time: 6.59
Mon, 08 Apr 2019 19:52:50: INFO: 
Evaluation - loss: 43.327009 Precision:0.8992 Recall:0.8992 Fscore:0.8992 acc: 0.8992%(2517/2799) 

Mon, 08 Apr 2019 19:52:57: INFO: epoch: 40, train loss: 0.6960, train acc: 0.41, dev loss: 0.6818, dev acc: 0.89, time: 6.55
Mon, 08 Apr 2019 19:52:58: INFO: 
Evaluation - loss: 43.370458 Precision:0.8959 Recall:0.8959 Fscore:0.8959 acc: 0.8957%(2507/2799) 

Mon, 08 Apr 2019 19:53:03: INFO: epoch: 41, train loss: 0.6960, train acc: 0.41, dev loss: 0.6816, dev acc: 0.86, time: 5.71
Mon, 08 Apr 2019 19:53:04: INFO: 
Evaluation - loss: 43.344633 Precision:0.8810 Recall:0.8810 Fscore:0.8810 acc: 0.8810%(2466/2799) 

Mon, 08 Apr 2019 19:53:09: INFO: epoch: 42, train loss: 0.6957, train acc: 0.41, dev loss: 0.6822, dev acc: 0.87, time: 5.37
Mon, 08 Apr 2019 19:53:10: INFO: 
Evaluation - loss: 43.321092 Precision:0.8860 Recall:0.8860 Fscore:0.8860 acc: 0.8864%(2481/2799) 

Mon, 08 Apr 2019 19:53:15: INFO: epoch: 43, train loss: 0.6961, train acc: 0.41, dev loss: 0.6811, dev acc: 0.89, time: 5.41
Mon, 08 Apr 2019 19:53:16: INFO: 
Evaluation - loss: 43.322241 Precision:0.9043 Recall:0.9043 Fscore:0.9043 acc: 0.9039%(2530/2799) 

Mon, 08 Apr 2019 19:53:22: INFO: epoch: 44, train loss: 0.6960, train acc: 0.41, dev loss: 0.6808, dev acc: 0.89, time: 6.06
Mon, 08 Apr 2019 19:53:23: INFO: 
Evaluation - loss: 43.416616 Precision:0.9035 Recall:0.9035 Fscore:0.9035 acc: 0.9035%(2529/2799) 

Mon, 08 Apr 2019 19:53:29: INFO: epoch: 45, train loss: 0.6961, train acc: 0.42, dev loss: 0.6810, dev acc: 0.88, time: 6.30
Mon, 08 Apr 2019 19:53:30: INFO: 
Evaluation - loss: 43.251506 Precision:0.9049 Recall:0.9049 Fscore:0.9049 acc: 0.9046%(2532/2799) 

Mon, 08 Apr 2019 19:53:36: INFO: epoch: 46, train loss: 0.6961, train acc: 0.41, dev loss: 0.6802, dev acc: 0.89, time: 6.57
Mon, 08 Apr 2019 19:53:37: INFO: 
Evaluation - loss: 43.252208 Precision:0.9040 Recall:0.9040 Fscore:0.9040 acc: 0.9046%(2532/2799) 

Mon, 08 Apr 2019 19:53:42: INFO: epoch: 47, train loss: 0.6961, train acc: 0.41, dev loss: 0.6808, dev acc: 0.90, time: 5.45
Mon, 08 Apr 2019 19:53:43: INFO: 
Evaluation - loss: 43.333040 Precision:0.8977 Recall:0.8977 Fscore:0.8977 acc: 0.8978%(2513/2799) 

Mon, 08 Apr 2019 19:53:50: INFO: epoch: 48, train loss: 0.6961, train acc: 0.41, dev loss: 0.6816, dev acc: 0.90, time: 6.60
Mon, 08 Apr 2019 19:53:50: INFO: 
Evaluation - loss: 43.278561 Precision:0.9047 Recall:0.9047 Fscore:0.9047 acc: 0.9046%(2532/2799) 

Mon, 08 Apr 2019 19:53:57: INFO: epoch: 49, train loss: 0.6961, train acc: 0.41, dev loss: 0.6809, dev acc: 0.88, time: 6.36
Mon, 08 Apr 2019 19:53:57: INFO: 
Evaluation - loss: 43.218296 Precision:0.9029 Recall:0.9029 Fscore:0.9029 acc: 0.9028%(2527/2799) 

Mon, 08 Apr 2019 19:54:03: INFO: epoch: 50, train loss: 0.6959, train acc: 0.41, dev loss: 0.6811, dev acc: 0.89, time: 5.99
Mon, 08 Apr 2019 19:54:04: INFO: 
Evaluation - loss: 43.353605 Precision:0.9043 Recall:0.9043 Fscore:0.9043 acc: 0.9043%(2531/2799) 

Mon, 08 Apr 2019 19:54:10: INFO: epoch: 51, train loss: 0.6960, train acc: 0.41, dev loss: 0.6819, dev acc: 0.88, time: 6.19
Mon, 08 Apr 2019 19:54:11: INFO: 
Evaluation - loss: 43.334977 Precision:0.8941 Recall:0.8941 Fscore:0.8941 acc: 0.8942%(2503/2799) 

Mon, 08 Apr 2019 19:54:17: INFO: epoch: 52, train loss: 0.6960, train acc: 0.41, dev loss: 0.6812, dev acc: 0.87, time: 5.96
Mon, 08 Apr 2019 19:54:17: INFO: 
Evaluation - loss: 43.386485 Precision:0.8871 Recall:0.8871 Fscore:0.8871 acc: 0.8878%(2485/2799) 

Mon, 08 Apr 2019 19:54:23: INFO: epoch: 53, train loss: 0.6960, train acc: 0.41, dev loss: 0.6831, dev acc: 0.88, time: 5.40
Mon, 08 Apr 2019 19:54:23: INFO: 
Evaluation - loss: 43.301692 Precision:0.8888 Recall:0.8888 Fscore:0.8888 acc: 0.8889%(2488/2799) 

Mon, 08 Apr 2019 19:54:29: INFO: epoch: 54, train loss: 0.6958, train acc: 0.42, dev loss: 0.6821, dev acc: 0.87, time: 5.65
Mon, 08 Apr 2019 19:54:30: INFO: 
Evaluation - loss: 43.348288 Precision:0.9012 Recall:0.9012 Fscore:0.9012 acc: 0.9014%(2523/2799) 

Mon, 08 Apr 2019 19:54:36: INFO: epoch: 55, train loss: 0.6960, train acc: 0.41, dev loss: 0.6797, dev acc: 0.90, time: 6.67
Mon, 08 Apr 2019 19:54:37: INFO: 
Evaluation - loss: 43.283594 Precision:0.8910 Recall:0.8910 Fscore:0.8910 acc: 0.8910%(2494/2799) 

Mon, 08 Apr 2019 19:54:43: INFO: epoch: 56, train loss: 0.6960, train acc: 0.41, dev loss: 0.6812, dev acc: 0.89, time: 5.48
Mon, 08 Apr 2019 19:54:43: INFO: 
Evaluation - loss: 43.251090 Precision:0.9035 Recall:0.9035 Fscore:0.9035 acc: 0.9035%(2529/2799) 

Mon, 08 Apr 2019 19:54:49: INFO: epoch: 57, train loss: 0.6958, train acc: 0.42, dev loss: 0.6812, dev acc: 0.89, time: 5.40
Mon, 08 Apr 2019 19:54:49: INFO: 
Evaluation - loss: 43.369827 Precision:0.8947 Recall:0.8947 Fscore:0.8947 acc: 0.8950%(2505/2799) 

Mon, 08 Apr 2019 19:54:56: INFO: epoch: 58, train loss: 0.6959, train acc: 0.41, dev loss: 0.6818, dev acc: 0.88, time: 6.62
Mon, 08 Apr 2019 19:54:57: INFO: 
Evaluation - loss: 43.233599 Precision:0.9029 Recall:0.9029 Fscore:0.9029 acc: 0.9028%(2527/2799) 

Mon, 08 Apr 2019 19:55:04: INFO: epoch: 59, train loss: 0.6959, train acc: 0.41, dev loss: 0.6811, dev acc: 0.90, time: 7.05
Mon, 08 Apr 2019 19:55:04: INFO: 
Evaluation - loss: 43.327819 Precision:0.9047 Recall:0.9047 Fscore:0.9047 acc: 0.9046%(2532/2799) 

Mon, 08 Apr 2019 19:55:11: INFO: epoch: 60, train loss: 0.6959, train acc: 0.41, dev loss: 0.6810, dev acc: 0.89, time: 6.51
Mon, 08 Apr 2019 19:55:11: INFO: 
Evaluation - loss: 43.390572 Precision:0.8946 Recall:0.8946 Fscore:0.8946 acc: 0.8942%(2503/2799) 

Mon, 08 Apr 2019 19:55:17: INFO: epoch: 61, train loss: 0.6959, train acc: 0.42, dev loss: 0.6800, dev acc: 0.88, time: 5.58
Mon, 08 Apr 2019 19:55:18: INFO: 
Evaluation - loss: 43.373477 Precision:0.9030 Recall:0.9030 Fscore:0.9030 acc: 0.9032%(2528/2799) 

Mon, 08 Apr 2019 19:55:25: INFO: epoch: 62, train loss: 0.6959, train acc: 0.41, dev loss: 0.6815, dev acc: 0.89, time: 6.95
Mon, 08 Apr 2019 19:55:25: INFO: 
Evaluation - loss: 43.340591 Precision:0.8739 Recall:0.8739 Fscore:0.8739 acc: 0.8735%(2445/2799) 

Mon, 08 Apr 2019 19:55:32: INFO: epoch: 63, train loss: 0.6959, train acc: 0.42, dev loss: 0.6811, dev acc: 0.89, time: 6.59
Mon, 08 Apr 2019 19:55:32: INFO: 
Evaluation - loss: 43.377495 Precision:0.8699 Recall:0.8699 Fscore:0.8699 acc: 0.8696%(2434/2799) 

Mon, 08 Apr 2019 19:55:38: INFO: epoch: 64, train loss: 0.6960, train acc: 0.41, dev loss: 0.6815, dev acc: 0.87, time: 5.42
Mon, 08 Apr 2019 19:55:39: INFO: 
Evaluation - loss: 43.310728 Precision:0.9040 Recall:0.9040 Fscore:0.9040 acc: 0.9039%(2530/2799) 

Mon, 08 Apr 2019 19:55:45: INFO: epoch: 65, train loss: 0.6960, train acc: 0.41, dev loss: 0.6815, dev acc: 0.87, time: 6.23
Mon, 08 Apr 2019 19:55:45: INFO: 
Evaluation - loss: 43.396745 Precision:0.8991 Recall:0.8991 Fscore:0.8991 acc: 0.8992%(2517/2799) 

Mon, 08 Apr 2019 19:55:51: INFO: epoch: 66, train loss: 0.6961, train acc: 0.41, dev loss: 0.6814, dev acc: 0.90, time: 5.78
Mon, 08 Apr 2019 19:55:52: INFO: 
Evaluation - loss: 43.287355 Precision:0.9047 Recall:0.9047 Fscore:0.9047 acc: 0.9046%(2532/2799) 

Mon, 08 Apr 2019 19:55:58: INFO: epoch: 67, train loss: 0.6960, train acc: 0.41, dev loss: 0.6820, dev acc: 0.87, time: 5.81
Mon, 08 Apr 2019 19:55:58: INFO: 
Evaluation - loss: 43.308832 Precision:0.9044 Recall:0.9044 Fscore:0.9044 acc: 0.9046%(2532/2799) 

Mon, 08 Apr 2019 19:56:04: INFO: epoch: 68, train loss: 0.6959, train acc: 0.42, dev loss: 0.6820, dev acc: 0.89, time: 5.49
Mon, 08 Apr 2019 19:56:04: INFO: 
Evaluation - loss: 43.416514 Precision:0.8908 Recall:0.8908 Fscore:0.8908 acc: 0.8907%(2493/2799) 

Mon, 08 Apr 2019 19:56:10: INFO: epoch: 69, train loss: 0.6959, train acc: 0.41, dev loss: 0.6806, dev acc: 0.88, time: 5.72
Mon, 08 Apr 2019 19:56:11: INFO: 
Evaluation - loss: 43.246299 Precision:0.9047 Recall:0.9047 Fscore:0.9047 acc: 0.9046%(2532/2799) 

Mon, 08 Apr 2019 19:56:16: INFO: epoch: 70, train loss: 0.6962, train acc: 0.41, dev loss: 0.6815, dev acc: 0.89, time: 5.42
Mon, 08 Apr 2019 19:56:17: INFO: 
Evaluation - loss: 43.331660 Precision:0.8997 Recall:0.8997 Fscore:0.8997 acc: 0.8996%(2518/2799) 

Mon, 08 Apr 2019 19:56:23: INFO: epoch: 71, train loss: 0.6959, train acc: 0.41, dev loss: 0.6800, dev acc: 0.89, time: 6.04
Mon, 08 Apr 2019 19:56:24: INFO: 
Evaluation - loss: 43.332130 Precision:0.9043 Recall:0.9043 Fscore:0.9043 acc: 0.9039%(2530/2799) 

Mon, 08 Apr 2019 19:56:30: INFO: epoch: 72, train loss: 0.6960, train acc: 0.41, dev loss: 0.6814, dev acc: 0.90, time: 6.01
Mon, 08 Apr 2019 19:56:30: INFO: 
Evaluation - loss: 43.387709 Precision:0.8899 Recall:0.8899 Fscore:0.8899 acc: 0.8939%(2502/2799) 

Mon, 08 Apr 2019 19:56:36: INFO: epoch: 73, train loss: 0.6960, train acc: 0.41, dev loss: 0.6804, dev acc: 0.90, time: 6.12
Mon, 08 Apr 2019 19:56:37: INFO: 
Evaluation - loss: 43.349591 Precision:0.9046 Recall:0.9046 Fscore:0.9046 acc: 0.9043%(2531/2799) 

Mon, 08 Apr 2019 19:56:44: INFO: epoch: 74, train loss: 0.6960, train acc: 0.41, dev loss: 0.6805, dev acc: 0.89, time: 6.51
Mon, 08 Apr 2019 19:56:44: INFO: 
Evaluation - loss: 43.375723 Precision:0.9044 Recall:0.9044 Fscore:0.9044 acc: 0.9043%(2531/2799) 

Mon, 08 Apr 2019 19:56:51: INFO: epoch: 75, train loss: 0.6960, train acc: 0.41, dev loss: 0.6809, dev acc: 0.90, time: 6.97
Mon, 08 Apr 2019 19:56:52: INFO: 
Evaluation - loss: 43.408447 Precision:0.9012 Recall:0.9012 Fscore:0.9012 acc: 0.9018%(2524/2799) 

Mon, 08 Apr 2019 19:56:59: INFO: epoch: 76, train loss: 0.6960, train acc: 0.41, dev loss: 0.6839, dev acc: 0.85, time: 7.36
Mon, 08 Apr 2019 19:57:00: INFO: 
Evaluation - loss: 43.375707 Precision:0.9043 Recall:0.9043 Fscore:0.9043 acc: 0.9046%(2532/2799) 

Mon, 08 Apr 2019 19:57:07: INFO: epoch: 77, train loss: 0.6960, train acc: 0.41, dev loss: 0.6803, dev acc: 0.89, time: 7.47
Mon, 08 Apr 2019 19:57:08: INFO: 
Evaluation - loss: 43.357260 Precision:0.8996 Recall:0.8996 Fscore:0.8996 acc: 0.8992%(2517/2799) 

Mon, 08 Apr 2019 19:57:15: INFO: epoch: 78, train loss: 0.6960, train acc: 0.42, dev loss: 0.6830, dev acc: 0.87, time: 7.30
Mon, 08 Apr 2019 19:57:16: INFO: 
Evaluation - loss: 43.335588 Precision:0.8836 Recall:0.8836 Fscore:0.8836 acc: 0.8832%(2472/2799) 

Mon, 08 Apr 2019 19:57:22: INFO: epoch: 79, train loss: 0.6958, train acc: 0.42, dev loss: 0.6797, dev acc: 0.89, time: 5.93
Mon, 08 Apr 2019 19:57:23: INFO: 
Evaluation - loss: 43.337913 Precision:0.8836 Recall:0.8836 Fscore:0.8836 acc: 0.8835%(2473/2799) 

Mon, 08 Apr 2019 19:57:28: INFO: epoch: 80, train loss: 0.6959, train acc: 0.41, dev loss: 0.6817, dev acc: 0.88, time: 5.70
Mon, 08 Apr 2019 19:57:29: INFO: 
Evaluation - loss: 43.358335 Precision:0.8965 Recall:0.8965 Fscore:0.8965 acc: 0.8964%(2509/2799) 

Mon, 08 Apr 2019 19:57:35: INFO: epoch: 81, train loss: 0.6960, train acc: 0.41, dev loss: 0.6824, dev acc: 0.88, time: 5.85
Mon, 08 Apr 2019 19:57:35: INFO: 
Evaluation - loss: 43.285012 Precision:0.9045 Recall:0.9045 Fscore:0.9045 acc: 0.9046%(2532/2799) 

Mon, 08 Apr 2019 19:57:42: INFO: epoch: 82, train loss: 0.6960, train acc: 0.41, dev loss: 0.6809, dev acc: 0.89, time: 6.24
Mon, 08 Apr 2019 19:57:42: INFO: 
Evaluation - loss: 43.302648 Precision:0.8951 Recall:0.8951 Fscore:0.8951 acc: 0.8950%(2505/2799) 

Mon, 08 Apr 2019 19:57:48: INFO: epoch: 83, train loss: 0.6960, train acc: 0.41, dev loss: 0.6815, dev acc: 0.88, time: 5.59
Mon, 08 Apr 2019 19:57:48: INFO: 
Evaluation - loss: 43.291038 Precision:0.8870 Recall:0.8870 Fscore:0.8870 acc: 0.8867%(2482/2799) 

Mon, 08 Apr 2019 19:57:54: INFO: epoch: 84, train loss: 0.6959, train acc: 0.41, dev loss: 0.6813, dev acc: 0.88, time: 5.95
Mon, 08 Apr 2019 19:57:55: INFO: 
Evaluation - loss: 43.268673 Precision:0.9048 Recall:0.9048 Fscore:0.9048 acc: 0.9046%(2532/2799) 

Mon, 08 Apr 2019 19:58:01: INFO: epoch: 85, train loss: 0.6961, train acc: 0.41, dev loss: 0.6810, dev acc: 0.89, time: 5.84
Mon, 08 Apr 2019 19:58:02: INFO: 
Evaluation - loss: 43.376207 Precision:0.8974 Recall:0.8974 Fscore:0.8974 acc: 0.8978%(2513/2799) 

Mon, 08 Apr 2019 19:58:08: INFO: epoch: 86, train loss: 0.6959, train acc: 0.41, dev loss: 0.6807, dev acc: 0.89, time: 6.18
Mon, 08 Apr 2019 19:58:08: INFO: 
Evaluation - loss: 43.285150 Precision:0.9053 Recall:0.9053 Fscore:0.9053 acc: 0.9050%(2533/2799) 

Mon, 08 Apr 2019 19:58:15: INFO: epoch: 87, train loss: 0.6959, train acc: 0.41, dev loss: 0.6816, dev acc: 0.87, time: 6.34
Mon, 08 Apr 2019 19:58:15: INFO: 
Evaluation - loss: 43.419496 Precision:0.9044 Recall:0.9044 Fscore:0.9044 acc: 0.9043%(2531/2799) 

Mon, 08 Apr 2019 19:58:21: INFO: epoch: 88, train loss: 0.6959, train acc: 0.41, dev loss: 0.6796, dev acc: 0.89, time: 6.03
Mon, 08 Apr 2019 19:58:22: INFO: 
Evaluation - loss: 43.308813 Precision:0.9020 Recall:0.9020 Fscore:0.9020 acc: 0.9018%(2524/2799) 

Mon, 08 Apr 2019 19:58:28: INFO: epoch: 89, train loss: 0.6960, train acc: 0.41, dev loss: 0.6810, dev acc: 0.90, time: 6.28
Mon, 08 Apr 2019 19:58:29: INFO: 
Evaluation - loss: 43.348824 Precision:0.8908 Recall:0.8908 Fscore:0.8908 acc: 0.8907%(2493/2799) 

Mon, 08 Apr 2019 19:58:34: INFO: epoch: 90, train loss: 0.6960, train acc: 0.41, dev loss: 0.6817, dev acc: 0.90, time: 5.42
Mon, 08 Apr 2019 19:58:35: INFO: 
Evaluation - loss: 43.435518 Precision:0.8991 Recall:0.8991 Fscore:0.8991 acc: 0.8989%(2516/2799) 

Mon, 08 Apr 2019 19:58:42: INFO: epoch: 91, train loss: 0.6958, train acc: 0.42, dev loss: 0.6815, dev acc: 0.89, time: 6.70
Mon, 08 Apr 2019 19:58:42: INFO: 
Evaluation - loss: 43.338784 Precision:0.9010 Recall:0.9010 Fscore:0.9010 acc: 0.9010%(2522/2799) 

Mon, 08 Apr 2019 19:58:49: INFO: epoch: 92, train loss: 0.6960, train acc: 0.41, dev loss: 0.6815, dev acc: 0.88, time: 6.89
Mon, 08 Apr 2019 19:58:50: INFO: 
Evaluation - loss: 43.320220 Precision:0.8676 Recall:0.8676 Fscore:0.8676 acc: 0.8675%(2428/2799) 

Mon, 08 Apr 2019 19:58:56: INFO: epoch: 93, train loss: 0.6959, train acc: 0.41, dev loss: 0.6801, dev acc: 0.88, time: 6.18
Mon, 08 Apr 2019 19:58:57: INFO: 
Evaluation - loss: 43.432464 Precision:0.8988 Recall:0.8988 Fscore:0.8988 acc: 0.8992%(2517/2799) 

Mon, 08 Apr 2019 19:59:04: INFO: epoch: 94, train loss: 0.6957, train acc: 0.41, dev loss: 0.6801, dev acc: 0.89, time: 7.34
Mon, 08 Apr 2019 19:59:05: INFO: 
Evaluation - loss: 43.378424 Precision:0.9040 Recall:0.9040 Fscore:0.9040 acc: 0.9039%(2530/2799) 

Mon, 08 Apr 2019 19:59:12: INFO: epoch: 95, train loss: 0.6961, train acc: 0.42, dev loss: 0.6809, dev acc: 0.90, time: 7.66
Mon, 08 Apr 2019 19:59:13: INFO: 
Evaluation - loss: 43.377847 Precision:0.9011 Recall:0.9011 Fscore:0.9011 acc: 0.9010%(2522/2799) 

Mon, 08 Apr 2019 19:59:19: INFO: epoch: 96, train loss: 0.6960, train acc: 0.41, dev loss: 0.6810, dev acc: 0.90, time: 6.24
Mon, 08 Apr 2019 19:59:20: INFO: 
Evaluation - loss: 43.299548 Precision:0.8868 Recall:0.8868 Fscore:0.8868 acc: 0.8864%(2481/2799) 

Mon, 08 Apr 2019 19:59:26: INFO: epoch: 97, train loss: 0.6959, train acc: 0.42, dev loss: 0.6822, dev acc: 0.88, time: 5.97
Mon, 08 Apr 2019 19:59:27: INFO: 
Evaluation - loss: 43.377089 Precision:0.9020 Recall:0.9020 Fscore:0.9020 acc: 0.9018%(2524/2799) 

Mon, 08 Apr 2019 19:59:33: INFO: epoch: 98, train loss: 0.6958, train acc: 0.42, dev loss: 0.6817, dev acc: 0.88, time: 5.99
Mon, 08 Apr 2019 19:59:33: INFO: 
Evaluation - loss: 43.345794 Precision:0.8872 Recall:0.8872 Fscore:0.8872 acc: 0.8867%(2482/2799) 

Mon, 08 Apr 2019 19:59:39: INFO: epoch: 99, train loss: 0.6959, train acc: 0.41, dev loss: 0.6801, dev acc: 0.89, time: 5.60
Mon, 08 Apr 2019 19:59:39: INFO: 
Evaluation - loss: 43.331308 Precision:0.8893 Recall:0.8893 Fscore:0.8893 acc: 0.8889%(2488/2799) 

Mon, 08 Apr 2019 19:59:45: INFO: epoch: 100, train loss: 0.6960, train acc: 0.41, dev loss: 0.6811, dev acc: 0.89, time: 5.37
Mon, 08 Apr 2019 19:59:45: INFO: 
Evaluation - loss: 43.331796 Precision:0.9025 Recall:0.9025 Fscore:0.9025 acc: 0.9028%(2527/2799) 

