Mon, 08 Apr 2019 13:51:56: INFO: running main.py --model=BiLSTM --batch_size=64 --vocab_size=40000 --embed_dim=300 --in_channels=1 --kernel_sizes=345 --kernel_nums=200 --hidden_dim=100 --num_layers=2 --bidirectional=True --max_seq_len=50 --learning_rate=0.8 --num_epochs=100 --dropout=0.3 --num_class=2 --train_file=./data/cwmt_train_comb.txt --dev_file=./data/cwmt_dev_comb.txt --dev_file=./data/htqe_test_comb.txt --pretrained_embeddings=./word2vec/wiki.en_zh.vec --prediction_file=./predictions/htqe_test_comb.txt --saved_model=./saved_models/cwmt.en_zh.pt --test=False --weight_decay=0.0 --grad_clip=0.0 --seed_num=123 --run_log=umtqe_bilstm
Mon, 08 Apr 2019 13:51:56: INFO: 	BATCH_SIZE=64
Mon, 08 Apr 2019 13:51:56: INFO: 	BIDIRECTIONAL=True
Mon, 08 Apr 2019 13:51:56: INFO: 	DEV_FILE=./data/htqe_test_comb.txt
Mon, 08 Apr 2019 13:51:56: INFO: 	DROPOUT=0.3
Mon, 08 Apr 2019 13:51:56: INFO: 	EMBED_DIM=300
Mon, 08 Apr 2019 13:51:56: INFO: 	GRAD_CLIP=0.0
Mon, 08 Apr 2019 13:51:56: INFO: 	HIDDEN_DIM=100
Mon, 08 Apr 2019 13:51:56: INFO: 	IN_CHANNELS=1
Mon, 08 Apr 2019 13:51:56: INFO: 	KERNEL_NUMS=200
Mon, 08 Apr 2019 13:51:56: INFO: 	KERNEL_SIZES=[3, 4, 5]
Mon, 08 Apr 2019 13:51:56: INFO: 	LEARNING_RATE=0.8
Mon, 08 Apr 2019 13:51:56: INFO: 	MAX_SEQ_LEN=50
Mon, 08 Apr 2019 13:51:56: INFO: 	MODEL=BiLSTM
Mon, 08 Apr 2019 13:51:56: INFO: 	NUM_CLASS=2
Mon, 08 Apr 2019 13:51:56: INFO: 	NUM_EPOCHS=100
Mon, 08 Apr 2019 13:51:56: INFO: 	NUM_LAYERS=2
Mon, 08 Apr 2019 13:51:56: INFO: 	OPTIMIZER=adam
Mon, 08 Apr 2019 13:51:56: INFO: 	PREDICTION_FILE=./predictions/htqe_test_comb.txt
Mon, 08 Apr 2019 13:51:56: INFO: 	PRETRAINED_EMBEDDINGS=./word2vec/wiki.en_zh.vec
Mon, 08 Apr 2019 13:51:56: INFO: 	PRETRAINED_WEIGHTS=tensor([[ 0.0046,  0.0888,  0.0158,  ..., -0.0273, -0.1007, -0.0268],
        [-0.0584,  0.0474,  0.0447,  ..., -0.0665, -0.0263, -0.0958],
        [ 0.0000,  0.0000,  0.0000,  ...,  0.0000,  0.0000,  0.0000],
        ...,
        [-0.0058,  0.0941,  0.1106,  ...,  0.0073, -0.0605,  0.0473],
        [ 0.0000,  0.0000,  0.0000,  ...,  0.0000,  0.0000,  0.0000],
        [ 0.0294, -0.0595,  0.0390,  ..., -0.0690, -0.0181, -0.0041]])
Mon, 08 Apr 2019 13:51:56: INFO: 	RUN_LOG=umtqe_bilstm
Mon, 08 Apr 2019 13:51:56: INFO: 	SAVED_MODEL=./saved_models/cwmt.en_zh.pt
Mon, 08 Apr 2019 13:51:56: INFO: 	SEED_NUM=123
Mon, 08 Apr 2019 13:51:56: INFO: 	TEST=False
Mon, 08 Apr 2019 13:51:56: INFO: 	TEST_FILE=./data/htqe_test_comb.txt
Mon, 08 Apr 2019 13:51:56: INFO: 	TRAIN_FILE=./data/cwmt_train_comb.txt
Mon, 08 Apr 2019 13:51:56: INFO: 	USE_GPU=True
Mon, 08 Apr 2019 13:51:56: INFO: 	VOCAB_SIZE=44995
Mon, 08 Apr 2019 13:51:56: INFO: 	WEIGHT_DECAY=0.0
Mon, 08 Apr 2019 13:52:17: INFO: epoch: 1, train loss: 0.6964, train acc: 0.41, dev loss: 0.6796, dev acc: 0.90, time: 18.33
Mon, 08 Apr 2019 13:52:17: INFO: 
Evaluation - loss: 43.227220 Precision:0.4524 Recall:0.5000 Fscore:0.4749 acc: 57.0000%(2532/44) 

Mon, 08 Apr 2019 13:52:20: INFO: epoch: 2, train loss: 0.6964, train acc: 0.41, dev loss: 0.6795, dev acc: 0.90, time: 2.92
Mon, 08 Apr 2019 13:52:20: INFO: 
Evaluation - loss: 43.227220 Precision:0.4523 Recall:0.5000 Fscore:0.4747 acc: 57.0000%(2532/44) 

Mon, 08 Apr 2019 13:52:23: INFO: epoch: 3, train loss: 0.6964, train acc: 0.41, dev loss: 0.6795, dev acc: 0.90, time: 3.03
Mon, 08 Apr 2019 13:52:23: INFO: 
Evaluation - loss: 43.227219 Precision:0.4520 Recall:0.5000 Fscore:0.4746 acc: 57.0000%(2532/44) 

Mon, 08 Apr 2019 13:52:26: INFO: epoch: 4, train loss: 0.6964, train acc: 0.41, dev loss: 0.6795, dev acc: 0.90, time: 2.92
Mon, 08 Apr 2019 13:52:26: INFO: 
Evaluation - loss: 43.227220 Precision:0.4523 Recall:0.5000 Fscore:0.4747 acc: 57.0000%(2532/44) 

Mon, 08 Apr 2019 13:52:29: INFO: epoch: 5, train loss: 0.6964, train acc: 0.41, dev loss: 0.6795, dev acc: 0.90, time: 2.93
Mon, 08 Apr 2019 13:52:30: INFO: 
Evaluation - loss: 43.227220 Precision:0.4524 Recall:0.5000 Fscore:0.4748 acc: 57.0000%(2532/44) 

Mon, 08 Apr 2019 13:52:32: INFO: epoch: 6, train loss: 0.6964, train acc: 0.41, dev loss: 0.6795, dev acc: 0.90, time: 2.89
Mon, 08 Apr 2019 13:52:33: INFO: 
Evaluation - loss: 43.227220 Precision:0.4524 Recall:0.5000 Fscore:0.4748 acc: 57.0000%(2532/44) 

Mon, 08 Apr 2019 13:52:36: INFO: epoch: 7, train loss: 0.6964, train acc: 0.41, dev loss: 0.6795, dev acc: 0.90, time: 2.85
Mon, 08 Apr 2019 13:52:36: INFO: 
Evaluation - loss: 43.227220 Precision:0.4523 Recall:0.5000 Fscore:0.4748 acc: 57.0000%(2532/44) 

Mon, 08 Apr 2019 13:52:39: INFO: epoch: 8, train loss: 0.6964, train acc: 0.41, dev loss: 0.6796, dev acc: 0.90, time: 2.74
Mon, 08 Apr 2019 13:52:39: INFO: 
Evaluation - loss: 43.227219 Precision:0.4524 Recall:0.5000 Fscore:0.4749 acc: 57.0000%(2532/44) 

Mon, 08 Apr 2019 13:52:41: INFO: epoch: 9, train loss: 0.6964, train acc: 0.41, dev loss: 0.6796, dev acc: 0.90, time: 2.56
Mon, 08 Apr 2019 13:52:42: INFO: 
Evaluation - loss: 43.227220 Precision:0.4523 Recall:0.5000 Fscore:0.4748 acc: 57.0000%(2532/44) 

Mon, 08 Apr 2019 13:52:44: INFO: epoch: 10, train loss: 0.6964, train acc: 0.41, dev loss: 0.6795, dev acc: 0.90, time: 2.62
Mon, 08 Apr 2019 13:52:44: INFO: 
Evaluation - loss: 43.227219 Precision:0.4523 Recall:0.5000 Fscore:0.4747 acc: 57.0000%(2532/44) 

Mon, 08 Apr 2019 13:52:47: INFO: epoch: 11, train loss: 0.6964, train acc: 0.41, dev loss: 0.6795, dev acc: 0.90, time: 2.60
Mon, 08 Apr 2019 13:52:47: INFO: 
Evaluation - loss: 43.227221 Precision:0.4523 Recall:0.5000 Fscore:0.4748 acc: 57.0000%(2532/44) 

Mon, 08 Apr 2019 13:52:50: INFO: epoch: 12, train loss: 0.6964, train acc: 0.41, dev loss: 0.6795, dev acc: 0.90, time: 2.59
Mon, 08 Apr 2019 13:52:50: INFO: 
Evaluation - loss: 43.227220 Precision:0.4521 Recall:0.5000 Fscore:0.4746 acc: 57.0000%(2532/44) 

Mon, 08 Apr 2019 13:52:53: INFO: epoch: 13, train loss: 0.6964, train acc: 0.41, dev loss: 0.6795, dev acc: 0.90, time: 2.65
Mon, 08 Apr 2019 13:52:53: INFO: 
Evaluation - loss: 43.227219 Precision:0.4525 Recall:0.5000 Fscore:0.4749 acc: 57.0000%(2532/44) 

Mon, 08 Apr 2019 13:52:56: INFO: epoch: 14, train loss: 0.6964, train acc: 0.41, dev loss: 0.6795, dev acc: 0.90, time: 2.86
Mon, 08 Apr 2019 13:52:56: INFO: 
Evaluation - loss: 43.227220 Precision:0.4524 Recall:0.5000 Fscore:0.4748 acc: 57.0000%(2532/44) 

Mon, 08 Apr 2019 13:52:59: INFO: epoch: 15, train loss: 0.6964, train acc: 0.41, dev loss: 0.6796, dev acc: 0.90, time: 2.60
Mon, 08 Apr 2019 13:52:59: INFO: 
Evaluation - loss: 43.227219 Precision:0.4523 Recall:0.5000 Fscore:0.4747 acc: 57.0000%(2532/44) 

Mon, 08 Apr 2019 13:53:02: INFO: epoch: 16, train loss: 0.6964, train acc: 0.41, dev loss: 0.6794, dev acc: 0.90, time: 2.94
Mon, 08 Apr 2019 13:53:02: INFO: 
Evaluation - loss: 43.227220 Precision:0.4523 Recall:0.5000 Fscore:0.4747 acc: 57.0000%(2532/44) 

Mon, 08 Apr 2019 13:53:05: INFO: epoch: 17, train loss: 0.6964, train acc: 0.41, dev loss: 0.6795, dev acc: 0.90, time: 2.95
Mon, 08 Apr 2019 13:53:05: INFO: 
Evaluation - loss: 43.227220 Precision:0.4523 Recall:0.5000 Fscore:0.4748 acc: 57.0000%(2532/44) 

Mon, 08 Apr 2019 13:53:08: INFO: epoch: 18, train loss: 0.6964, train acc: 0.41, dev loss: 0.6795, dev acc: 0.90, time: 2.88
Mon, 08 Apr 2019 13:53:08: INFO: 
Evaluation - loss: 43.227220 Precision:0.4520 Recall:0.5000 Fscore:0.4746 acc: 57.0000%(2532/44) 

Mon, 08 Apr 2019 13:53:11: INFO: epoch: 19, train loss: 0.6964, train acc: 0.41, dev loss: 0.6795, dev acc: 0.90, time: 2.75
Mon, 08 Apr 2019 13:53:11: INFO: 
Evaluation - loss: 43.227220 Precision:0.4523 Recall:0.5000 Fscore:0.4748 acc: 57.0000%(2532/44) 

Mon, 08 Apr 2019 13:53:14: INFO: epoch: 20, train loss: 0.6964, train acc: 0.41, dev loss: 0.6796, dev acc: 0.90, time: 2.59
Mon, 08 Apr 2019 13:53:14: INFO: 
Evaluation - loss: 43.227219 Precision:0.4523 Recall:0.5000 Fscore:0.4748 acc: 57.0000%(2532/44) 

Mon, 08 Apr 2019 13:53:17: INFO: epoch: 21, train loss: 0.6964, train acc: 0.41, dev loss: 0.6795, dev acc: 0.90, time: 2.59
Mon, 08 Apr 2019 13:53:17: INFO: 
Evaluation - loss: 43.227220 Precision:0.4522 Recall:0.5000 Fscore:0.4748 acc: 57.0000%(2532/44) 

Mon, 08 Apr 2019 13:53:20: INFO: epoch: 22, train loss: 0.6964, train acc: 0.41, dev loss: 0.6796, dev acc: 0.90, time: 2.61
Mon, 08 Apr 2019 13:53:20: INFO: 
Evaluation - loss: 43.227220 Precision:0.4522 Recall:0.5000 Fscore:0.4747 acc: 57.0000%(2532/44) 

Mon, 08 Apr 2019 13:53:23: INFO: epoch: 23, train loss: 0.6964, train acc: 0.41, dev loss: 0.6796, dev acc: 0.90, time: 2.77
Mon, 08 Apr 2019 13:53:23: INFO: 
Evaluation - loss: 43.227220 Precision:0.4522 Recall:0.5000 Fscore:0.4747 acc: 57.0000%(2532/44) 

Mon, 08 Apr 2019 13:53:26: INFO: epoch: 24, train loss: 0.6964, train acc: 0.41, dev loss: 0.6795, dev acc: 0.90, time: 2.77
Mon, 08 Apr 2019 13:53:26: INFO: 
Evaluation - loss: 43.227219 Precision:0.4523 Recall:0.5000 Fscore:0.4748 acc: 57.0000%(2532/44) 

Mon, 08 Apr 2019 13:53:28: INFO: epoch: 25, train loss: 0.6964, train acc: 0.41, dev loss: 0.6795, dev acc: 0.90, time: 2.60
Mon, 08 Apr 2019 13:53:29: INFO: 
Evaluation - loss: 43.227220 Precision:0.4524 Recall:0.5000 Fscore:0.4748 acc: 57.0000%(2532/44) 

Mon, 08 Apr 2019 13:53:31: INFO: epoch: 26, train loss: 0.6964, train acc: 0.41, dev loss: 0.6795, dev acc: 0.90, time: 2.76
Mon, 08 Apr 2019 13:53:32: INFO: 
Evaluation - loss: 43.227220 Precision:0.4525 Recall:0.5000 Fscore:0.4749 acc: 57.0000%(2532/44) 

Mon, 08 Apr 2019 13:53:35: INFO: epoch: 27, train loss: 0.6964, train acc: 0.41, dev loss: 0.6795, dev acc: 0.90, time: 2.91
Mon, 08 Apr 2019 13:53:35: INFO: 
Evaluation - loss: 43.227221 Precision:0.4635 Recall:0.5114 Fscore:0.4860 acc: 57.0000%(2532/44) 

Mon, 08 Apr 2019 13:53:38: INFO: epoch: 28, train loss: 0.6964, train acc: 0.41, dev loss: 0.6796, dev acc: 0.90, time: 2.94
Mon, 08 Apr 2019 13:53:38: INFO: 
Evaluation - loss: 43.227219 Precision:0.4524 Recall:0.5000 Fscore:0.4749 acc: 57.0000%(2532/44) 

Mon, 08 Apr 2019 13:53:41: INFO: epoch: 29, train loss: 0.6964, train acc: 0.41, dev loss: 0.6795, dev acc: 0.91, time: 3.22
Mon, 08 Apr 2019 13:53:42: INFO: 
Evaluation - loss: 43.227220 Precision:0.4523 Recall:0.5000 Fscore:0.4747 acc: 57.0000%(2532/44) 

Mon, 08 Apr 2019 13:53:44: INFO: epoch: 30, train loss: 0.6964, train acc: 0.41, dev loss: 0.6795, dev acc: 0.90, time: 2.95
Mon, 08 Apr 2019 13:53:45: INFO: 
Evaluation - loss: 43.227219 Precision:0.4524 Recall:0.5000 Fscore:0.4748 acc: 57.0000%(2532/44) 

Mon, 08 Apr 2019 13:53:48: INFO: epoch: 31, train loss: 0.6964, train acc: 0.41, dev loss: 0.6795, dev acc: 0.90, time: 2.90
Mon, 08 Apr 2019 13:53:48: INFO: 
Evaluation - loss: 43.227220 Precision:0.4523 Recall:0.5000 Fscore:0.4748 acc: 57.0000%(2532/44) 

Mon, 08 Apr 2019 13:53:51: INFO: epoch: 32, train loss: 0.6964, train acc: 0.41, dev loss: 0.6796, dev acc: 0.90, time: 2.90
Mon, 08 Apr 2019 13:53:51: INFO: 
Evaluation - loss: 43.227219 Precision:0.4523 Recall:0.5000 Fscore:0.4748 acc: 57.0000%(2532/44) 

Mon, 08 Apr 2019 13:53:54: INFO: epoch: 33, train loss: 0.6964, train acc: 0.41, dev loss: 0.6794, dev acc: 0.90, time: 2.87
Mon, 08 Apr 2019 13:53:54: INFO: 
Evaluation - loss: 43.227220 Precision:0.4523 Recall:0.5000 Fscore:0.4748 acc: 57.0000%(2532/44) 

Mon, 08 Apr 2019 13:53:57: INFO: epoch: 34, train loss: 0.6964, train acc: 0.41, dev loss: 0.6795, dev acc: 0.90, time: 2.75
Mon, 08 Apr 2019 13:53:57: INFO: 
Evaluation - loss: 43.227220 Precision:0.4523 Recall:0.5000 Fscore:0.4747 acc: 57.0000%(2532/44) 

Mon, 08 Apr 2019 13:54:00: INFO: epoch: 35, train loss: 0.6964, train acc: 0.41, dev loss: 0.6795, dev acc: 0.90, time: 2.80
Mon, 08 Apr 2019 13:54:00: INFO: 
Evaluation - loss: 43.227220 Precision:0.4523 Recall:0.5000 Fscore:0.4748 acc: 57.0000%(2532/44) 

Mon, 08 Apr 2019 13:54:03: INFO: epoch: 36, train loss: 0.6964, train acc: 0.41, dev loss: 0.6795, dev acc: 0.90, time: 2.54
Mon, 08 Apr 2019 13:54:03: INFO: 
Evaluation - loss: 43.227220 Precision:0.4525 Recall:0.5000 Fscore:0.4748 acc: 57.0000%(2532/44) 

Mon, 08 Apr 2019 13:54:06: INFO: epoch: 37, train loss: 0.6964, train acc: 0.41, dev loss: 0.6796, dev acc: 0.90, time: 2.97
Mon, 08 Apr 2019 13:54:06: INFO: 
Evaluation - loss: 43.227220 Precision:0.4524 Recall:0.5000 Fscore:0.4749 acc: 57.0000%(2532/44) 

Mon, 08 Apr 2019 13:54:09: INFO: epoch: 38, train loss: 0.6964, train acc: 0.41, dev loss: 0.6795, dev acc: 0.90, time: 3.06
Mon, 08 Apr 2019 13:54:09: INFO: 
Evaluation - loss: 43.227221 Precision:0.4525 Recall:0.5000 Fscore:0.4748 acc: 57.0000%(2532/44) 

Mon, 08 Apr 2019 13:54:12: INFO: epoch: 39, train loss: 0.6964, train acc: 0.41, dev loss: 0.6795, dev acc: 0.90, time: 2.99
Mon, 08 Apr 2019 13:54:13: INFO: 
Evaluation - loss: 43.227220 Precision:0.4521 Recall:0.5000 Fscore:0.4746 acc: 57.0000%(2532/44) 

Mon, 08 Apr 2019 13:54:16: INFO: epoch: 40, train loss: 0.6964, train acc: 0.41, dev loss: 0.6795, dev acc: 0.90, time: 2.99
Mon, 08 Apr 2019 13:54:16: INFO: 
Evaluation - loss: 43.227220 Precision:0.4524 Recall:0.5000 Fscore:0.4748 acc: 57.0000%(2532/44) 

Mon, 08 Apr 2019 13:54:19: INFO: epoch: 41, train loss: 0.6964, train acc: 0.41, dev loss: 0.6794, dev acc: 0.91, time: 2.60
Mon, 08 Apr 2019 13:54:19: INFO: 
Evaluation - loss: 43.227220 Precision:0.4524 Recall:0.5000 Fscore:0.4748 acc: 57.0000%(2532/44) 

Mon, 08 Apr 2019 13:54:21: INFO: epoch: 42, train loss: 0.6964, train acc: 0.41, dev loss: 0.6795, dev acc: 0.90, time: 2.56
Mon, 08 Apr 2019 13:54:22: INFO: 
Evaluation - loss: 43.227221 Precision:0.4521 Recall:0.5000 Fscore:0.4747 acc: 57.0000%(2532/44) 

Mon, 08 Apr 2019 13:54:24: INFO: epoch: 43, train loss: 0.6964, train acc: 0.41, dev loss: 0.6795, dev acc: 0.90, time: 2.62
Mon, 08 Apr 2019 13:54:24: INFO: 
Evaluation - loss: 43.227221 Precision:0.4637 Recall:0.5114 Fscore:0.4861 acc: 57.0000%(2532/44) 

Mon, 08 Apr 2019 13:54:27: INFO: epoch: 44, train loss: 0.6964, train acc: 0.41, dev loss: 0.6796, dev acc: 0.90, time: 2.96
Mon, 08 Apr 2019 13:54:28: INFO: 
Evaluation - loss: 43.227221 Precision:0.4521 Recall:0.5000 Fscore:0.4747 acc: 57.0000%(2532/44) 

Mon, 08 Apr 2019 13:54:31: INFO: epoch: 45, train loss: 0.6964, train acc: 0.41, dev loss: 0.6795, dev acc: 0.90, time: 2.94
Mon, 08 Apr 2019 13:54:31: INFO: 
Evaluation - loss: 43.227220 Precision:0.4523 Recall:0.5000 Fscore:0.4748 acc: 57.0000%(2532/44) 

Mon, 08 Apr 2019 13:54:34: INFO: epoch: 46, train loss: 0.6964, train acc: 0.41, dev loss: 0.6795, dev acc: 0.90, time: 3.05
Mon, 08 Apr 2019 13:54:34: INFO: 
Evaluation - loss: 43.227219 Precision:0.4522 Recall:0.5000 Fscore:0.4747 acc: 57.0000%(2532/44) 

Mon, 08 Apr 2019 13:54:37: INFO: epoch: 47, train loss: 0.6964, train acc: 0.41, dev loss: 0.6795, dev acc: 0.90, time: 3.00
Mon, 08 Apr 2019 13:54:37: INFO: 
Evaluation - loss: 43.227220 Precision:0.4521 Recall:0.5000 Fscore:0.4747 acc: 57.0000%(2532/44) 

Mon, 08 Apr 2019 13:54:40: INFO: epoch: 48, train loss: 0.6964, train acc: 0.41, dev loss: 0.6795, dev acc: 0.90, time: 3.01
Mon, 08 Apr 2019 13:54:41: INFO: 
Evaluation - loss: 43.227220 Precision:0.4525 Recall:0.5000 Fscore:0.4748 acc: 57.0000%(2532/44) 

Mon, 08 Apr 2019 13:54:44: INFO: epoch: 49, train loss: 0.6964, train acc: 0.41, dev loss: 0.6795, dev acc: 0.90, time: 3.03
Mon, 08 Apr 2019 13:54:44: INFO: 
Evaluation - loss: 43.227220 Precision:0.4524 Recall:0.5000 Fscore:0.4749 acc: 57.0000%(2532/44) 

Mon, 08 Apr 2019 13:54:47: INFO: epoch: 50, train loss: 0.6964, train acc: 0.41, dev loss: 0.6796, dev acc: 0.90, time: 3.01
Mon, 08 Apr 2019 13:54:47: INFO: 
Evaluation - loss: 43.227219 Precision:0.4523 Recall:0.5000 Fscore:0.4748 acc: 57.0000%(2532/44) 

Mon, 08 Apr 2019 13:54:50: INFO: epoch: 51, train loss: 0.6964, train acc: 0.41, dev loss: 0.6795, dev acc: 0.90, time: 2.65
Mon, 08 Apr 2019 13:54:50: INFO: 
Evaluation - loss: 43.227220 Precision:0.4522 Recall:0.5000 Fscore:0.4747 acc: 57.0000%(2532/44) 

Mon, 08 Apr 2019 13:54:53: INFO: epoch: 52, train loss: 0.6964, train acc: 0.41, dev loss: 0.6795, dev acc: 0.90, time: 2.64
Mon, 08 Apr 2019 13:54:53: INFO: 
Evaluation - loss: 43.227220 Precision:0.4522 Recall:0.5000 Fscore:0.4747 acc: 57.0000%(2532/44) 

Mon, 08 Apr 2019 13:54:56: INFO: epoch: 53, train loss: 0.6964, train acc: 0.41, dev loss: 0.6795, dev acc: 0.90, time: 2.64
Mon, 08 Apr 2019 13:54:56: INFO: 
Evaluation - loss: 43.227220 Precision:0.4523 Recall:0.5000 Fscore:0.4747 acc: 57.0000%(2532/44) 

Mon, 08 Apr 2019 13:54:58: INFO: epoch: 54, train loss: 0.6963, train acc: 0.41, dev loss: 0.6795, dev acc: 0.90, time: 2.61
Mon, 08 Apr 2019 13:54:59: INFO: 
Evaluation - loss: 43.227220 Precision:0.4523 Recall:0.5000 Fscore:0.4748 acc: 57.0000%(2532/44) 

Mon, 08 Apr 2019 13:55:01: INFO: epoch: 55, train loss: 0.6964, train acc: 0.41, dev loss: 0.6795, dev acc: 0.90, time: 2.64
Mon, 08 Apr 2019 13:55:02: INFO: 
Evaluation - loss: 43.227220 Precision:0.4523 Recall:0.5000 Fscore:0.4748 acc: 57.0000%(2532/44) 

Mon, 08 Apr 2019 13:55:04: INFO: epoch: 56, train loss: 0.6964, train acc: 0.41, dev loss: 0.6795, dev acc: 0.90, time: 2.93
Mon, 08 Apr 2019 13:55:05: INFO: 
Evaluation - loss: 43.227219 Precision:0.4522 Recall:0.5000 Fscore:0.4747 acc: 57.0000%(2532/44) 

Mon, 08 Apr 2019 13:55:07: INFO: epoch: 57, train loss: 0.6964, train acc: 0.41, dev loss: 0.6795, dev acc: 0.90, time: 2.63
Mon, 08 Apr 2019 13:55:08: INFO: 
Evaluation - loss: 43.227220 Precision:0.4525 Recall:0.5000 Fscore:0.4749 acc: 57.0000%(2532/44) 

Mon, 08 Apr 2019 13:55:10: INFO: epoch: 58, train loss: 0.6964, train acc: 0.41, dev loss: 0.6796, dev acc: 0.90, time: 2.63
Mon, 08 Apr 2019 13:55:10: INFO: 
Evaluation - loss: 43.227219 Precision:0.4521 Recall:0.5000 Fscore:0.4746 acc: 57.0000%(2532/44) 

Mon, 08 Apr 2019 13:55:13: INFO: epoch: 59, train loss: 0.6964, train acc: 0.41, dev loss: 0.6795, dev acc: 0.90, time: 2.82
Mon, 08 Apr 2019 13:55:13: INFO: 
Evaluation - loss: 43.227220 Precision:0.4523 Recall:0.5000 Fscore:0.4748 acc: 57.0000%(2532/44) 

Mon, 08 Apr 2019 13:55:16: INFO: epoch: 60, train loss: 0.6964, train acc: 0.41, dev loss: 0.6795, dev acc: 0.90, time: 2.96
Mon, 08 Apr 2019 13:55:17: INFO: 
Evaluation - loss: 43.227220 Precision:0.4522 Recall:0.5000 Fscore:0.4747 acc: 57.0000%(2532/44) 

Mon, 08 Apr 2019 13:55:20: INFO: epoch: 61, train loss: 0.6964, train acc: 0.41, dev loss: 0.6795, dev acc: 0.90, time: 2.93
Mon, 08 Apr 2019 13:55:20: INFO: 
Evaluation - loss: 43.227220 Precision:0.4521 Recall:0.5000 Fscore:0.4747 acc: 57.0000%(2532/44) 

Mon, 08 Apr 2019 13:55:23: INFO: epoch: 62, train loss: 0.6964, train acc: 0.41, dev loss: 0.6795, dev acc: 0.90, time: 2.74
Mon, 08 Apr 2019 13:55:23: INFO: 
Evaluation - loss: 43.227220 Precision:0.4524 Recall:0.5000 Fscore:0.4748 acc: 57.0000%(2532/44) 

Mon, 08 Apr 2019 13:55:26: INFO: epoch: 63, train loss: 0.6964, train acc: 0.41, dev loss: 0.6795, dev acc: 0.90, time: 2.75
Mon, 08 Apr 2019 13:55:26: INFO: 
Evaluation - loss: 43.227220 Precision:0.4525 Recall:0.5000 Fscore:0.4748 acc: 57.0000%(2532/44) 

Mon, 08 Apr 2019 13:55:29: INFO: epoch: 64, train loss: 0.6964, train acc: 0.41, dev loss: 0.6795, dev acc: 0.90, time: 2.76
Mon, 08 Apr 2019 13:55:29: INFO: 
Evaluation - loss: 43.227220 Precision:0.4521 Recall:0.5000 Fscore:0.4747 acc: 57.0000%(2532/44) 

Mon, 08 Apr 2019 13:55:32: INFO: epoch: 65, train loss: 0.6964, train acc: 0.41, dev loss: 0.6796, dev acc: 0.90, time: 2.95
Mon, 08 Apr 2019 13:55:32: INFO: 
Evaluation - loss: 43.227220 Precision:0.4521 Recall:0.5000 Fscore:0.4747 acc: 57.0000%(2532/44) 

Mon, 08 Apr 2019 13:55:35: INFO: epoch: 66, train loss: 0.6964, train acc: 0.41, dev loss: 0.6795, dev acc: 0.90, time: 2.88
Mon, 08 Apr 2019 13:55:35: INFO: 
Evaluation - loss: 43.227221 Precision:0.4524 Recall:0.5000 Fscore:0.4748 acc: 57.0000%(2532/44) 

Mon, 08 Apr 2019 13:55:38: INFO: epoch: 67, train loss: 0.6964, train acc: 0.41, dev loss: 0.6795, dev acc: 0.90, time: 3.01
Mon, 08 Apr 2019 13:55:38: INFO: 
Evaluation - loss: 43.227219 Precision:0.4523 Recall:0.5000 Fscore:0.4747 acc: 57.0000%(2532/44) 

Mon, 08 Apr 2019 13:55:41: INFO: epoch: 68, train loss: 0.6964, train acc: 0.41, dev loss: 0.6795, dev acc: 0.90, time: 3.03
Mon, 08 Apr 2019 13:55:42: INFO: 
Evaluation - loss: 43.227220 Precision:0.4523 Recall:0.5000 Fscore:0.4748 acc: 57.0000%(2532/44) 

Mon, 08 Apr 2019 13:55:45: INFO: epoch: 69, train loss: 0.6964, train acc: 0.41, dev loss: 0.6795, dev acc: 0.90, time: 2.92
Mon, 08 Apr 2019 13:55:45: INFO: 
Evaluation - loss: 43.227220 Precision:0.4523 Recall:0.5000 Fscore:0.4747 acc: 57.0000%(2532/44) 

Mon, 08 Apr 2019 13:55:48: INFO: epoch: 70, train loss: 0.6964, train acc: 0.41, dev loss: 0.6795, dev acc: 0.90, time: 2.73
Mon, 08 Apr 2019 13:55:48: INFO: 
Evaluation - loss: 43.227221 Precision:0.4522 Recall:0.5000 Fscore:0.4747 acc: 57.0000%(2532/44) 

Mon, 08 Apr 2019 13:55:50: INFO: epoch: 71, train loss: 0.6964, train acc: 0.41, dev loss: 0.6795, dev acc: 0.90, time: 2.64
Mon, 08 Apr 2019 13:55:51: INFO: 
Evaluation - loss: 43.227221 Precision:0.4638 Recall:0.5114 Fscore:0.4861 acc: 57.0000%(2532/44) 

Mon, 08 Apr 2019 13:55:53: INFO: epoch: 72, train loss: 0.6964, train acc: 0.41, dev loss: 0.6795, dev acc: 0.90, time: 2.68
Mon, 08 Apr 2019 13:55:54: INFO: 
Evaluation - loss: 43.227220 Precision:0.4523 Recall:0.5000 Fscore:0.4748 acc: 57.0000%(2532/44) 

Mon, 08 Apr 2019 13:55:56: INFO: epoch: 73, train loss: 0.6964, train acc: 0.41, dev loss: 0.6795, dev acc: 0.90, time: 2.70
Mon, 08 Apr 2019 13:55:57: INFO: 
Evaluation - loss: 43.227220 Precision:0.4523 Recall:0.5000 Fscore:0.4748 acc: 57.0000%(2532/44) 

Mon, 08 Apr 2019 13:55:59: INFO: epoch: 74, train loss: 0.6964, train acc: 0.41, dev loss: 0.6794, dev acc: 0.90, time: 2.64
Mon, 08 Apr 2019 13:55:59: INFO: 
Evaluation - loss: 43.227220 Precision:0.4524 Recall:0.5000 Fscore:0.4749 acc: 57.0000%(2532/44) 

Mon, 08 Apr 2019 13:56:02: INFO: epoch: 75, train loss: 0.6963, train acc: 0.41, dev loss: 0.6795, dev acc: 0.90, time: 2.66
Mon, 08 Apr 2019 13:56:02: INFO: 
Evaluation - loss: 43.227221 Precision:0.4521 Recall:0.5000 Fscore:0.4747 acc: 57.0000%(2532/44) 

Mon, 08 Apr 2019 13:56:05: INFO: epoch: 76, train loss: 0.6964, train acc: 0.41, dev loss: 0.6795, dev acc: 0.90, time: 2.89
Mon, 08 Apr 2019 13:56:05: INFO: 
Evaluation - loss: 43.227219 Precision:0.4524 Recall:0.5000 Fscore:0.4747 acc: 57.0000%(2532/44) 

Mon, 08 Apr 2019 13:56:08: INFO: epoch: 77, train loss: 0.6963, train acc: 0.41, dev loss: 0.6795, dev acc: 0.90, time: 2.88
Mon, 08 Apr 2019 13:56:09: INFO: 
Evaluation - loss: 43.227220 Precision:0.4523 Recall:0.5000 Fscore:0.4747 acc: 57.0000%(2532/44) 

Mon, 08 Apr 2019 13:56:11: INFO: epoch: 78, train loss: 0.6964, train acc: 0.41, dev loss: 0.6795, dev acc: 0.90, time: 2.64
Mon, 08 Apr 2019 13:56:11: INFO: 
Evaluation - loss: 43.227219 Precision:0.4521 Recall:0.5000 Fscore:0.4746 acc: 57.0000%(2532/44) 

Mon, 08 Apr 2019 13:56:14: INFO: epoch: 79, train loss: 0.6964, train acc: 0.41, dev loss: 0.6795, dev acc: 0.90, time: 2.63
Mon, 08 Apr 2019 13:56:14: INFO: 
Evaluation - loss: 43.227221 Precision:0.4523 Recall:0.5000 Fscore:0.4747 acc: 57.0000%(2532/44) 

Mon, 08 Apr 2019 13:56:17: INFO: epoch: 80, train loss: 0.6964, train acc: 0.41, dev loss: 0.6796, dev acc: 0.90, time: 2.70
Mon, 08 Apr 2019 13:56:17: INFO: 
Evaluation - loss: 43.227220 Precision:0.4524 Recall:0.5000 Fscore:0.4748 acc: 57.0000%(2532/44) 

Mon, 08 Apr 2019 13:56:20: INFO: epoch: 81, train loss: 0.6964, train acc: 0.41, dev loss: 0.6795, dev acc: 0.90, time: 2.63
Mon, 08 Apr 2019 13:56:20: INFO: 
Evaluation - loss: 43.227220 Precision:0.4523 Recall:0.5000 Fscore:0.4748 acc: 57.0000%(2532/44) 

Mon, 08 Apr 2019 13:56:23: INFO: epoch: 82, train loss: 0.6964, train acc: 0.41, dev loss: 0.6795, dev acc: 0.90, time: 2.70
Mon, 08 Apr 2019 13:56:23: INFO: 
Evaluation - loss: 43.227220 Precision:0.4523 Recall:0.5000 Fscore:0.4748 acc: 57.0000%(2532/44) 

Mon, 08 Apr 2019 13:56:26: INFO: epoch: 83, train loss: 0.6964, train acc: 0.41, dev loss: 0.6795, dev acc: 0.90, time: 2.72
Mon, 08 Apr 2019 13:56:26: INFO: 
Evaluation - loss: 43.227220 Precision:0.4525 Recall:0.5000 Fscore:0.4749 acc: 57.0000%(2532/44) 

Mon, 08 Apr 2019 13:56:29: INFO: epoch: 84, train loss: 0.6964, train acc: 0.41, dev loss: 0.6795, dev acc: 0.90, time: 2.94
Mon, 08 Apr 2019 13:56:29: INFO: 
Evaluation - loss: 43.227221 Precision:0.4521 Recall:0.5000 Fscore:0.4747 acc: 57.0000%(2532/44) 

Mon, 08 Apr 2019 13:56:32: INFO: epoch: 85, train loss: 0.6964, train acc: 0.41, dev loss: 0.6795, dev acc: 0.90, time: 3.03
Mon, 08 Apr 2019 13:56:33: INFO: 
Evaluation - loss: 43.227219 Precision:0.4524 Recall:0.5000 Fscore:0.4748 acc: 57.0000%(2532/44) 

Mon, 08 Apr 2019 13:56:35: INFO: epoch: 86, train loss: 0.6964, train acc: 0.41, dev loss: 0.6796, dev acc: 0.90, time: 2.95
Mon, 08 Apr 2019 13:56:36: INFO: 
Evaluation - loss: 43.227219 Precision:0.4522 Recall:0.5000 Fscore:0.4746 acc: 57.0000%(2532/44) 

Mon, 08 Apr 2019 13:56:38: INFO: epoch: 87, train loss: 0.6964, train acc: 0.41, dev loss: 0.6795, dev acc: 0.90, time: 2.64
Mon, 08 Apr 2019 13:56:39: INFO: 
Evaluation - loss: 43.227219 Precision:0.4523 Recall:0.5000 Fscore:0.4747 acc: 57.0000%(2532/44) 

Mon, 08 Apr 2019 13:56:41: INFO: epoch: 88, train loss: 0.6964, train acc: 0.41, dev loss: 0.6796, dev acc: 0.90, time: 2.63
Mon, 08 Apr 2019 13:56:41: INFO: 
Evaluation - loss: 43.227219 Precision:0.4525 Recall:0.5000 Fscore:0.4749 acc: 57.0000%(2532/44) 

Mon, 08 Apr 2019 13:56:44: INFO: epoch: 89, train loss: 0.6964, train acc: 0.41, dev loss: 0.6795, dev acc: 0.90, time: 2.96
Mon, 08 Apr 2019 13:56:45: INFO: 
Evaluation - loss: 43.227219 Precision:0.4522 Recall:0.5000 Fscore:0.4747 acc: 57.0000%(2532/44) 

Mon, 08 Apr 2019 13:56:48: INFO: epoch: 90, train loss: 0.6964, train acc: 0.41, dev loss: 0.6795, dev acc: 0.90, time: 2.85
Mon, 08 Apr 2019 13:56:48: INFO: 
Evaluation - loss: 43.227219 Precision:0.4639 Recall:0.5114 Fscore:0.4862 acc: 57.0000%(2532/44) 

Mon, 08 Apr 2019 13:56:51: INFO: epoch: 91, train loss: 0.6964, train acc: 0.41, dev loss: 0.6795, dev acc: 0.91, time: 2.84
Mon, 08 Apr 2019 13:56:51: INFO: 
Evaluation - loss: 43.227219 Precision:0.4523 Recall:0.5000 Fscore:0.4747 acc: 57.0000%(2532/44) 

Mon, 08 Apr 2019 13:56:54: INFO: epoch: 92, train loss: 0.6964, train acc: 0.41, dev loss: 0.6796, dev acc: 0.90, time: 2.85
Mon, 08 Apr 2019 13:56:54: INFO: 
Evaluation - loss: 43.227218 Precision:0.4525 Recall:0.5000 Fscore:0.4748 acc: 57.0000%(2532/44) 

Mon, 08 Apr 2019 13:56:57: INFO: epoch: 93, train loss: 0.6963, train acc: 0.41, dev loss: 0.6795, dev acc: 0.90, time: 2.81
Mon, 08 Apr 2019 13:56:57: INFO: 
Evaluation - loss: 43.227220 Precision:0.4524 Recall:0.5000 Fscore:0.4747 acc: 57.0000%(2532/44) 

Mon, 08 Apr 2019 13:57:00: INFO: epoch: 94, train loss: 0.6964, train acc: 0.41, dev loss: 0.6796, dev acc: 0.90, time: 2.94
Mon, 08 Apr 2019 13:57:00: INFO: 
Evaluation - loss: 43.227220 Precision:0.4524 Recall:0.5000 Fscore:0.4748 acc: 57.0000%(2532/44) 

Mon, 08 Apr 2019 13:57:03: INFO: epoch: 95, train loss: 0.6964, train acc: 0.41, dev loss: 0.6795, dev acc: 0.90, time: 2.76
Mon, 08 Apr 2019 13:57:03: INFO: 
Evaluation - loss: 43.227220 Precision:0.4523 Recall:0.5000 Fscore:0.4748 acc: 57.0000%(2532/44) 

Mon, 08 Apr 2019 13:57:06: INFO: epoch: 96, train loss: 0.6964, train acc: 0.41, dev loss: 0.6795, dev acc: 0.90, time: 2.63
Mon, 08 Apr 2019 13:57:06: INFO: 
Evaluation - loss: 43.227221 Precision:0.4523 Recall:0.5000 Fscore:0.4748 acc: 57.0000%(2532/44) 

Mon, 08 Apr 2019 13:57:09: INFO: epoch: 97, train loss: 0.6964, train acc: 0.41, dev loss: 0.6795, dev acc: 0.90, time: 2.61
Mon, 08 Apr 2019 13:57:09: INFO: 
Evaluation - loss: 43.227219 Precision:0.4523 Recall:0.5000 Fscore:0.4748 acc: 57.0000%(2532/44) 

Mon, 08 Apr 2019 13:57:12: INFO: epoch: 98, train loss: 0.6964, train acc: 0.41, dev loss: 0.6795, dev acc: 0.90, time: 2.62
Mon, 08 Apr 2019 13:57:12: INFO: 
Evaluation - loss: 43.227220 Precision:0.4524 Recall:0.5000 Fscore:0.4748 acc: 57.0000%(2532/44) 

Mon, 08 Apr 2019 13:57:15: INFO: epoch: 99, train loss: 0.6964, train acc: 0.41, dev loss: 0.6795, dev acc: 0.90, time: 2.88
Mon, 08 Apr 2019 13:57:15: INFO: 
Evaluation - loss: 43.227219 Precision:0.4522 Recall:0.5000 Fscore:0.4747 acc: 57.0000%(2532/44) 

Mon, 08 Apr 2019 13:57:18: INFO: epoch: 100, train loss: 0.6964, train acc: 0.41, dev loss: 0.6795, dev acc: 0.90, time: 2.88
Mon, 08 Apr 2019 13:57:18: INFO: 
Evaluation - loss: 43.227220 Precision:0.4525 Recall:0.5000 Fscore:0.4748 acc: 57.0000%(2532/44) 

