Wed, 10 Apr 2019 23:07:26: INFO: running main.py --model=CNN_BiLSTM --batch_size=64 --vocab_size=40000 --embed_dim=300 --in_channels=1 --kernel_sizes=345 --kernel_nums=200 --hidden_dim=200 --num_layers=2 --bidirectional=True --max_seq_len=60 --learning_rate=0.1 --num_epochs=100 --dropout=0 --num_class=2 --train_file=./data/cwmt_train_comb.txt --dev_file=./data/cwmt_dev_comb.txt --test_file=./data/htqe_test_comb.txt --pretrained_embeddings=./word2vec/wiki.en_zh.vec --prediction_file=./predictions/htqe_test_comb_CNN_BiLSTM.txt --saved_model=./saved_models/cwmt.en_zh_CNN_BiLSTM.pt --test=False --weight_decay=0.0001 --grad_clip=0.5 --seed_num=123 --run_log=umtqe_CNN_BiLSTM
Wed, 10 Apr 2019 23:07:26: INFO: 	BATCH_SIZE=64
Wed, 10 Apr 2019 23:07:26: INFO: 	BIDIRECTIONAL=True
Wed, 10 Apr 2019 23:07:26: INFO: 	DEV_FILE=./data/cwmt_dev_comb.txt
Wed, 10 Apr 2019 23:07:26: INFO: 	DROPOUT=0.0
Wed, 10 Apr 2019 23:07:26: INFO: 	EMBED_DIM=300
Wed, 10 Apr 2019 23:07:26: INFO: 	GRAD_CLIP=0.5
Wed, 10 Apr 2019 23:07:26: INFO: 	HIDDEN_DIM=200
Wed, 10 Apr 2019 23:07:26: INFO: 	IN_CHANNELS=1
Wed, 10 Apr 2019 23:07:26: INFO: 	KERNEL_NUMS=200
Wed, 10 Apr 2019 23:07:26: INFO: 	KERNEL_SIZES=[3, 4, 5]
Wed, 10 Apr 2019 23:07:26: INFO: 	LEARNING_RATE=0.1
Wed, 10 Apr 2019 23:07:26: INFO: 	MAX_SEQ_LEN=60
Wed, 10 Apr 2019 23:07:26: INFO: 	MODEL=CNN_BiLSTM
Wed, 10 Apr 2019 23:07:26: INFO: 	NUM_CLASS=2
Wed, 10 Apr 2019 23:07:26: INFO: 	NUM_EPOCHS=100
Wed, 10 Apr 2019 23:07:26: INFO: 	NUM_LAYERS=2
Wed, 10 Apr 2019 23:07:26: INFO: 	PREDICTION_FILE=./predictions/htqe_test_comb_CNN_BiLSTM.txt
Wed, 10 Apr 2019 23:07:26: INFO: 	PRETRAINED_EMBEDDINGS=./word2vec/wiki.en_zh.vec
Wed, 10 Apr 2019 23:07:26: INFO: 	PRETRAINED_WEIGHTS=tensor([[ 0.0046,  0.0888,  0.0158,  ..., -0.0273, -0.1007, -0.0268],
        [ 0.0000,  0.0000,  0.0000,  ...,  0.0000,  0.0000,  0.0000],
        [ 0.0520, -0.0019,  0.0281,  ..., -0.0616, -0.0885,  0.0319],
        ...,
        [-0.0476,  0.0551,  0.0034,  ...,  0.0168,  0.0137,  0.1055],
        [-0.0214,  0.0347, -0.1328,  ...,  0.1099,  0.0248,  0.1002],
        [-0.0237,  0.0586, -0.0091,  ...,  0.0258,  0.0698, -0.0111]])
Wed, 10 Apr 2019 23:07:26: INFO: 	RUN_LOG=umtqe_CNN_BiLSTM
Wed, 10 Apr 2019 23:07:26: INFO: 	SAVED_MODEL=./saved_models/cwmt.en_zh_CNN_BiLSTM.pt
Wed, 10 Apr 2019 23:07:26: INFO: 	SEED_NUM=123
Wed, 10 Apr 2019 23:07:26: INFO: 	TEST=False
Wed, 10 Apr 2019 23:07:26: INFO: 	TEST_FILE=./data/htqe_test_comb.txt
Wed, 10 Apr 2019 23:07:26: INFO: 	TRAIN_FILE=./data/cwmt_train_comb.txt
Wed, 10 Apr 2019 23:07:26: INFO: 	USE_GPU=True
Wed, 10 Apr 2019 23:07:26: INFO: 	VOCAB_SIZE=44995
Wed, 10 Apr 2019 23:07:26: INFO: 	WEIGHT_DECAY=0.0001
Wed, 10 Apr 2019 23:07:34: INFO: 
epoch: 0, train loss: 29360.9836, train acc: 0.52, time: 5.38
