Wed, 10 Apr 2019 22:09:28: INFO: running main.py --model=CNN_BiLSTM_ATT --batch_size=64 --vocab_size=40000 --embed_dim=300 --in_channels=1 --kernel_sizes=345 --kernel_nums=200 --hidden_dim=100 --num_layers=2 --bidirectional=True --max_seq_len=60 --learning_rate=0.01 --num_epochs=100 --dropout=0 --num_class=2 --train_file=./data/cwmt_train_comb.txt --dev_file=./data/cwmt_dev_comb.txt --test_file=./data/htqe_test_comb.txt --pretrained_embeddings=./word2vec/wiki.en_zh.vec --prediction_file=./predictions/htqe_test_comb_CNN_BiLSTM_ATT.txt --saved_model=./saved_models/cwmt.en_zh_CNN_BiLSTM_ATT.pt --test=False --weight_decay=0.0001 --grad_clip=0.3 --seed_num=123 --run_log=umtqe_CNN_BiLSTM_ATT
Wed, 10 Apr 2019 22:09:28: INFO: 	BATCH_SIZE=64
Wed, 10 Apr 2019 22:09:28: INFO: 	BIDIRECTIONAL=True
Wed, 10 Apr 2019 22:09:28: INFO: 	DEV_FILE=./data/cwmt_dev_comb.txt
Wed, 10 Apr 2019 22:09:28: INFO: 	DROPOUT=0.0
Wed, 10 Apr 2019 22:09:28: INFO: 	EMBED_DIM=300
Wed, 10 Apr 2019 22:09:28: INFO: 	GRAD_CLIP=0.3
Wed, 10 Apr 2019 22:09:28: INFO: 	HIDDEN_DIM=100
Wed, 10 Apr 2019 22:09:28: INFO: 	IN_CHANNELS=1
Wed, 10 Apr 2019 22:09:28: INFO: 	KERNEL_NUMS=200
Wed, 10 Apr 2019 22:09:28: INFO: 	KERNEL_SIZES=[3, 4, 5]
Wed, 10 Apr 2019 22:09:28: INFO: 	LEARNING_RATE=0.01
Wed, 10 Apr 2019 22:09:28: INFO: 	MAX_SEQ_LEN=60
Wed, 10 Apr 2019 22:09:28: INFO: 	MODEL=CNN_BiLSTM_ATT
Wed, 10 Apr 2019 22:09:28: INFO: 	NUM_CLASS=2
Wed, 10 Apr 2019 22:09:28: INFO: 	NUM_EPOCHS=100
Wed, 10 Apr 2019 22:09:28: INFO: 	NUM_LAYERS=2
Wed, 10 Apr 2019 22:09:28: INFO: 	PREDICTION_FILE=./predictions/htqe_test_comb_CNN_BiLSTM_ATT.txt
Wed, 10 Apr 2019 22:09:28: INFO: 	PRETRAINED_EMBEDDINGS=./word2vec/wiki.en_zh.vec
Wed, 10 Apr 2019 22:09:28: INFO: 	PRETRAINED_WEIGHTS=tensor([[ 0.0046,  0.0888,  0.0158,  ..., -0.0273, -0.1007, -0.0268],
        [-0.0648,  0.0508,  0.0520,  ..., -0.0450, -0.0520,  0.0152],
        [-0.0090, -0.0112,  0.1241,  ..., -0.0882, -0.0838, -0.0525],
        ...,
        [ 0.0000,  0.0000,  0.0000,  ...,  0.0000,  0.0000,  0.0000],
        [-0.0237, -0.0152, -0.0280,  ..., -0.0234,  0.0585,  0.0194],
        [ 0.0398,  0.0235,  0.0883,  ..., -0.0267, -0.0709, -0.0580]])
Wed, 10 Apr 2019 22:09:28: INFO: 	RUN_LOG=umtqe_CNN_BiLSTM_ATT
Wed, 10 Apr 2019 22:09:28: INFO: 	SAVED_MODEL=./saved_models/cwmt.en_zh_CNN_BiLSTM_ATT.pt
Wed, 10 Apr 2019 22:09:28: INFO: 	SEED_NUM=123
Wed, 10 Apr 2019 22:09:28: INFO: 	TEST=False
Wed, 10 Apr 2019 22:09:28: INFO: 	TEST_FILE=./data/htqe_test_comb.txt
Wed, 10 Apr 2019 22:09:28: INFO: 	TRAIN_FILE=./data/cwmt_train_comb.txt
Wed, 10 Apr 2019 22:09:28: INFO: 	USE_GPU=True
Wed, 10 Apr 2019 22:09:28: INFO: 	VOCAB_SIZE=44995
Wed, 10 Apr 2019 22:09:28: INFO: 	WEIGHT_DECAY=0.0001
Wed, 10 Apr 2019 22:09:38: INFO: 
epoch: 0, train loss: 47.1064, train acc: 0.50, time: 7.61
Wed, 10 Apr 2019 22:09:39: INFO: dev loss: 88.6958, dev acc: 0.51, time: 0.78
Wed, 10 Apr 2019 22:09:40: INFO: 
evaluation - loss: 95.930523 precision:0.3363 recall:0.4929 f-score:0.2687 acc: 0.3993%(1109/2799) 

Wed, 10 Apr 2019 22:09:47: INFO: 
epoch: 1, train loss: 86.5530, train acc: 0.51, time: 7.67
Wed, 10 Apr 2019 22:09:48: INFO: dev loss: 102.5740, dev acc: 0.51, time: 0.78
Wed, 10 Apr 2019 22:09:49: INFO: 
evaluation - loss: 110.898308 precision:0.3665 recall:0.4835 f-score:0.2978 acc: 0.4733%(1328/2799) 

Wed, 10 Apr 2019 22:09:57: INFO: 
epoch: 2, train loss: 107.2109, train acc: 0.50, time: 7.56
Wed, 10 Apr 2019 22:09:57: INFO: dev loss: 101.7090, dev acc: 0.52, time: 0.78
Wed, 10 Apr 2019 22:09:58: INFO: 
evaluation - loss: 168.773067 precision:0.3276 recall:0.4859 f-score:0.2519 acc: 0.3734%(1042/2799) 

Wed, 10 Apr 2019 22:10:06: INFO: 
epoch: 3, train loss: 131.6505, train acc: 0.50, time: 7.39
Wed, 10 Apr 2019 22:10:06: INFO: dev loss: 123.1350, dev acc: 0.50, time: 0.78
Wed, 10 Apr 2019 22:10:07: INFO: 
evaluation - loss: 133.858425 precision:0.3858 recall:0.5104 f-score:0.2936 acc: 0.4440%(1247/2799) 

Wed, 10 Apr 2019 22:10:15: INFO: 
epoch: 4, train loss: 133.2167, train acc: 0.49, time: 7.44
Wed, 10 Apr 2019 22:10:16: INFO: dev loss: 155.9355, dev acc: 0.48, time: 0.78
Wed, 10 Apr 2019 22:10:16: INFO: 
evaluation - loss: 189.625390 precision:0.3796 recall:0.4867 f-score:0.2820 acc: 0.4412%(1240/2799) 

Wed, 10 Apr 2019 22:10:24: INFO: 
epoch: 5, train loss: 161.0397, train acc: 0.50, time: 7.36
Wed, 10 Apr 2019 22:10:25: INFO: dev loss: 146.1608, dev acc: 0.50, time: 0.78
Wed, 10 Apr 2019 22:10:25: INFO: 
evaluation - loss: 162.327417 precision:0.3604 recall:0.4789 f-score:0.2937 acc: 0.4480%(1253/2799) 

Wed, 10 Apr 2019 22:10:33: INFO: 
epoch: 6, train loss: 158.7799, train acc: 0.49, time: 7.42
Wed, 10 Apr 2019 22:10:34: INFO: dev loss: 139.4051, dev acc: 0.52, time: 0.78
Wed, 10 Apr 2019 22:10:34: INFO: 
evaluation - loss: 148.355251 precision:0.3880 recall:0.5026 f-score:0.3178 acc: 0.4757%(1329/2799) 

Wed, 10 Apr 2019 22:10:42: INFO: 
epoch: 7, train loss: 157.9850, train acc: 0.49, time: 7.45
Wed, 10 Apr 2019 22:10:43: INFO: dev loss: 154.6161, dev acc: 0.48, time: 0.78
Wed, 10 Apr 2019 22:10:44: INFO: 
evaluation - loss: 192.837841 precision:0.3606 recall:0.5009 f-score:0.2848 acc: 0.4175%(1171/2799) 

Wed, 10 Apr 2019 22:10:51: INFO: 
epoch: 8, train loss: 169.3507, train acc: 0.50, time: 7.41
Wed, 10 Apr 2019 22:10:52: INFO: dev loss: 204.5830, dev acc: 0.48, time: 0.78
Wed, 10 Apr 2019 22:10:53: INFO: 
evaluation - loss: 186.084282 precision:0.3566 recall:0.5008 f-score:0.2896 acc: 0.4270%(1188/2799) 

Wed, 10 Apr 2019 22:11:00: INFO: 
epoch: 9, train loss: 160.6752, train acc: 0.50, time: 7.40
Wed, 10 Apr 2019 22:11:01: INFO: dev loss: 180.9177, dev acc: 0.53, time: 0.77
Wed, 10 Apr 2019 22:11:02: INFO: 
evaluation - loss: 169.279043 precision:0.3619 recall:0.5112 f-score:0.2999 acc: 0.4712%(1315/2799) 

Wed, 10 Apr 2019 22:11:09: INFO: 
epoch: 10, train loss: 163.1790, train acc: 0.51, time: 7.34
Wed, 10 Apr 2019 22:11:10: INFO: dev loss: 151.8381, dev acc: 0.51, time: 0.77
Wed, 10 Apr 2019 22:11:11: INFO: 
evaluation - loss: 203.735071 precision:0.3794 recall:0.4949 f-score:0.2901 acc: 0.4322%(1207/2799) 

Wed, 10 Apr 2019 22:11:17: INFO: 
epoch: 11, train loss: 165.4819, train acc: 0.51, time: 5.87
Wed, 10 Apr 2019 22:11:18: INFO: dev loss: 167.3078, dev acc: 0.50, time: 0.76
Wed, 10 Apr 2019 22:11:18: INFO: 
evaluation - loss: 154.765388 precision:0.4052 recall:0.5027 f-score:0.3303 acc: 0.5040%(1408/2799) 

Wed, 10 Apr 2019 22:11:24: INFO: 
epoch: 12, train loss: 177.3302, train acc: 0.51, time: 5.74
Wed, 10 Apr 2019 22:11:25: INFO: dev loss: 218.8722, dev acc: 0.49, time: 0.77
Wed, 10 Apr 2019 22:11:26: INFO: 
evaluation - loss: 159.536085 precision:0.3983 recall:0.4940 f-score:0.3361 acc: 0.4942%(1379/2799) 

Wed, 10 Apr 2019 22:11:33: INFO: 
epoch: 13, train loss: 176.8215, train acc: 0.51, time: 6.79
Wed, 10 Apr 2019 22:11:33: INFO: dev loss: 189.7725, dev acc: 0.50, time: 0.77
Wed, 10 Apr 2019 22:11:34: INFO: 
evaluation - loss: 216.911825 precision:0.3587 recall:0.4918 f-score:0.3171 acc: 0.5123%(1427/2799) 

Wed, 10 Apr 2019 22:11:42: INFO: 
epoch: 14, train loss: 194.0040, train acc: 0.50, time: 7.39
Wed, 10 Apr 2019 22:11:43: INFO: dev loss: 154.8165, dev acc: 0.49, time: 0.77
Wed, 10 Apr 2019 22:11:43: INFO: 
evaluation - loss: 136.598626 precision:0.3842 recall:0.5061 f-score:0.3223 acc: 0.5099%(1421/2799) 

Wed, 10 Apr 2019 22:11:51: INFO: 
epoch: 15, train loss: 179.8612, train acc: 0.50, time: 7.27
Wed, 10 Apr 2019 22:11:51: INFO: dev loss: 188.9734, dev acc: 0.50, time: 0.77
Wed, 10 Apr 2019 22:11:52: INFO: 
evaluation - loss: 169.062157 precision:0.3503 recall:0.4983 f-score:0.3266 acc: 0.5371%(1511/2799) 

Wed, 10 Apr 2019 22:12:00: INFO: 
epoch: 16, train loss: 177.6059, train acc: 0.51, time: 7.58
Wed, 10 Apr 2019 22:12:01: INFO: dev loss: 157.3345, dev acc: 0.49, time: 0.78
Wed, 10 Apr 2019 22:12:02: INFO: 
evaluation - loss: 192.441363 precision:0.3827 recall:0.4978 f-score:0.3104 acc: 0.4757%(1337/2799) 

Wed, 10 Apr 2019 22:12:09: INFO: 
epoch: 17, train loss: 184.3431, train acc: 0.50, time: 7.34
Wed, 10 Apr 2019 22:12:10: INFO: dev loss: 216.1733, dev acc: 0.48, time: 0.76
Wed, 10 Apr 2019 22:12:10: INFO: 
evaluation - loss: 266.356997 precision:0.3919 recall:0.5031 f-score:0.3110 acc: 0.4813%(1341/2799) 

Wed, 10 Apr 2019 22:12:18: INFO: 
epoch: 18, train loss: 186.7577, train acc: 0.50, time: 7.58
Wed, 10 Apr 2019 22:12:19: INFO: dev loss: 212.5857, dev acc: 0.49, time: 0.77
Wed, 10 Apr 2019 22:12:20: INFO: 
evaluation - loss: 176.948993 precision:0.4204 recall:0.4972 f-score:0.3426 acc: 0.5595%(1564/2799) 

Wed, 10 Apr 2019 22:12:27: INFO: 
epoch: 19, train loss: 188.1491, train acc: 0.51, time: 7.48
Wed, 10 Apr 2019 22:12:28: INFO: dev loss: 158.5254, dev acc: 0.53, time: 0.77
Wed, 10 Apr 2019 22:12:29: INFO: 
evaluation - loss: 227.752452 precision:0.3651 recall:0.4939 f-score:0.3186 acc: 0.4904%(1369/2799) 

Wed, 10 Apr 2019 22:12:37: INFO: 
epoch: 20, train loss: 203.1076, train acc: 0.50, time: 7.61
Wed, 10 Apr 2019 22:12:38: INFO: dev loss: 209.8396, dev acc: 0.50, time: 0.77
Wed, 10 Apr 2019 22:12:38: INFO: 
evaluation - loss: 242.063776 precision:0.3687 recall:0.4862 f-score:0.2789 acc: 0.4288%(1201/2799) 

Wed, 10 Apr 2019 22:12:46: INFO: 
epoch: 21, train loss: 197.7928, train acc: 0.51, time: 7.32
Wed, 10 Apr 2019 22:12:47: INFO: dev loss: 243.6475, dev acc: 0.47, time: 0.77
Wed, 10 Apr 2019 22:12:47: INFO: 
evaluation - loss: 157.252833 precision:0.3700 recall:0.4827 f-score:0.3250 acc: 0.5189%(1459/2799) 

Wed, 10 Apr 2019 22:12:55: INFO: 
epoch: 22, train loss: 199.1220, train acc: 0.51, time: 7.40
Wed, 10 Apr 2019 22:12:56: INFO: dev loss: 214.5991, dev acc: 0.49, time: 0.77
Wed, 10 Apr 2019 22:12:56: INFO: 
evaluation - loss: 265.830095 precision:0.3639 recall:0.4970 f-score:0.2836 acc: 0.4604%(1293/2799) 

Wed, 10 Apr 2019 22:13:04: INFO: 
epoch: 23, train loss: 185.8294, train acc: 0.51, time: 7.42
Wed, 10 Apr 2019 22:13:05: INFO: dev loss: 210.9972, dev acc: 0.50, time: 0.78
Wed, 10 Apr 2019 22:13:05: INFO: 
evaluation - loss: 171.872406 precision:0.3967 recall:0.4863 f-score:0.3403 acc: 0.5250%(1464/2799) 

Wed, 10 Apr 2019 22:13:13: INFO: 
epoch: 24, train loss: 197.6836, train acc: 0.50, time: 7.40
Wed, 10 Apr 2019 22:13:14: INFO: dev loss: 218.3171, dev acc: 0.51, time: 0.77
Wed, 10 Apr 2019 22:13:15: INFO: 
evaluation - loss: 217.280201 precision:0.4007 recall:0.5116 f-score:0.3320 acc: 0.5225%(1458/2799) 

Wed, 10 Apr 2019 22:13:22: INFO: 
epoch: 25, train loss: 221.1427, train acc: 0.51, time: 7.50
Wed, 10 Apr 2019 22:13:23: INFO: dev loss: 218.9324, dev acc: 0.52, time: 0.77
Wed, 10 Apr 2019 22:13:24: INFO: 
evaluation - loss: 167.747850 precision:0.4341 recall:0.5020 f-score:0.3348 acc: 0.5354%(1504/2799) 

Wed, 10 Apr 2019 22:13:31: INFO: 
epoch: 26, train loss: 190.9273, train acc: 0.50, time: 7.49
Wed, 10 Apr 2019 22:13:32: INFO: dev loss: 237.3939, dev acc: 0.49, time: 0.77
Wed, 10 Apr 2019 22:13:33: INFO: 
evaluation - loss: 208.808108 precision:0.3999 recall:0.5111 f-score:0.3260 acc: 0.4992%(1391/2799) 

Wed, 10 Apr 2019 22:13:41: INFO: 
epoch: 27, train loss: 209.8521, train acc: 0.51, time: 7.47
Wed, 10 Apr 2019 22:13:41: INFO: dev loss: 211.1445, dev acc: 0.47, time: 0.78
Wed, 10 Apr 2019 22:13:42: INFO: 
evaluation - loss: 141.792179 precision:0.4228 recall:0.5040 f-score:0.3569 acc: 0.5521%(1540/2799) 

Wed, 10 Apr 2019 22:13:50: INFO: 
epoch: 28, train loss: 215.1116, train acc: 0.50, time: 7.56
Wed, 10 Apr 2019 22:13:51: INFO: dev loss: 207.9671, dev acc: 0.49, time: 0.78
Wed, 10 Apr 2019 22:13:51: INFO: 
evaluation - loss: 267.104884 precision:0.3505 recall:0.4845 f-score:0.2857 acc: 0.4486%(1253/2799) 

Wed, 10 Apr 2019 22:13:59: INFO: 
epoch: 29, train loss: 243.3725, train acc: 0.49, time: 7.49
Wed, 10 Apr 2019 22:14:00: INFO: dev loss: 224.1588, dev acc: 0.50, time: 0.78
Wed, 10 Apr 2019 22:14:00: INFO: 
evaluation - loss: 169.675309 precision:0.4205 recall:0.4913 f-score:0.3133 acc: 0.4845%(1350/2799) 

Wed, 10 Apr 2019 22:14:07: INFO: 
epoch: 30, train loss: 200.0284, train acc: 0.50, time: 6.74
Wed, 10 Apr 2019 22:14:08: INFO: dev loss: 190.5587, dev acc: 0.47, time: 0.77
Wed, 10 Apr 2019 22:14:09: INFO: 
evaluation - loss: 220.568099 precision:0.3612 recall:0.4981 f-score:0.2773 acc: 0.4041%(1135/2799) 

Wed, 10 Apr 2019 22:14:17: INFO: 
epoch: 31, train loss: 199.6472, train acc: 0.52, time: 7.59
Wed, 10 Apr 2019 22:14:17: INFO: dev loss: 195.9543, dev acc: 0.48, time: 0.80
Wed, 10 Apr 2019 22:14:18: INFO: 
evaluation - loss: 150.049572 precision:0.3808 recall:0.4908 f-score:0.3225 acc: 0.5086%(1422/2799) 

Wed, 10 Apr 2019 22:14:26: INFO: 
epoch: 32, train loss: 193.5121, train acc: 0.51, time: 7.53
Wed, 10 Apr 2019 22:14:27: INFO: dev loss: 189.0624, dev acc: 0.48, time: 0.78
Wed, 10 Apr 2019 22:14:27: INFO: 
evaluation - loss: 162.413609 precision:0.3930 recall:0.4903 f-score:0.3106 acc: 0.4535%(1265/2799) 

Wed, 10 Apr 2019 22:14:35: INFO: 
epoch: 33, train loss: 200.6250, train acc: 0.50, time: 7.39
Wed, 10 Apr 2019 22:14:36: INFO: dev loss: 188.7030, dev acc: 0.51, time: 0.78
Wed, 10 Apr 2019 22:14:36: INFO: 
evaluation - loss: 177.642919 precision:0.3959 recall:0.5018 f-score:0.3236 acc: 0.4873%(1357/2799) 

Wed, 10 Apr 2019 22:14:44: INFO: 
epoch: 34, train loss: 203.5623, train acc: 0.51, time: 7.41
Wed, 10 Apr 2019 22:14:45: INFO: dev loss: 219.1978, dev acc: 0.49, time: 0.78
Wed, 10 Apr 2019 22:14:46: INFO: 
evaluation - loss: 308.202161 precision:0.3275 recall:0.5196 f-score:0.2452 acc: 0.3496%(970/2799) 

Wed, 10 Apr 2019 22:14:53: INFO: 
epoch: 35, train loss: 208.3848, train acc: 0.50, time: 7.35
Wed, 10 Apr 2019 22:14:54: INFO: dev loss: 160.5654, dev acc: 0.51, time: 0.78
Wed, 10 Apr 2019 22:14:54: INFO: 
evaluation - loss: 187.472231 precision:0.3911 recall:0.5017 f-score:0.3349 acc: 0.5118%(1439/2799) 

Wed, 10 Apr 2019 22:15:02: INFO: 
epoch: 36, train loss: 179.9441, train acc: 0.51, time: 7.46
Wed, 10 Apr 2019 22:15:03: INFO: dev loss: 187.5937, dev acc: 0.45, time: 0.79
Wed, 10 Apr 2019 22:15:04: INFO: 
evaluation - loss: 230.833662 precision:0.3607 recall:0.5009 f-score:0.3143 acc: 0.5096%(1432/2799) 

Wed, 10 Apr 2019 22:15:11: INFO: 
epoch: 37, train loss: 198.7356, train acc: 0.51, time: 7.34
Wed, 10 Apr 2019 22:15:12: INFO: dev loss: 270.7448, dev acc: 0.45, time: 0.78
Wed, 10 Apr 2019 22:15:13: INFO: 
evaluation - loss: 268.253317 precision:0.3825 recall:0.4948 f-score:0.2573 acc: 0.3797%(1066/2799) 

Wed, 10 Apr 2019 22:15:20: INFO: 
epoch: 38, train loss: 187.1060, train acc: 0.50, time: 7.42
Wed, 10 Apr 2019 22:15:21: INFO: dev loss: 233.6202, dev acc: 0.49, time: 0.78
Wed, 10 Apr 2019 22:15:22: INFO: 
evaluation - loss: 245.684099 precision:0.3655 recall:0.5057 f-score:0.2761 acc: 0.4159%(1170/2799) 

Wed, 10 Apr 2019 22:15:29: INFO: 
epoch: 39, train loss: 201.5036, train acc: 0.51, time: 7.37
Wed, 10 Apr 2019 22:15:30: INFO: dev loss: 201.1163, dev acc: 0.43, time: 0.77
Wed, 10 Apr 2019 22:15:31: INFO: 
evaluation - loss: 172.920974 precision:0.4122 recall:0.5083 f-score:0.3463 acc: 0.5382%(1509/2799) 

Wed, 10 Apr 2019 22:15:38: INFO: 
epoch: 40, train loss: 188.4163, train acc: 0.50, time: 7.36
Wed, 10 Apr 2019 22:15:39: INFO: dev loss: 199.1693, dev acc: 0.49, time: 0.77
Wed, 10 Apr 2019 22:15:40: INFO: 
evaluation - loss: 239.017005 precision:0.3349 recall:0.4939 f-score:0.2673 acc: 0.4177%(1174/2799) 

Wed, 10 Apr 2019 22:15:47: INFO: 
epoch: 41, train loss: 208.7480, train acc: 0.50, time: 7.33
Wed, 10 Apr 2019 22:15:48: INFO: dev loss: 177.9292, dev acc: 0.50, time: 0.77
Wed, 10 Apr 2019 22:15:49: INFO: 
evaluation - loss: 186.522991 precision:0.3619 recall:0.4768 f-score:0.3109 acc: 0.4830%(1349/2799) 

Wed, 10 Apr 2019 22:15:57: INFO: 
epoch: 42, train loss: 189.5664, train acc: 0.50, time: 7.36
Wed, 10 Apr 2019 22:15:57: INFO: dev loss: 150.5533, dev acc: 0.48, time: 0.77
Wed, 10 Apr 2019 22:15:58: INFO: 
evaluation - loss: 184.621946 precision:0.3687 recall:0.5011 f-score:0.2981 acc: 0.4565%(1271/2799) 

Wed, 10 Apr 2019 22:16:05: INFO: 
epoch: 43, train loss: 197.7423, train acc: 0.51, time: 7.32
Wed, 10 Apr 2019 22:16:06: INFO: dev loss: 252.4639, dev acc: 0.49, time: 0.77
Wed, 10 Apr 2019 22:16:07: INFO: 
evaluation - loss: 252.959799 precision:0.3580 recall:0.4930 f-score:0.2790 acc: 0.4157%(1155/2799) 

Wed, 10 Apr 2019 22:16:15: INFO: 
epoch: 44, train loss: 215.9530, train acc: 0.50, time: 7.46
Wed, 10 Apr 2019 22:16:15: INFO: dev loss: 226.2015, dev acc: 0.47, time: 0.77
Wed, 10 Apr 2019 22:16:16: INFO: 
evaluation - loss: 216.822828 precision:0.3407 recall:0.5088 f-score:0.2985 acc: 0.4575%(1287/2799) 

Wed, 10 Apr 2019 22:16:24: INFO: 
epoch: 45, train loss: 193.8540, train acc: 0.51, time: 7.33
Wed, 10 Apr 2019 22:16:24: INFO: dev loss: 217.2331, dev acc: 0.49, time: 0.77
Wed, 10 Apr 2019 22:16:25: INFO: 
evaluation - loss: 180.974086 precision:0.4032 recall:0.5088 f-score:0.3177 acc: 0.4835%(1346/2799) 

Wed, 10 Apr 2019 22:16:33: INFO: 
epoch: 46, train loss: 204.3531, train acc: 0.51, time: 7.38
Wed, 10 Apr 2019 22:16:33: INFO: dev loss: 203.3217, dev acc: 0.47, time: 0.77
Wed, 10 Apr 2019 22:16:34: INFO: 
evaluation - loss: 182.573601 precision:0.4022 recall:0.4923 f-score:0.3081 acc: 0.4930%(1372/2799) 

Wed, 10 Apr 2019 22:16:41: INFO: 
epoch: 47, train loss: 198.6138, train acc: 0.50, time: 7.26
Wed, 10 Apr 2019 22:16:42: INFO: dev loss: 187.8489, dev acc: 0.52, time: 0.77
Wed, 10 Apr 2019 22:16:43: INFO: 
evaluation - loss: 251.710431 precision:0.3561 recall:0.4936 f-score:0.2706 acc: 0.4100%(1152/2799) 

Wed, 10 Apr 2019 22:16:51: INFO: 
epoch: 48, train loss: 204.7474, train acc: 0.51, time: 7.32
Wed, 10 Apr 2019 22:16:51: INFO: dev loss: 234.7343, dev acc: 0.51, time: 0.77
Wed, 10 Apr 2019 22:16:52: INFO: 
evaluation - loss: 202.344977 precision:0.3836 recall:0.5189 f-score:0.3174 acc: 0.4897%(1363/2799) 

Wed, 10 Apr 2019 22:16:59: INFO: 
epoch: 49, train loss: 195.6404, train acc: 0.50, time: 7.27
Wed, 10 Apr 2019 22:17:00: INFO: dev loss: 213.2694, dev acc: 0.47, time: 0.77
Wed, 10 Apr 2019 22:17:01: INFO: 
evaluation - loss: 308.035330 precision:0.3292 recall:0.4958 f-score:0.2497 acc: 0.3487%(980/2799) 

Wed, 10 Apr 2019 22:17:09: INFO: 
epoch: 50, train loss: 199.7653, train acc: 0.50, time: 7.38
Wed, 10 Apr 2019 22:17:09: INFO: dev loss: 188.8448, dev acc: 0.50, time: 0.77
Wed, 10 Apr 2019 22:17:10: INFO: 
evaluation - loss: 156.567867 precision:0.4028 recall:0.4915 f-score:0.3407 acc: 0.5502%(1546/2799) 

Wed, 10 Apr 2019 22:17:17: INFO: 
epoch: 51, train loss: 214.4190, train acc: 0.50, time: 7.31
Wed, 10 Apr 2019 22:17:18: INFO: dev loss: 207.5616, dev acc: 0.52, time: 0.77
Wed, 10 Apr 2019 22:17:19: INFO: 
evaluation - loss: 224.675044 precision:0.3833 recall:0.5135 f-score:0.2979 acc: 0.4555%(1266/2799) 

Wed, 10 Apr 2019 22:17:27: INFO: 
epoch: 52, train loss: 228.8186, train acc: 0.51, time: 7.40
Wed, 10 Apr 2019 22:17:27: INFO: dev loss: 205.8044, dev acc: 0.49, time: 0.77
Wed, 10 Apr 2019 22:17:28: INFO: 
evaluation - loss: 118.690493 precision:0.4223 recall:0.4906 f-score:0.3830 acc: 0.6450%(1800/2799) 

Wed, 10 Apr 2019 22:17:36: INFO: 
epoch: 53, train loss: 208.0797, train acc: 0.51, time: 7.48
Wed, 10 Apr 2019 22:17:36: INFO: dev loss: 169.3924, dev acc: 0.48, time: 0.77
Wed, 10 Apr 2019 22:17:37: INFO: 
evaluation - loss: 196.782674 precision:0.3889 recall:0.5023 f-score:0.3234 acc: 0.5002%(1406/2799) 

Wed, 10 Apr 2019 22:17:45: INFO: 
epoch: 54, train loss: 201.5627, train acc: 0.51, time: 7.43
Wed, 10 Apr 2019 22:17:46: INFO: dev loss: 195.5655, dev acc: 0.47, time: 0.78
Wed, 10 Apr 2019 22:17:46: INFO: 
evaluation - loss: 176.025771 precision:0.4343 recall:0.5006 f-score:0.3242 acc: 0.4929%(1385/2799) 

Wed, 10 Apr 2019 22:17:54: INFO: 
epoch: 55, train loss: 204.2867, train acc: 0.49, time: 7.46
Wed, 10 Apr 2019 22:17:55: INFO: dev loss: 160.7102, dev acc: 0.51, time: 0.78
Wed, 10 Apr 2019 22:17:55: INFO: 
evaluation - loss: 178.904706 precision:0.3947 recall:0.4878 f-score:0.3321 acc: 0.5284%(1481/2799) 

Wed, 10 Apr 2019 22:18:03: INFO: 
epoch: 56, train loss: 190.3141, train acc: 0.51, time: 7.33
Wed, 10 Apr 2019 22:18:04: INFO: dev loss: 155.6049, dev acc: 0.50, time: 0.78
Wed, 10 Apr 2019 22:18:04: INFO: 
evaluation - loss: 154.860303 precision:0.3994 recall:0.5022 f-score:0.3333 acc: 0.5121%(1427/2799) 

Wed, 10 Apr 2019 22:18:12: INFO: 
epoch: 57, train loss: 197.0273, train acc: 0.50, time: 7.38
Wed, 10 Apr 2019 22:18:13: INFO: dev loss: 194.9388, dev acc: 0.47, time: 0.78
Wed, 10 Apr 2019 22:18:13: INFO: 
evaluation - loss: 214.302070 precision:0.3635 recall:0.5207 f-score:0.2959 acc: 0.4417%(1242/2799) 

Wed, 10 Apr 2019 22:18:21: INFO: 
epoch: 58, train loss: 198.8707, train acc: 0.51, time: 7.43
Wed, 10 Apr 2019 22:18:22: INFO: dev loss: 147.3485, dev acc: 0.50, time: 0.79
Wed, 10 Apr 2019 22:18:23: INFO: 
evaluation - loss: 153.233472 precision:0.4600 recall:0.4832 f-score:0.3035 acc: 0.4426%(1232/2799) 

