Wed, 10 Apr 2019 22:59:47: INFO: running main.py --model=CNN_BiLSTM --batch_size=64 --vocab_size=40000 --embed_dim=300 --in_channels=1 --kernel_sizes=345 --kernel_nums=200 --hidden_dim=200 --num_layers=2 --bidirectional=True --max_seq_len=60 --learning_rate=0.1 --num_epochs=100 --dropout=0 --num_class=2 --train_file=./data/cwmt_train_comb.txt --dev_file=./data/cwmt_dev_comb.txt --test_file=./data/htqe_test_comb.txt --pretrained_embeddings=./word2vec/wiki.en_zh.vec --prediction_file=./predictions/htqe_test_comb_CNN_BiLSTM.txt --saved_model=./saved_models/cwmt.en_zh_CNN_BiLSTM.pt --test=False --weight_decay=0.0001 --grad_clip=0.5 --seed_num=123 --run_log=umtqe_CNN_BiLSTM
Wed, 10 Apr 2019 22:59:47: INFO: 	BATCH_SIZE=64
Wed, 10 Apr 2019 22:59:47: INFO: 	BIDIRECTIONAL=True
Wed, 10 Apr 2019 22:59:47: INFO: 	DEV_FILE=./data/cwmt_dev_comb.txt
Wed, 10 Apr 2019 22:59:47: INFO: 	DROPOUT=0.0
Wed, 10 Apr 2019 22:59:47: INFO: 	EMBED_DIM=300
Wed, 10 Apr 2019 22:59:47: INFO: 	GRAD_CLIP=0.5
Wed, 10 Apr 2019 22:59:47: INFO: 	HIDDEN_DIM=200
Wed, 10 Apr 2019 22:59:47: INFO: 	IN_CHANNELS=1
Wed, 10 Apr 2019 22:59:47: INFO: 	KERNEL_NUMS=200
Wed, 10 Apr 2019 22:59:47: INFO: 	KERNEL_SIZES=[3, 4, 5]
Wed, 10 Apr 2019 22:59:47: INFO: 	LEARNING_RATE=0.1
Wed, 10 Apr 2019 22:59:47: INFO: 	MAX_SEQ_LEN=60
Wed, 10 Apr 2019 22:59:47: INFO: 	MODEL=CNN_BiLSTM
Wed, 10 Apr 2019 22:59:47: INFO: 	NUM_CLASS=2
Wed, 10 Apr 2019 22:59:47: INFO: 	NUM_EPOCHS=100
Wed, 10 Apr 2019 22:59:47: INFO: 	NUM_LAYERS=2
Wed, 10 Apr 2019 22:59:47: INFO: 	PREDICTION_FILE=./predictions/htqe_test_comb_CNN_BiLSTM.txt
Wed, 10 Apr 2019 22:59:47: INFO: 	PRETRAINED_EMBEDDINGS=./word2vec/wiki.en_zh.vec
Wed, 10 Apr 2019 22:59:47: INFO: 	PRETRAINED_WEIGHTS=tensor([[ 0.0046,  0.0888,  0.0158,  ..., -0.0273, -0.1007, -0.0268],
        [ 0.0525, -0.0311,  0.0156,  ..., -0.0381, -0.0196, -0.0012],
        [-0.0222, -0.0192,  0.0117,  ..., -0.0188, -0.0129, -0.0219],
        ...,
        [ 0.0083,  0.0899,  0.0393,  ...,  0.0704, -0.0214, -0.0969],
        [-0.0422, -0.0319, -0.0161,  ...,  0.0773, -0.0289, -0.0359],
        [-0.0625,  0.0262,  0.0274,  ...,  0.0077, -0.0696,  0.0319]])
Wed, 10 Apr 2019 22:59:47: INFO: 	RUN_LOG=umtqe_CNN_BiLSTM
Wed, 10 Apr 2019 22:59:47: INFO: 	SAVED_MODEL=./saved_models/cwmt.en_zh_CNN_BiLSTM.pt
Wed, 10 Apr 2019 22:59:47: INFO: 	SEED_NUM=123
Wed, 10 Apr 2019 22:59:47: INFO: 	TEST=False
Wed, 10 Apr 2019 22:59:47: INFO: 	TEST_FILE=./data/htqe_test_comb.txt
Wed, 10 Apr 2019 22:59:47: INFO: 	TRAIN_FILE=./data/cwmt_train_comb.txt
Wed, 10 Apr 2019 22:59:47: INFO: 	USE_GPU=True
Wed, 10 Apr 2019 22:59:47: INFO: 	VOCAB_SIZE=44995
Wed, 10 Apr 2019 22:59:47: INFO: 	WEIGHT_DECAY=0.0001
