Wed, 10 Apr 2019 23:10:43: INFO: running main.py --model=CNN_BiLSTM --batch_size=64 --vocab_size=40000 --embed_dim=300 --in_channels=1 --kernel_sizes=345 --kernel_nums=200 --hidden_dim=200 --num_layers=2 --bidirectional=True --max_seq_len=60 --learning_rate=0.1 --num_epochs=100 --dropout=0 --num_class=2 --train_file=./data/cwmt_train_comb.txt --dev_file=./data/cwmt_dev_comb.txt --test_file=./data/htqe_test_comb.txt --pretrained_embeddings=./word2vec/wiki.en_zh.vec --prediction_file=./predictions/htqe_test_comb_CNN_BiLSTM.txt --saved_model=./saved_models/cwmt.en_zh_CNN_BiLSTM.pt --test=False --weight_decay=0.0001 --grad_clip=0.5 --seed_num=123 --run_log=umtqe_CNN_BiLSTM
Wed, 10 Apr 2019 23:10:43: INFO: 	BATCH_SIZE=64
Wed, 10 Apr 2019 23:10:43: INFO: 	BIDIRECTIONAL=True
Wed, 10 Apr 2019 23:10:43: INFO: 	DEV_FILE=./data/cwmt_dev_comb.txt
Wed, 10 Apr 2019 23:10:43: INFO: 	DROPOUT=0.0
Wed, 10 Apr 2019 23:10:43: INFO: 	EMBED_DIM=300
Wed, 10 Apr 2019 23:10:43: INFO: 	GRAD_CLIP=0.5
Wed, 10 Apr 2019 23:10:43: INFO: 	HIDDEN_DIM=200
Wed, 10 Apr 2019 23:10:43: INFO: 	IN_CHANNELS=1
Wed, 10 Apr 2019 23:10:43: INFO: 	KERNEL_NUMS=200
Wed, 10 Apr 2019 23:10:43: INFO: 	KERNEL_SIZES=[3, 4, 5]
Wed, 10 Apr 2019 23:10:43: INFO: 	LEARNING_RATE=0.1
Wed, 10 Apr 2019 23:10:43: INFO: 	MAX_SEQ_LEN=60
Wed, 10 Apr 2019 23:10:43: INFO: 	MODEL=CNN_BiLSTM
Wed, 10 Apr 2019 23:10:43: INFO: 	NUM_CLASS=2
Wed, 10 Apr 2019 23:10:43: INFO: 	NUM_EPOCHS=100
Wed, 10 Apr 2019 23:10:43: INFO: 	NUM_LAYERS=2
Wed, 10 Apr 2019 23:10:43: INFO: 	PREDICTION_FILE=./predictions/htqe_test_comb_CNN_BiLSTM.txt
Wed, 10 Apr 2019 23:10:43: INFO: 	PRETRAINED_EMBEDDINGS=./word2vec/wiki.en_zh.vec
Wed, 10 Apr 2019 23:10:43: INFO: 	PRETRAINED_WEIGHTS=tensor([[ 0.0046,  0.0888,  0.0158,  ..., -0.0273, -0.1007, -0.0268],
        [ 0.0000,  0.0000,  0.0000,  ...,  0.0000,  0.0000,  0.0000],
        [ 0.0265,  0.0108,  0.0801,  ..., -0.0855, -0.0279, -0.1024],
        ...,
        [ 0.0080,  0.0169,  0.0742,  ...,  0.0040,  0.0085,  0.0082],
        [ 0.0372, -0.0187,  0.0273,  ..., -0.1024,  0.0271, -0.0356],
        [-0.0221,  0.0457,  0.0755,  ...,  0.0300,  0.0142,  0.0069]])
Wed, 10 Apr 2019 23:10:43: INFO: 	RUN_LOG=umtqe_CNN_BiLSTM
Wed, 10 Apr 2019 23:10:43: INFO: 	SAVED_MODEL=./saved_models/cwmt.en_zh_CNN_BiLSTM.pt
Wed, 10 Apr 2019 23:10:43: INFO: 	SEED_NUM=123
Wed, 10 Apr 2019 23:10:43: INFO: 	TEST=False
Wed, 10 Apr 2019 23:10:43: INFO: 	TEST_FILE=./data/htqe_test_comb.txt
Wed, 10 Apr 2019 23:10:43: INFO: 	TRAIN_FILE=./data/cwmt_train_comb.txt
Wed, 10 Apr 2019 23:10:43: INFO: 	USE_GPU=True
Wed, 10 Apr 2019 23:10:43: INFO: 	VOCAB_SIZE=44995
Wed, 10 Apr 2019 23:10:43: INFO: 	WEIGHT_DECAY=0.0001
Wed, 10 Apr 2019 23:10:51: INFO: 
epoch: 0, train loss: 63581.2794, train acc: 0.50, time: 5.36
Wed, 10 Apr 2019 23:10:52: INFO: dev loss: 153172.2569, dev acc: 0.47, time: 0.57
Wed, 10 Apr 2019 23:10:53: INFO: 
evaluation - loss: 120356.367010 precision:0.4959 recall:0.4813 f-score:0.4254 acc: 0.5696%(1595/2799) 

