Wed, 10 Apr 2019 22:21:19: INFO: running main.py --model=CNN_BiLSTM_ATT --batch_size=64 --vocab_size=40000 --embed_dim=300 --in_channels=1 --kernel_sizes=345 --kernel_nums=200 --hidden_dim=200 --num_layers=2 --bidirectional=True --max_seq_len=60 --learning_rate=0.1 --num_epochs=100 --dropout=0 --num_class=2 --train_file=./data/cwmt_train_comb.txt --dev_file=./data/cwmt_dev_comb.txt --test_file=./data/htqe_test_comb.txt --pretrained_embeddings=./word2vec/wiki.en_zh.vec --prediction_file=./predictions/htqe_test_comb_CNN_BiLSTM_ATT.txt --saved_model=./saved_models/cwmt.en_zh_CNN_BiLSTM_ATT.pt --test=False --weight_decay=0.0001 --grad_clip=0.5 --seed_num=123 --run_log=umtqe_CNN_BiLSTM_ATT
Wed, 10 Apr 2019 22:21:19: INFO: 	BATCH_SIZE=64
Wed, 10 Apr 2019 22:21:19: INFO: 	BIDIRECTIONAL=True
Wed, 10 Apr 2019 22:21:19: INFO: 	DEV_FILE=./data/cwmt_dev_comb.txt
Wed, 10 Apr 2019 22:21:19: INFO: 	DROPOUT=0.0
Wed, 10 Apr 2019 22:21:19: INFO: 	EMBED_DIM=300
Wed, 10 Apr 2019 22:21:19: INFO: 	GRAD_CLIP=0.5
Wed, 10 Apr 2019 22:21:19: INFO: 	HIDDEN_DIM=200
Wed, 10 Apr 2019 22:21:19: INFO: 	IN_CHANNELS=1
Wed, 10 Apr 2019 22:21:19: INFO: 	KERNEL_NUMS=200
Wed, 10 Apr 2019 22:21:19: INFO: 	KERNEL_SIZES=[3, 4, 5]
Wed, 10 Apr 2019 22:21:19: INFO: 	LEARNING_RATE=0.1
Wed, 10 Apr 2019 22:21:19: INFO: 	MAX_SEQ_LEN=60
Wed, 10 Apr 2019 22:21:19: INFO: 	MODEL=CNN_BiLSTM_ATT
Wed, 10 Apr 2019 22:21:19: INFO: 	NUM_CLASS=2
Wed, 10 Apr 2019 22:21:19: INFO: 	NUM_EPOCHS=100
Wed, 10 Apr 2019 22:21:19: INFO: 	NUM_LAYERS=2
Wed, 10 Apr 2019 22:21:19: INFO: 	PREDICTION_FILE=./predictions/htqe_test_comb_CNN_BiLSTM_ATT.txt
Wed, 10 Apr 2019 22:21:19: INFO: 	PRETRAINED_EMBEDDINGS=./word2vec/wiki.en_zh.vec
Wed, 10 Apr 2019 22:21:19: INFO: 	PRETRAINED_WEIGHTS=tensor([[ 0.0046,  0.0888,  0.0158,  ..., -0.0273, -0.1007, -0.0268],
        [ 0.0000,  0.0000,  0.0000,  ...,  0.0000,  0.0000,  0.0000],
        [ 0.0457,  0.0282,  0.0165,  ..., -0.0305, -0.0906,  0.0341],
        ...,
        [ 0.0218, -0.0040,  0.0438,  ..., -0.0314, -0.1705,  0.0745],
        [ 0.0971, -0.0032,  0.0096,  ...,  0.0035, -0.0159, -0.0441],
        [-0.0270,  0.0297,  0.0731,  ..., -0.0235, -0.0027, -0.1221]])
Wed, 10 Apr 2019 22:21:19: INFO: 	RUN_LOG=umtqe_CNN_BiLSTM_ATT
Wed, 10 Apr 2019 22:21:19: INFO: 	SAVED_MODEL=./saved_models/cwmt.en_zh_CNN_BiLSTM_ATT.pt
Wed, 10 Apr 2019 22:21:19: INFO: 	SEED_NUM=123
Wed, 10 Apr 2019 22:21:19: INFO: 	TEST=False
Wed, 10 Apr 2019 22:21:19: INFO: 	TEST_FILE=./data/htqe_test_comb.txt
Wed, 10 Apr 2019 22:21:19: INFO: 	TRAIN_FILE=./data/cwmt_train_comb.txt
Wed, 10 Apr 2019 22:21:19: INFO: 	USE_GPU=True
Wed, 10 Apr 2019 22:21:19: INFO: 	VOCAB_SIZE=44995
Wed, 10 Apr 2019 22:21:19: INFO: 	WEIGHT_DECAY=0.0001
Wed, 10 Apr 2019 22:21:29: INFO: 
epoch: 0, train loss: 4381.3211, train acc: 0.50, time: 7.43
Wed, 10 Apr 2019 22:21:29: INFO: dev loss: 5352.8403, dev acc: 0.52, time: 0.78
Wed, 10 Apr 2019 22:21:30: INFO: 
evaluation - loss: 8243.016778 precision:0.3792 recall:0.4952 f-score:0.2778 acc: 0.3979%(1117/2799) 

Wed, 10 Apr 2019 22:21:38: INFO: 
epoch: 1, train loss: 7271.8916, train acc: 0.51, time: 7.42
Wed, 10 Apr 2019 22:21:38: INFO: dev loss: 8678.6131, dev acc: 0.50, time: 0.79
Wed, 10 Apr 2019 22:21:39: INFO: 
evaluation - loss: 10319.967334 precision:0.3790 recall:0.5150 f-score:0.3310 acc: 0.5022%(1409/2799) 

Wed, 10 Apr 2019 22:21:47: INFO: 
epoch: 2, train loss: 9326.4201, train acc: 0.50, time: 7.51
Wed, 10 Apr 2019 22:21:48: INFO: dev loss: 7632.5444, dev acc: 0.49, time: 0.79
Wed, 10 Apr 2019 22:21:48: INFO: 
evaluation - loss: 7333.780853 precision:0.4174 recall:0.5025 f-score:0.3296 acc: 0.5147%(1448/2799) 

Wed, 10 Apr 2019 22:21:56: INFO: 
epoch: 3, train loss: 10321.0520, train acc: 0.49, time: 7.52
Wed, 10 Apr 2019 22:21:57: INFO: dev loss: 11881.2983, dev acc: 0.46, time: 0.79
Wed, 10 Apr 2019 22:21:58: INFO: 
evaluation - loss: 8763.545079 precision:0.3772 recall:0.5059 f-score:0.3349 acc: 0.5394%(1504/2799) 

Wed, 10 Apr 2019 22:22:05: INFO: 
epoch: 4, train loss: 10729.6019, train acc: 0.50, time: 7.41
Wed, 10 Apr 2019 22:22:06: INFO: dev loss: 10227.4466, dev acc: 0.51, time: 0.79
Wed, 10 Apr 2019 22:22:07: INFO: 
evaluation - loss: 11344.390517 precision:0.4062 recall:0.4955 f-score:0.3220 acc: 0.5078%(1414/2799) 

Wed, 10 Apr 2019 22:22:14: INFO: 
epoch: 5, train loss: 11383.9941, train acc: 0.51, time: 7.23
Wed, 10 Apr 2019 22:22:15: INFO: dev loss: 9880.1555, dev acc: 0.49, time: 0.79
Wed, 10 Apr 2019 22:22:16: INFO: 
evaluation - loss: 8386.793800 precision:0.4386 recall:0.5041 f-score:0.3653 acc: 0.5851%(1645/2799) 

Wed, 10 Apr 2019 22:22:23: INFO: 
epoch: 6, train loss: 11764.0320, train acc: 0.50, time: 7.35
Wed, 10 Apr 2019 22:22:24: INFO: dev loss: 13651.3748, dev acc: 0.47, time: 0.79
Wed, 10 Apr 2019 22:22:25: INFO: 
evaluation - loss: 11488.019149 precision:0.4011 recall:0.4957 f-score:0.3259 acc: 0.4886%(1373/2799) 

Wed, 10 Apr 2019 22:22:32: INFO: 
epoch: 7, train loss: 11836.2589, train acc: 0.51, time: 7.41
Wed, 10 Apr 2019 22:22:33: INFO: dev loss: 13057.3928, dev acc: 0.49, time: 0.79
Wed, 10 Apr 2019 22:22:34: INFO: 
evaluation - loss: 11610.792450 precision:0.4114 recall:0.4817 f-score:0.3411 acc: 0.5425%(1512/2799) 

Wed, 10 Apr 2019 22:22:41: INFO: 
epoch: 8, train loss: 12593.4938, train acc: 0.51, time: 7.35
Wed, 10 Apr 2019 22:22:42: INFO: dev loss: 13331.9170, dev acc: 0.50, time: 0.79
Wed, 10 Apr 2019 22:22:43: INFO: 
evaluation - loss: 11403.595122 precision:0.3794 recall:0.4853 f-score:0.3180 acc: 0.5025%(1414/2799) 

Wed, 10 Apr 2019 22:22:50: INFO: 
epoch: 9, train loss: 11762.1309, train acc: 0.49, time: 7.31
Wed, 10 Apr 2019 22:22:51: INFO: dev loss: 11617.1260, dev acc: 0.52, time: 0.79
Wed, 10 Apr 2019 22:22:52: INFO: 
evaluation - loss: 14127.944268 precision:0.3955 recall:0.4811 f-score:0.3134 acc: 0.4927%(1373/2799) 

Wed, 10 Apr 2019 22:22:59: INFO: 
epoch: 10, train loss: 11762.0980, train acc: 0.50, time: 7.31
Wed, 10 Apr 2019 22:23:00: INFO: dev loss: 11161.2250, dev acc: 0.51, time: 0.79
Wed, 10 Apr 2019 22:23:01: INFO: 
evaluation - loss: 11648.764823 precision:0.4210 recall:0.4922 f-score:0.3304 acc: 0.5157%(1438/2799) 

Wed, 10 Apr 2019 22:23:08: INFO: 
epoch: 11, train loss: 13015.1487, train acc: 0.50, time: 7.30
Wed, 10 Apr 2019 22:23:09: INFO: dev loss: 11160.6688, dev acc: 0.53, time: 0.79
Wed, 10 Apr 2019 22:23:10: INFO: 
evaluation - loss: 11152.270319 precision:0.4605 recall:0.5086 f-score:0.3661 acc: 0.5815%(1626/2799) 

Wed, 10 Apr 2019 22:23:17: INFO: 
epoch: 12, train loss: 12214.1506, train acc: 0.51, time: 7.30
Wed, 10 Apr 2019 22:23:18: INFO: dev loss: 16500.6564, dev acc: 0.51, time: 0.78
Wed, 10 Apr 2019 22:23:19: INFO: 
evaluation - loss: 15434.691723 precision:0.4031 recall:0.5257 f-score:0.3499 acc: 0.5110%(1432/2799) 

Wed, 10 Apr 2019 22:23:26: INFO: 
epoch: 13, train loss: 13722.3354, train acc: 0.50, time: 7.40
Wed, 10 Apr 2019 22:23:27: INFO: dev loss: 13166.6643, dev acc: 0.51, time: 0.78
Wed, 10 Apr 2019 22:23:28: INFO: 
evaluation - loss: 10563.698405 precision:0.4532 recall:0.4957 f-score:0.3912 acc: 0.6310%(1762/2799) 

Wed, 10 Apr 2019 22:23:35: INFO: 
epoch: 14, train loss: 13014.7977, train acc: 0.50, time: 7.30
Wed, 10 Apr 2019 22:23:36: INFO: dev loss: 13831.5781, dev acc: 0.50, time: 0.78
Wed, 10 Apr 2019 22:23:37: INFO: 
evaluation - loss: 13176.529208 precision:0.4152 recall:0.4889 f-score:0.3139 acc: 0.4789%(1333/2799) 

Wed, 10 Apr 2019 22:23:45: INFO: 
epoch: 15, train loss: 13720.9667, train acc: 0.50, time: 7.33
Wed, 10 Apr 2019 22:23:45: INFO: dev loss: 11304.6527, dev acc: 0.49, time: 0.78
Wed, 10 Apr 2019 22:23:46: INFO: 
evaluation - loss: 13690.667619 precision:0.4258 recall:0.4994 f-score:0.3084 acc: 0.4612%(1285/2799) 

Wed, 10 Apr 2019 22:23:53: INFO: 
epoch: 16, train loss: 13640.8719, train acc: 0.51, time: 7.32
Wed, 10 Apr 2019 22:23:54: INFO: dev loss: 11999.6978, dev acc: 0.51, time: 0.79
Wed, 10 Apr 2019 22:23:55: INFO: 
evaluation - loss: 17171.411075 precision:0.3753 recall:0.4915 f-score:0.3145 acc: 0.4890%(1364/2799) 

Wed, 10 Apr 2019 22:24:03: INFO: 
epoch: 17, train loss: 14837.7761, train acc: 0.50, time: 7.37
Wed, 10 Apr 2019 22:24:03: INFO: dev loss: 13031.3259, dev acc: 0.49, time: 0.78
Wed, 10 Apr 2019 22:24:04: INFO: 
evaluation - loss: 16998.286656 precision:0.4178 recall:0.4861 f-score:0.3073 acc: 0.4742%(1332/2799) 

Wed, 10 Apr 2019 22:24:12: INFO: 
epoch: 18, train loss: 14300.0160, train acc: 0.51, time: 7.38
Wed, 10 Apr 2019 22:24:12: INFO: dev loss: 14777.0942, dev acc: 0.51, time: 0.79
Wed, 10 Apr 2019 22:24:13: INFO: 
evaluation - loss: 14042.046352 precision:0.4401 recall:0.5193 f-score:0.3347 acc: 0.4766%(1338/2799) 

Wed, 10 Apr 2019 22:24:21: INFO: 
epoch: 19, train loss: 14996.7618, train acc: 0.49, time: 7.43
Wed, 10 Apr 2019 22:24:21: INFO: dev loss: 14466.3973, dev acc: 0.49, time: 0.79
Wed, 10 Apr 2019 22:24:22: INFO: 
evaluation - loss: 12820.014547 precision:0.4408 recall:0.5186 f-score:0.3565 acc: 0.5279%(1471/2799) 

Wed, 10 Apr 2019 22:24:30: INFO: 
epoch: 20, train loss: 13298.7006, train acc: 0.50, time: 7.48
Wed, 10 Apr 2019 22:24:31: INFO: dev loss: 12536.4970, dev acc: 0.50, time: 0.79
Wed, 10 Apr 2019 22:24:31: INFO: 
evaluation - loss: 15911.854426 precision:0.4187 recall:0.4886 f-score:0.2963 acc: 0.4294%(1194/2799) 

Wed, 10 Apr 2019 22:24:39: INFO: 
epoch: 21, train loss: 13336.4501, train acc: 0.51, time: 7.43
Wed, 10 Apr 2019 22:24:40: INFO: dev loss: 13569.4775, dev acc: 0.51, time: 0.78
Wed, 10 Apr 2019 22:24:40: INFO: 
evaluation - loss: 14828.664190 precision:0.4534 recall:0.4949 f-score:0.3131 acc: 0.4470%(1255/2799) 

Wed, 10 Apr 2019 22:24:48: INFO: 
epoch: 22, train loss: 14810.7858, train acc: 0.50, time: 7.53
Wed, 10 Apr 2019 22:24:49: INFO: dev loss: 10892.5768, dev acc: 0.53, time: 0.79
Wed, 10 Apr 2019 22:24:50: INFO: 
evaluation - loss: 12746.621800 precision:0.4703 recall:0.5034 f-score:0.3536 acc: 0.5342%(1502/2799) 

Wed, 10 Apr 2019 22:24:57: INFO: 
epoch: 23, train loss: 14223.7114, train acc: 0.51, time: 7.51
Wed, 10 Apr 2019 22:24:58: INFO: dev loss: 14327.6666, dev acc: 0.49, time: 0.79
Wed, 10 Apr 2019 22:24:59: INFO: 
evaluation - loss: 12227.303639 precision:0.4515 recall:0.5107 f-score:0.3638 acc: 0.5626%(1576/2799) 

Wed, 10 Apr 2019 22:25:07: INFO: 
epoch: 24, train loss: 14209.1082, train acc: 0.51, time: 7.40
Wed, 10 Apr 2019 22:25:07: INFO: dev loss: 12645.3669, dev acc: 0.51, time: 0.79
Wed, 10 Apr 2019 22:25:08: INFO: 
evaluation - loss: 11368.586614 precision:0.4316 recall:0.4829 f-score:0.3349 acc: 0.5308%(1481/2799) 

Wed, 10 Apr 2019 22:25:16: INFO: 
epoch: 25, train loss: 13906.8189, train acc: 0.51, time: 7.46
Wed, 10 Apr 2019 22:25:17: INFO: dev loss: 15437.4549, dev acc: 0.51, time: 0.79
Wed, 10 Apr 2019 22:25:17: INFO: 
evaluation - loss: 10583.694120 precision:0.4636 recall:0.4906 f-score:0.3662 acc: 0.5447%(1520/2799) 

Wed, 10 Apr 2019 22:25:25: INFO: 
epoch: 26, train loss: 14458.8073, train acc: 0.50, time: 7.47
Wed, 10 Apr 2019 22:25:26: INFO: dev loss: 15195.3604, dev acc: 0.47, time: 0.78
Wed, 10 Apr 2019 22:25:26: INFO: 
evaluation - loss: 18813.719965 precision:0.3987 recall:0.5070 f-score:0.3053 acc: 0.4353%(1211/2799) 

Wed, 10 Apr 2019 22:25:34: INFO: 
epoch: 27, train loss: 15723.4306, train acc: 0.49, time: 7.39
Wed, 10 Apr 2019 22:25:35: INFO: dev loss: 13163.3515, dev acc: 0.51, time: 0.78
Wed, 10 Apr 2019 22:25:35: INFO: 
evaluation - loss: 14532.583915 precision:0.4540 recall:0.5083 f-score:0.3123 acc: 0.4433%(1244/2799) 

Wed, 10 Apr 2019 22:25:43: INFO: 
epoch: 28, train loss: 13931.4476, train acc: 0.50, time: 7.45
Wed, 10 Apr 2019 22:25:44: INFO: dev loss: 13985.9190, dev acc: 0.52, time: 0.79
Wed, 10 Apr 2019 22:25:45: INFO: 
evaluation - loss: 15334.931308 precision:0.4492 recall:0.4912 f-score:0.3117 acc: 0.4284%(1198/2799) 

Wed, 10 Apr 2019 22:25:52: INFO: 
epoch: 29, train loss: 14843.7199, train acc: 0.50, time: 7.43
Wed, 10 Apr 2019 22:25:53: INFO: dev loss: 11065.3870, dev acc: 0.51, time: 0.79
Wed, 10 Apr 2019 22:25:54: INFO: 
evaluation - loss: 14391.631779 precision:0.4662 recall:0.5034 f-score:0.2970 acc: 0.4150%(1164/2799) 

Wed, 10 Apr 2019 22:26:01: INFO: 
epoch: 30, train loss: 14937.2215, train acc: 0.50, time: 7.37
Wed, 10 Apr 2019 22:26:02: INFO: dev loss: 12255.7395, dev acc: 0.54, time: 0.78
Wed, 10 Apr 2019 22:26:03: INFO: 
evaluation - loss: 15517.264765 precision:0.4099 recall:0.4775 f-score:0.3090 acc: 0.4604%(1294/2799) 

Wed, 10 Apr 2019 22:26:10: INFO: 
epoch: 31, train loss: 15086.1005, train acc: 0.50, time: 7.41
Wed, 10 Apr 2019 22:26:11: INFO: dev loss: 14908.2534, dev acc: 0.48, time: 0.79
Wed, 10 Apr 2019 22:26:12: INFO: 
evaluation - loss: 16499.110268 precision:0.4193 recall:0.4894 f-score:0.3082 acc: 0.4634%(1300/2799) 

Wed, 10 Apr 2019 22:26:19: INFO: 
epoch: 32, train loss: 14948.6184, train acc: 0.50, time: 7.42
Wed, 10 Apr 2019 22:26:20: INFO: dev loss: 12585.3374, dev acc: 0.50, time: 0.79
Wed, 10 Apr 2019 22:26:21: INFO: 
evaluation - loss: 12806.478535 precision:0.4767 recall:0.5062 f-score:0.3420 acc: 0.5038%(1418/2799) 

Wed, 10 Apr 2019 22:26:29: INFO: 
epoch: 33, train loss: 13767.4479, train acc: 0.51, time: 7.47
Wed, 10 Apr 2019 22:26:30: INFO: dev loss: 14469.4778, dev acc: 0.51, time: 0.78
Wed, 10 Apr 2019 22:26:30: INFO: 
evaluation - loss: 13764.487823 precision:0.4337 recall:0.5083 f-score:0.3540 acc: 0.5674%(1597/2799) 

Wed, 10 Apr 2019 22:26:38: INFO: 
epoch: 34, train loss: 14162.1043, train acc: 0.52, time: 7.44
Wed, 10 Apr 2019 22:26:39: INFO: dev loss: 12180.6636, dev acc: 0.50, time: 0.78
Wed, 10 Apr 2019 22:26:39: INFO: 
evaluation - loss: 14042.360296 precision:0.4344 recall:0.5056 f-score:0.3459 acc: 0.5316%(1492/2799) 

Wed, 10 Apr 2019 22:26:47: INFO: 
epoch: 35, train loss: 14918.6658, train acc: 0.51, time: 7.44
Wed, 10 Apr 2019 22:26:48: INFO: dev loss: 12758.5976, dev acc: 0.48, time: 0.78
Wed, 10 Apr 2019 22:26:48: INFO: 
evaluation - loss: 18142.768569 precision:0.3868 recall:0.4896 f-score:0.3033 acc: 0.4489%(1260/2799) 

Wed, 10 Apr 2019 22:26:56: INFO: 
epoch: 36, train loss: 15579.4167, train acc: 0.50, time: 7.47
Wed, 10 Apr 2019 22:26:57: INFO: dev loss: 15910.1969, dev acc: 0.49, time: 0.79
Wed, 10 Apr 2019 22:26:57: INFO: 
evaluation - loss: 15815.461989 precision:0.4048 recall:0.4806 f-score:0.3143 acc: 0.4563%(1280/2799) 

Wed, 10 Apr 2019 22:27:05: INFO: 
epoch: 37, train loss: 14390.8681, train acc: 0.51, time: 7.43
Wed, 10 Apr 2019 22:27:06: INFO: dev loss: 12163.2191, dev acc: 0.53, time: 0.78
Wed, 10 Apr 2019 22:27:07: INFO: 
evaluation - loss: 19364.446680 precision:0.4173 recall:0.5049 f-score:0.3038 acc: 0.4463%(1243/2799) 

Wed, 10 Apr 2019 22:27:14: INFO: 
epoch: 38, train loss: 14945.6682, train acc: 0.50, time: 7.46
Wed, 10 Apr 2019 22:27:15: INFO: dev loss: 11769.6914, dev acc: 0.49, time: 0.79
Wed, 10 Apr 2019 22:27:16: INFO: 
evaluation - loss: 18367.835938 precision:0.4078 recall:0.4982 f-score:0.3121 acc: 0.4617%(1285/2799) 

Wed, 10 Apr 2019 22:27:23: INFO: 
epoch: 39, train loss: 14611.9039, train acc: 0.50, time: 7.44
Wed, 10 Apr 2019 22:27:24: INFO: dev loss: 12589.1272, dev acc: 0.51, time: 0.79
Wed, 10 Apr 2019 22:27:25: INFO: 
evaluation - loss: 15295.033019 precision:0.4363 recall:0.5096 f-score:0.3145 acc: 0.4683%(1315/2799) 

Wed, 10 Apr 2019 22:27:33: INFO: 
epoch: 40, train loss: 14632.0825, train acc: 0.51, time: 7.52
Wed, 10 Apr 2019 22:27:33: INFO: dev loss: 16967.8709, dev acc: 0.49, time: 0.78
Wed, 10 Apr 2019 22:27:34: INFO: 
evaluation - loss: 15042.572110 precision:0.4448 recall:0.5115 f-score:0.3356 acc: 0.4993%(1392/2799) 

Wed, 10 Apr 2019 22:27:42: INFO: 
epoch: 41, train loss: 14197.1525, train acc: 0.50, time: 7.48
Wed, 10 Apr 2019 22:27:43: INFO: dev loss: 14410.3682, dev acc: 0.49, time: 0.78
Wed, 10 Apr 2019 22:27:43: INFO: 
evaluation - loss: 11110.947951 precision:0.4554 recall:0.5048 f-score:0.3511 acc: 0.5320%(1483/2799) 

Wed, 10 Apr 2019 22:27:51: INFO: 
epoch: 42, train loss: 14124.3073, train acc: 0.51, time: 7.45
Wed, 10 Apr 2019 22:27:52: INFO: dev loss: 14701.7881, dev acc: 0.51, time: 0.79
Wed, 10 Apr 2019 22:27:52: INFO: 
evaluation - loss: 17373.749040 precision:0.4526 recall:0.5137 f-score:0.3215 acc: 0.4564%(1284/2799) 

Wed, 10 Apr 2019 22:28:00: INFO: 
epoch: 43, train loss: 13956.8186, train acc: 0.50, time: 7.44
Wed, 10 Apr 2019 22:28:01: INFO: dev loss: 15510.1401, dev acc: 0.50, time: 0.78
Wed, 10 Apr 2019 22:28:01: INFO: 
evaluation - loss: 14241.535431 precision:0.4656 recall:0.5044 f-score:0.3349 acc: 0.4765%(1341/2799) 

Wed, 10 Apr 2019 22:28:09: INFO: 
epoch: 44, train loss: 14389.2404, train acc: 0.51, time: 7.46
Wed, 10 Apr 2019 22:28:10: INFO: dev loss: 16911.3305, dev acc: 0.48, time: 0.79
Wed, 10 Apr 2019 22:28:11: INFO: 
evaluation - loss: 14968.670285 precision:0.4716 recall:0.5153 f-score:0.3367 acc: 0.4833%(1347/2799) 

Wed, 10 Apr 2019 22:28:18: INFO: 
epoch: 45, train loss: 14467.9804, train acc: 0.51, time: 7.44
Wed, 10 Apr 2019 22:28:19: INFO: dev loss: 13069.2812, dev acc: 0.50, time: 0.79
Wed, 10 Apr 2019 22:28:20: INFO: 
evaluation - loss: 11955.690724 precision:0.4470 recall:0.4934 f-score:0.3551 acc: 0.5245%(1472/2799) 

Wed, 10 Apr 2019 22:28:27: INFO: 
epoch: 46, train loss: 14472.9683, train acc: 0.51, time: 7.53
Wed, 10 Apr 2019 22:28:28: INFO: dev loss: 12488.1280, dev acc: 0.52, time: 0.79
Wed, 10 Apr 2019 22:28:29: INFO: 
evaluation - loss: 13645.845290 precision:0.4449 recall:0.4963 f-score:0.3456 acc: 0.5353%(1503/2799) 

Wed, 10 Apr 2019 22:28:37: INFO: 
epoch: 47, train loss: 14662.9558, train acc: 0.51, time: 7.47
Wed, 10 Apr 2019 22:28:38: INFO: dev loss: 15222.0064, dev acc: 0.51, time: 0.79
Wed, 10 Apr 2019 22:28:38: INFO: 
evaluation - loss: 15346.365778 precision:0.4639 recall:0.5190 f-score:0.3208 acc: 0.4382%(1220/2799) 

Wed, 10 Apr 2019 22:28:46: INFO: 
epoch: 48, train loss: 14714.4795, train acc: 0.49, time: 7.46
Wed, 10 Apr 2019 22:28:47: INFO: dev loss: 13032.0584, dev acc: 0.49, time: 0.79
Wed, 10 Apr 2019 22:28:47: INFO: 
evaluation - loss: 13330.858554 precision:0.4505 recall:0.4928 f-score:0.3310 acc: 0.4756%(1327/2799) 

Wed, 10 Apr 2019 22:28:55: INFO: 
epoch: 49, train loss: 13881.3439, train acc: 0.51, time: 7.46
Wed, 10 Apr 2019 22:28:56: INFO: dev loss: 12856.6372, dev acc: 0.50, time: 0.79
Wed, 10 Apr 2019 22:28:57: INFO: 
evaluation - loss: 13884.464688 precision:0.4229 recall:0.5081 f-score:0.3469 acc: 0.5218%(1459/2799) 

Wed, 10 Apr 2019 22:29:04: INFO: 
epoch: 50, train loss: 15066.9131, train acc: 0.51, time: 7.43
Wed, 10 Apr 2019 22:29:05: INFO: dev loss: 15215.5608, dev acc: 0.53, time: 0.80
Wed, 10 Apr 2019 22:29:06: INFO: 
evaluation - loss: 13120.415877 precision:0.4504 recall:0.4928 f-score:0.3430 acc: 0.4981%(1395/2799) 

Wed, 10 Apr 2019 22:29:14: INFO: 
epoch: 51, train loss: 15429.5538, train acc: 0.50, time: 7.53
Wed, 10 Apr 2019 22:29:14: INFO: dev loss: 14246.3967, dev acc: 0.47, time: 0.79
Wed, 10 Apr 2019 22:29:15: INFO: 
evaluation - loss: 15659.919783 precision:0.4339 recall:0.4800 f-score:0.3013 acc: 0.4410%(1226/2799) 

Wed, 10 Apr 2019 22:29:23: INFO: 
epoch: 52, train loss: 14809.5879, train acc: 0.51, time: 7.52
Wed, 10 Apr 2019 22:29:23: INFO: dev loss: 13804.8811, dev acc: 0.48, time: 0.79
Wed, 10 Apr 2019 22:29:24: INFO: 
evaluation - loss: 14380.925877 precision:0.4094 recall:0.4830 f-score:0.3222 acc: 0.4655%(1300/2799) 

Wed, 10 Apr 2019 22:29:32: INFO: 
epoch: 53, train loss: 14653.9060, train acc: 0.51, time: 7.46
Wed, 10 Apr 2019 22:29:33: INFO: dev loss: 16796.8065, dev acc: 0.49, time: 0.79
Wed, 10 Apr 2019 22:29:33: INFO: 
evaluation - loss: 19713.693082 precision:0.4269 recall:0.4915 f-score:0.2778 acc: 0.3830%(1076/2799) 

Wed, 10 Apr 2019 22:29:41: INFO: 
epoch: 54, train loss: 15173.8432, train acc: 0.50, time: 7.35
Wed, 10 Apr 2019 22:29:42: INFO: dev loss: 14088.0862, dev acc: 0.51, time: 0.79
Wed, 10 Apr 2019 22:29:42: INFO: 
evaluation - loss: 15885.812911 precision:0.4595 recall:0.5009 f-score:0.3026 acc: 0.4318%(1214/2799) 

Wed, 10 Apr 2019 22:29:50: INFO: 
epoch: 55, train loss: 15011.9234, train acc: 0.50, time: 7.46
Wed, 10 Apr 2019 22:29:51: INFO: dev loss: 17621.2771, dev acc: 0.49, time: 0.80
Wed, 10 Apr 2019 22:29:51: INFO: 
evaluation - loss: 16861.351635 precision:0.4071 recall:0.5035 f-score:0.3451 acc: 0.5456%(1522/2799) 

Wed, 10 Apr 2019 22:29:59: INFO: 
epoch: 56, train loss: 14363.0142, train acc: 0.50, time: 7.57
Wed, 10 Apr 2019 22:30:00: INFO: dev loss: 15018.8041, dev acc: 0.49, time: 0.79
Wed, 10 Apr 2019 22:30:01: INFO: 
evaluation - loss: 13000.218964 precision:0.4625 recall:0.5257 f-score:0.3653 acc: 0.5429%(1523/2799) 

Wed, 10 Apr 2019 22:30:09: INFO: 
epoch: 57, train loss: 14650.6953, train acc: 0.51, time: 7.59
Wed, 10 Apr 2019 22:30:09: INFO: dev loss: 14166.8129, dev acc: 0.49, time: 0.79
Wed, 10 Apr 2019 22:30:10: INFO: 
evaluation - loss: 14181.516774 precision:0.4659 recall:0.5157 f-score:0.3245 acc: 0.4515%(1258/2799) 

Wed, 10 Apr 2019 22:30:18: INFO: 
epoch: 58, train loss: 14400.0760, train acc: 0.50, time: 7.63
Wed, 10 Apr 2019 22:30:19: INFO: dev loss: 14543.0647, dev acc: 0.50, time: 0.79
Wed, 10 Apr 2019 22:30:19: INFO: 
evaluation - loss: 18134.045765 precision:0.3962 recall:0.4782 f-score:0.2897 acc: 0.4341%(1208/2799) 

Wed, 10 Apr 2019 22:30:27: INFO: 
epoch: 59, train loss: 15432.4980, train acc: 0.50, time: 7.58
Wed, 10 Apr 2019 22:30:28: INFO: dev loss: 15126.8350, dev acc: 0.45, time: 0.80
Wed, 10 Apr 2019 22:30:29: INFO: 
evaluation - loss: 12755.812464 precision:0.4386 recall:0.4901 f-score:0.3642 acc: 0.5650%(1575/2799) 

Wed, 10 Apr 2019 22:30:37: INFO: 
epoch: 60, train loss: 15082.9673, train acc: 0.51, time: 7.64
Wed, 10 Apr 2019 22:30:37: INFO: dev loss: 14474.4611, dev acc: 0.53, time: 0.80
Wed, 10 Apr 2019 22:30:38: INFO: 
evaluation - loss: 13869.858285 precision:0.4185 recall:0.5133 f-score:0.3425 acc: 0.4934%(1374/2799) 

Wed, 10 Apr 2019 22:30:46: INFO: 
epoch: 61, train loss: 15709.5342, train acc: 0.50, time: 7.58
Wed, 10 Apr 2019 22:30:47: INFO: dev loss: 15269.1515, dev acc: 0.48, time: 0.79
Wed, 10 Apr 2019 22:30:47: INFO: 
evaluation - loss: 16006.564787 precision:0.4370 recall:0.5121 f-score:0.3360 acc: 0.4789%(1333/2799) 

Wed, 10 Apr 2019 22:30:55: INFO: 
epoch: 62, train loss: 13700.4870, train acc: 0.51, time: 7.49
Wed, 10 Apr 2019 22:30:56: INFO: dev loss: 13675.5169, dev acc: 0.48, time: 0.78
Wed, 10 Apr 2019 22:30:57: INFO: 
evaluation - loss: 14553.774331 precision:0.4474 recall:0.4975 f-score:0.3379 acc: 0.5321%(1496/2799) 

Wed, 10 Apr 2019 22:31:04: INFO: 
epoch: 63, train loss: 14042.9594, train acc: 0.50, time: 7.45
Wed, 10 Apr 2019 22:31:05: INFO: dev loss: 13974.9124, dev acc: 0.49, time: 0.78
Wed, 10 Apr 2019 22:31:06: INFO: 
evaluation - loss: 16954.762534 precision:0.4181 recall:0.4796 f-score:0.2782 acc: 0.3976%(1106/2799) 

Wed, 10 Apr 2019 22:31:13: INFO: 
epoch: 64, train loss: 15470.2914, train acc: 0.50, time: 7.50
Wed, 10 Apr 2019 22:31:14: INFO: dev loss: 12878.9788, dev acc: 0.51, time: 0.78
Wed, 10 Apr 2019 22:31:15: INFO: 
evaluation - loss: 15751.469735 precision:0.4549 recall:0.4969 f-score:0.3337 acc: 0.4914%(1375/2799) 

Wed, 10 Apr 2019 22:31:23: INFO: 
epoch: 65, train loss: 13679.0631, train acc: 0.51, time: 7.46
Wed, 10 Apr 2019 22:31:23: INFO: dev loss: 16018.0950, dev acc: 0.49, time: 0.78
Wed, 10 Apr 2019 22:31:24: INFO: 
evaluation - loss: 13613.271608 precision:0.4317 recall:0.5083 f-score:0.3329 acc: 0.4908%(1380/2799) 

Wed, 10 Apr 2019 22:31:32: INFO: 
epoch: 66, train loss: 14694.0976, train acc: 0.50, time: 7.43
Wed, 10 Apr 2019 22:31:32: INFO: dev loss: 16249.5251, dev acc: 0.49, time: 0.78
Wed, 10 Apr 2019 22:31:33: INFO: 
evaluation - loss: 13000.993899 precision:0.4784 recall:0.5070 f-score:0.3654 acc: 0.5213%(1463/2799) 

Wed, 10 Apr 2019 22:31:41: INFO: 
epoch: 67, train loss: 14902.2337, train acc: 0.49, time: 7.44
Wed, 10 Apr 2019 22:31:42: INFO: dev loss: 12391.6533, dev acc: 0.54, time: 0.78
Wed, 10 Apr 2019 22:31:42: INFO: 
evaluation - loss: 17134.073081 precision:0.4036 recall:0.5044 f-score:0.3203 acc: 0.5003%(1407/2799) 

Wed, 10 Apr 2019 22:31:50: INFO: 
epoch: 68, train loss: 14829.2928, train acc: 0.51, time: 7.49
Wed, 10 Apr 2019 22:31:51: INFO: dev loss: 14151.6070, dev acc: 0.52, time: 0.78
Wed, 10 Apr 2019 22:31:51: INFO: 
evaluation - loss: 15138.290344 precision:0.4462 recall:0.4841 f-score:0.3422 acc: 0.5257%(1468/2799) 

Wed, 10 Apr 2019 22:31:59: INFO: 
epoch: 69, train loss: 14902.9226, train acc: 0.51, time: 7.49
Wed, 10 Apr 2019 22:32:00: INFO: dev loss: 15437.1439, dev acc: 0.49, time: 0.78
Wed, 10 Apr 2019 22:32:01: INFO: 
evaluation - loss: 18496.545590 precision:0.4452 recall:0.5215 f-score:0.3360 acc: 0.4869%(1357/2799) 

Wed, 10 Apr 2019 22:32:08: INFO: 
epoch: 70, train loss: 15579.1724, train acc: 0.49, time: 7.49
Wed, 10 Apr 2019 22:32:09: INFO: dev loss: 14871.0436, dev acc: 0.51, time: 0.78
Wed, 10 Apr 2019 22:32:10: INFO: 
evaluation - loss: 13679.674566 precision:0.4314 recall:0.5064 f-score:0.3214 acc: 0.4654%(1295/2799) 

Wed, 10 Apr 2019 22:32:18: INFO: 
epoch: 71, train loss: 15448.9237, train acc: 0.50, time: 7.54
Wed, 10 Apr 2019 22:32:18: INFO: dev loss: 13337.2843, dev acc: 0.48, time: 0.79
Wed, 10 Apr 2019 22:32:19: INFO: 
evaluation - loss: 13985.588174 precision:0.4620 recall:0.5005 f-score:0.3251 acc: 0.4708%(1313/2799) 

Wed, 10 Apr 2019 22:32:27: INFO: 
epoch: 72, train loss: 14613.8043, train acc: 0.50, time: 7.49
Wed, 10 Apr 2019 22:32:27: INFO: dev loss: 12893.6874, dev acc: 0.51, time: 0.78
Wed, 10 Apr 2019 22:32:28: INFO: 
evaluation - loss: 17465.142184 precision:0.4109 recall:0.4869 f-score:0.3089 acc: 0.4609%(1296/2799) 

Wed, 10 Apr 2019 22:32:36: INFO: 
epoch: 73, train loss: 15448.0563, train acc: 0.50, time: 7.48
Wed, 10 Apr 2019 22:32:37: INFO: dev loss: 15204.3633, dev acc: 0.51, time: 0.78
Wed, 10 Apr 2019 22:32:37: INFO: 
evaluation - loss: 13179.631403 precision:0.4837 recall:0.5182 f-score:0.3552 acc: 0.5170%(1442/2799) 

Wed, 10 Apr 2019 22:32:45: INFO: 
epoch: 74, train loss: 13960.7488, train acc: 0.51, time: 7.48
Wed, 10 Apr 2019 22:32:46: INFO: dev loss: 16333.8003, dev acc: 0.49, time: 0.79
Wed, 10 Apr 2019 22:32:47: INFO: 
evaluation - loss: 15703.467920 precision:0.4405 recall:0.5123 f-score:0.3486 acc: 0.5189%(1451/2799) 

Wed, 10 Apr 2019 22:32:54: INFO: 
epoch: 75, train loss: 14426.2163, train acc: 0.51, time: 7.53
Wed, 10 Apr 2019 22:32:55: INFO: dev loss: 13104.9744, dev acc: 0.48, time: 0.78
Wed, 10 Apr 2019 22:32:56: INFO: 
evaluation - loss: 14512.886017 precision:0.4520 recall:0.5079 f-score:0.3038 acc: 0.4316%(1203/2799) 

Wed, 10 Apr 2019 22:33:04: INFO: 
epoch: 76, train loss: 15426.6676, train acc: 0.50, time: 7.44
Wed, 10 Apr 2019 22:33:04: INFO: dev loss: 12973.4600, dev acc: 0.49, time: 0.78
Wed, 10 Apr 2019 22:33:05: INFO: 
evaluation - loss: 18196.380735 precision:0.3775 recall:0.4890 f-score:0.3052 acc: 0.4392%(1226/2799) 

Wed, 10 Apr 2019 22:33:13: INFO: 
epoch: 77, train loss: 13954.2245, train acc: 0.50, time: 7.43
Wed, 10 Apr 2019 22:33:13: INFO: dev loss: 15035.0405, dev acc: 0.50, time: 0.78
Wed, 10 Apr 2019 22:33:14: INFO: 
evaluation - loss: 17390.286000 precision:0.4426 recall:0.4839 f-score:0.3163 acc: 0.4670%(1307/2799) 

Wed, 10 Apr 2019 22:33:22: INFO: 
epoch: 78, train loss: 15348.7921, train acc: 0.49, time: 7.46
Wed, 10 Apr 2019 22:33:23: INFO: dev loss: 14256.7388, dev acc: 0.51, time: 0.78
Wed, 10 Apr 2019 22:33:23: INFO: 
evaluation - loss: 18013.071050 precision:0.4445 recall:0.4934 f-score:0.2605 acc: 0.3467%(975/2799) 

Wed, 10 Apr 2019 22:33:31: INFO: 
epoch: 79, train loss: 14816.2188, train acc: 0.50, time: 7.43
Wed, 10 Apr 2019 22:33:32: INFO: dev loss: 13636.4545, dev acc: 0.48, time: 0.78
Wed, 10 Apr 2019 22:33:32: INFO: 
evaluation - loss: 12012.866225 precision:0.4661 recall:0.5048 f-score:0.3403 acc: 0.4915%(1376/2799) 

Wed, 10 Apr 2019 22:33:40: INFO: 
epoch: 80, train loss: 14812.9782, train acc: 0.50, time: 7.37
Wed, 10 Apr 2019 22:33:41: INFO: dev loss: 15908.6738, dev acc: 0.51, time: 0.79
Wed, 10 Apr 2019 22:33:41: INFO: 
evaluation - loss: 18214.021964 precision:0.4356 recall:0.5048 f-score:0.3237 acc: 0.4784%(1346/2799) 

Wed, 10 Apr 2019 22:33:49: INFO: 
epoch: 81, train loss: 15844.7820, train acc: 0.51, time: 7.36
Wed, 10 Apr 2019 22:33:50: INFO: dev loss: 13100.6396, dev acc: 0.51, time: 0.78
Wed, 10 Apr 2019 22:33:50: INFO: 
evaluation - loss: 11335.381259 precision:0.4649 recall:0.5156 f-score:0.3611 acc: 0.5350%(1496/2799) 

Wed, 10 Apr 2019 22:33:58: INFO: 
epoch: 82, train loss: 16034.5866, train acc: 0.50, time: 7.60
Wed, 10 Apr 2019 22:33:59: INFO: dev loss: 14198.1353, dev acc: 0.51, time: 0.78
Wed, 10 Apr 2019 22:34:00: INFO: 
evaluation - loss: 16935.024464 precision:0.4461 recall:0.5176 f-score:0.3245 acc: 0.4803%(1350/2799) 

Wed, 10 Apr 2019 22:34:07: INFO: 
epoch: 83, train loss: 14340.4243, train acc: 0.52, time: 7.54
Wed, 10 Apr 2019 22:34:08: INFO: dev loss: 15299.6114, dev acc: 0.49, time: 0.78
Wed, 10 Apr 2019 22:34:09: INFO: 
evaluation - loss: 11813.355718 precision:0.4535 recall:0.4898 f-score:0.3613 acc: 0.5557%(1558/2799) 

Wed, 10 Apr 2019 22:34:17: INFO: 
epoch: 84, train loss: 15207.0632, train acc: 0.51, time: 7.52
Wed, 10 Apr 2019 22:34:17: INFO: dev loss: 18397.2118, dev acc: 0.47, time: 0.79
Wed, 10 Apr 2019 22:34:18: INFO: 
evaluation - loss: 15771.976673 precision:0.4181 recall:0.4868 f-score:0.3385 acc: 0.4927%(1385/2799) 

Wed, 10 Apr 2019 22:34:26: INFO: 
epoch: 85, train loss: 13785.6259, train acc: 0.51, time: 7.57
Wed, 10 Apr 2019 22:34:27: INFO: dev loss: 17464.9567, dev acc: 0.49, time: 0.79
Wed, 10 Apr 2019 22:34:27: INFO: 
evaluation - loss: 13553.344227 precision:0.4366 recall:0.4794 f-score:0.3244 acc: 0.4780%(1330/2799) 

Wed, 10 Apr 2019 22:34:35: INFO: 
epoch: 86, train loss: 14682.4446, train acc: 0.51, time: 7.52
Wed, 10 Apr 2019 22:34:36: INFO: dev loss: 13591.8470, dev acc: 0.52, time: 0.76
Wed, 10 Apr 2019 22:34:37: INFO: 
evaluation - loss: 15332.639981 precision:0.4393 recall:0.5028 f-score:0.3559 acc: 0.5552%(1549/2799) 

Wed, 10 Apr 2019 22:34:44: INFO: 
epoch: 87, train loss: 16197.7239, train acc: 0.50, time: 7.59
Wed, 10 Apr 2019 22:34:45: INFO: dev loss: 13229.8192, dev acc: 0.53, time: 0.79
Wed, 10 Apr 2019 22:34:46: INFO: 
evaluation - loss: 14640.158281 precision:0.4545 recall:0.4921 f-score:0.3374 acc: 0.5015%(1397/2799) 

Wed, 10 Apr 2019 22:34:53: INFO: 
epoch: 88, train loss: 15938.6940, train acc: 0.50, time: 6.65
Wed, 10 Apr 2019 22:34:54: INFO: dev loss: 17512.3891, dev acc: 0.48, time: 0.79
Wed, 10 Apr 2019 22:34:54: INFO: 
evaluation - loss: 14539.713115 precision:0.4288 recall:0.4821 f-score:0.3159 acc: 0.4572%(1278/2799) 

Wed, 10 Apr 2019 22:35:01: INFO: 
epoch: 89, train loss: 15872.0851, train acc: 0.50, time: 6.62
Wed, 10 Apr 2019 22:35:02: INFO: dev loss: 16002.9395, dev acc: 0.50, time: 0.79
Wed, 10 Apr 2019 22:35:03: INFO: 
evaluation - loss: 19422.508689 precision:0.4252 recall:0.5120 f-score:0.3178 acc: 0.4457%(1254/2799) 

Wed, 10 Apr 2019 22:35:09: INFO: 
epoch: 90, train loss: 13964.6725, train acc: 0.50, time: 6.42
Wed, 10 Apr 2019 22:35:10: INFO: dev loss: 14165.6750, dev acc: 0.46, time: 0.79
Wed, 10 Apr 2019 22:35:11: INFO: 
evaluation - loss: 15768.924988 precision:0.4162 recall:0.4887 f-score:0.3009 acc: 0.4264%(1200/2799) 

Wed, 10 Apr 2019 22:35:18: INFO: 
epoch: 91, train loss: 15021.6315, train acc: 0.50, time: 6.57
Wed, 10 Apr 2019 22:35:18: INFO: dev loss: 16620.7553, dev acc: 0.49, time: 0.79
Wed, 10 Apr 2019 22:35:19: INFO: 
evaluation - loss: 13100.552487 precision:0.4552 recall:0.5064 f-score:0.3475 acc: 0.5072%(1412/2799) 

Wed, 10 Apr 2019 22:35:26: INFO: 
epoch: 92, train loss: 14807.6074, train acc: 0.50, time: 6.59
Wed, 10 Apr 2019 22:35:27: INFO: dev loss: 14774.6248, dev acc: 0.50, time: 0.78
Wed, 10 Apr 2019 22:35:27: INFO: 
evaluation - loss: 17908.540982 precision:0.3883 recall:0.4990 f-score:0.3197 acc: 0.4751%(1331/2799) 

Wed, 10 Apr 2019 22:35:34: INFO: 
epoch: 93, train loss: 14791.5618, train acc: 0.51, time: 6.47
Wed, 10 Apr 2019 22:35:35: INFO: dev loss: 15645.1276, dev acc: 0.52, time: 0.79
Wed, 10 Apr 2019 22:35:36: INFO: 
evaluation - loss: 15688.638811 precision:0.4160 recall:0.4954 f-score:0.3304 acc: 0.5058%(1421/2799) 

Wed, 10 Apr 2019 22:35:42: INFO: 
epoch: 94, train loss: 15713.2216, train acc: 0.50, time: 6.50
Wed, 10 Apr 2019 22:35:43: INFO: dev loss: 15279.6825, dev acc: 0.47, time: 0.79
Wed, 10 Apr 2019 22:35:44: INFO: 
evaluation - loss: 14825.779705 precision:0.4414 recall:0.5136 f-score:0.3160 acc: 0.4686%(1307/2799) 

Wed, 10 Apr 2019 22:35:51: INFO: 
epoch: 95, train loss: 15592.7212, train acc: 0.52, time: 6.50
Wed, 10 Apr 2019 22:35:51: INFO: dev loss: 13242.7562, dev acc: 0.52, time: 0.78
Wed, 10 Apr 2019 22:35:52: INFO: 
evaluation - loss: 14786.948006 precision:0.4217 recall:0.5005 f-score:0.3434 acc: 0.5211%(1452/2799) 

Wed, 10 Apr 2019 22:35:59: INFO: 
epoch: 96, train loss: 15900.2019, train acc: 0.50, time: 6.57
Wed, 10 Apr 2019 22:36:00: INFO: dev loss: 15061.9027, dev acc: 0.51, time: 0.78
Wed, 10 Apr 2019 22:36:00: INFO: 
evaluation - loss: 15421.759999 precision:0.4253 recall:0.5070 f-score:0.2994 acc: 0.4337%(1212/2799) 

Wed, 10 Apr 2019 22:36:07: INFO: 
epoch: 97, train loss: 14089.5135, train acc: 0.50, time: 6.43
Wed, 10 Apr 2019 22:36:08: INFO: dev loss: 12272.1829, dev acc: 0.48, time: 0.79
Wed, 10 Apr 2019 22:36:08: INFO: 
evaluation - loss: 11184.590629 precision:0.4347 recall:0.4998 f-score:0.3498 acc: 0.5418%(1524/2799) 

Wed, 10 Apr 2019 22:36:15: INFO: 
epoch: 98, train loss: 14731.9031, train acc: 0.49, time: 6.55
Wed, 10 Apr 2019 22:36:16: INFO: dev loss: 13336.4938, dev acc: 0.50, time: 0.79
Wed, 10 Apr 2019 22:36:17: INFO: 
evaluation - loss: 15217.472035 precision:0.4446 recall:0.5094 f-score:0.3242 acc: 0.4959%(1388/2799) 

Wed, 10 Apr 2019 22:36:24: INFO: 
epoch: 99, train loss: 15199.0221, train acc: 0.50, time: 6.59
Wed, 10 Apr 2019 22:36:24: INFO: dev loss: 14694.5842, dev acc: 0.51, time: 0.79
Wed, 10 Apr 2019 22:36:25: INFO: 
evaluation - loss: 16370.495494 precision:0.4234 recall:0.4903 f-score:0.3121 acc: 0.4588%(1276/2799) 

