Sat, 06 Apr 2019 00:30:19: INFO: running main.py --run_log umtqe
Sat, 06 Apr 2019 00:30:19: INFO: 	BATCH_SIZE=64
Sat, 06 Apr 2019 00:30:19: INFO: 	BIDIRECTIONAL=True
Sat, 06 Apr 2019 00:30:19: INFO: 	DEV_FILE=./data/cwmt_dev_comb.txt
Sat, 06 Apr 2019 00:30:19: INFO: 	DROPOUT=0.5
Sat, 06 Apr 2019 00:30:19: INFO: 	EMBED_DIM=300
Sat, 06 Apr 2019 00:30:19: INFO: 	EPOCHS=500
Sat, 06 Apr 2019 00:30:19: INFO: 	GRAD_CLIP=0.1
Sat, 06 Apr 2019 00:30:19: INFO: 	HIDDEN_DIM=300
Sat, 06 Apr 2019 00:30:19: INFO: 	IN_CHANNELS=1
Sat, 06 Apr 2019 00:30:19: INFO: 	KERNEL_NUMS=300
Sat, 06 Apr 2019 00:30:19: INFO: 	KERNEL_SIZES=345
Sat, 06 Apr 2019 00:30:19: INFO: 	LEARNING_RATE=0.001
Sat, 06 Apr 2019 00:30:19: INFO: 	MAX_SEQ_LEN=50
Sat, 06 Apr 2019 00:30:19: INFO: 	MODEL=CNN
Sat, 06 Apr 2019 00:30:19: INFO: 	NUM_CLASS=2
Sat, 06 Apr 2019 00:30:19: INFO: 	NUM_LAYERS=3
Sat, 06 Apr 2019 00:30:19: INFO: 	PREDICTION_FILE=./predictions/htqe.csv
Sat, 06 Apr 2019 00:30:19: INFO: 	PRETRAINED_EMBEDDINGS=./word2vec/wiki.en_zh.vec
Sat, 06 Apr 2019 00:30:19: INFO: 	PRETRAINED_WEIGHTS=tensor([[ 0.0046,  0.0888,  0.0158,  ..., -0.0273, -0.1007, -0.0268],
        [ 0.0430, -0.0097,  0.0304,  ..., -0.0676, -0.0525, -0.0517],
        [-0.0476, -0.0332,  0.0147,  ..., -0.0076, -0.0288,  0.0347],
        ...,
        [-0.0353, -0.0209,  0.0392,  ...,  0.0199, -0.0926, -0.0175],
        [ 0.0000,  0.0000,  0.0000,  ...,  0.0000,  0.0000,  0.0000],
        [ 0.0408, -0.0200,  0.0313,  ..., -0.1229,  0.0065, -0.0464]])
Sat, 06 Apr 2019 00:30:19: INFO: 	RUN_LOG=umtqe
Sat, 06 Apr 2019 00:30:19: INFO: 	SAVED_DIR=./saved_model/cwmt.en_zh.pt
Sat, 06 Apr 2019 00:30:19: INFO: 	SEED_NUM=123
Sat, 06 Apr 2019 00:30:19: INFO: 	STATIC=False
Sat, 06 Apr 2019 00:30:19: INFO: 	TEST=False
Sat, 06 Apr 2019 00:30:19: INFO: 	TEST_FILE=./data/htqe_test_comb.txt
Sat, 06 Apr 2019 00:30:19: INFO: 	TRAIN_FILE=./data/cwmt_train_comb.txt
Sat, 06 Apr 2019 00:30:19: INFO: 	USE_GPU=False
Sat, 06 Apr 2019 00:30:19: INFO: 	VOCAB_SIZE=44995
Sat, 06 Apr 2019 00:30:19: INFO: 	WEIGHT_DECAY=0.001
